****************hyper-parameters****************
epochs = 500
batch_size = 32
soft_labels = False
adv_weight = 0
d_thresh = 0.8
z_dim = 200
z_dis = norm
model_images_save_step = 1
data = chair/
device = cuda:0
g_lr = 0.0025
d_lr = 1e-05
cube_len = 32
leak_value = 0.2
bias = False
****************hyper-parameters****************
../outputs/dcgan
../volumetric_data/chair/30/train/
data_size = 10668
Epochs-0 (train) , D(x) : 0.766, D(G(x)) : 0.08651
Elapsed Time: 0.272 min
model_saved, images_saved...
Epochs-1 (train) , D(x) : 0.515, D(G(x)) : 0.2668
Elapsed Time: 0.2544 min
model_saved, images_saved...
Epochs-2 (train) , D(x) : 0.516, D(G(x)) : 0.2314
Elapsed Time: 0.2515 min
model_saved, images_saved...
Epochs-3 (train) , D(x) : 0.5069, D(G(x)) : 0.2421
Elapsed Time: 0.2524 min
model_saved, images_saved...
Epochs-4 (train) , D(x) : 0.5035, D(G(x)) : 0.2469
Elapsed Time: 0.2519 min
model_saved, images_saved...
Epochs-5 (train) , D(x) : 0.502, D(G(x)) : 0.2492
Elapsed Time: 0.2524 min
model_saved, images_saved...
Epochs-6 (train) , D(x) : 0.5014, D(G(x)) : 0.2504
Elapsed Time: 0.2528 min
model_saved, images_saved...
Epochs-7 (train) , D(x) : 0.5011, D(G(x)) : 0.25
Elapsed Time: 0.2525 min
model_saved, images_saved...
Epochs-8 (train) , D(x) : 0.5007, D(G(x)) : 0.2505
Elapsed Time: 0.2529 min
model_saved, images_saved...
Epochs-9 (train) , D(x) : 0.5009, D(G(x)) : 0.2504
Elapsed Time: 0.2535 min
model_saved, images_saved...
Epochs-10 (train) , D(x) : 0.5003, D(G(x)) : 0.2506
Elapsed Time: 0.2525 min
model_saved, images_saved...
Epochs-11 (train) , D(x) : 0.5006, D(G(x)) : 0.2509
Elapsed Time: 0.2516 min
model_saved, images_saved...
Epochs-12 (train) , D(x) : 0.5007, D(G(x)) : 0.2503
Elapsed Time: 0.2521 min
model_saved, images_saved...
Epochs-13 (train) , D(x) : 0.5003, D(G(x)) : 0.2506
Elapsed Time: 0.2518 min
model_saved, images_saved...
Epochs-14 (train) , D(x) : 0.5003, D(G(x)) : 0.251
Elapsed Time: 0.2519 min
model_saved, images_saved...
Epochs-15 (train) , D(x) : 0.5002, D(G(x)) : 0.2517
Elapsed Time: 0.2515 min
model_saved, images_saved...
Epochs-16 (train) , D(x) : 0.5002, D(G(x)) : 0.2506
Elapsed Time: 0.2515 min
model_saved, images_saved...
Epochs-17 (train) , D(x) : 0.4999, D(G(x)) : 0.2511
Elapsed Time: 0.2512 min
model_saved, images_saved...
Epochs-18 (train) , D(x) : 0.4999, D(G(x)) : 0.2512
Elapsed Time: 0.2511 min
model_saved, images_saved...
Epochs-19 (train) , D(x) : 0.4996, D(G(x)) : 0.2525
Elapsed Time: 0.251 min
model_saved, images_saved...
Epochs-20 (train) , D(x) : 0.4996, D(G(x)) : 0.2524
Elapsed Time: 0.2518 min
model_saved, images_saved...
Epochs-21 (train) , D(x) : 0.5002, D(G(x)) : 0.2511
Elapsed Time: 0.2505 min
model_saved, images_saved...
Epochs-22 (train) , D(x) : 0.4998, D(G(x)) : 0.2514
Elapsed Time: 0.2511 min
model_saved, images_saved...
Epochs-23 (train) , D(x) : 0.4993, D(G(x)) : 0.2523
Elapsed Time: 0.2507 min
model_saved, images_saved...
Epochs-24 (train) , D(x) : 0.4999, D(G(x)) : 0.252
Elapsed Time: 0.2513 min
model_saved, images_saved...
Epochs-25 (train) , D(x) : 0.4988, D(G(x)) : 0.253
Elapsed Time: 0.2512 min
model_saved, images_saved...
Epochs-26 (train) , D(x) : 0.496, D(G(x)) : 0.2569
Elapsed Time: 0.2497 min
model_saved, images_saved...
Epochs-27 (train) , D(x) : 0.4947, D(G(x)) : 0.2601
Elapsed Time: 0.2502 min
model_saved, images_saved...
Epochs-28 (train) , D(x) : 0.4771, D(G(x)) : 0.2865
Elapsed Time: 0.2433 min
model_saved, images_saved...
Epochs-29 (train) , D(x) : 0.4534, D(G(x)) : 0.3084
Elapsed Time: 0.2311 min
model_saved, images_saved...
Epochs-30 (train) , D(x) : 0.4425, D(G(x)) : 0.3207
Elapsed Time: 0.2203 min
model_saved, images_saved...
Epochs-31 (train) , D(x) : 0.4398, D(G(x)) : 0.3214
Elapsed Time: 0.2256 min
model_saved, images_saved...
Epochs-32 (train) , D(x) : 0.4425, D(G(x)) : 0.3253
Elapsed Time: 0.2315 min
model_saved, images_saved...
Epochs-33 (train) , D(x) : 0.4364, D(G(x)) : 0.3227
Elapsed Time: 0.2312 min
model_saved, images_saved...
Epochs-34 (train) , D(x) : 0.4268, D(G(x)) : 0.3357
Elapsed Time: 0.2265 min
model_saved, images_saved...
Epochs-35 (train) , D(x) : 0.4279, D(G(x)) : 0.3264
Elapsed Time: 0.2251 min
model_saved, images_saved...
Epochs-36 (train) , D(x) : 0.4215, D(G(x)) : 0.3285
Elapsed Time: 0.222 min
model_saved, images_saved...
Epochs-37 (train) , D(x) : 0.4158, D(G(x)) : 0.3301
Elapsed Time: 0.2165 min
model_saved, images_saved...
Epochs-38 (train) , D(x) : 0.4137, D(G(x)) : 0.3319
Elapsed Time: 0.2204 min
model_saved, images_saved...
Epochs-39 (train) , D(x) : 0.4016, D(G(x)) : 0.3481
Elapsed Time: 0.2109 min
model_saved, images_saved...
Epochs-40 (train) , D(x) : 0.4013, D(G(x)) : 0.3451
Elapsed Time: 0.2048 min
model_saved, images_saved...
Epochs-41 (train) , D(x) : 0.4122, D(G(x)) : 0.3372
Elapsed Time: 0.2137 min
model_saved, images_saved...
Epochs-42 (train) , D(x) : 0.3905, D(G(x)) : 0.3505
Elapsed Time: 0.2071 min
model_saved, images_saved...
Epochs-43 (train) , D(x) : 0.3771, D(G(x)) : 0.3672
Elapsed Time: 0.2014 min
model_saved, images_saved...
Epochs-44 (train) , D(x) : 0.379, D(G(x)) : 0.3579
Elapsed Time: 0.199 min
model_saved, images_saved...
Epochs-45 (train) , D(x) : 0.3827, D(G(x)) : 0.3599
Elapsed Time: 0.1973 min
model_saved, images_saved...
Epochs-46 (train) , D(x) : 0.3826, D(G(x)) : 0.3546
Elapsed Time: 0.1986 min
model_saved, images_saved...
Epochs-47 (train) , D(x) : 0.381, D(G(x)) : 0.3531
Elapsed Time: 0.2 min
model_saved, images_saved...
Epochs-48 (train) , D(x) : 0.3819, D(G(x)) : 0.3534
Elapsed Time: 0.2003 min
model_saved, images_saved...
Epochs-49 (train) , D(x) : 0.3732, D(G(x)) : 0.3623
Elapsed Time: 0.1989 min
model_saved, images_saved...
Epochs-50 (train) , D(x) : 0.3864, D(G(x)) : 0.3442
Elapsed Time: 0.2038 min
model_saved, images_saved...
Epochs-51 (train) , D(x) : 0.3889, D(G(x)) : 0.3453
Elapsed Time: 0.2034 min
model_saved, images_saved...
Epochs-52 (train) , D(x) : 0.377, D(G(x)) : 0.3484
Elapsed Time: 0.1939 min
model_saved, images_saved...
Epochs-53 (train) , D(x) : 0.3807, D(G(x)) : 0.3511
Elapsed Time: 0.2024 min
model_saved, images_saved...
Epochs-54 (train) , D(x) : 0.3747, D(G(x)) : 0.3593
Elapsed Time: 0.1964 min
model_saved, images_saved...
Epochs-55 (train) , D(x) : 0.3758, D(G(x)) : 0.3615
Elapsed Time: 0.195 min
model_saved, images_saved...
Epochs-56 (train) , D(x) : 0.3599, D(G(x)) : 0.3636
Elapsed Time: 0.1953 min
model_saved, images_saved...
Epochs-57 (train) , D(x) : 0.3528, D(G(x)) : 0.3787
Elapsed Time: 0.1959 min
model_saved, images_saved...
Epochs-58 (train) , D(x) : 0.3528, D(G(x)) : 0.3762
Elapsed Time: 0.1895 min
model_saved, images_saved...
Epochs-59 (train) , D(x) : 0.3493, D(G(x)) : 0.3768
Elapsed Time: 0.1885 min
model_saved, images_saved...
Epochs-60 (train) , D(x) : 0.3431, D(G(x)) : 0.3866
Elapsed Time: 0.187 min
model_saved, images_saved...
Epochs-61 (train) , D(x) : 0.3569, D(G(x)) : 0.3676
Elapsed Time: 0.187 min
model_saved, images_saved...
Epochs-62 (train) , D(x) : 0.3465, D(G(x)) : 0.3722
Elapsed Time: 0.187 min
model_saved, images_saved...
Epochs-63 (train) , D(x) : 0.3232, D(G(x)) : 0.3685
Elapsed Time: 0.1786 min
model_saved, images_saved...
Epochs-64 (train) , D(x) : 0.3313, D(G(x)) : 0.3775
Elapsed Time: 0.1777 min
model_saved, images_saved...
Epochs-65 (train) , D(x) : 0.3467, D(G(x)) : 0.3707
Elapsed Time: 0.1802 min
model_saved, images_saved...
Epochs-66 (train) , D(x) : 0.3409, D(G(x)) : 0.3707
Elapsed Time: 0.1839 min
model_saved, images_saved...
Epochs-67 (train) , D(x) : 0.3405, D(G(x)) : 0.3629
Elapsed Time: 0.1764 min
model_saved, images_saved...
Epochs-68 (train) , D(x) : 0.3232, D(G(x)) : 0.3768
Elapsed Time: 0.1795 min
model_saved, images_saved...
Epochs-69 (train) , D(x) : 0.3435, D(G(x)) : 0.3758
Elapsed Time: 0.1801 min
model_saved, images_saved...
Epochs-70 (train) , D(x) : 0.3257, D(G(x)) : 0.4005
Elapsed Time: 0.1824 min
model_saved, images_saved...
Epochs-71 (train) , D(x) : 0.3389, D(G(x)) : 0.3768
Elapsed Time: 0.1815 min
model_saved, images_saved...
Epochs-72 (train) , D(x) : 0.3521, D(G(x)) : 0.3725
Elapsed Time: 0.1892 min
model_saved, images_saved...
Epochs-73 (train) , D(x) : 0.3391, D(G(x)) : 0.3869
Elapsed Time: 0.1888 min
model_saved, images_saved...
Epochs-74 (train) , D(x) : 0.3435, D(G(x)) : 0.3753
Elapsed Time: 0.1825 min
model_saved, images_saved...
Epochs-75 (train) , D(x) : 0.3467, D(G(x)) : 0.3703
Elapsed Time: 0.1847 min
model_saved, images_saved...
Epochs-76 (train) , D(x) : 0.345, D(G(x)) : 0.3749
Elapsed Time: 0.1839 min
model_saved, images_saved...
Epochs-77 (train) , D(x) : 0.3597, D(G(x)) : 0.3509
Elapsed Time: 0.1839 min
model_saved, images_saved...
Epochs-78 (train) , D(x) : 0.3427, D(G(x)) : 0.3591
Elapsed Time: 0.1854 min
model_saved, images_saved...
Epochs-79 (train) , D(x) : 0.3468, D(G(x)) : 0.3735
Elapsed Time: 0.1873 min
model_saved, images_saved...
Epochs-80 (train) , D(x) : 0.3484, D(G(x)) : 0.3632
Elapsed Time: 0.1858 min
model_saved, images_saved...
Epochs-81 (train) , D(x) : 0.3496, D(G(x)) : 0.3774
Elapsed Time: 0.1888 min
model_saved, images_saved...
Epochs-82 (train) , D(x) : 0.339, D(G(x)) : 0.3674
Elapsed Time: 0.179 min
model_saved, images_saved...
Epochs-83 (train) , D(x) : 0.3488, D(G(x)) : 0.364
Elapsed Time: 0.1826 min
model_saved, images_saved...
Epochs-84 (train) , D(x) : 0.3338, D(G(x)) : 0.3769
Elapsed Time: 0.1832 min
model_saved, images_saved...
Epochs-85 (train) , D(x) : 0.3191, D(G(x)) : 0.3933
Elapsed Time: 0.1772 min
model_saved, images_saved...
Epochs-86 (train) , D(x) : 0.3373, D(G(x)) : 0.3686
Elapsed Time: 0.1796 min
model_saved, images_saved...
Epochs-87 (train) , D(x) : 0.3358, D(G(x)) : 0.3728
Elapsed Time: 0.1798 min
model_saved, images_saved...
Epochs-88 (train) , D(x) : 0.3401, D(G(x)) : 0.367
Elapsed Time: 0.1791 min
model_saved, images_saved...
Epochs-89 (train) , D(x) : 0.3501, D(G(x)) : 0.3583
Elapsed Time: 0.1796 min
model_saved, images_saved...
Epochs-90 (train) , D(x) : 0.3285, D(G(x)) : 0.3836
Elapsed Time: 0.1811 min
model_saved, images_saved...
Epochs-91 (train) , D(x) : 0.3266, D(G(x)) : 0.3807
Elapsed Time: 0.1758 min
model_saved, images_saved...
Epochs-92 (train) , D(x) : 0.32, D(G(x)) : 0.3715
Elapsed Time: 0.1749 min
model_saved, images_saved...
Epochs-93 (train) , D(x) : 0.3221, D(G(x)) : 0.3697
Elapsed Time: 0.1749 min
model_saved, images_saved...
Epochs-94 (train) , D(x) : 0.3375, D(G(x)) : 0.3698
Elapsed Time: 0.1812 min
model_saved, images_saved...
Epochs-95 (train) , D(x) : 0.3555, D(G(x)) : 0.3589
Elapsed Time: 0.1865 min
model_saved, images_saved...
Epochs-96 (train) , D(x) : 0.3465, D(G(x)) : 0.3672
Elapsed Time: 0.1799 min
model_saved, images_saved...
Epochs-97 (train) , D(x) : 0.322, D(G(x)) : 0.3891
Elapsed Time: 0.1778 min
model_saved, images_saved...
Epochs-98 (train) , D(x) : 0.3298, D(G(x)) : 0.3832
Elapsed Time: 0.1786 min
model_saved, images_saved...
Epochs-99 (train) , D(x) : 0.3437, D(G(x)) : 0.3655
Elapsed Time: 0.1871 min
model_saved, images_saved...
Epochs-100 (train) , D(x) : 0.3212, D(G(x)) : 0.3907
Elapsed Time: 0.1811 min
model_saved, images_saved...
Epochs-101 (train) , D(x) : 0.3355, D(G(x)) : 0.3686
Elapsed Time: 0.1778 min
model_saved, images_saved...
Epochs-102 (train) , D(x) : 0.3155, D(G(x)) : 0.3639
Elapsed Time: 0.1728 min
model_saved, images_saved...
Epochs-103 (train) , D(x) : 0.3223, D(G(x)) : 0.3889
Elapsed Time: 0.1822 min
model_saved, images_saved...
Epochs-104 (train) , D(x) : 0.339, D(G(x)) : 0.3668
Elapsed Time: 0.1796 min
model_saved, images_saved...
Epochs-105 (train) , D(x) : 0.3247, D(G(x)) : 0.376
Elapsed Time: 0.1786 min
model_saved, images_saved...
Epochs-106 (train) , D(x) : 0.3302, D(G(x)) : 0.3916
Elapsed Time: 0.1807 min
model_saved, images_saved...
Epochs-107 (train) , D(x) : 0.3389, D(G(x)) : 0.3702
Elapsed Time: 0.1807 min
model_saved, images_saved...
Epochs-108 (train) , D(x) : 0.3217, D(G(x)) : 0.3849
Elapsed Time: 0.1817 min
model_saved, images_saved...
Epochs-109 (train) , D(x) : 0.3227, D(G(x)) : 0.3815
Elapsed Time: 0.1778 min
model_saved, images_saved...
Epochs-110 (train) , D(x) : 0.3289, D(G(x)) : 0.3831
Elapsed Time: 0.1837 min
model_saved, images_saved...
Epochs-111 (train) , D(x) : 0.3263, D(G(x)) : 0.374
Elapsed Time: 0.175 min
model_saved, images_saved...
Epochs-112 (train) , D(x) : 0.3166, D(G(x)) : 0.3937
Elapsed Time: 0.1765 min
model_saved, images_saved...
Epochs-113 (train) , D(x) : 0.3224, D(G(x)) : 0.3602
Elapsed Time: 0.1718 min
model_saved, images_saved...
Epochs-114 (train) , D(x) : 0.3207, D(G(x)) : 0.3741
Elapsed Time: 0.1762 min
model_saved, images_saved...
Epochs-115 (train) , D(x) : 0.3281, D(G(x)) : 0.3736
Elapsed Time: 0.1781 min
model_saved, images_saved...
Epochs-116 (train) , D(x) : 0.3257, D(G(x)) : 0.3805
Elapsed Time: 0.1816 min
model_saved, images_saved...
Epochs-117 (train) , D(x) : 0.3269, D(G(x)) : 0.382
Elapsed Time: 0.1796 min
model_saved, images_saved...
Epochs-118 (train) , D(x) : 0.3211, D(G(x)) : 0.3797
Elapsed Time: 0.1775 min
model_saved, images_saved...
Epochs-119 (train) , D(x) : 0.3112, D(G(x)) : 0.3973
Elapsed Time: 0.1808 min
model_saved, images_saved...
Epochs-120 (train) , D(x) : 0.3074, D(G(x)) : 0.389
Elapsed Time: 0.1754 min
model_saved, images_saved...
Epochs-121 (train) , D(x) : 0.3211, D(G(x)) : 0.3861
Elapsed Time: 0.1763 min
model_saved, images_saved...
Epochs-122 (train) , D(x) : 0.3144, D(G(x)) : 0.3865
Elapsed Time: 0.181 min
model_saved, images_saved...
Epochs-123 (train) , D(x) : 0.2988, D(G(x)) : 0.3919
Elapsed Time: 0.176 min
model_saved, images_saved...
Epochs-124 (train) , D(x) : 0.327, D(G(x)) : 0.3722
Elapsed Time: 0.1772 min
model_saved, images_saved...
Epochs-125 (train) , D(x) : 0.3234, D(G(x)) : 0.3752
Elapsed Time: 0.179 min
model_saved, images_saved...
Epochs-126 (train) , D(x) : 0.3171, D(G(x)) : 0.3818
Elapsed Time: 0.1772 min
model_saved, images_saved...
Epochs-127 (train) , D(x) : 0.3228, D(G(x)) : 0.3762
Elapsed Time: 0.176 min
model_saved, images_saved...
Epochs-128 (train) , D(x) : 0.3337, D(G(x)) : 0.3796
Elapsed Time: 0.1823 min
model_saved, images_saved...
Epochs-129 (train) , D(x) : 0.3368, D(G(x)) : 0.3762
Elapsed Time: 0.1799 min
model_saved, images_saved...
Epochs-130 (train) , D(x) : 0.3438, D(G(x)) : 0.363
Elapsed Time: 0.1783 min
model_saved, images_saved...
Epochs-131 (train) , D(x) : 0.3282, D(G(x)) : 0.3748
Elapsed Time: 0.1758 min
model_saved, images_saved...
Epochs-132 (train) , D(x) : 0.3212, D(G(x)) : 0.3895
Elapsed Time: 0.1776 min
model_saved, images_saved...
Epochs-133 (train) , D(x) : 0.3047, D(G(x)) : 0.3982
Elapsed Time: 0.1744 min
model_saved, images_saved...
Epochs-134 (train) , D(x) : 0.3022, D(G(x)) : 0.4037
Elapsed Time: 0.1749 min
model_saved, images_saved...
Epochs-135 (train) , D(x) : 0.2957, D(G(x)) : 0.4079
Elapsed Time: 0.173 min
model_saved, images_saved...
Epochs-136 (train) , D(x) : 0.3315, D(G(x)) : 0.3703
Elapsed Time: 0.1785 min
model_saved, images_saved...
Epochs-137 (train) , D(x) : 0.3164, D(G(x)) : 0.385
Elapsed Time: 0.178 min
model_saved, images_saved...
Epochs-138 (train) , D(x) : 0.319, D(G(x)) : 0.3844
Elapsed Time: 0.1771 min
model_saved, images_saved...
Epochs-139 (train) , D(x) : 0.3076, D(G(x)) : 0.3932
Elapsed Time: 0.1741 min
model_saved, images_saved...
Epochs-140 (train) , D(x) : 0.3083, D(G(x)) : 0.3927
Elapsed Time: 0.1765 min
model_saved, images_saved...
Epochs-141 (train) , D(x) : 0.3146, D(G(x)) : 0.3956
Elapsed Time: 0.1766 min
model_saved, images_saved...
Epochs-142 (train) , D(x) : 0.3289, D(G(x)) : 0.379
Elapsed Time: 0.1775 min
model_saved, images_saved...
Epochs-143 (train) , D(x) : 0.322, D(G(x)) : 0.3711
Elapsed Time: 0.1768 min
model_saved, images_saved...
Epochs-144 (train) , D(x) : 0.3228, D(G(x)) : 0.3813
Elapsed Time: 0.175 min
model_saved, images_saved...
Epochs-145 (train) , D(x) : 0.3158, D(G(x)) : 0.388
Elapsed Time: 0.1772 min
model_saved, images_saved...
Epochs-146 (train) , D(x) : 0.3265, D(G(x)) : 0.3818
Elapsed Time: 0.1784 min
model_saved, images_saved...
Epochs-147 (train) , D(x) : 0.3152, D(G(x)) : 0.3806
Elapsed Time: 0.1755 min
model_saved, images_saved...
Epochs-148 (train) , D(x) : 0.3158, D(G(x)) : 0.3867
Elapsed Time: 0.1769 min
model_saved, images_saved...
Epochs-149 (train) , D(x) : 0.3204, D(G(x)) : 0.3812
Elapsed Time: 0.1756 min
model_saved, images_saved...
Epochs-150 (train) , D(x) : 0.3221, D(G(x)) : 0.3829
Elapsed Time: 0.1772 min
model_saved, images_saved...
Epochs-151 (train) , D(x) : 0.3107, D(G(x)) : 0.3946
Elapsed Time: 0.1761 min
model_saved, images_saved...
Epochs-152 (train) , D(x) : 0.3124, D(G(x)) : 0.4026
Elapsed Time: 0.1721 min
model_saved, images_saved...
Epochs-153 (train) , D(x) : 0.3152, D(G(x)) : 0.385
Elapsed Time: 0.1741 min
model_saved, images_saved...
Epochs-154 (train) , D(x) : 0.3005, D(G(x)) : 0.3964
Elapsed Time: 0.173 min
model_saved, images_saved...
Epochs-155 (train) , D(x) : 0.3152, D(G(x)) : 0.3869
Elapsed Time: 0.1758 min
model_saved, images_saved...
Epochs-156 (train) , D(x) : 0.3256, D(G(x)) : 0.3706
Elapsed Time: 0.1779 min
model_saved, images_saved...
Epochs-157 (train) , D(x) : 0.3182, D(G(x)) : 0.3873
Elapsed Time: 0.1795 min
model_saved, images_saved...
Epochs-158 (train) , D(x) : 0.3201, D(G(x)) : 0.3881
Elapsed Time: 0.1759 min
model_saved, images_saved...
Epochs-159 (train) , D(x) : 0.3128, D(G(x)) : 0.3815
Elapsed Time: 0.1762 min
model_saved, images_saved...
Epochs-160 (train) , D(x) : 0.3179, D(G(x)) : 0.3991
Elapsed Time: 0.1793 min
model_saved, images_saved...
Epochs-161 (train) , D(x) : 0.3159, D(G(x)) : 0.392
Elapsed Time: 0.1764 min
model_saved, images_saved...
Epochs-162 (train) , D(x) : 0.3133, D(G(x)) : 0.3908
Elapsed Time: 0.1767 min
model_saved, images_saved...
Epochs-163 (train) , D(x) : 0.3051, D(G(x)) : 0.3903
Elapsed Time: 0.1759 min
model_saved, images_saved...
Epochs-164 (train) , D(x) : 0.3099, D(G(x)) : 0.3918
Elapsed Time: 0.1739 min
model_saved, images_saved...
Epochs-165 (train) , D(x) : 0.3017, D(G(x)) : 0.4005
Elapsed Time: 0.175 min
model_saved, images_saved...
Epochs-166 (train) , D(x) : 0.2835, D(G(x)) : 0.4078
Elapsed Time: 0.1729 min
model_saved, images_saved...
Epochs-167 (train) , D(x) : 0.2779, D(G(x)) : 0.4152
Elapsed Time: 0.1717 min
model_saved, images_saved...
Epochs-168 (train) , D(x) : 0.2788, D(G(x)) : 0.4215
Elapsed Time: 0.1735 min
model_saved, images_saved...
Epochs-169 (train) , D(x) : 0.2932, D(G(x)) : 0.3986
Elapsed Time: 0.1713 min
model_saved, images_saved...
Epochs-170 (train) , D(x) : 0.2975, D(G(x)) : 0.4023
Elapsed Time: 0.1736 min
model_saved, images_saved...
Epochs-171 (train) , D(x) : 0.2965, D(G(x)) : 0.402
Elapsed Time: 0.1742 min
model_saved, images_saved...
Epochs-172 (train) , D(x) : 0.2955, D(G(x)) : 0.4062
Elapsed Time: 0.1729 min
model_saved, images_saved...
Epochs-173 (train) , D(x) : 0.2943, D(G(x)) : 0.4063
Elapsed Time: 0.1759 min
model_saved, images_saved...
Epochs-174 (train) , D(x) : 0.3119, D(G(x)) : 0.3827
Elapsed Time: 0.1733 min
model_saved, images_saved...
Epochs-175 (train) , D(x) : 0.2969, D(G(x)) : 0.3962
Elapsed Time: 0.1735 min
model_saved, images_saved...
Epochs-176 (train) , D(x) : 0.2959, D(G(x)) : 0.3958
Elapsed Time: 0.1742 min
model_saved, images_saved...
Epochs-177 (train) , D(x) : 0.293, D(G(x)) : 0.3998
Elapsed Time: 0.1702 min
model_saved, images_saved...
Epochs-178 (train) , D(x) : 0.2946, D(G(x)) : 0.3971
Elapsed Time: 0.1703 min
model_saved, images_saved...
Epochs-179 (train) , D(x) : 0.2969, D(G(x)) : 0.4035
Elapsed Time: 0.1728 min
model_saved, images_saved...
Epochs-180 (train) , D(x) : 0.2795, D(G(x)) : 0.4095
Elapsed Time: 0.1712 min
model_saved, images_saved...
Epochs-181 (train) , D(x) : 0.2829, D(G(x)) : 0.4127
Elapsed Time: 0.1709 min
model_saved, images_saved...
Epochs-182 (train) , D(x) : 0.2944, D(G(x)) : 0.4056
Elapsed Time: 0.1717 min
model_saved, images_saved...
Epochs-183 (train) , D(x) : 0.3092, D(G(x)) : 0.3844
Elapsed Time: 0.1728 min
model_saved, images_saved...
Epochs-184 (train) , D(x) : 0.3076, D(G(x)) : 0.3936
Elapsed Time: 0.1725 min
model_saved, images_saved...
Epochs-185 (train) , D(x) : 0.3015, D(G(x)) : 0.3995
Elapsed Time: 0.1735 min
model_saved, images_saved...
Epochs-186 (train) , D(x) : 0.2893, D(G(x)) : 0.4002
Elapsed Time: 0.1718 min
model_saved, images_saved...
Epochs-187 (train) , D(x) : 0.2869, D(G(x)) : 0.3934
Elapsed Time: 0.1733 min
model_saved, images_saved...
Epochs-188 (train) , D(x) : 0.3215, D(G(x)) : 0.3873
Elapsed Time: 0.1802 min
model_saved, images_saved...
Epochs-189 (train) , D(x) : 0.3015, D(G(x)) : 0.3968
Elapsed Time: 0.1747 min
model_saved, images_saved...
Epochs-190 (train) , D(x) : 0.3137, D(G(x)) : 0.3787
Elapsed Time: 0.1722 min
model_saved, images_saved...
Epochs-191 (train) , D(x) : 0.3091, D(G(x)) : 0.3897
Elapsed Time: 0.175 min
model_saved, images_saved...
Epochs-192 (train) , D(x) : 0.2985, D(G(x)) : 0.3889
Elapsed Time: 0.1724 min
model_saved, images_saved...
Epochs-193 (train) , D(x) : 0.3046, D(G(x)) : 0.3984
Elapsed Time: 0.1746 min
model_saved, images_saved...
Epochs-194 (train) , D(x) : 0.3021, D(G(x)) : 0.3971
Elapsed Time: 0.1748 min
model_saved, images_saved...
Epochs-195 (train) , D(x) : 0.2949, D(G(x)) : 0.4019
Elapsed Time: 0.1731 min
model_saved, images_saved...
Epochs-196 (train) , D(x) : 0.2928, D(G(x)) : 0.3986
Elapsed Time: 0.172 min
model_saved, images_saved...
Epochs-197 (train) , D(x) : 0.2906, D(G(x)) : 0.395
Elapsed Time: 0.1711 min
model_saved, images_saved...
Epochs-198 (train) , D(x) : 0.2804, D(G(x)) : 0.3962
Elapsed Time: 0.1678 min
model_saved, images_saved...
Epochs-199 (train) , D(x) : 0.2907, D(G(x)) : 0.3811
Elapsed Time: 0.1681 min
model_saved, images_saved...
Epochs-200 (train) , D(x) : 0.2938, D(G(x)) : 0.4075
Elapsed Time: 0.1724 min
model_saved, images_saved...
Epochs-201 (train) , D(x) : 0.3107, D(G(x)) : 0.3967
Elapsed Time: 0.1746 min
model_saved, images_saved...
Epochs-202 (train) , D(x) : 0.2981, D(G(x)) : 0.3869
Elapsed Time: 0.1702 min
model_saved, images_saved...
Epochs-203 (train) , D(x) : 0.2904, D(G(x)) : 0.4026
Elapsed Time: 0.1725 min
model_saved, images_saved...
Epochs-204 (train) , D(x) : 0.2999, D(G(x)) : 0.407
Elapsed Time: 0.1753 min
model_saved, images_saved...
Epochs-205 (train) , D(x) : 0.2938, D(G(x)) : 0.3956
Elapsed Time: 0.1723 min
model_saved, images_saved...
Epochs-206 (train) , D(x) : 0.2791, D(G(x)) : 0.4123
Elapsed Time: 0.1714 min
model_saved, images_saved...
Epochs-207 (train) , D(x) : 0.3001, D(G(x)) : 0.3922
Elapsed Time: 0.1732 min
model_saved, images_saved...
Epochs-208 (train) , D(x) : 0.2926, D(G(x)) : 0.4117
Elapsed Time: 0.1708 min
model_saved, images_saved...
Epochs-209 (train) , D(x) : 0.2792, D(G(x)) : 0.4023
Elapsed Time: 0.1704 min
model_saved, images_saved...
Epochs-210 (train) , D(x) : 0.2919, D(G(x)) : 0.4123
Elapsed Time: 0.1714 min
model_saved, images_saved...
Epochs-211 (train) , D(x) : 0.2877, D(G(x)) : 0.4015
Elapsed Time: 0.1688 min
model_saved, images_saved...
Epochs-212 (train) , D(x) : 0.2901, D(G(x)) : 0.395
Elapsed Time: 0.1735 min
model_saved, images_saved...
Epochs-213 (train) , D(x) : 0.2981, D(G(x)) : 0.398
Elapsed Time: 0.1737 min
model_saved, images_saved...
Epochs-214 (train) , D(x) : 0.2841, D(G(x)) : 0.3984
Elapsed Time: 0.1717 min
model_saved, images_saved...
Epochs-215 (train) , D(x) : 0.2773, D(G(x)) : 0.4085
Elapsed Time: 0.1713 min
model_saved, images_saved...
Epochs-216 (train) , D(x) : 0.2732, D(G(x)) : 0.4259
Elapsed Time: 0.1718 min
model_saved, images_saved...
Epochs-217 (train) , D(x) : 0.272, D(G(x)) : 0.4448
Elapsed Time: 0.1719 min
model_saved, images_saved...
Epochs-218 (train) , D(x) : 0.2682, D(G(x)) : 0.4237
Elapsed Time: 0.1692 min
model_saved, images_saved...
Epochs-219 (train) , D(x) : 0.2593, D(G(x)) : 0.4253
Elapsed Time: 0.1683 min
model_saved, images_saved...
Epochs-220 (train) , D(x) : 0.2828, D(G(x)) : 0.4115
Elapsed Time: 0.1734 min
model_saved, images_saved...
Epochs-221 (train) , D(x) : 0.2746, D(G(x)) : 0.4154
Elapsed Time: 0.1702 min
model_saved, images_saved...
Epochs-222 (train) , D(x) : 0.2844, D(G(x)) : 0.411
Elapsed Time: 0.1701 min
model_saved, images_saved...
Epochs-223 (train) , D(x) : 0.2859, D(G(x)) : 0.3868
Elapsed Time: 0.17 min
model_saved, images_saved...
Epochs-224 (train) , D(x) : 0.2834, D(G(x)) : 0.4115
Elapsed Time: 0.1722 min
model_saved, images_saved...
Epochs-225 (train) , D(x) : 0.2814, D(G(x)) : 0.4028
Elapsed Time: 0.1695 min
model_saved, images_saved...
Epochs-226 (train) , D(x) : 0.2636, D(G(x)) : 0.4007
Elapsed Time: 0.168 min
model_saved, images_saved...
Epochs-227 (train) , D(x) : 0.2754, D(G(x)) : 0.4098
Elapsed Time: 0.1711 min
model_saved, images_saved...
Epochs-228 (train) , D(x) : 0.2853, D(G(x)) : 0.405
Elapsed Time: 0.1726 min
model_saved, images_saved...
Epochs-229 (train) , D(x) : 0.3045, D(G(x)) : 0.3867
Elapsed Time: 0.1724 min
model_saved, images_saved...
Epochs-230 (train) , D(x) : 0.2976, D(G(x)) : 0.3918
Elapsed Time: 0.1707 min
model_saved, images_saved...
Epochs-231 (train) , D(x) : 0.2854, D(G(x)) : 0.3991
Elapsed Time: 0.175 min
model_saved, images_saved...
Epochs-232 (train) , D(x) : 0.3024, D(G(x)) : 0.3901
Elapsed Time: 0.1732 min
model_saved, images_saved...
Epochs-233 (train) , D(x) : 0.2817, D(G(x)) : 0.3973
Elapsed Time: 0.1727 min
model_saved, images_saved...
Epochs-234 (train) , D(x) : 0.2885, D(G(x)) : 0.4131
Elapsed Time: 0.1731 min
model_saved, images_saved...
Epochs-235 (train) , D(x) : 0.2787, D(G(x)) : 0.4084
Elapsed Time: 0.1745 min
model_saved, images_saved...
Epochs-236 (train) , D(x) : 0.2899, D(G(x)) : 0.3934
Elapsed Time: 0.1726 min
model_saved, images_saved...
Epochs-237 (train) , D(x) : 0.2899, D(G(x)) : 0.402
Elapsed Time: 0.1733 min
model_saved, images_saved...
Epochs-238 (train) , D(x) : 0.3018, D(G(x)) : 0.3919
Elapsed Time: 0.172 min
model_saved, images_saved...
Epochs-239 (train) , D(x) : 0.2887, D(G(x)) : 0.396
Elapsed Time: 0.1721 min
model_saved, images_saved...
Epochs-240 (train) , D(x) : 0.2898, D(G(x)) : 0.3989
Elapsed Time: 0.1711 min
model_saved, images_saved...
Epochs-241 (train) , D(x) : 0.2983, D(G(x)) : 0.39
Elapsed Time: 0.1735 min
model_saved, images_saved...
Epochs-242 (train) , D(x) : 0.2998, D(G(x)) : 0.3869
Elapsed Time: 0.1747 min
model_saved, images_saved...
Epochs-243 (train) , D(x) : 0.2781, D(G(x)) : 0.4177
Elapsed Time: 0.1704 min
model_saved, images_saved...
Epochs-244 (train) , D(x) : 0.2767, D(G(x)) : 0.402
Elapsed Time: 0.1705 min
model_saved, images_saved...
Epochs-245 (train) , D(x) : 0.276, D(G(x)) : 0.4062
Elapsed Time: 0.1713 min
model_saved, images_saved...
Epochs-246 (train) , D(x) : 0.2742, D(G(x)) : 0.3985
Elapsed Time: 0.1677 min
model_saved, images_saved...
Epochs-247 (train) , D(x) : 0.2875, D(G(x)) : 0.4042
Elapsed Time: 0.1709 min
model_saved, images_saved...
Epochs-248 (train) , D(x) : 0.2832, D(G(x)) : 0.4128
Elapsed Time: 0.1726 min
model_saved, images_saved...
Epochs-249 (train) , D(x) : 0.2933, D(G(x)) : 0.3937
Elapsed Time: 0.169 min
model_saved, images_saved...
Epochs-250 (train) , D(x) : 0.2898, D(G(x)) : 0.4011
Elapsed Time: 0.1732 min
model_saved, images_saved...
Epochs-251 (train) , D(x) : 0.2938, D(G(x)) : 0.4081
Elapsed Time: 0.1722 min
model_saved, images_saved...
Epochs-252 (train) , D(x) : 0.2901, D(G(x)) : 0.4109
Elapsed Time: 0.1729 min
model_saved, images_saved...
Epochs-253 (train) , D(x) : 0.283, D(G(x)) : 0.4082
Elapsed Time: 0.1742 min
model_saved, images_saved...
Epochs-254 (train) , D(x) : 0.2871, D(G(x)) : 0.3976
Elapsed Time: 0.1682 min
model_saved, images_saved...
Epochs-255 (train) , D(x) : 0.2847, D(G(x)) : 0.3875
Elapsed Time: 0.1678 min
model_saved, images_saved...
Epochs-256 (train) , D(x) : 0.2752, D(G(x)) : 0.4013
Elapsed Time: 0.168 min
model_saved, images_saved...
Epochs-257 (train) , D(x) : 0.259, D(G(x)) : 0.4197
Elapsed Time: 0.1687 min
model_saved, images_saved...
Epochs-258 (train) , D(x) : 0.2823, D(G(x)) : 0.3969
Elapsed Time: 0.1695 min
model_saved, images_saved...
Epochs-259 (train) , D(x) : 0.2765, D(G(x)) : 0.3977
Elapsed Time: 0.1692 min
model_saved, images_saved...
Epochs-260 (train) , D(x) : 0.2806, D(G(x)) : 0.3996
Elapsed Time: 0.1716 min
model_saved, images_saved...
Epochs-261 (train) , D(x) : 0.2908, D(G(x)) : 0.3889
Elapsed Time: 0.1691 min
model_saved, images_saved...
Epochs-262 (train) , D(x) : 0.2981, D(G(x)) : 0.3953
Elapsed Time: 0.1707 min
model_saved, images_saved...
Epochs-263 (train) , D(x) : 0.2947, D(G(x)) : 0.3957
Elapsed Time: 0.1713 min
model_saved, images_saved...
Epochs-264 (train) , D(x) : 0.2951, D(G(x)) : 0.4074
Elapsed Time: 0.1732 min
model_saved, images_saved...
Epochs-265 (train) , D(x) : 0.289, D(G(x)) : 0.4099
Elapsed Time: 0.1708 min
model_saved, images_saved...
Epochs-266 (train) , D(x) : 0.296, D(G(x)) : 0.3896
Elapsed Time: 0.1697 min
model_saved, images_saved...
Epochs-267 (train) , D(x) : 0.2797, D(G(x)) : 0.3967
Elapsed Time: 0.1718 min
model_saved, images_saved...
Epochs-268 (train) , D(x) : 0.2819, D(G(x)) : 0.4001
Elapsed Time: 0.1695 min
model_saved, images_saved...
Epochs-269 (train) , D(x) : 0.2906, D(G(x)) : 0.4075
Elapsed Time: 0.1732 min
model_saved, images_saved...
Epochs-270 (train) , D(x) : 0.2825, D(G(x)) : 0.4027
Elapsed Time: 0.1677 min
model_saved, images_saved...
Epochs-271 (train) , D(x) : 0.2692, D(G(x)) : 0.4089
Elapsed Time: 0.1676 min
model_saved, images_saved...
Epochs-272 (train) , D(x) : 0.2648, D(G(x)) : 0.4345
Elapsed Time: 0.1716 min
model_saved, images_saved...
Epochs-273 (train) , D(x) : 0.2872, D(G(x)) : 0.397
Elapsed Time: 0.1709 min
model_saved, images_saved...
Epochs-274 (train) , D(x) : 0.2979, D(G(x)) : 0.3941
Elapsed Time: 0.174 min
model_saved, images_saved...
Epochs-275 (train) , D(x) : 0.2786, D(G(x)) : 0.4009
Elapsed Time: 0.1708 min
model_saved, images_saved...
Epochs-276 (train) , D(x) : 0.2852, D(G(x)) : 0.4129
Elapsed Time: 0.173 min
model_saved, images_saved...
Epochs-277 (train) , D(x) : 0.2815, D(G(x)) : 0.4054
Elapsed Time: 0.1715 min
model_saved, images_saved...
Epochs-278 (train) , D(x) : 0.2873, D(G(x)) : 0.3974
Elapsed Time: 0.1732 min
model_saved, images_saved...
Epochs-279 (train) , D(x) : 0.2943, D(G(x)) : 0.391
Elapsed Time: 0.1724 min
model_saved, images_saved...
Epochs-280 (train) , D(x) : 0.2789, D(G(x)) : 0.3955
Elapsed Time: 0.1712 min
model_saved, images_saved...
Epochs-281 (train) , D(x) : 0.2718, D(G(x)) : 0.4209
Elapsed Time: 0.1684 min
model_saved, images_saved...
Epochs-282 (train) , D(x) : 0.278, D(G(x)) : 0.3934
Elapsed Time: 0.1681 min
model_saved, images_saved...
Epochs-283 (train) , D(x) : 0.2669, D(G(x)) : 0.4236
Elapsed Time: 0.1693 min
model_saved, images_saved...
Epochs-284 (train) , D(x) : 0.2757, D(G(x)) : 0.4125
Elapsed Time: 0.1716 min
model_saved, images_saved...
Epochs-285 (train) , D(x) : 0.2849, D(G(x)) : 0.4129
Elapsed Time: 0.172 min
model_saved, images_saved...
Epochs-286 (train) , D(x) : 0.2782, D(G(x)) : 0.4106
Elapsed Time: 0.1707 min
model_saved, images_saved...
Epochs-287 (train) , D(x) : 0.2662, D(G(x)) : 0.4309
Elapsed Time: 0.1695 min
model_saved, images_saved...
Epochs-288 (train) , D(x) : 0.2727, D(G(x)) : 0.4114
Elapsed Time: 0.17 min
model_saved, images_saved...
Epochs-289 (train) , D(x) : 0.2699, D(G(x)) : 0.3959
Elapsed Time: 0.1682 min
model_saved, images_saved...
Epochs-290 (train) , D(x) : 0.2811, D(G(x)) : 0.4004
Elapsed Time: 0.1675 min
model_saved, images_saved...
Epochs-291 (train) , D(x) : 0.2643, D(G(x)) : 0.428
Elapsed Time: 0.1679 min
model_saved, images_saved...
Epochs-292 (train) , D(x) : 0.2755, D(G(x)) : 0.4239
Elapsed Time: 0.1679 min
model_saved, images_saved...
Epochs-293 (train) , D(x) : 0.2742, D(G(x)) : 0.4148
Elapsed Time: 0.1698 min
model_saved, images_saved...
Epochs-294 (train) , D(x) : 0.294, D(G(x)) : 0.3937
Elapsed Time: 0.1687 min
model_saved, images_saved...
Epochs-295 (train) , D(x) : 0.2827, D(G(x)) : 0.4114
Elapsed Time: 0.1712 min
model_saved, images_saved...
Epochs-296 (train) , D(x) : 0.2864, D(G(x)) : 0.4148
Elapsed Time: 0.1712 min
model_saved, images_saved...
Epochs-297 (train) , D(x) : 0.2854, D(G(x)) : 0.4066
Elapsed Time: 0.1712 min
model_saved, images_saved...
Epochs-298 (train) , D(x) : 0.2842, D(G(x)) : 0.4174
Elapsed Time: 0.1703 min
model_saved, images_saved...
Epochs-299 (train) , D(x) : 0.2867, D(G(x)) : 0.4048
Elapsed Time: 0.1716 min
model_saved, images_saved...
Epochs-300 (train) , D(x) : 0.2875, D(G(x)) : 0.4003
Elapsed Time: 0.1709 min
model_saved, images_saved...
Epochs-301 (train) , D(x) : 0.2826, D(G(x)) : 0.3964
Elapsed Time: 0.1689 min
model_saved, images_saved...
Epochs-302 (train) , D(x) : 0.2765, D(G(x)) : 0.4087
Elapsed Time: 0.1704 min
model_saved, images_saved...
Epochs-303 (train) , D(x) : 0.2645, D(G(x)) : 0.4217
Elapsed Time: 0.1701 min
model_saved, images_saved...
Epochs-304 (train) , D(x) : 0.2615, D(G(x)) : 0.4167
Elapsed Time: 0.169 min
model_saved, images_saved...
Epochs-305 (train) , D(x) : 0.2792, D(G(x)) : 0.4155
Elapsed Time: 0.172 min
model_saved, images_saved...
Epochs-306 (train) , D(x) : 0.2846, D(G(x)) : 0.4117
Elapsed Time: 0.1714 min
model_saved, images_saved...
Epochs-307 (train) , D(x) : 0.2733, D(G(x)) : 0.4134
Elapsed Time: 0.1697 min
model_saved, images_saved...
Epochs-308 (train) , D(x) : 0.2844, D(G(x)) : 0.4043
Elapsed Time: 0.1711 min
model_saved, images_saved...
Epochs-309 (train) , D(x) : 0.2651, D(G(x)) : 0.421
Elapsed Time: 0.171 min
model_saved, images_saved...
Epochs-310 (train) , D(x) : 0.2735, D(G(x)) : 0.4249
Elapsed Time: 0.17 min
model_saved, images_saved...
Epochs-311 (train) , D(x) : 0.2603, D(G(x)) : 0.4414
Elapsed Time: 0.1683 min
model_saved, images_saved...
Epochs-312 (train) , D(x) : 0.2691, D(G(x)) : 0.4058
Elapsed Time: 0.1665 min
model_saved, images_saved...
Epochs-313 (train) , D(x) : 0.2697, D(G(x)) : 0.4162
Elapsed Time: 0.1676 min
model_saved, images_saved...
Epochs-314 (train) , D(x) : 0.277, D(G(x)) : 0.4352
Elapsed Time: 0.171 min
model_saved, images_saved...
Epochs-315 (train) , D(x) : 0.262, D(G(x)) : 0.4169
Elapsed Time: 0.1681 min
model_saved, images_saved...
Epochs-316 (train) , D(x) : 0.2741, D(G(x)) : 0.4063
Elapsed Time: 0.169 min
model_saved, images_saved...
Epochs-317 (train) , D(x) : 0.2648, D(G(x)) : 0.3986
Elapsed Time: 0.1679 min
model_saved, images_saved...
Epochs-318 (train) , D(x) : 0.2692, D(G(x)) : 0.3867
Elapsed Time: 0.1688 min
model_saved, images_saved...
Epochs-319 (train) , D(x) : 0.2853, D(G(x)) : 0.402
Elapsed Time: 0.1707 min
model_saved, images_saved...
Epochs-320 (train) , D(x) : 0.2736, D(G(x)) : 0.4154
Elapsed Time: 0.1697 min
model_saved, images_saved...
Epochs-321 (train) , D(x) : 0.2741, D(G(x)) : 0.4065
Elapsed Time: 0.1708 min
model_saved, images_saved...
Epochs-322 (train) , D(x) : 0.2742, D(G(x)) : 0.3969
Elapsed Time: 0.169 min
model_saved, images_saved...
Epochs-323 (train) , D(x) : 0.2903, D(G(x)) : 0.4058
Elapsed Time: 0.1718 min
model_saved, images_saved...
Epochs-324 (train) , D(x) : 0.29, D(G(x)) : 0.3974
Elapsed Time: 0.168 min
model_saved, images_saved...
Epochs-325 (train) , D(x) : 0.287, D(G(x)) : 0.3955
Elapsed Time: 0.1702 min
model_saved, images_saved...
Epochs-326 (train) , D(x) : 0.2922, D(G(x)) : 0.3958
Elapsed Time: 0.1708 min
model_saved, images_saved...
Epochs-327 (train) , D(x) : 0.2735, D(G(x)) : 0.4155
Elapsed Time: 0.1696 min
model_saved, images_saved...
Epochs-328 (train) , D(x) : 0.2853, D(G(x)) : 0.4137
Elapsed Time: 0.1723 min
model_saved, images_saved...
Epochs-329 (train) , D(x) : 0.2991, D(G(x)) : 0.4001
Elapsed Time: 0.1738 min
model_saved, images_saved...
Epochs-330 (train) , D(x) : 0.2861, D(G(x)) : 0.4137
Elapsed Time: 0.1717 min
model_saved, images_saved...
Epochs-331 (train) , D(x) : 0.2761, D(G(x)) : 0.3881
Elapsed Time: 0.1692 min
model_saved, images_saved...
Epochs-332 (train) , D(x) : 0.2863, D(G(x)) : 0.3878
Elapsed Time: 0.1699 min
model_saved, images_saved...
Epochs-333 (train) , D(x) : 0.2717, D(G(x)) : 0.4131
Elapsed Time: 0.1709 min
model_saved, images_saved...
Epochs-334 (train) , D(x) : 0.2748, D(G(x)) : 0.4073
Elapsed Time: 0.1681 min
model_saved, images_saved...
Epochs-335 (train) , D(x) : 0.2868, D(G(x)) : 0.392
Elapsed Time: 0.1691 min
model_saved, images_saved...
Epochs-336 (train) , D(x) : 0.2684, D(G(x)) : 0.3989
Elapsed Time: 0.167 min
model_saved, images_saved...
Epochs-337 (train) , D(x) : 0.2739, D(G(x)) : 0.3924
Elapsed Time: 0.1667 min
model_saved, images_saved...
Epochs-338 (train) , D(x) : 0.2797, D(G(x)) : 0.403
Elapsed Time: 0.1676 min
model_saved, images_saved...
Epochs-339 (train) , D(x) : 0.2654, D(G(x)) : 0.4151
Elapsed Time: 0.1677 min
model_saved, images_saved...
Epochs-340 (train) , D(x) : 0.2743, D(G(x)) : 0.4123
Elapsed Time: 0.1686 min
model_saved, images_saved...
Epochs-341 (train) , D(x) : 0.2782, D(G(x)) : 0.4072
Elapsed Time: 0.1702 min
model_saved, images_saved...
Epochs-342 (train) , D(x) : 0.2836, D(G(x)) : 0.4045
Elapsed Time: 0.1705 min
model_saved, images_saved...
Epochs-343 (train) , D(x) : 0.2848, D(G(x)) : 0.4099
Elapsed Time: 0.1723 min
model_saved, images_saved...
Epochs-344 (train) , D(x) : 0.2949, D(G(x)) : 0.3887
Elapsed Time: 0.1696 min
model_saved, images_saved...
Epochs-345 (train) , D(x) : 0.2977, D(G(x)) : 0.3834
Elapsed Time: 0.169 min
model_saved, images_saved...
Epochs-346 (train) , D(x) : 0.3032, D(G(x)) : 0.4016
Elapsed Time: 0.1734 min
model_saved, images_saved...
Epochs-347 (train) , D(x) : 0.2874, D(G(x)) : 0.407
Elapsed Time: 0.17 min
model_saved, images_saved...
Epochs-348 (train) , D(x) : 0.2837, D(G(x)) : 0.4146
Elapsed Time: 0.1701 min
model_saved, images_saved...
Epochs-349 (train) , D(x) : 0.2784, D(G(x)) : 0.4145
Elapsed Time: 0.173 min
model_saved, images_saved...
Epochs-350 (train) , D(x) : 0.2702, D(G(x)) : 0.4102
Elapsed Time: 0.1693 min
model_saved, images_saved...
Epochs-351 (train) , D(x) : 0.2823, D(G(x)) : 0.4156
Elapsed Time: 0.1705 min
model_saved, images_saved...
Epochs-352 (train) , D(x) : 0.2853, D(G(x)) : 0.3942
Elapsed Time: 0.1699 min
model_saved, images_saved...
Epochs-353 (train) , D(x) : 0.2949, D(G(x)) : 0.4027
Elapsed Time: 0.1704 min
model_saved, images_saved...
Epochs-354 (train) , D(x) : 0.2817, D(G(x)) : 0.384
Elapsed Time: 0.1724 min
model_saved, images_saved...
Epochs-355 (train) , D(x) : 0.2693, D(G(x)) : 0.4174
Elapsed Time: 0.1684 min
model_saved, images_saved...
Epochs-356 (train) , D(x) : 0.2754, D(G(x)) : 0.4181
Elapsed Time: 0.169 min
model_saved, images_saved...
Epochs-357 (train) , D(x) : 0.2636, D(G(x)) : 0.4437
Elapsed Time: 0.1687 min
model_saved, images_saved...
Epochs-358 (train) , D(x) : 0.2812, D(G(x)) : 0.4177
Elapsed Time: 0.1686 min
model_saved, images_saved...
Epochs-359 (train) , D(x) : 0.2816, D(G(x)) : 0.4141
Elapsed Time: 0.1718 min
model_saved, images_saved...
Epochs-360 (train) , D(x) : 0.2752, D(G(x)) : 0.4271
Elapsed Time: 0.1688 min
model_saved, images_saved...
Epochs-361 (train) , D(x) : 0.276, D(G(x)) : 0.4083
Elapsed Time: 0.1689 min
model_saved, images_saved...
Epochs-362 (train) , D(x) : 0.2732, D(G(x)) : 0.4024
Elapsed Time: 0.1688 min
model_saved, images_saved...
Epochs-363 (train) , D(x) : 0.2716, D(G(x)) : 0.3975
Elapsed Time: 0.1679 min
model_saved, images_saved...
Epochs-364 (train) , D(x) : 0.2407, D(G(x)) : 0.4437
Elapsed Time: 0.1661 min
model_saved, images_saved...
Epochs-365 (train) , D(x) : 0.2462, D(G(x)) : 0.4116
Elapsed Time: 0.1669 min
model_saved, images_saved...
Epochs-366 (train) , D(x) : 0.2409, D(G(x)) : 0.4354
Elapsed Time: 0.1661 min
model_saved, images_saved...
Epochs-367 (train) , D(x) : 0.2549, D(G(x)) : 0.4143
Elapsed Time: 0.1676 min
model_saved, images_saved...
Epochs-368 (train) , D(x) : 0.2472, D(G(x)) : 0.4015
Elapsed Time: 0.1652 min
model_saved, images_saved...
Epochs-369 (train) , D(x) : 0.2635, D(G(x)) : 0.4019
Elapsed Time: 0.1685 min
model_saved, images_saved...
Epochs-370 (train) , D(x) : 0.2729, D(G(x)) : 0.4044
Elapsed Time: 0.1697 min
model_saved, images_saved...
Epochs-371 (train) , D(x) : 0.2752, D(G(x)) : 0.403
Elapsed Time: 0.1696 min
model_saved, images_saved...
Epochs-372 (train) , D(x) : 0.27, D(G(x)) : 0.4187
Elapsed Time: 0.1705 min
model_saved, images_saved...
Epochs-373 (train) , D(x) : 0.2683, D(G(x)) : 0.4286
Elapsed Time: 0.1716 min
model_saved, images_saved...
Epochs-374 (train) , D(x) : 0.2948, D(G(x)) : 0.4078
Elapsed Time: 0.1695 min
model_saved, images_saved...
Epochs-375 (train) , D(x) : 0.287, D(G(x)) : 0.3973
Elapsed Time: 0.1717 min
model_saved, images_saved...
Epochs-376 (train) , D(x) : 0.2845, D(G(x)) : 0.4106
Elapsed Time: 0.1708 min
model_saved, images_saved...
Epochs-377 (train) , D(x) : 0.2668, D(G(x)) : 0.4144
Elapsed Time: 0.1688 min
model_saved, images_saved...
Epochs-378 (train) , D(x) : 0.2708, D(G(x)) : 0.421
Elapsed Time: 0.1701 min
model_saved, images_saved...
Epochs-379 (train) , D(x) : 0.2747, D(G(x)) : 0.4291
Elapsed Time: 0.1691 min
model_saved, images_saved...
Epochs-380 (train) , D(x) : 0.2728, D(G(x)) : 0.4248
Elapsed Time: 0.1705 min
model_saved, images_saved...
Epochs-381 (train) , D(x) : 0.2888, D(G(x)) : 0.3879
Elapsed Time: 0.1695 min
model_saved, images_saved...
Epochs-382 (train) , D(x) : 0.271, D(G(x)) : 0.3946
Elapsed Time: 0.1678 min
model_saved, images_saved...
Epochs-383 (train) , D(x) : 0.2796, D(G(x)) : 0.4051
Elapsed Time: 0.1678 min
model_saved, images_saved...
Epochs-384 (train) , D(x) : 0.2801, D(G(x)) : 0.3933
Elapsed Time: 0.1669 min
model_saved, images_saved...
Epochs-385 (train) , D(x) : 0.2792, D(G(x)) : 0.383
Elapsed Time: 0.1688 min
model_saved, images_saved...
Epochs-386 (train) , D(x) : 0.2947, D(G(x)) : 0.3917
Elapsed Time: 0.1724 min
model_saved, images_saved...
Epochs-387 (train) , D(x) : 0.2832, D(G(x)) : 0.4008
Elapsed Time: 0.171 min
model_saved, images_saved...
Epochs-388 (train) , D(x) : 0.2759, D(G(x)) : 0.42
Elapsed Time: 0.1692 min
model_saved, images_saved...
Epochs-389 (train) , D(x) : 0.2622, D(G(x)) : 0.4224
Elapsed Time: 0.1668 min
model_saved, images_saved...
Epochs-390 (train) , D(x) : 0.2705, D(G(x)) : 0.3807
Elapsed Time: 0.1663 min
model_saved, images_saved...
Epochs-391 (train) , D(x) : 0.2614, D(G(x)) : 0.4164
Elapsed Time: 0.1663 min
model_saved, images_saved...
Epochs-392 (train) , D(x) : 0.2648, D(G(x)) : 0.3899
Elapsed Time: 0.1671 min
model_saved, images_saved...
Epochs-393 (train) , D(x) : 0.2631, D(G(x)) : 0.4152
Elapsed Time: 0.1678 min
model_saved, images_saved...
Epochs-394 (train) , D(x) : 0.243, D(G(x)) : 0.4321
Elapsed Time: 0.1681 min
model_saved, images_saved...
Epochs-395 (train) , D(x) : 0.2525, D(G(x)) : 0.414
Elapsed Time: 0.1697 min
model_saved, images_saved...
Epochs-396 (train) , D(x) : 0.2595, D(G(x)) : 0.4202
Elapsed Time: 0.1684 min
model_saved, images_saved...
Epochs-397 (train) , D(x) : 0.2576, D(G(x)) : 0.4154
Elapsed Time: 0.1659 min
model_saved, images_saved...
Epochs-398 (train) , D(x) : 0.2718, D(G(x)) : 0.4006
Elapsed Time: 0.1692 min
model_saved, images_saved...
Epochs-399 (train) , D(x) : 0.2782, D(G(x)) : 0.406
Elapsed Time: 0.1695 min
model_saved, images_saved...
Epochs-400 (train) , D(x) : 0.2578, D(G(x)) : 0.4261
Elapsed Time: 0.169 min
model_saved, images_saved...
Epochs-401 (train) , D(x) : 0.2749, D(G(x)) : 0.4178
Elapsed Time: 0.1693 min
model_saved, images_saved...
Epochs-402 (train) , D(x) : 0.265, D(G(x)) : 0.4223
Elapsed Time: 0.1692 min
model_saved, images_saved...
Epochs-403 (train) , D(x) : 0.2706, D(G(x)) : 0.4089
Elapsed Time: 0.1687 min
model_saved, images_saved...
Epochs-404 (train) , D(x) : 0.293, D(G(x)) : 0.3955
Elapsed Time: 0.1702 min
model_saved, images_saved...
Epochs-405 (train) , D(x) : 0.2665, D(G(x)) : 0.4208
Elapsed Time: 0.1695 min
model_saved, images_saved...
Epochs-406 (train) , D(x) : 0.2663, D(G(x)) : 0.4212
Elapsed Time: 0.1688 min
model_saved, images_saved...
Epochs-407 (train) , D(x) : 0.2652, D(G(x)) : 0.4029
Elapsed Time: 0.1673 min
model_saved, images_saved...
Epochs-408 (train) , D(x) : 0.2618, D(G(x)) : 0.4046
Elapsed Time: 0.1691 min
model_saved, images_saved...
Epochs-409 (train) , D(x) : 0.2667, D(G(x)) : 0.4156
Elapsed Time: 0.1682 min
model_saved, images_saved...
Epochs-410 (train) , D(x) : 0.2681, D(G(x)) : 0.4201
Elapsed Time: 0.1679 min
model_saved, images_saved...
Epochs-411 (train) , D(x) : 0.2859, D(G(x)) : 0.401
Elapsed Time: 0.1675 min
model_saved, images_saved...
Epochs-412 (train) , D(x) : 0.2734, D(G(x)) : 0.4005
Elapsed Time: 0.1684 min
model_saved, images_saved...
Epochs-413 (train) , D(x) : 0.2621, D(G(x)) : 0.4132
Elapsed Time: 0.1691 min
model_saved, images_saved...
Epochs-414 (train) , D(x) : 0.2583, D(G(x)) : 0.4249
Elapsed Time: 0.1693 min
model_saved, images_saved...
Epochs-415 (train) , D(x) : 0.2767, D(G(x)) : 0.4078
Elapsed Time: 0.171 min
model_saved, images_saved...
Epochs-416 (train) , D(x) : 0.2777, D(G(x)) : 0.4246
Elapsed Time: 0.1721 min
model_saved, images_saved...
Epochs-417 (train) , D(x) : 0.266, D(G(x)) : 0.4217
Elapsed Time: 0.1706 min
model_saved, images_saved...
Epochs-418 (train) , D(x) : 0.2764, D(G(x)) : 0.4169
Elapsed Time: 0.1704 min
model_saved, images_saved...
Epochs-419 (train) , D(x) : 0.2694, D(G(x)) : 0.4146
Elapsed Time: 0.1689 min
model_saved, images_saved...
Epochs-420 (train) , D(x) : 0.2697, D(G(x)) : 0.377
Elapsed Time: 0.1679 min
model_saved, images_saved...
Epochs-421 (train) , D(x) : 0.2729, D(G(x)) : 0.3958
Elapsed Time: 0.1684 min
model_saved, images_saved...
Epochs-422 (train) , D(x) : 0.2518, D(G(x)) : 0.4282
Elapsed Time: 0.167 min
model_saved, images_saved...
Epochs-423 (train) , D(x) : 0.2605, D(G(x)) : 0.4234
Elapsed Time: 0.1682 min
model_saved, images_saved...
Epochs-424 (train) , D(x) : 0.2672, D(G(x)) : 0.4201
Elapsed Time: 0.1667 min
model_saved, images_saved...
Epochs-425 (train) , D(x) : 0.2679, D(G(x)) : 0.41
Elapsed Time: 0.169 min
model_saved, images_saved...
Epochs-426 (train) , D(x) : 0.2621, D(G(x)) : 0.4214
Elapsed Time: 0.1689 min
model_saved, images_saved...
Epochs-427 (train) , D(x) : 0.2658, D(G(x)) : 0.4127
Elapsed Time: 0.1679 min
model_saved, images_saved...
Epochs-428 (train) , D(x) : 0.26, D(G(x)) : 0.4188
Elapsed Time: 0.1701 min
model_saved, images_saved...
Epochs-429 (train) , D(x) : 0.2596, D(G(x)) : 0.4093
Elapsed Time: 0.1686 min
model_saved, images_saved...
Epochs-430 (train) , D(x) : 0.2657, D(G(x)) : 0.4337
Elapsed Time: 0.1699 min
model_saved, images_saved...
Epochs-431 (train) , D(x) : 0.2531, D(G(x)) : 0.4335
Elapsed Time: 0.17 min
model_saved, images_saved...
Epochs-432 (train) , D(x) : 0.2621, D(G(x)) : 0.4132
Elapsed Time: 0.1683 min
model_saved, images_saved...
Epochs-433 (train) , D(x) : 0.2672, D(G(x)) : 0.4127
Elapsed Time: 0.1701 min
model_saved, images_saved...
Epochs-434 (train) , D(x) : 0.2537, D(G(x)) : 0.4251
Elapsed Time: 0.1688 min
model_saved, images_saved...
Epochs-435 (train) , D(x) : 0.2638, D(G(x)) : 0.4167
Elapsed Time: 0.1701 min
model_saved, images_saved...
Epochs-436 (train) , D(x) : 0.2595, D(G(x)) : 0.4229
Elapsed Time: 0.1686 min
model_saved, images_saved...
Epochs-437 (train) , D(x) : 0.2531, D(G(x)) : 0.4064
Elapsed Time: 0.1686 min
model_saved, images_saved...
Epochs-438 (train) , D(x) : 0.2774, D(G(x)) : 0.4088
Elapsed Time: 0.1705 min
model_saved, images_saved...
Epochs-439 (train) , D(x) : 0.2862, D(G(x)) : 0.4079
Elapsed Time: 0.1685 min
model_saved, images_saved...
Epochs-440 (train) , D(x) : 0.2735, D(G(x)) : 0.403
Elapsed Time: 0.1692 min
model_saved, images_saved...
Epochs-441 (train) , D(x) : 0.2789, D(G(x)) : 0.417
Elapsed Time: 0.1709 min
model_saved, images_saved...
Epochs-442 (train) , D(x) : 0.2729, D(G(x)) : 0.4205
Elapsed Time: 0.1696 min
model_saved, images_saved...
Epochs-443 (train) , D(x) : 0.289, D(G(x)) : 0.4074
Elapsed Time: 0.1713 min
model_saved, images_saved...
Epochs-444 (train) , D(x) : 0.2721, D(G(x)) : 0.3942
Elapsed Time: 0.1678 min
model_saved, images_saved...
Epochs-445 (train) , D(x) : 0.2643, D(G(x)) : 0.4329
Elapsed Time: 0.168 min
model_saved, images_saved...
Epochs-446 (train) , D(x) : 0.2789, D(G(x)) : 0.3997
Elapsed Time: 0.1693 min
model_saved, images_saved...
Epochs-447 (train) , D(x) : 0.2877, D(G(x)) : 0.4085
Elapsed Time: 0.1707 min
model_saved, images_saved...
Epochs-448 (train) , D(x) : 0.2944, D(G(x)) : 0.4005
Elapsed Time: 0.1724 min
model_saved, images_saved...
Epochs-449 (train) , D(x) : 0.2982, D(G(x)) : 0.3973
Elapsed Time: 0.1686 min
model_saved, images_saved...
Epochs-450 (train) , D(x) : 0.294, D(G(x)) : 0.3944
Elapsed Time: 0.1704 min
model_saved, images_saved...
Epochs-451 (train) , D(x) : 0.2871, D(G(x)) : 0.4055
Elapsed Time: 0.1694 min
model_saved, images_saved...
Epochs-452 (train) , D(x) : 0.2701, D(G(x)) : 0.4233
Elapsed Time: 0.1703 min
model_saved, images_saved...
Epochs-453 (train) , D(x) : 0.2611, D(G(x)) : 0.4158
Elapsed Time: 0.1699 min
model_saved, images_saved...
Epochs-454 (train) , D(x) : 0.2523, D(G(x)) : 0.4235
Elapsed Time: 0.1682 min
model_saved, images_saved...
Epochs-455 (train) , D(x) : 0.2495, D(G(x)) : 0.4221
Elapsed Time: 0.1664 min
model_saved, images_saved...
Epochs-456 (train) , D(x) : 0.2496, D(G(x)) : 0.4209
Elapsed Time: 0.1669 min
model_saved, images_saved...
Epochs-457 (train) , D(x) : 0.2615, D(G(x)) : 0.4352
Elapsed Time: 0.1679 min
model_saved, images_saved...
Epochs-458 (train) , D(x) : 0.2533, D(G(x)) : 0.4215
Elapsed Time: 0.1671 min
model_saved, images_saved...
Epochs-459 (train) , D(x) : 0.2458, D(G(x)) : 0.4212
Elapsed Time: 0.1672 min
model_saved, images_saved...
Epochs-460 (train) , D(x) : 0.2486, D(G(x)) : 0.4204
Elapsed Time: 0.1679 min
model_saved, images_saved...
Epochs-461 (train) , D(x) : 0.2675, D(G(x)) : 0.4242
Elapsed Time: 0.1676 min
model_saved, images_saved...
Epochs-462 (train) , D(x) : 0.2537, D(G(x)) : 0.4203
Elapsed Time: 0.1674 min
model_saved, images_saved...
Epochs-463 (train) , D(x) : 0.26, D(G(x)) : 0.421
Elapsed Time: 0.1677 min
model_saved, images_saved...
Epochs-464 (train) , D(x) : 0.2567, D(G(x)) : 0.4176
Elapsed Time: 0.1699 min
model_saved, images_saved...
Epochs-465 (train) , D(x) : 0.2816, D(G(x)) : 0.4022
Elapsed Time: 0.1686 min
model_saved, images_saved...
Epochs-466 (train) , D(x) : 0.2786, D(G(x)) : 0.3978
Elapsed Time: 0.1683 min
model_saved, images_saved...
Epochs-467 (train) , D(x) : 0.2584, D(G(x)) : 0.4318
Elapsed Time: 0.1695 min
model_saved, images_saved...
Epochs-468 (train) , D(x) : 0.2801, D(G(x)) : 0.4006
Elapsed Time: 0.1684 min
model_saved, images_saved...
Epochs-469 (train) , D(x) : 0.281, D(G(x)) : 0.3886
Elapsed Time: 0.1695 min
model_saved, images_saved...
Epochs-470 (train) , D(x) : 0.2683, D(G(x)) : 0.4093
Elapsed Time: 0.1684 min
model_saved, images_saved...
Epochs-471 (train) , D(x) : 0.2793, D(G(x)) : 0.4127
Elapsed Time: 0.1709 min
model_saved, images_saved...
Epochs-472 (train) , D(x) : 0.2709, D(G(x)) : 0.4091
Elapsed Time: 0.1688 min
model_saved, images_saved...
Epochs-473 (train) , D(x) : 0.2568, D(G(x)) : 0.4178
Elapsed Time: 0.1695 min
model_saved, images_saved...
Epochs-474 (train) , D(x) : 0.2715, D(G(x)) : 0.415
Elapsed Time: 0.1694 min
model_saved, images_saved...
Epochs-475 (train) , D(x) : 0.267, D(G(x)) : 0.3975
Elapsed Time: 0.1702 min
model_saved, images_saved...
Epochs-476 (train) , D(x) : 0.2683, D(G(x)) : 0.4118
Elapsed Time: 0.17 min
model_saved, images_saved...
Epochs-477 (train) , D(x) : 0.2749, D(G(x)) : 0.4093
Elapsed Time: 0.1696 min
model_saved, images_saved...
Epochs-478 (train) , D(x) : 0.2768, D(G(x)) : 0.3899
Elapsed Time: 0.1693 min
model_saved, images_saved...
Epochs-479 (train) , D(x) : 0.294, D(G(x)) : 0.3967
Elapsed Time: 0.1684 min
model_saved, images_saved...
Epochs-480 (train) , D(x) : 0.2663, D(G(x)) : 0.4289
Elapsed Time: 0.1711 min
model_saved, images_saved...
Epochs-481 (train) , D(x) : 0.2597, D(G(x)) : 0.4252
Elapsed Time: 0.1703 min
model_saved, images_saved...
Epochs-482 (train) , D(x) : 0.2557, D(G(x)) : 0.4211
Elapsed Time: 0.1718 min
model_saved, images_saved...
Epochs-483 (train) , D(x) : 0.2851, D(G(x)) : 0.4108
Elapsed Time: 0.1736 min
model_saved, images_saved...
Epochs-484 (train) , D(x) : 0.2837, D(G(x)) : 0.4034
Elapsed Time: 0.1729 min
model_saved, images_saved...
Epochs-485 (train) , D(x) : 0.2614, D(G(x)) : 0.418
Elapsed Time: 0.1718 min
model_saved, images_saved...
Epochs-486 (train) , D(x) : 0.2756, D(G(x)) : 0.4007
Elapsed Time: 0.1731 min
model_saved, images_saved...
Epochs-487 (train) , D(x) : 0.2702, D(G(x)) : 0.4116
Elapsed Time: 0.1714 min
model_saved, images_saved...
Epochs-488 (train) , D(x) : 0.2728, D(G(x)) : 0.3952
Elapsed Time: 0.1715 min
model_saved, images_saved...
Epochs-489 (train) , D(x) : 0.2641, D(G(x)) : 0.4168
Elapsed Time: 0.172 min
model_saved, images_saved...
Epochs-490 (train) , D(x) : 0.242, D(G(x)) : 0.4162
Elapsed Time: 0.1702 min
model_saved, images_saved...
Epochs-491 (train) , D(x) : 0.2587, D(G(x)) : 0.4016
Elapsed Time: 0.1688 min
model_saved, images_saved...
Epochs-492 (train) , D(x) : 0.2447, D(G(x)) : 0.4508
Elapsed Time: 0.1678 min
model_saved, images_saved...
Epochs-493 (train) , D(x) : 0.26, D(G(x)) : 0.4249
Elapsed Time: 0.17 min
model_saved, images_saved...
Epochs-494 (train) , D(x) : 0.2419, D(G(x)) : 0.4193
Elapsed Time: 0.1679 min
model_saved, images_saved...
Epochs-495 (train) , D(x) : 0.2356, D(G(x)) : 0.4444
Elapsed Time: 0.1683 min
model_saved, images_saved...
Epochs-496 (train) , D(x) : 0.2604, D(G(x)) : 0.4067
Elapsed Time: 0.1696 min
model_saved, images_saved...
Epochs-497 (train) , D(x) : 0.2592, D(G(x)) : 0.4233
Elapsed Time: 0.1708 min
model_saved, images_saved...
Epochs-498 (train) , D(x) : 0.2568, D(G(x)) : 0.4142
Elapsed Time: 0.1679 min
model_saved, images_saved...
Epochs-499 (train) , D(x) : 0.2665, D(G(x)) : 0.3998
Elapsed Time: 0.169 min
model_saved, images_saved...
