****************hyper-parameters****************
epochs = 500
batch_size = 32
soft_labels = False
adv_weight = 0
d_thresh = 0.8
z_dim = 200
z_dis = uni
model_images_save_step = 1
data = chair/
device = cuda:0
g_lr = 0.0025
d_lr = 1e-05
cube_len = 32
leak_value = 0.2
bias = False
****************hyper-parameters****************
../outputs_uni/dcgan
../volumetric_data/chair/30/train/
data_size = 10668
Epochs-0 (train) , D(x) : 0.7793, D(G(x)) : 0.07952
Elapsed Time: 0.2433 min
model_saved, images_saved...
Epochs-1 (train) , D(x) : 0.5195, D(G(x)) : 0.2621
Elapsed Time: 0.2279 min
model_saved, images_saved...
Epochs-2 (train) , D(x) : 0.5139, D(G(x)) : 0.2336
Elapsed Time: 0.2272 min
model_saved, images_saved...
Epochs-3 (train) , D(x) : 0.5072, D(G(x)) : 0.2421
Elapsed Time: 0.2274 min
model_saved, images_saved...
Epochs-4 (train) , D(x) : 0.5034, D(G(x)) : 0.2481
Elapsed Time: 0.2274 min
model_saved, images_saved...
Epochs-5 (train) , D(x) : 0.5018, D(G(x)) : 0.2504
Elapsed Time: 0.227 min
model_saved, images_saved...
Epochs-6 (train) , D(x) : 0.5014, D(G(x)) : 0.2503
Elapsed Time: 0.2271 min
model_saved, images_saved...
Epochs-7 (train) , D(x) : 0.5012, D(G(x)) : 0.2507
Elapsed Time: 0.2272 min
model_saved, images_saved...
Epochs-8 (train) , D(x) : 0.5009, D(G(x)) : 0.2503
Elapsed Time: 0.227 min
model_saved, images_saved...
Epochs-9 (train) , D(x) : 0.5008, D(G(x)) : 0.2512
Elapsed Time: 0.2274 min
model_saved, images_saved...
Epochs-10 (train) , D(x) : 0.5008, D(G(x)) : 0.2498
Elapsed Time: 0.2271 min
model_saved, images_saved...
Epochs-11 (train) , D(x) : 0.5006, D(G(x)) : 0.2503
Elapsed Time: 0.227 min
model_saved, images_saved...
Epochs-12 (train) , D(x) : 0.5005, D(G(x)) : 0.2507
Elapsed Time: 0.2266 min
model_saved, images_saved...
Epochs-13 (train) , D(x) : 0.5004, D(G(x)) : 0.2508
Elapsed Time: 0.2268 min
model_saved, images_saved...
Epochs-14 (train) , D(x) : 0.5007, D(G(x)) : 0.2502
Elapsed Time: 0.2263 min
model_saved, images_saved...
Epochs-15 (train) , D(x) : 0.5001, D(G(x)) : 0.2513
Elapsed Time: 0.2262 min
model_saved, images_saved...
Epochs-16 (train) , D(x) : 0.5004, D(G(x)) : 0.2513
Elapsed Time: 0.2263 min
model_saved, images_saved...
Epochs-17 (train) , D(x) : 0.5005, D(G(x)) : 0.2507
Elapsed Time: 0.2265 min
model_saved, images_saved...
Epochs-18 (train) , D(x) : 0.5, D(G(x)) : 0.2511
Elapsed Time: 0.2263 min
model_saved, images_saved...
Epochs-19 (train) , D(x) : 0.4989, D(G(x)) : 0.2529
Elapsed Time: 0.2263 min
model_saved, images_saved...
Epochs-20 (train) , D(x) : 0.5001, D(G(x)) : 0.2515
Elapsed Time: 0.2268 min
model_saved, images_saved...
Epochs-21 (train) , D(x) : 0.4996, D(G(x)) : 0.2528
Elapsed Time: 0.226 min
model_saved, images_saved...
Epochs-22 (train) , D(x) : 0.4989, D(G(x)) : 0.2533
Elapsed Time: 0.2265 min
model_saved, images_saved...
Epochs-23 (train) , D(x) : 0.4968, D(G(x)) : 0.2555
Elapsed Time: 0.2255 min
model_saved, images_saved...
Epochs-24 (train) , D(x) : 0.4946, D(G(x)) : 0.2581
Elapsed Time: 0.2252 min
model_saved, images_saved...
Epochs-25 (train) , D(x) : 0.488, D(G(x)) : 0.2698
Elapsed Time: 0.2245 min
model_saved, images_saved...
Epochs-26 (train) , D(x) : 0.4727, D(G(x)) : 0.2917
Elapsed Time: 0.2173 min
model_saved, images_saved...
Epochs-27 (train) , D(x) : 0.4588, D(G(x)) : 0.302
Elapsed Time: 0.2115 min
model_saved, images_saved...
Epochs-28 (train) , D(x) : 0.4469, D(G(x)) : 0.317
Elapsed Time: 0.2094 min
model_saved, images_saved...
Epochs-29 (train) , D(x) : 0.4399, D(G(x)) : 0.3232
Elapsed Time: 0.2063 min
model_saved, images_saved...
Epochs-30 (train) , D(x) : 0.4248, D(G(x)) : 0.3339
Elapsed Time: 0.2014 min
model_saved, images_saved...
Epochs-31 (train) , D(x) : 0.4068, D(G(x)) : 0.3434
Elapsed Time: 0.1915 min
model_saved, images_saved...
Epochs-32 (train) , D(x) : 0.3902, D(G(x)) : 0.3592
Elapsed Time: 0.1873 min
model_saved, images_saved...
Epochs-33 (train) , D(x) : 0.4028, D(G(x)) : 0.3417
Elapsed Time: 0.1919 min
model_saved, images_saved...
Epochs-34 (train) , D(x) : 0.4062, D(G(x)) : 0.3516
Elapsed Time: 0.1968 min
model_saved, images_saved...
Epochs-35 (train) , D(x) : 0.4122, D(G(x)) : 0.3343
Elapsed Time: 0.1961 min
model_saved, images_saved...
Epochs-36 (train) , D(x) : 0.4036, D(G(x)) : 0.3537
Elapsed Time: 0.1965 min
model_saved, images_saved...
Epochs-37 (train) , D(x) : 0.3906, D(G(x)) : 0.3532
Elapsed Time: 0.1898 min
model_saved, images_saved...
Epochs-38 (train) , D(x) : 0.4001, D(G(x)) : 0.3465
Elapsed Time: 0.1917 min
model_saved, images_saved...
Epochs-39 (train) , D(x) : 0.3831, D(G(x)) : 0.3586
Elapsed Time: 0.1887 min
model_saved, images_saved...
Epochs-40 (train) , D(x) : 0.3839, D(G(x)) : 0.3546
Elapsed Time: 0.1844 min
model_saved, images_saved...
Epochs-41 (train) , D(x) : 0.3905, D(G(x)) : 0.3493
Elapsed Time: 0.1883 min
model_saved, images_saved...
Epochs-42 (train) , D(x) : 0.3882, D(G(x)) : 0.3517
Elapsed Time: 0.1881 min
model_saved, images_saved...
Epochs-43 (train) , D(x) : 0.3856, D(G(x)) : 0.3486
Elapsed Time: 0.1853 min
model_saved, images_saved...
Epochs-44 (train) , D(x) : 0.3806, D(G(x)) : 0.3543
Elapsed Time: 0.1849 min
model_saved, images_saved...
Epochs-45 (train) , D(x) : 0.3841, D(G(x)) : 0.3591
Elapsed Time: 0.186 min
model_saved, images_saved...
Epochs-46 (train) , D(x) : 0.3706, D(G(x)) : 0.3675
Elapsed Time: 0.1796 min
model_saved, images_saved...
Epochs-47 (train) , D(x) : 0.3745, D(G(x)) : 0.3482
Elapsed Time: 0.1816 min
model_saved, images_saved...
Epochs-48 (train) , D(x) : 0.3828, D(G(x)) : 0.3541
Elapsed Time: 0.188 min
model_saved, images_saved...
Epochs-49 (train) , D(x) : 0.3753, D(G(x)) : 0.3492
Elapsed Time: 0.1797 min
model_saved, images_saved...
Epochs-50 (train) , D(x) : 0.3686, D(G(x)) : 0.3672
Elapsed Time: 0.179 min
model_saved, images_saved...
Epochs-51 (train) , D(x) : 0.3622, D(G(x)) : 0.3666
Elapsed Time: 0.1789 min
model_saved, images_saved...
Epochs-52 (train) , D(x) : 0.3715, D(G(x)) : 0.3516
Elapsed Time: 0.1762 min
model_saved, images_saved...
Epochs-53 (train) , D(x) : 0.3683, D(G(x)) : 0.3655
Elapsed Time: 0.1813 min
model_saved, images_saved...
Epochs-54 (train) , D(x) : 0.3569, D(G(x)) : 0.3627
Elapsed Time: 0.1713 min
model_saved, images_saved...
Epochs-55 (train) , D(x) : 0.3497, D(G(x)) : 0.377
Elapsed Time: 0.1731 min
model_saved, images_saved...
Epochs-56 (train) , D(x) : 0.3635, D(G(x)) : 0.3611
Elapsed Time: 0.1786 min
model_saved, images_saved...
Epochs-57 (train) , D(x) : 0.343, D(G(x)) : 0.3483
Elapsed Time: 0.1658 min
model_saved, images_saved...
Epochs-58 (train) , D(x) : 0.3398, D(G(x)) : 0.3861
Elapsed Time: 0.1742 min
model_saved, images_saved...
Epochs-59 (train) , D(x) : 0.332, D(G(x)) : 0.3704
Elapsed Time: 0.165 min
model_saved, images_saved...
Epochs-60 (train) , D(x) : 0.3431, D(G(x)) : 0.3649
Elapsed Time: 0.1664 min
model_saved, images_saved...
Epochs-61 (train) , D(x) : 0.3494, D(G(x)) : 0.3585
Elapsed Time: 0.1657 min
model_saved, images_saved...
Epochs-62 (train) , D(x) : 0.3438, D(G(x)) : 0.3593
Elapsed Time: 0.1697 min
model_saved, images_saved...
Epochs-63 (train) , D(x) : 0.342, D(G(x)) : 0.3774
Elapsed Time: 0.171 min
model_saved, images_saved...
Epochs-64 (train) , D(x) : 0.3386, D(G(x)) : 0.3662
Elapsed Time: 0.1707 min
model_saved, images_saved...
Epochs-65 (train) , D(x) : 0.345, D(G(x)) : 0.3745
Elapsed Time: 0.1729 min
model_saved, images_saved...
Epochs-66 (train) , D(x) : 0.3557, D(G(x)) : 0.3679
Elapsed Time: 0.1748 min
model_saved, images_saved...
Epochs-67 (train) , D(x) : 0.3408, D(G(x)) : 0.3688
Elapsed Time: 0.17 min
model_saved, images_saved...
Epochs-68 (train) , D(x) : 0.356, D(G(x)) : 0.355
Elapsed Time: 0.1719 min
model_saved, images_saved...
Epochs-69 (train) , D(x) : 0.3519, D(G(x)) : 0.3753
Elapsed Time: 0.1727 min
model_saved, images_saved...
Epochs-70 (train) , D(x) : 0.3463, D(G(x)) : 0.3724
Elapsed Time: 0.1727 min
model_saved, images_saved...
Epochs-71 (train) , D(x) : 0.3493, D(G(x)) : 0.3683
Elapsed Time: 0.1747 min
model_saved, images_saved...
Epochs-72 (train) , D(x) : 0.3386, D(G(x)) : 0.3769
Elapsed Time: 0.1722 min
model_saved, images_saved...
Epochs-73 (train) , D(x) : 0.3175, D(G(x)) : 0.3897
Elapsed Time: 0.1665 min
model_saved, images_saved...
Epochs-74 (train) , D(x) : 0.3443, D(G(x)) : 0.3617
Elapsed Time: 0.1682 min
model_saved, images_saved...
Epochs-75 (train) , D(x) : 0.3309, D(G(x)) : 0.3831
Elapsed Time: 0.1693 min
model_saved, images_saved...
Epochs-76 (train) , D(x) : 0.329, D(G(x)) : 0.3833
Elapsed Time: 0.1696 min
model_saved, images_saved...
Epochs-77 (train) , D(x) : 0.3449, D(G(x)) : 0.3541
Elapsed Time: 0.1668 min
model_saved, images_saved...
Epochs-78 (train) , D(x) : 0.3313, D(G(x)) : 0.3595
Elapsed Time: 0.1645 min
model_saved, images_saved...
Epochs-79 (train) , D(x) : 0.3298, D(G(x)) : 0.362
Elapsed Time: 0.1606 min
model_saved, images_saved...
Epochs-80 (train) , D(x) : 0.3298, D(G(x)) : 0.3601
Elapsed Time: 0.1603 min
model_saved, images_saved...
Epochs-81 (train) , D(x) : 0.3359, D(G(x)) : 0.3703
Elapsed Time: 0.1675 min
model_saved, images_saved...
Epochs-82 (train) , D(x) : 0.3436, D(G(x)) : 0.3727
Elapsed Time: 0.1701 min
model_saved, images_saved...
Epochs-83 (train) , D(x) : 0.3302, D(G(x)) : 0.3671
Elapsed Time: 0.1643 min
model_saved, images_saved...
Epochs-84 (train) , D(x) : 0.3529, D(G(x)) : 0.3442
Elapsed Time: 0.1667 min
model_saved, images_saved...
Epochs-85 (train) , D(x) : 0.3565, D(G(x)) : 0.3601
Elapsed Time: 0.1726 min
model_saved, images_saved...
Epochs-86 (train) , D(x) : 0.3465, D(G(x)) : 0.3631
Elapsed Time: 0.1718 min
model_saved, images_saved...
Epochs-87 (train) , D(x) : 0.3425, D(G(x)) : 0.353
Elapsed Time: 0.1681 min
model_saved, images_saved...
Epochs-88 (train) , D(x) : 0.3527, D(G(x)) : 0.3685
Elapsed Time: 0.1746 min
model_saved, images_saved...
Epochs-89 (train) , D(x) : 0.3378, D(G(x)) : 0.3463
Elapsed Time: 0.164 min
model_saved, images_saved...
Epochs-90 (train) , D(x) : 0.3395, D(G(x)) : 0.3719
Elapsed Time: 0.1709 min
model_saved, images_saved...
Epochs-91 (train) , D(x) : 0.343, D(G(x)) : 0.3663
Elapsed Time: 0.1709 min
model_saved, images_saved...
Epochs-92 (train) , D(x) : 0.3374, D(G(x)) : 0.3685
Elapsed Time: 0.1689 min
model_saved, images_saved...
Epochs-93 (train) , D(x) : 0.3284, D(G(x)) : 0.3637
Elapsed Time: 0.1644 min
model_saved, images_saved...
Epochs-94 (train) , D(x) : 0.3392, D(G(x)) : 0.376
Elapsed Time: 0.1695 min
model_saved, images_saved...
Epochs-95 (train) , D(x) : 0.3257, D(G(x)) : 0.3702
Elapsed Time: 0.1678 min
model_saved, images_saved...
Epochs-96 (train) , D(x) : 0.3268, D(G(x)) : 0.3729
Elapsed Time: 0.1672 min
model_saved, images_saved...
Epochs-97 (train) , D(x) : 0.3186, D(G(x)) : 0.3894
Elapsed Time: 0.1665 min
model_saved, images_saved...
Epochs-98 (train) , D(x) : 0.3292, D(G(x)) : 0.3774
Elapsed Time: 0.1658 min
model_saved, images_saved...
Epochs-99 (train) , D(x) : 0.314, D(G(x)) : 0.3642
Elapsed Time: 0.1624 min
model_saved, images_saved...
Epochs-100 (train) , D(x) : 0.3264, D(G(x)) : 0.365
Elapsed Time: 0.1642 min
model_saved, images_saved...
Epochs-101 (train) , D(x) : 0.3218, D(G(x)) : 0.3815
Elapsed Time: 0.1665 min
model_saved, images_saved...
Epochs-102 (train) , D(x) : 0.3159, D(G(x)) : 0.3709
Elapsed Time: 0.1654 min
model_saved, images_saved...
Epochs-103 (train) , D(x) : 0.318, D(G(x)) : 0.3909
Elapsed Time: 0.1649 min
model_saved, images_saved...
Epochs-104 (train) , D(x) : 0.3083, D(G(x)) : 0.3827
Elapsed Time: 0.1616 min
model_saved, images_saved...
Epochs-105 (train) , D(x) : 0.29, D(G(x)) : 0.3989
Elapsed Time: 0.1629 min
model_saved, images_saved...
Epochs-106 (train) , D(x) : 0.2977, D(G(x)) : 0.3993
Elapsed Time: 0.1615 min
model_saved, images_saved...
Epochs-107 (train) , D(x) : 0.3097, D(G(x)) : 0.4009
Elapsed Time: 0.1672 min
model_saved, images_saved...
Epochs-108 (train) , D(x) : 0.314, D(G(x)) : 0.3934
Elapsed Time: 0.1679 min
model_saved, images_saved...
Epochs-109 (train) , D(x) : 0.3286, D(G(x)) : 0.3897
Elapsed Time: 0.1664 min
model_saved, images_saved...
Epochs-110 (train) , D(x) : 0.3395, D(G(x)) : 0.3653
Elapsed Time: 0.1685 min
model_saved, images_saved...
Epochs-111 (train) , D(x) : 0.3256, D(G(x)) : 0.3847
Elapsed Time: 0.1691 min
model_saved, images_saved...
Epochs-112 (train) , D(x) : 0.3309, D(G(x)) : 0.3754
Elapsed Time: 0.1663 min
model_saved, images_saved...
Epochs-113 (train) , D(x) : 0.3222, D(G(x)) : 0.3762
Elapsed Time: 0.1663 min
model_saved, images_saved...
Epochs-114 (train) , D(x) : 0.3109, D(G(x)) : 0.3712
Elapsed Time: 0.1615 min
model_saved, images_saved...
Epochs-115 (train) , D(x) : 0.2969, D(G(x)) : 0.4016
Elapsed Time: 0.1625 min
model_saved, images_saved...
Epochs-116 (train) , D(x) : 0.3101, D(G(x)) : 0.3916
Elapsed Time: 0.1666 min
model_saved, images_saved...
Epochs-117 (train) , D(x) : 0.314, D(G(x)) : 0.3816
Elapsed Time: 0.1655 min
model_saved, images_saved...
Epochs-118 (train) , D(x) : 0.3087, D(G(x)) : 0.3766
Elapsed Time: 0.1644 min
model_saved, images_saved...
Epochs-119 (train) , D(x) : 0.3099, D(G(x)) : 0.3904
Elapsed Time: 0.167 min
model_saved, images_saved...
Epochs-120 (train) , D(x) : 0.3134, D(G(x)) : 0.3749
Elapsed Time: 0.1644 min
model_saved, images_saved...
Epochs-121 (train) , D(x) : 0.3074, D(G(x)) : 0.3919
Elapsed Time: 0.1653 min
model_saved, images_saved...
Epochs-122 (train) , D(x) : 0.3178, D(G(x)) : 0.3849
Elapsed Time: 0.1667 min
model_saved, images_saved...
Epochs-123 (train) , D(x) : 0.3326, D(G(x)) : 0.3709
Elapsed Time: 0.168 min
model_saved, images_saved...
Epochs-124 (train) , D(x) : 0.3197, D(G(x)) : 0.3897
Elapsed Time: 0.1646 min
model_saved, images_saved...
Epochs-125 (train) , D(x) : 0.3135, D(G(x)) : 0.3752
Elapsed Time: 0.163 min
model_saved, images_saved...
Epochs-126 (train) , D(x) : 0.3204, D(G(x)) : 0.3814
Elapsed Time: 0.1649 min
model_saved, images_saved...
Epochs-127 (train) , D(x) : 0.3238, D(G(x)) : 0.3836
Elapsed Time: 0.1656 min
model_saved, images_saved...
Epochs-128 (train) , D(x) : 0.3353, D(G(x)) : 0.3695
Elapsed Time: 0.166 min
model_saved, images_saved...
Epochs-129 (train) , D(x) : 0.3251, D(G(x)) : 0.3849
Elapsed Time: 0.1653 min
model_saved, images_saved...
Epochs-130 (train) , D(x) : 0.3156, D(G(x)) : 0.3759
Elapsed Time: 0.1656 min
model_saved, images_saved...
Epochs-131 (train) , D(x) : 0.3078, D(G(x)) : 0.3867
Elapsed Time: 0.1623 min
model_saved, images_saved...
Epochs-132 (train) , D(x) : 0.3324, D(G(x)) : 0.3692
Elapsed Time: 0.1663 min
model_saved, images_saved...
Epochs-133 (train) , D(x) : 0.3333, D(G(x)) : 0.3599
Elapsed Time: 0.1667 min
model_saved, images_saved...
Epochs-134 (train) , D(x) : 0.3333, D(G(x)) : 0.3572
Elapsed Time: 0.1653 min
model_saved, images_saved...
Epochs-135 (train) , D(x) : 0.3283, D(G(x)) : 0.382
Elapsed Time: 0.1667 min
model_saved, images_saved...
Epochs-136 (train) , D(x) : 0.3151, D(G(x)) : 0.3945
Elapsed Time: 0.1673 min
model_saved, images_saved...
Epochs-137 (train) , D(x) : 0.302, D(G(x)) : 0.3937
Elapsed Time: 0.166 min
model_saved, images_saved...
Epochs-138 (train) , D(x) : 0.3121, D(G(x)) : 0.3989
Elapsed Time: 0.1643 min
model_saved, images_saved...
Epochs-139 (train) , D(x) : 0.3118, D(G(x)) : 0.395
Elapsed Time: 0.1638 min
model_saved, images_saved...
Epochs-140 (train) , D(x) : 0.3084, D(G(x)) : 0.394
Elapsed Time: 0.1656 min
model_saved, images_saved...
Epochs-141 (train) , D(x) : 0.2945, D(G(x)) : 0.3944
Elapsed Time: 0.1617 min
model_saved, images_saved...
Epochs-142 (train) , D(x) : 0.2928, D(G(x)) : 0.3961
Elapsed Time: 0.1621 min
model_saved, images_saved...
Epochs-143 (train) , D(x) : 0.3016, D(G(x)) : 0.3864
Elapsed Time: 0.163 min
model_saved, images_saved...
Epochs-144 (train) , D(x) : 0.3092, D(G(x)) : 0.3861
Elapsed Time: 0.1637 min
model_saved, images_saved...
Epochs-145 (train) , D(x) : 0.3101, D(G(x)) : 0.3913
Elapsed Time: 0.1666 min
model_saved, images_saved...
Epochs-146 (train) , D(x) : 0.3052, D(G(x)) : 0.398
Elapsed Time: 0.1663 min
model_saved, images_saved...
Epochs-147 (train) , D(x) : 0.3166, D(G(x)) : 0.3868
Elapsed Time: 0.1662 min
model_saved, images_saved...
Epochs-148 (train) , D(x) : 0.3055, D(G(x)) : 0.3803
Elapsed Time: 0.1621 min
model_saved, images_saved...
Epochs-149 (train) , D(x) : 0.3067, D(G(x)) : 0.3747
Elapsed Time: 0.1624 min
model_saved, images_saved...
Epochs-150 (train) , D(x) : 0.3126, D(G(x)) : 0.3879
Elapsed Time: 0.1654 min
model_saved, images_saved...
Epochs-151 (train) , D(x) : 0.318, D(G(x)) : 0.3802
Elapsed Time: 0.1632 min
model_saved, images_saved...
Epochs-152 (train) , D(x) : 0.2997, D(G(x)) : 0.4025
Elapsed Time: 0.1628 min
model_saved, images_saved...
Epochs-153 (train) , D(x) : 0.3168, D(G(x)) : 0.3779
Elapsed Time: 0.1636 min
model_saved, images_saved...
Epochs-154 (train) , D(x) : 0.3091, D(G(x)) : 0.383
Elapsed Time: 0.1647 min
model_saved, images_saved...
Epochs-155 (train) , D(x) : 0.3098, D(G(x)) : 0.3891
Elapsed Time: 0.1652 min
model_saved, images_saved...
Epochs-156 (train) , D(x) : 0.2992, D(G(x)) : 0.3787
Elapsed Time: 0.1627 min
model_saved, images_saved...
Epochs-157 (train) , D(x) : 0.2974, D(G(x)) : 0.391
Elapsed Time: 0.1618 min
model_saved, images_saved...
Epochs-158 (train) , D(x) : 0.3079, D(G(x)) : 0.3879
Elapsed Time: 0.1624 min
model_saved, images_saved...
Epochs-159 (train) , D(x) : 0.3072, D(G(x)) : 0.382
Elapsed Time: 0.1626 min
model_saved, images_saved...
Epochs-160 (train) , D(x) : 0.3024, D(G(x)) : 0.3929
Elapsed Time: 0.1623 min
model_saved, images_saved...
Epochs-161 (train) , D(x) : 0.3041, D(G(x)) : 0.3875
Elapsed Time: 0.163 min
model_saved, images_saved...
Epochs-162 (train) , D(x) : 0.3272, D(G(x)) : 0.3883
Elapsed Time: 0.1655 min
model_saved, images_saved...
Epochs-163 (train) , D(x) : 0.3181, D(G(x)) : 0.3826
Elapsed Time: 0.1657 min
model_saved, images_saved...
Epochs-164 (train) , D(x) : 0.3175, D(G(x)) : 0.3677
Elapsed Time: 0.1625 min
model_saved, images_saved...
Epochs-165 (train) , D(x) : 0.3206, D(G(x)) : 0.3758
Elapsed Time: 0.1638 min
model_saved, images_saved...
Epochs-166 (train) , D(x) : 0.3139, D(G(x)) : 0.3748
Elapsed Time: 0.1621 min
model_saved, images_saved...
Epochs-167 (train) , D(x) : 0.3349, D(G(x)) : 0.3654
Elapsed Time: 0.1638 min
model_saved, images_saved...
Epochs-168 (train) , D(x) : 0.3098, D(G(x)) : 0.3723
Elapsed Time: 0.1629 min
model_saved, images_saved...
Epochs-169 (train) , D(x) : 0.2931, D(G(x)) : 0.3969
Elapsed Time: 0.1628 min
model_saved, images_saved...
Epochs-170 (train) , D(x) : 0.2908, D(G(x)) : 0.3922
Elapsed Time: 0.1607 min
model_saved, images_saved...
Epochs-171 (train) , D(x) : 0.2864, D(G(x)) : 0.4099
Elapsed Time: 0.1615 min
model_saved, images_saved...
Epochs-172 (train) , D(x) : 0.3029, D(G(x)) : 0.3892
Elapsed Time: 0.1635 min
model_saved, images_saved...
Epochs-173 (train) , D(x) : 0.308, D(G(x)) : 0.386
Elapsed Time: 0.1646 min
model_saved, images_saved...
Epochs-174 (train) , D(x) : 0.3085, D(G(x)) : 0.4033
Elapsed Time: 0.1648 min
model_saved, images_saved...
Epochs-175 (train) , D(x) : 0.2877, D(G(x)) : 0.3994
Elapsed Time: 0.1624 min
model_saved, images_saved...
Epochs-176 (train) , D(x) : 0.2816, D(G(x)) : 0.3968
Elapsed Time: 0.1609 min
model_saved, images_saved...
Epochs-177 (train) , D(x) : 0.3042, D(G(x)) : 0.3993
Elapsed Time: 0.1623 min
model_saved, images_saved...
Epochs-178 (train) , D(x) : 0.3085, D(G(x)) : 0.3756
Elapsed Time: 0.1617 min
model_saved, images_saved...
Epochs-179 (train) , D(x) : 0.3, D(G(x)) : 0.3905
Elapsed Time: 0.1619 min
model_saved, images_saved...
Epochs-180 (train) , D(x) : 0.2926, D(G(x)) : 0.3838
Elapsed Time: 0.1615 min
model_saved, images_saved...
Epochs-181 (train) , D(x) : 0.3074, D(G(x)) : 0.3771
Elapsed Time: 0.1613 min
model_saved, images_saved...
Epochs-182 (train) , D(x) : 0.3159, D(G(x)) : 0.3744
Elapsed Time: 0.1607 min
model_saved, images_saved...
Epochs-183 (train) , D(x) : 0.3123, D(G(x)) : 0.3821
Elapsed Time: 0.1619 min
model_saved, images_saved...
Epochs-184 (train) , D(x) : 0.3035, D(G(x)) : 0.3791
Elapsed Time: 0.1625 min
model_saved, images_saved...
Epochs-185 (train) , D(x) : 0.3013, D(G(x)) : 0.4016
Elapsed Time: 0.1647 min
model_saved, images_saved...
Epochs-186 (train) , D(x) : 0.2835, D(G(x)) : 0.4062
Elapsed Time: 0.1616 min
model_saved, images_saved...
Epochs-187 (train) , D(x) : 0.2867, D(G(x)) : 0.3899
Elapsed Time: 0.1614 min
model_saved, images_saved...
Epochs-188 (train) , D(x) : 0.2859, D(G(x)) : 0.3945
Elapsed Time: 0.1604 min
model_saved, images_saved...
Epochs-189 (train) , D(x) : 0.2925, D(G(x)) : 0.4082
Elapsed Time: 0.1637 min
model_saved, images_saved...
Epochs-190 (train) , D(x) : 0.2833, D(G(x)) : 0.4053
Elapsed Time: 0.1605 min
model_saved, images_saved...
Epochs-191 (train) , D(x) : 0.274, D(G(x)) : 0.3965
Elapsed Time: 0.1597 min
model_saved, images_saved...
Epochs-192 (train) , D(x) : 0.2749, D(G(x)) : 0.3896
Elapsed Time: 0.1597 min
model_saved, images_saved...
Epochs-193 (train) , D(x) : 0.2859, D(G(x)) : 0.377
Elapsed Time: 0.1602 min
model_saved, images_saved...
Epochs-194 (train) , D(x) : 0.277, D(G(x)) : 0.4
Elapsed Time: 0.1597 min
model_saved, images_saved...
Epochs-195 (train) , D(x) : 0.2872, D(G(x)) : 0.3878
Elapsed Time: 0.1591 min
model_saved, images_saved...
Epochs-196 (train) , D(x) : 0.2895, D(G(x)) : 0.3808
Elapsed Time: 0.1602 min
model_saved, images_saved...
Epochs-197 (train) , D(x) : 0.2823, D(G(x)) : 0.379
Elapsed Time: 0.1606 min
model_saved, images_saved...
Epochs-198 (train) , D(x) : 0.2899, D(G(x)) : 0.3808
Elapsed Time: 0.1614 min
model_saved, images_saved...
Epochs-199 (train) , D(x) : 0.2955, D(G(x)) : 0.3782
Elapsed Time: 0.16 min
model_saved, images_saved...
Epochs-200 (train) , D(x) : 0.2924, D(G(x)) : 0.3832
Elapsed Time: 0.1592 min
model_saved, images_saved...
Epochs-201 (train) , D(x) : 0.2798, D(G(x)) : 0.3795
Elapsed Time: 0.1595 min
model_saved, images_saved...
Epochs-202 (train) , D(x) : 0.2845, D(G(x)) : 0.3822
Elapsed Time: 0.1582 min
model_saved, images_saved...
Epochs-203 (train) , D(x) : 0.2548, D(G(x)) : 0.3943
Elapsed Time: 0.1576 min
model_saved, images_saved...
Epochs-204 (train) , D(x) : 0.2451, D(G(x)) : 0.4266
Elapsed Time: 0.1581 min
model_saved, images_saved...
Epochs-205 (train) , D(x) : 0.2472, D(G(x)) : 0.4215
Elapsed Time: 0.1577 min
model_saved, images_saved...
Epochs-206 (train) , D(x) : 0.2515, D(G(x)) : 0.409
Elapsed Time: 0.158 min
model_saved, images_saved...
Epochs-207 (train) , D(x) : 0.2488, D(G(x)) : 0.3972
Elapsed Time: 0.1569 min
model_saved, images_saved...
Epochs-208 (train) , D(x) : 0.2527, D(G(x)) : 0.3962
Elapsed Time: 0.1576 min
model_saved, images_saved...
Epochs-209 (train) , D(x) : 0.2613, D(G(x)) : 0.4194
Elapsed Time: 0.1615 min
model_saved, images_saved...
Epochs-210 (train) , D(x) : 0.274, D(G(x)) : 0.4319
Elapsed Time: 0.1608 min
model_saved, images_saved...
Epochs-211 (train) , D(x) : 0.2742, D(G(x)) : 0.4007
Elapsed Time: 0.1602 min
model_saved, images_saved...
Epochs-212 (train) , D(x) : 0.2855, D(G(x)) : 0.3963
Elapsed Time: 0.162 min
model_saved, images_saved...
Epochs-213 (train) , D(x) : 0.2865, D(G(x)) : 0.3959
Elapsed Time: 0.1597 min
model_saved, images_saved...
Epochs-214 (train) , D(x) : 0.2708, D(G(x)) : 0.4171
Elapsed Time: 0.1597 min
model_saved, images_saved...
Epochs-215 (train) , D(x) : 0.2654, D(G(x)) : 0.4153
Elapsed Time: 0.1602 min
model_saved, images_saved...
Epochs-216 (train) , D(x) : 0.2825, D(G(x)) : 0.4143
Elapsed Time: 0.162 min
model_saved, images_saved...
Epochs-217 (train) , D(x) : 0.2851, D(G(x)) : 0.4094
Elapsed Time: 0.161 min
model_saved, images_saved...
Epochs-218 (train) , D(x) : 0.2918, D(G(x)) : 0.3949
Elapsed Time: 0.1611 min
model_saved, images_saved...
Epochs-219 (train) , D(x) : 0.2817, D(G(x)) : 0.4097
Elapsed Time: 0.1616 min
model_saved, images_saved...
Epochs-220 (train) , D(x) : 0.2896, D(G(x)) : 0.4119
Elapsed Time: 0.161 min
model_saved, images_saved...
Epochs-221 (train) , D(x) : 0.3009, D(G(x)) : 0.3929
Elapsed Time: 0.1614 min
model_saved, images_saved...
Epochs-222 (train) , D(x) : 0.2957, D(G(x)) : 0.3833
Elapsed Time: 0.161 min
model_saved, images_saved...
Epochs-223 (train) , D(x) : 0.2941, D(G(x)) : 0.3859
Elapsed Time: 0.161 min
model_saved, images_saved...
Epochs-224 (train) , D(x) : 0.3025, D(G(x)) : 0.393
Elapsed Time: 0.1621 min
model_saved, images_saved...
Epochs-225 (train) , D(x) : 0.3067, D(G(x)) : 0.3935
Elapsed Time: 0.1613 min
model_saved, images_saved...
Epochs-226 (train) , D(x) : 0.3063, D(G(x)) : 0.3828
Elapsed Time: 0.163 min
model_saved, images_saved...
Epochs-227 (train) , D(x) : 0.3041, D(G(x)) : 0.3818
Elapsed Time: 0.164 min
model_saved, images_saved...
Epochs-228 (train) , D(x) : 0.31, D(G(x)) : 0.3777
Elapsed Time: 0.1627 min
model_saved, images_saved...
Epochs-229 (train) , D(x) : 0.2977, D(G(x)) : 0.4016
Elapsed Time: 0.1635 min
model_saved, images_saved...
Epochs-230 (train) , D(x) : 0.2983, D(G(x)) : 0.3946
Elapsed Time: 0.164 min
model_saved, images_saved...
Epochs-231 (train) , D(x) : 0.2934, D(G(x)) : 0.3809
Elapsed Time: 0.1625 min
model_saved, images_saved...
Epochs-232 (train) , D(x) : 0.2937, D(G(x)) : 0.3886
Elapsed Time: 0.1622 min
model_saved, images_saved...
Epochs-233 (train) , D(x) : 0.2924, D(G(x)) : 0.4032
Elapsed Time: 0.1649 min
model_saved, images_saved...
Epochs-234 (train) , D(x) : 0.3155, D(G(x)) : 0.3829
Elapsed Time: 0.1644 min
model_saved, images_saved...
Epochs-235 (train) , D(x) : 0.3157, D(G(x)) : 0.3756
Elapsed Time: 0.1633 min
model_saved, images_saved...
Epochs-236 (train) , D(x) : 0.3121, D(G(x)) : 0.3791
Elapsed Time: 0.1614 min
model_saved, images_saved...
Epochs-237 (train) , D(x) : 0.2939, D(G(x)) : 0.4003
Elapsed Time: 0.162 min
model_saved, images_saved...
Epochs-238 (train) , D(x) : 0.2949, D(G(x)) : 0.4007
Elapsed Time: 0.165 min
model_saved, images_saved...
Epochs-239 (train) , D(x) : 0.3079, D(G(x)) : 0.3949
Elapsed Time: 0.1642 min
model_saved, images_saved...
Epochs-240 (train) , D(x) : 0.3101, D(G(x)) : 0.386
Elapsed Time: 0.1653 min
model_saved, images_saved...
Epochs-241 (train) , D(x) : 0.3101, D(G(x)) : 0.385
Elapsed Time: 0.1637 min
model_saved, images_saved...
Epochs-242 (train) , D(x) : 0.3112, D(G(x)) : 0.3806
Elapsed Time: 0.1632 min
model_saved, images_saved...
Epochs-243 (train) , D(x) : 0.3036, D(G(x)) : 0.3866
Elapsed Time: 0.1643 min
model_saved, images_saved...
Epochs-244 (train) , D(x) : 0.2974, D(G(x)) : 0.3922
Elapsed Time: 0.1636 min
model_saved, images_saved...
Epochs-245 (train) , D(x) : 0.2986, D(G(x)) : 0.3832
Elapsed Time: 0.164 min
model_saved, images_saved...
Epochs-246 (train) , D(x) : 0.2921, D(G(x)) : 0.3835
Elapsed Time: 0.1642 min
model_saved, images_saved...
Epochs-247 (train) , D(x) : 0.2853, D(G(x)) : 0.4005
Elapsed Time: 0.1598 min
model_saved, images_saved...
Epochs-248 (train) , D(x) : 0.28, D(G(x)) : 0.3842
Elapsed Time: 0.1613 min
model_saved, images_saved...
Epochs-249 (train) , D(x) : 0.2904, D(G(x)) : 0.4047
Elapsed Time: 0.1632 min
model_saved, images_saved...
Epochs-250 (train) , D(x) : 0.3043, D(G(x)) : 0.3953
Elapsed Time: 0.1646 min
model_saved, images_saved...
Epochs-251 (train) , D(x) : 0.292, D(G(x)) : 0.4024
Elapsed Time: 0.1611 min
model_saved, images_saved...
Epochs-252 (train) , D(x) : 0.289, D(G(x)) : 0.4052
Elapsed Time: 0.1629 min
model_saved, images_saved...
Epochs-253 (train) , D(x) : 0.3074, D(G(x)) : 0.396
Elapsed Time: 0.1652 min
model_saved, images_saved...
Epochs-254 (train) , D(x) : 0.2964, D(G(x)) : 0.4044
Elapsed Time: 0.1649 min
model_saved, images_saved...
Epochs-255 (train) , D(x) : 0.3049, D(G(x)) : 0.3817
Elapsed Time: 0.1623 min
model_saved, images_saved...
Epochs-256 (train) , D(x) : 0.3109, D(G(x)) : 0.371
Elapsed Time: 0.1612 min
model_saved, images_saved...
Epochs-257 (train) , D(x) : 0.3111, D(G(x)) : 0.3604
Elapsed Time: 0.161 min
model_saved, images_saved...
Epochs-258 (train) , D(x) : 0.2958, D(G(x)) : 0.3737
Elapsed Time: 0.1602 min
model_saved, images_saved...
Epochs-259 (train) , D(x) : 0.294, D(G(x)) : 0.3778
Elapsed Time: 0.1607 min
model_saved, images_saved...
Epochs-260 (train) , D(x) : 0.3064, D(G(x)) : 0.374
Elapsed Time: 0.1622 min
model_saved, images_saved...
Epochs-261 (train) , D(x) : 0.3099, D(G(x)) : 0.3789
Elapsed Time: 0.1631 min
model_saved, images_saved...
Epochs-262 (train) , D(x) : 0.3021, D(G(x)) : 0.3751
Elapsed Time: 0.162 min
model_saved, images_saved...
Epochs-263 (train) , D(x) : 0.305, D(G(x)) : 0.3816
Elapsed Time: 0.1621 min
model_saved, images_saved...
Epochs-264 (train) , D(x) : 0.2983, D(G(x)) : 0.3962
Elapsed Time: 0.162 min
model_saved, images_saved...
Epochs-265 (train) , D(x) : 0.3037, D(G(x)) : 0.3756
Elapsed Time: 0.1629 min
model_saved, images_saved...
Epochs-266 (train) , D(x) : 0.2837, D(G(x)) : 0.3927
Elapsed Time: 0.1627 min
model_saved, images_saved...
Epochs-267 (train) , D(x) : 0.2932, D(G(x)) : 0.4008
Elapsed Time: 0.1636 min
model_saved, images_saved...
Epochs-268 (train) , D(x) : 0.304, D(G(x)) : 0.3898
Elapsed Time: 0.1632 min
model_saved, images_saved...
Epochs-269 (train) , D(x) : 0.3004, D(G(x)) : 0.3942
Elapsed Time: 0.1621 min
model_saved, images_saved...
Epochs-270 (train) , D(x) : 0.2905, D(G(x)) : 0.4032
Elapsed Time: 0.1647 min
model_saved, images_saved...
Epochs-271 (train) , D(x) : 0.2843, D(G(x)) : 0.4212
Elapsed Time: 0.1614 min
model_saved, images_saved...
Epochs-272 (train) , D(x) : 0.2889, D(G(x)) : 0.3955
Elapsed Time: 0.1604 min
model_saved, images_saved...
Epochs-273 (train) , D(x) : 0.2778, D(G(x)) : 0.4206
Elapsed Time: 0.1619 min
model_saved, images_saved...
Epochs-274 (train) , D(x) : 0.2874, D(G(x)) : 0.4109
Elapsed Time: 0.1621 min
model_saved, images_saved...
Epochs-275 (train) , D(x) : 0.2885, D(G(x)) : 0.415
Elapsed Time: 0.1628 min
model_saved, images_saved...
Epochs-276 (train) , D(x) : 0.2985, D(G(x)) : 0.4009
Elapsed Time: 0.1618 min
model_saved, images_saved...
Epochs-277 (train) , D(x) : 0.2925, D(G(x)) : 0.3929
Elapsed Time: 0.1622 min
model_saved, images_saved...
Epochs-278 (train) , D(x) : 0.3077, D(G(x)) : 0.386
Elapsed Time: 0.1625 min
model_saved, images_saved...
Epochs-279 (train) , D(x) : 0.303, D(G(x)) : 0.391
Elapsed Time: 0.1622 min
model_saved, images_saved...
Epochs-280 (train) , D(x) : 0.2922, D(G(x)) : 0.3974
Elapsed Time: 0.16 min
model_saved, images_saved...
Epochs-281 (train) , D(x) : 0.2904, D(G(x)) : 0.4046
Elapsed Time: 0.1602 min
model_saved, images_saved...
Epochs-282 (train) , D(x) : 0.2898, D(G(x)) : 0.4002
Elapsed Time: 0.1592 min
model_saved, images_saved...
Epochs-283 (train) , D(x) : 0.2847, D(G(x)) : 0.4001
Elapsed Time: 0.1614 min
model_saved, images_saved...
Epochs-284 (train) , D(x) : 0.2871, D(G(x)) : 0.4178
Elapsed Time: 0.1603 min
model_saved, images_saved...
Epochs-285 (train) , D(x) : 0.2792, D(G(x)) : 0.4059
Elapsed Time: 0.1599 min
model_saved, images_saved...
Epochs-286 (train) , D(x) : 0.27, D(G(x)) : 0.4359
Elapsed Time: 0.1621 min
model_saved, images_saved...
Epochs-287 (train) , D(x) : 0.2894, D(G(x)) : 0.4061
Elapsed Time: 0.1626 min
model_saved, images_saved...
Epochs-288 (train) , D(x) : 0.2946, D(G(x)) : 0.4038
Elapsed Time: 0.1627 min
model_saved, images_saved...
Epochs-289 (train) , D(x) : 0.302, D(G(x)) : 0.3763
Elapsed Time: 0.1618 min
model_saved, images_saved...
Epochs-290 (train) , D(x) : 0.3176, D(G(x)) : 0.3783
Elapsed Time: 0.1649 min
model_saved, images_saved...
Epochs-291 (train) , D(x) : 0.3165, D(G(x)) : 0.3746
Elapsed Time: 0.161 min
model_saved, images_saved...
Epochs-292 (train) , D(x) : 0.2945, D(G(x)) : 0.3936
Elapsed Time: 0.1615 min
model_saved, images_saved...
Epochs-293 (train) , D(x) : 0.2923, D(G(x)) : 0.3976
Elapsed Time: 0.1628 min
model_saved, images_saved...
Epochs-294 (train) , D(x) : 0.2964, D(G(x)) : 0.3918
Elapsed Time: 0.1613 min
model_saved, images_saved...
Epochs-295 (train) , D(x) : 0.2913, D(G(x)) : 0.3971
Elapsed Time: 0.1611 min
model_saved, images_saved...
Epochs-296 (train) , D(x) : 0.2825, D(G(x)) : 0.3991
Elapsed Time: 0.1611 min
model_saved, images_saved...
Epochs-297 (train) , D(x) : 0.2903, D(G(x)) : 0.3935
Elapsed Time: 0.1618 min
model_saved, images_saved...
Epochs-298 (train) , D(x) : 0.3024, D(G(x)) : 0.3909
Elapsed Time: 0.1635 min
model_saved, images_saved...
Epochs-299 (train) , D(x) : 0.2856, D(G(x)) : 0.4004
Elapsed Time: 0.1625 min
model_saved, images_saved...
Epochs-300 (train) , D(x) : 0.2976, D(G(x)) : 0.3965
Elapsed Time: 0.1632 min
model_saved, images_saved...
Epochs-301 (train) , D(x) : 0.2797, D(G(x)) : 0.3973
Elapsed Time: 0.1603 min
model_saved, images_saved...
Epochs-302 (train) , D(x) : 0.2729, D(G(x)) : 0.4138
Elapsed Time: 0.1595 min
model_saved, images_saved...
Epochs-303 (train) , D(x) : 0.2661, D(G(x)) : 0.4083
Elapsed Time: 0.16 min
model_saved, images_saved...
Epochs-304 (train) , D(x) : 0.283, D(G(x)) : 0.3937
Elapsed Time: 0.1594 min
model_saved, images_saved...
Epochs-305 (train) , D(x) : 0.2792, D(G(x)) : 0.4143
Elapsed Time: 0.1626 min
model_saved, images_saved...
Epochs-306 (train) , D(x) : 0.2902, D(G(x)) : 0.4023
Elapsed Time: 0.1606 min
model_saved, images_saved...
Epochs-307 (train) , D(x) : 0.2889, D(G(x)) : 0.4089
Elapsed Time: 0.1611 min
model_saved, images_saved...
Epochs-308 (train) , D(x) : 0.2904, D(G(x)) : 0.3976
Elapsed Time: 0.1611 min
model_saved, images_saved...
Epochs-309 (train) , D(x) : 0.2885, D(G(x)) : 0.3913
Elapsed Time: 0.16 min
model_saved, images_saved...
Epochs-310 (train) , D(x) : 0.2863, D(G(x)) : 0.3987
Elapsed Time: 0.1622 min
model_saved, images_saved...
Epochs-311 (train) , D(x) : 0.2835, D(G(x)) : 0.4188
Elapsed Time: 0.1612 min
model_saved, images_saved...
Epochs-312 (train) , D(x) : 0.2662, D(G(x)) : 0.4055
Elapsed Time: 0.1599 min
model_saved, images_saved...
Epochs-313 (train) , D(x) : 0.2885, D(G(x)) : 0.3767
Elapsed Time: 0.1591 min
model_saved, images_saved...
Epochs-314 (train) , D(x) : 0.2669, D(G(x)) : 0.4176
Elapsed Time: 0.1592 min
model_saved, images_saved...
Epochs-315 (train) , D(x) : 0.2699, D(G(x)) : 0.4281
Elapsed Time: 0.1615 min
model_saved, images_saved...
Epochs-316 (train) , D(x) : 0.2719, D(G(x)) : 0.4076
Elapsed Time: 0.1592 min
model_saved, images_saved...
Epochs-317 (train) , D(x) : 0.2771, D(G(x)) : 0.4233
Elapsed Time: 0.1601 min
model_saved, images_saved...
Epochs-318 (train) , D(x) : 0.2723, D(G(x)) : 0.429
Elapsed Time: 0.1605 min
model_saved, images_saved...
Epochs-319 (train) , D(x) : 0.2791, D(G(x)) : 0.4063
Elapsed Time: 0.1614 min
model_saved, images_saved...
Epochs-320 (train) , D(x) : 0.2797, D(G(x)) : 0.4051
Elapsed Time: 0.1608 min
model_saved, images_saved...
Epochs-321 (train) , D(x) : 0.2794, D(G(x)) : 0.4096
Elapsed Time: 0.1614 min
model_saved, images_saved...
Epochs-322 (train) , D(x) : 0.2907, D(G(x)) : 0.3809
Elapsed Time: 0.1602 min
model_saved, images_saved...
Epochs-323 (train) , D(x) : 0.2931, D(G(x)) : 0.3795
Elapsed Time: 0.1599 min
model_saved, images_saved...
Epochs-324 (train) , D(x) : 0.2783, D(G(x)) : 0.3958
Elapsed Time: 0.1604 min
model_saved, images_saved...
Epochs-325 (train) , D(x) : 0.279, D(G(x)) : 0.3994
Elapsed Time: 0.1604 min
model_saved, images_saved...
Epochs-326 (train) , D(x) : 0.2749, D(G(x)) : 0.4057
Elapsed Time: 0.1601 min
model_saved, images_saved...
Epochs-327 (train) , D(x) : 0.2711, D(G(x)) : 0.3915
Elapsed Time: 0.1603 min
model_saved, images_saved...
Epochs-328 (train) , D(x) : 0.2737, D(G(x)) : 0.4184
Elapsed Time: 0.1607 min
model_saved, images_saved...
Epochs-329 (train) , D(x) : 0.2866, D(G(x)) : 0.4063
Elapsed Time: 0.162 min
model_saved, images_saved...
Epochs-330 (train) , D(x) : 0.2837, D(G(x)) : 0.3983
Elapsed Time: 0.1607 min
model_saved, images_saved...
Epochs-331 (train) , D(x) : 0.2841, D(G(x)) : 0.4047
Elapsed Time: 0.1598 min
model_saved, images_saved...
Epochs-332 (train) , D(x) : 0.2753, D(G(x)) : 0.4164
Elapsed Time: 0.1616 min
model_saved, images_saved...
Epochs-333 (train) , D(x) : 0.2873, D(G(x)) : 0.4022
Elapsed Time: 0.1618 min
model_saved, images_saved...
Epochs-334 (train) , D(x) : 0.2742, D(G(x)) : 0.4125
Elapsed Time: 0.1615 min
model_saved, images_saved...
Epochs-335 (train) , D(x) : 0.2761, D(G(x)) : 0.4227
Elapsed Time: 0.1602 min
model_saved, images_saved...
Epochs-336 (train) , D(x) : 0.2911, D(G(x)) : 0.3925
Elapsed Time: 0.1605 min
model_saved, images_saved...
Epochs-337 (train) , D(x) : 0.2846, D(G(x)) : 0.4021
Elapsed Time: 0.1614 min
model_saved, images_saved...
Epochs-338 (train) , D(x) : 0.2669, D(G(x)) : 0.41
Elapsed Time: 0.16 min
model_saved, images_saved...
Epochs-339 (train) , D(x) : 0.2698, D(G(x)) : 0.4034
Elapsed Time: 0.1589 min
model_saved, images_saved...
Epochs-340 (train) , D(x) : 0.2614, D(G(x)) : 0.4219
Elapsed Time: 0.1583 min
model_saved, images_saved...
Epochs-341 (train) , D(x) : 0.2731, D(G(x)) : 0.3779
Elapsed Time: 0.1583 min
model_saved, images_saved...
Epochs-342 (train) , D(x) : 0.2775, D(G(x)) : 0.3774
Elapsed Time: 0.1574 min
model_saved, images_saved...
Epochs-343 (train) , D(x) : 0.2535, D(G(x)) : 0.3784
Elapsed Time: 0.158 min
model_saved, images_saved...
Epochs-344 (train) , D(x) : 0.2529, D(G(x)) : 0.4279
Elapsed Time: 0.1573 min
model_saved, images_saved...
Epochs-345 (train) , D(x) : 0.2476, D(G(x)) : 0.3987
Elapsed Time: 0.1571 min
model_saved, images_saved...
Epochs-346 (train) , D(x) : 0.2596, D(G(x)) : 0.4039
Elapsed Time: 0.1575 min
model_saved, images_saved...
Epochs-347 (train) , D(x) : 0.2443, D(G(x)) : 0.4035
Elapsed Time: 0.1575 min
model_saved, images_saved...
Epochs-348 (train) , D(x) : 0.246, D(G(x)) : 0.4097
Elapsed Time: 0.1577 min
model_saved, images_saved...
Epochs-349 (train) , D(x) : 0.2401, D(G(x)) : 0.4363
Elapsed Time: 0.1574 min
model_saved, images_saved...
Epochs-350 (train) , D(x) : 0.2442, D(G(x)) : 0.4352
Elapsed Time: 0.1595 min
model_saved, images_saved...
Epochs-351 (train) , D(x) : 0.2478, D(G(x)) : 0.447
Elapsed Time: 0.1602 min
model_saved, images_saved...
Epochs-352 (train) , D(x) : 0.2514, D(G(x)) : 0.4256
Elapsed Time: 0.1595 min
model_saved, images_saved...
Epochs-353 (train) , D(x) : 0.2597, D(G(x)) : 0.4007
Elapsed Time: 0.1589 min
model_saved, images_saved...
Epochs-354 (train) , D(x) : 0.2709, D(G(x)) : 0.3976
Elapsed Time: 0.1598 min
model_saved, images_saved...
Epochs-355 (train) , D(x) : 0.2508, D(G(x)) : 0.4202
Elapsed Time: 0.1582 min
model_saved, images_saved...
Epochs-356 (train) , D(x) : 0.27, D(G(x)) : 0.4101
Elapsed Time: 0.1593 min
model_saved, images_saved...
Epochs-357 (train) , D(x) : 0.2825, D(G(x)) : 0.3968
Elapsed Time: 0.1595 min
model_saved, images_saved...
Epochs-358 (train) , D(x) : 0.2702, D(G(x)) : 0.4086
Elapsed Time: 0.1596 min
model_saved, images_saved...
Epochs-359 (train) , D(x) : 0.2683, D(G(x)) : 0.4024
Elapsed Time: 0.1584 min
model_saved, images_saved...
Epochs-360 (train) , D(x) : 0.276, D(G(x)) : 0.3991
Elapsed Time: 0.1599 min
model_saved, images_saved...
Epochs-361 (train) , D(x) : 0.2802, D(G(x)) : 0.398
Elapsed Time: 0.1611 min
model_saved, images_saved...
Epochs-362 (train) , D(x) : 0.2643, D(G(x)) : 0.4229
Elapsed Time: 0.1597 min
model_saved, images_saved...
Epochs-363 (train) , D(x) : 0.2719, D(G(x)) : 0.4036
Elapsed Time: 0.1589 min
model_saved, images_saved...
Epochs-364 (train) , D(x) : 0.2651, D(G(x)) : 0.4032
Elapsed Time: 0.1594 min
model_saved, images_saved...
Epochs-365 (train) , D(x) : 0.2543, D(G(x)) : 0.4128
Elapsed Time: 0.16 min
model_saved, images_saved...
Epochs-366 (train) , D(x) : 0.2573, D(G(x)) : 0.4203
Elapsed Time: 0.1582 min
model_saved, images_saved...
Epochs-367 (train) , D(x) : 0.2706, D(G(x)) : 0.4061
Elapsed Time: 0.1587 min
model_saved, images_saved...
Epochs-368 (train) , D(x) : 0.2399, D(G(x)) : 0.4479
Elapsed Time: 0.158 min
model_saved, images_saved...
Epochs-369 (train) , D(x) : 0.2627, D(G(x)) : 0.4041
Elapsed Time: 0.1587 min
model_saved, images_saved...
Epochs-370 (train) , D(x) : 0.2836, D(G(x)) : 0.3956
Elapsed Time: 0.1592 min
model_saved, images_saved...
Epochs-371 (train) , D(x) : 0.2944, D(G(x)) : 0.4074
Elapsed Time: 0.1602 min
model_saved, images_saved...
Epochs-372 (train) , D(x) : 0.2845, D(G(x)) : 0.402
Elapsed Time: 0.1607 min
model_saved, images_saved...
Epochs-373 (train) , D(x) : 0.2883, D(G(x)) : 0.3831
Elapsed Time: 0.1595 min
model_saved, images_saved...
Epochs-374 (train) , D(x) : 0.2854, D(G(x)) : 0.3995
Elapsed Time: 0.1594 min
model_saved, images_saved...
Epochs-375 (train) , D(x) : 0.2721, D(G(x)) : 0.4064
Elapsed Time: 0.1589 min
model_saved, images_saved...
Epochs-376 (train) , D(x) : 0.2712, D(G(x)) : 0.4172
Elapsed Time: 0.1601 min
model_saved, images_saved...
Epochs-377 (train) , D(x) : 0.2858, D(G(x)) : 0.4019
Elapsed Time: 0.161 min
model_saved, images_saved...
Epochs-378 (train) , D(x) : 0.2912, D(G(x)) : 0.3931
Elapsed Time: 0.1602 min
model_saved, images_saved...
Epochs-379 (train) , D(x) : 0.2852, D(G(x)) : 0.4077
Elapsed Time: 0.1608 min
model_saved, images_saved...
Epochs-380 (train) , D(x) : 0.28, D(G(x)) : 0.4114
Elapsed Time: 0.1596 min
model_saved, images_saved...
Epochs-381 (train) , D(x) : 0.2764, D(G(x)) : 0.3989
Elapsed Time: 0.1582 min
model_saved, images_saved...
Epochs-382 (train) , D(x) : 0.2734, D(G(x)) : 0.3933
Elapsed Time: 0.1586 min
model_saved, images_saved...
Epochs-383 (train) , D(x) : 0.2772, D(G(x)) : 0.3855
Elapsed Time: 0.1583 min
model_saved, images_saved...
Epochs-384 (train) , D(x) : 0.2729, D(G(x)) : 0.3827
Elapsed Time: 0.1576 min
model_saved, images_saved...
Epochs-385 (train) , D(x) : 0.2758, D(G(x)) : 0.3926
Elapsed Time: 0.1579 min
model_saved, images_saved...
Epochs-386 (train) , D(x) : 0.2618, D(G(x)) : 0.4052
Elapsed Time: 0.1569 min
model_saved, images_saved...
Epochs-387 (train) , D(x) : 0.2606, D(G(x)) : 0.4223
Elapsed Time: 0.1602 min
model_saved, images_saved...
Epochs-388 (train) , D(x) : 0.2675, D(G(x)) : 0.4183
Elapsed Time: 0.1586 min
model_saved, images_saved...
Epochs-389 (train) , D(x) : 0.2806, D(G(x)) : 0.3819
Elapsed Time: 0.1586 min
model_saved, images_saved...
Epochs-390 (train) , D(x) : 0.2886, D(G(x)) : 0.386
Elapsed Time: 0.1589 min
model_saved, images_saved...
Epochs-391 (train) , D(x) : 0.2651, D(G(x)) : 0.4091
Elapsed Time: 0.1583 min
model_saved, images_saved...
Epochs-392 (train) , D(x) : 0.26, D(G(x)) : 0.434
Elapsed Time: 0.1592 min
model_saved, images_saved...
Epochs-393 (train) , D(x) : 0.2744, D(G(x)) : 0.3955
Elapsed Time: 0.1589 min
model_saved, images_saved...
Epochs-394 (train) , D(x) : 0.2813, D(G(x)) : 0.397
Elapsed Time: 0.162 min
model_saved, images_saved...
Epochs-395 (train) , D(x) : 0.2699, D(G(x)) : 0.415
Elapsed Time: 0.1595 min
model_saved, images_saved...
Epochs-396 (train) , D(x) : 0.283, D(G(x)) : 0.4044
Elapsed Time: 0.1598 min
model_saved, images_saved...
Epochs-397 (train) , D(x) : 0.271, D(G(x)) : 0.4039
Elapsed Time: 0.1596 min
model_saved, images_saved...
Epochs-398 (train) , D(x) : 0.2859, D(G(x)) : 0.3906
Elapsed Time: 0.1604 min
model_saved, images_saved...
Epochs-399 (train) , D(x) : 0.281, D(G(x)) : 0.4033
Elapsed Time: 0.1607 min
model_saved, images_saved...
Epochs-400 (train) , D(x) : 0.2823, D(G(x)) : 0.394
Elapsed Time: 0.1586 min
model_saved, images_saved...
Epochs-401 (train) , D(x) : 0.269, D(G(x)) : 0.4104
Elapsed Time: 0.1579 min
model_saved, images_saved...
Epochs-402 (train) , D(x) : 0.2594, D(G(x)) : 0.4147
Elapsed Time: 0.158 min
model_saved, images_saved...
Epochs-403 (train) , D(x) : 0.2696, D(G(x)) : 0.4101
Elapsed Time: 0.1581 min
model_saved, images_saved...
Epochs-404 (train) , D(x) : 0.2868, D(G(x)) : 0.408
Elapsed Time: 0.1604 min
model_saved, images_saved...
Epochs-405 (train) , D(x) : 0.2807, D(G(x)) : 0.426
Elapsed Time: 0.1608 min
model_saved, images_saved...
Epochs-406 (train) , D(x) : 0.2802, D(G(x)) : 0.3994
Elapsed Time: 0.1591 min
model_saved, images_saved...
Epochs-407 (train) , D(x) : 0.2745, D(G(x)) : 0.405
Elapsed Time: 0.1581 min
model_saved, images_saved...
Epochs-408 (train) , D(x) : 0.2667, D(G(x)) : 0.4293
Elapsed Time: 0.1593 min
model_saved, images_saved...
Epochs-409 (train) , D(x) : 0.2716, D(G(x)) : 0.4193
Elapsed Time: 0.1589 min
model_saved, images_saved...
Epochs-410 (train) , D(x) : 0.28, D(G(x)) : 0.419
Elapsed Time: 0.1605 min
model_saved, images_saved...
Epochs-411 (train) , D(x) : 0.2624, D(G(x)) : 0.4233
Elapsed Time: 0.1593 min
model_saved, images_saved...
Epochs-412 (train) , D(x) : 0.2823, D(G(x)) : 0.4165
Elapsed Time: 0.1606 min
model_saved, images_saved...
Epochs-413 (train) , D(x) : 0.2697, D(G(x)) : 0.4261
Elapsed Time: 0.1597 min
model_saved, images_saved...
Epochs-414 (train) , D(x) : 0.2701, D(G(x)) : 0.4086
Elapsed Time: 0.1591 min
model_saved, images_saved...
Epochs-415 (train) , D(x) : 0.2627, D(G(x)) : 0.434
Elapsed Time: 0.1606 min
model_saved, images_saved...
Epochs-416 (train) , D(x) : 0.2647, D(G(x)) : 0.4063
Elapsed Time: 0.1586 min
model_saved, images_saved...
Epochs-417 (train) , D(x) : 0.2553, D(G(x)) : 0.4334
Elapsed Time: 0.1583 min
model_saved, images_saved...
Epochs-418 (train) , D(x) : 0.2731, D(G(x)) : 0.4204
Elapsed Time: 0.1605 min
model_saved, images_saved...
Epochs-419 (train) , D(x) : 0.2524, D(G(x)) : 0.4216
Elapsed Time: 0.1574 min
model_saved, images_saved...
Epochs-420 (train) , D(x) : 0.2733, D(G(x)) : 0.4061
Elapsed Time: 0.1605 min
model_saved, images_saved...
Epochs-421 (train) , D(x) : 0.2871, D(G(x)) : 0.4029
Elapsed Time: 0.1604 min
model_saved, images_saved...
Epochs-422 (train) , D(x) : 0.2782, D(G(x)) : 0.3983
Elapsed Time: 0.1598 min
model_saved, images_saved...
Epochs-423 (train) , D(x) : 0.2999, D(G(x)) : 0.391
Elapsed Time: 0.16 min
model_saved, images_saved...
Epochs-424 (train) , D(x) : 0.2694, D(G(x)) : 0.4168
Elapsed Time: 0.1591 min
model_saved, images_saved...
Epochs-425 (train) , D(x) : 0.278, D(G(x)) : 0.4091
Elapsed Time: 0.1599 min
model_saved, images_saved...
Epochs-426 (train) , D(x) : 0.2657, D(G(x)) : 0.4221
Elapsed Time: 0.1594 min
model_saved, images_saved...
Epochs-427 (train) , D(x) : 0.2899, D(G(x)) : 0.4112
Elapsed Time: 0.1595 min
model_saved, images_saved...
Epochs-428 (train) , D(x) : 0.2813, D(G(x)) : 0.3944
Elapsed Time: 0.1586 min
model_saved, images_saved...
Epochs-429 (train) , D(x) : 0.2762, D(G(x)) : 0.4081
Elapsed Time: 0.1598 min
model_saved, images_saved...
Epochs-430 (train) , D(x) : 0.272, D(G(x)) : 0.3965
Elapsed Time: 0.1579 min
model_saved, images_saved...
Epochs-431 (train) , D(x) : 0.2686, D(G(x)) : 0.4224
Elapsed Time: 0.1614 min
model_saved, images_saved...
Epochs-432 (train) , D(x) : 0.2755, D(G(x)) : 0.4174
Elapsed Time: 0.1597 min
model_saved, images_saved...
Epochs-433 (train) , D(x) : 0.2734, D(G(x)) : 0.4194
Elapsed Time: 0.1595 min
model_saved, images_saved...
Epochs-434 (train) , D(x) : 0.2503, D(G(x)) : 0.4312
Elapsed Time: 0.158 min
model_saved, images_saved...
Epochs-435 (train) , D(x) : 0.2541, D(G(x)) : 0.4289
Elapsed Time: 0.1577 min
model_saved, images_saved...
Epochs-436 (train) , D(x) : 0.2513, D(G(x)) : 0.4365
Elapsed Time: 0.1584 min
model_saved, images_saved...
Epochs-437 (train) , D(x) : 0.2533, D(G(x)) : 0.4235
Elapsed Time: 0.1567 min
model_saved, images_saved...
Epochs-438 (train) , D(x) : 0.2619, D(G(x)) : 0.4073
Elapsed Time: 0.158 min
model_saved, images_saved...
Epochs-439 (train) , D(x) : 0.269, D(G(x)) : 0.3914
Elapsed Time: 0.1579 min
model_saved, images_saved...
Epochs-440 (train) , D(x) : 0.2657, D(G(x)) : 0.4036
Elapsed Time: 0.1576 min
model_saved, images_saved...
Epochs-441 (train) , D(x) : 0.2634, D(G(x)) : 0.4119
Elapsed Time: 0.1577 min
model_saved, images_saved...
Epochs-442 (train) , D(x) : 0.2616, D(G(x)) : 0.4267
Elapsed Time: 0.16 min
model_saved, images_saved...
Epochs-443 (train) , D(x) : 0.2479, D(G(x)) : 0.448
Elapsed Time: 0.1588 min
model_saved, images_saved...
Epochs-444 (train) , D(x) : 0.2369, D(G(x)) : 0.4248
Elapsed Time: 0.157 min
model_saved, images_saved...
Epochs-445 (train) , D(x) : 0.2684, D(G(x)) : 0.4316
Elapsed Time: 0.1595 min
model_saved, images_saved...
Epochs-446 (train) , D(x) : 0.2623, D(G(x)) : 0.4186
Elapsed Time: 0.1586 min
model_saved, images_saved...
Epochs-447 (train) , D(x) : 0.2439, D(G(x)) : 0.4462
Elapsed Time: 0.1581 min
model_saved, images_saved...
Epochs-448 (train) , D(x) : 0.2623, D(G(x)) : 0.4099
Elapsed Time: 0.1594 min
model_saved, images_saved...
Epochs-449 (train) , D(x) : 0.269, D(G(x)) : 0.4171
Elapsed Time: 0.1607 min
model_saved, images_saved...
Epochs-450 (train) , D(x) : 0.2786, D(G(x)) : 0.416
Elapsed Time: 0.1593 min
model_saved, images_saved...
Epochs-451 (train) , D(x) : 0.2679, D(G(x)) : 0.4365
Elapsed Time: 0.1605 min
model_saved, images_saved...
Epochs-452 (train) , D(x) : 0.2743, D(G(x)) : 0.3984
Elapsed Time: 0.1593 min
model_saved, images_saved...
Epochs-453 (train) , D(x) : 0.2602, D(G(x)) : 0.424
Elapsed Time: 0.1603 min
model_saved, images_saved...
Epochs-454 (train) , D(x) : 0.2687, D(G(x)) : 0.4162
Elapsed Time: 0.1604 min
model_saved, images_saved...
Epochs-455 (train) , D(x) : 0.2736, D(G(x)) : 0.4296
Elapsed Time: 0.1602 min
model_saved, images_saved...
Epochs-456 (train) , D(x) : 0.2793, D(G(x)) : 0.3932
Elapsed Time: 0.1589 min
model_saved, images_saved...
Epochs-457 (train) , D(x) : 0.2592, D(G(x)) : 0.4116
Elapsed Time: 0.1582 min
model_saved, images_saved...
Epochs-458 (train) , D(x) : 0.2569, D(G(x)) : 0.4111
Elapsed Time: 0.1578 min
model_saved, images_saved...
Epochs-459 (train) , D(x) : 0.2453, D(G(x)) : 0.4267
Elapsed Time: 0.1575 min
model_saved, images_saved...
Epochs-460 (train) , D(x) : 0.2632, D(G(x)) : 0.4201
Elapsed Time: 0.1576 min
model_saved, images_saved...
Epochs-461 (train) , D(x) : 0.2785, D(G(x)) : 0.4048
Elapsed Time: 0.1582 min
model_saved, images_saved...
Epochs-462 (train) , D(x) : 0.2684, D(G(x)) : 0.4076
Elapsed Time: 0.1606 min
model_saved, images_saved...
Epochs-463 (train) , D(x) : 0.2735, D(G(x)) : 0.3965
Elapsed Time: 0.1586 min
model_saved, images_saved...
Epochs-464 (train) , D(x) : 0.2863, D(G(x)) : 0.3848
Elapsed Time: 0.1606 min
model_saved, images_saved...
Epochs-465 (train) , D(x) : 0.2773, D(G(x)) : 0.4032
Elapsed Time: 0.1607 min
model_saved, images_saved...
Epochs-466 (train) , D(x) : 0.2798, D(G(x)) : 0.4063
Elapsed Time: 0.1589 min
model_saved, images_saved...
Epochs-467 (train) , D(x) : 0.2659, D(G(x)) : 0.4088
Elapsed Time: 0.1584 min
model_saved, images_saved...
Epochs-468 (train) , D(x) : 0.2754, D(G(x)) : 0.4046
Elapsed Time: 0.1601 min
model_saved, images_saved...
Epochs-469 (train) , D(x) : 0.2774, D(G(x)) : 0.4103
Elapsed Time: 0.1591 min
model_saved, images_saved...
Epochs-470 (train) , D(x) : 0.2653, D(G(x)) : 0.3966
Elapsed Time: 0.1574 min
model_saved, images_saved...
Epochs-471 (train) , D(x) : 0.264, D(G(x)) : 0.3972
Elapsed Time: 0.1571 min
model_saved, images_saved...
Epochs-472 (train) , D(x) : 0.2529, D(G(x)) : 0.4094
Elapsed Time: 0.1576 min
model_saved, images_saved...
Epochs-473 (train) , D(x) : 0.2618, D(G(x)) : 0.4221
Elapsed Time: 0.1577 min
model_saved, images_saved...
Epochs-474 (train) , D(x) : 0.2705, D(G(x)) : 0.3918
Elapsed Time: 0.1576 min
model_saved, images_saved...
Epochs-475 (train) , D(x) : 0.2625, D(G(x)) : 0.4016
Elapsed Time: 0.1583 min
model_saved, images_saved...
Epochs-476 (train) , D(x) : 0.2642, D(G(x)) : 0.3999
Elapsed Time: 0.1581 min
model_saved, images_saved...
Epochs-477 (train) , D(x) : 0.2635, D(G(x)) : 0.4112
Elapsed Time: 0.1577 min
model_saved, images_saved...
Epochs-478 (train) , D(x) : 0.2613, D(G(x)) : 0.3951
Elapsed Time: 0.158 min
model_saved, images_saved...
Epochs-479 (train) , D(x) : 0.2553, D(G(x)) : 0.4026
Elapsed Time: 0.1572 min
model_saved, images_saved...
Epochs-480 (train) , D(x) : 0.2512, D(G(x)) : 0.4045
Elapsed Time: 0.1575 min
model_saved, images_saved...
Epochs-481 (train) , D(x) : 0.2655, D(G(x)) : 0.4019
Elapsed Time: 0.1573 min
model_saved, images_saved...
Epochs-482 (train) , D(x) : 0.2581, D(G(x)) : 0.4126
Elapsed Time: 0.1605 min
model_saved, images_saved...
Epochs-483 (train) , D(x) : 0.2692, D(G(x)) : 0.4327
Elapsed Time: 0.1585 min
model_saved, images_saved...
Epochs-484 (train) , D(x) : 0.265, D(G(x)) : 0.406
Elapsed Time: 0.158 min
model_saved, images_saved...
Epochs-485 (train) , D(x) : 0.2676, D(G(x)) : 0.3934
Elapsed Time: 0.1582 min
model_saved, images_saved...
Epochs-486 (train) , D(x) : 0.266, D(G(x)) : 0.4013
Elapsed Time: 0.1587 min
model_saved, images_saved...
Epochs-487 (train) , D(x) : 0.2707, D(G(x)) : 0.3866
Elapsed Time: 0.1587 min
model_saved, images_saved...
Epochs-488 (train) , D(x) : 0.2701, D(G(x)) : 0.3881
Elapsed Time: 0.1578 min
model_saved, images_saved...
Epochs-489 (train) , D(x) : 0.2512, D(G(x)) : 0.4123
Elapsed Time: 0.158 min
model_saved, images_saved...
Epochs-490 (train) , D(x) : 0.2364, D(G(x)) : 0.408
Elapsed Time: 0.1572 min
model_saved, images_saved...
Epochs-491 (train) , D(x) : 0.2385, D(G(x)) : 0.4205
Elapsed Time: 0.1568 min
model_saved, images_saved...
Epochs-492 (train) , D(x) : 0.2398, D(G(x)) : 0.4214
Elapsed Time: 0.1569 min
model_saved, images_saved...
Epochs-493 (train) , D(x) : 0.2481, D(G(x)) : 0.4059
Elapsed Time: 0.1566 min
model_saved, images_saved...
Epochs-494 (train) , D(x) : 0.2374, D(G(x)) : 0.4056
Elapsed Time: 0.1568 min
model_saved, images_saved...
Epochs-495 (train) , D(x) : 0.239, D(G(x)) : 0.4059
Elapsed Time: 0.1567 min
model_saved, images_saved...
Epochs-496 (train) , D(x) : 0.2548, D(G(x)) : 0.413
Elapsed Time: 0.1578 min
model_saved, images_saved...
Epochs-497 (train) , D(x) : 0.2643, D(G(x)) : 0.3935
Elapsed Time: 0.158 min
model_saved, images_saved...
Epochs-498 (train) , D(x) : 0.2538, D(G(x)) : 0.4142
Elapsed Time: 0.1573 min
model_saved, images_saved...
Epochs-499 (train) , D(x) : 0.2542, D(G(x)) : 0.411
Elapsed Time: 0.1569 min
model_saved, images_saved...
