****************hyper-parameters****************
epochs = 500
batch_size = 100
soft_labels = False
adv_weight = 0
d_thresh = 0.8
z_dim = 200
z_dis = norm
model_images_save_step = 1
data = chair/
device = cuda:0
g_lr = 0.0025
d_lr = 1e-05
cube_len = 32
leak_value = 0.2
bias = False
****************hyper-parameters****************
../outputs_ada/dcgan
../volumetric_data/chair/30/train/
data_size = 10668
Epochs-0 (train) , D(x) : 0.818, D(G(x)) : 0.07289
Elapsed Time: 0.1936 min
model_saved, images_saved...
Epochs-1 (train) , D(x) : 1.007, D(G(x)) : 0.01688
Elapsed Time: 0.1762 min
model_saved, images_saved...
Epochs-2 (train) , D(x) : 1.05, D(G(x)) : 0.01029
Elapsed Time: 0.1763 min
model_saved, images_saved...
Epochs-3 (train) , D(x) : 1.068, D(G(x)) : 0.007658
Elapsed Time: 0.1764 min
model_saved, images_saved...
Epochs-4 (train) , D(x) : 1.076, D(G(x)) : 0.006255
Elapsed Time: 0.1767 min
model_saved, images_saved...
Epochs-5 (train) , D(x) : 1.08, D(G(x)) : 0.005351
Elapsed Time: 0.1759 min
model_saved, images_saved...
Epochs-6 (train) , D(x) : 1.081, D(G(x)) : 0.004718
Elapsed Time: 0.1762 min
model_saved, images_saved...
Epochs-7 (train) , D(x) : 1.081, D(G(x)) : 0.004251
Elapsed Time: 0.1766 min
model_saved, images_saved...
Epochs-8 (train) , D(x) : 1.079, D(G(x)) : 0.003899
Elapsed Time: 0.1749 min
model_saved, images_saved...
Epochs-9 (train) , D(x) : 1.077, D(G(x)) : 0.003606
Elapsed Time: 0.1771 min
model_saved, images_saved...
Epochs-10 (train) , D(x) : 1.074, D(G(x)) : 0.00338
Elapsed Time: 0.1761 min
model_saved, images_saved...
Epochs-11 (train) , D(x) : 1.072, D(G(x)) : 0.003184
Elapsed Time: 0.1761 min
model_saved, images_saved...
Epochs-12 (train) , D(x) : 1.069, D(G(x)) : 0.00302
Elapsed Time: 0.1758 min
model_saved, images_saved...
Epochs-13 (train) , D(x) : 1.065, D(G(x)) : 0.002883
Elapsed Time: 0.1764 min
model_saved, images_saved...
Epochs-14 (train) , D(x) : 1.062, D(G(x)) : 0.00276
Elapsed Time: 0.1764 min
model_saved, images_saved...
Epochs-15 (train) , D(x) : 1.059, D(G(x)) : 0.002648
Elapsed Time: 0.1766 min
model_saved, images_saved...
Epochs-16 (train) , D(x) : 1.056, D(G(x)) : 0.002556
Elapsed Time: 0.1762 min
model_saved, images_saved...
Epochs-17 (train) , D(x) : 1.053, D(G(x)) : 0.002479
Elapsed Time: 0.1757 min
model_saved, images_saved...
Epochs-18 (train) , D(x) : 1.05, D(G(x)) : 0.002404
Elapsed Time: 0.1752 min
model_saved, images_saved...
Epochs-19 (train) , D(x) : 1.047, D(G(x)) : 0.002336
Elapsed Time: 0.1754 min
model_saved, images_saved...
Epochs-20 (train) , D(x) : 1.044, D(G(x)) : 0.00228
Elapsed Time: 0.1764 min
model_saved, images_saved...
Epochs-21 (train) , D(x) : 1.041, D(G(x)) : 0.002226
Elapsed Time: 0.176 min
model_saved, images_saved...
Epochs-22 (train) , D(x) : 1.038, D(G(x)) : 0.00217
Elapsed Time: 0.176 min
model_saved, images_saved...
Epochs-23 (train) , D(x) : 1.036, D(G(x)) : 0.00213
Elapsed Time: 0.1751 min
model_saved, images_saved...
Epochs-24 (train) , D(x) : 1.033, D(G(x)) : 0.002095
Elapsed Time: 0.1754 min
model_saved, images_saved...
Epochs-25 (train) , D(x) : 1.031, D(G(x)) : 0.002058
Elapsed Time: 0.1749 min
model_saved, images_saved...
Epochs-26 (train) , D(x) : 1.028, D(G(x)) : 0.002024
Elapsed Time: 0.1753 min
model_saved, images_saved...
Epochs-27 (train) , D(x) : 1.026, D(G(x)) : 0.001996
Elapsed Time: 0.1757 min
model_saved, images_saved...
Epochs-28 (train) , D(x) : 1.024, D(G(x)) : 0.001965
Elapsed Time: 0.1758 min
model_saved, images_saved...
Epochs-29 (train) , D(x) : 1.021, D(G(x)) : 0.001945
Elapsed Time: 0.1754 min
model_saved, images_saved...
Epochs-30 (train) , D(x) : 1.019, D(G(x)) : 0.001922
Elapsed Time: 0.1751 min
model_saved, images_saved...
Epochs-31 (train) , D(x) : 1.017, D(G(x)) : 0.001904
Elapsed Time: 0.1767 min
model_saved, images_saved...
Epochs-32 (train) , D(x) : 1.015, D(G(x)) : 0.001886
Elapsed Time: 0.1752 min
model_saved, images_saved...
Epochs-33 (train) , D(x) : 1.013, D(G(x)) : 0.001872
Elapsed Time: 0.1759 min
model_saved, images_saved...
Epochs-34 (train) , D(x) : 1.011, D(G(x)) : 0.001856
Elapsed Time: 0.1767 min
model_saved, images_saved...
Epochs-35 (train) , D(x) : 1.01, D(G(x)) : 0.001844
Elapsed Time: 0.1751 min
model_saved, images_saved...
Epochs-36 (train) , D(x) : 1.008, D(G(x)) : 0.001834
Elapsed Time: 0.176 min
model_saved, images_saved...
Epochs-37 (train) , D(x) : 1.006, D(G(x)) : 0.001825
Elapsed Time: 0.1759 min
model_saved, images_saved...
Epochs-38 (train) , D(x) : 1.004, D(G(x)) : 0.001819
Elapsed Time: 0.176 min
model_saved, images_saved...
Epochs-39 (train) , D(x) : 1.003, D(G(x)) : 0.001811
Elapsed Time: 0.1762 min
model_saved, images_saved...
Epochs-40 (train) , D(x) : 1.001, D(G(x)) : 0.001807
Elapsed Time: 0.1765 min
model_saved, images_saved...
Epochs-41 (train) , D(x) : 0.9998, D(G(x)) : 0.001803
Elapsed Time: 0.1757 min
model_saved, images_saved...
Epochs-42 (train) , D(x) : 0.9983, D(G(x)) : 0.001799
Elapsed Time: 0.1766 min
model_saved, images_saved...
Epochs-43 (train) , D(x) : 0.9968, D(G(x)) : 0.001802
Elapsed Time: 0.1761 min
model_saved, images_saved...
Epochs-44 (train) , D(x) : 0.9955, D(G(x)) : 0.001801
Elapsed Time: 0.176 min
model_saved, images_saved...
Epochs-45 (train) , D(x) : 0.9942, D(G(x)) : 0.001801
Elapsed Time: 0.1757 min
model_saved, images_saved...
Epochs-46 (train) , D(x) : 0.9928, D(G(x)) : 0.001801
Elapsed Time: 0.1761 min
model_saved, images_saved...
Epochs-47 (train) , D(x) : 0.9914, D(G(x)) : 0.001804
Elapsed Time: 0.176 min
model_saved, images_saved...
Epochs-48 (train) , D(x) : 0.9902, D(G(x)) : 0.001812
Elapsed Time: 0.1758 min
model_saved, images_saved...
Epochs-49 (train) , D(x) : 0.9889, D(G(x)) : 0.001811
Elapsed Time: 0.1765 min
model_saved, images_saved...
Epochs-50 (train) , D(x) : 0.9877, D(G(x)) : 0.001824
Elapsed Time: 0.1761 min
model_saved, images_saved...
Epochs-51 (train) , D(x) : 0.9864, D(G(x)) : 0.001827
Elapsed Time: 0.1759 min
model_saved, images_saved...
Epochs-52 (train) , D(x) : 0.9853, D(G(x)) : 0.001834
Elapsed Time: 0.1763 min
model_saved, images_saved...
Epochs-53 (train) , D(x) : 0.9842, D(G(x)) : 0.001847
Elapsed Time: 0.1762 min
model_saved, images_saved...
Epochs-54 (train) , D(x) : 0.9829, D(G(x)) : 0.001859
Elapsed Time: 0.1757 min
model_saved, images_saved...
Epochs-55 (train) , D(x) : 0.9818, D(G(x)) : 0.001869
Elapsed Time: 0.1764 min
model_saved, images_saved...
Epochs-56 (train) , D(x) : 0.9807, D(G(x)) : 0.001882
Elapsed Time: 0.1747 min
model_saved, images_saved...
Epochs-57 (train) , D(x) : 0.9796, D(G(x)) : 0.001891
Elapsed Time: 0.1753 min
model_saved, images_saved...
Epochs-58 (train) , D(x) : 0.9785, D(G(x)) : 0.001904
Elapsed Time: 0.1752 min
model_saved, images_saved...
Epochs-59 (train) , D(x) : 0.9775, D(G(x)) : 0.001924
Elapsed Time: 0.1757 min
model_saved, images_saved...
Epochs-60 (train) , D(x) : 0.9765, D(G(x)) : 0.001939
Elapsed Time: 0.1758 min
model_saved, images_saved...
Epochs-61 (train) , D(x) : 0.9754, D(G(x)) : 0.001951
Elapsed Time: 0.1749 min
model_saved, images_saved...
Epochs-62 (train) , D(x) : 0.9744, D(G(x)) : 0.001973
Elapsed Time: 0.1754 min
model_saved, images_saved...
Epochs-63 (train) , D(x) : 0.9733, D(G(x)) : 0.001991
Elapsed Time: 0.1749 min
model_saved, images_saved...
Epochs-64 (train) , D(x) : 0.9723, D(G(x)) : 0.002012
Elapsed Time: 0.1765 min
model_saved, images_saved...
Epochs-65 (train) , D(x) : 0.9713, D(G(x)) : 0.002034
Elapsed Time: 0.1761 min
model_saved, images_saved...
Epochs-66 (train) , D(x) : 0.9703, D(G(x)) : 0.002055
Elapsed Time: 0.1761 min
model_saved, images_saved...
Epochs-67 (train) , D(x) : 0.9693, D(G(x)) : 0.002076
Elapsed Time: 0.1758 min
model_saved, images_saved...
Epochs-68 (train) , D(x) : 0.9683, D(G(x)) : 0.002102
Elapsed Time: 0.1752 min
model_saved, images_saved...
Epochs-69 (train) , D(x) : 0.9674, D(G(x)) : 0.002128
Elapsed Time: 0.1756 min
model_saved, images_saved...
Epochs-70 (train) , D(x) : 0.9664, D(G(x)) : 0.002151
Elapsed Time: 0.1758 min
model_saved, images_saved...
Epochs-71 (train) , D(x) : 0.9654, D(G(x)) : 0.002174
Elapsed Time: 0.1751 min
model_saved, images_saved...
Epochs-72 (train) , D(x) : 0.9645, D(G(x)) : 0.0022
Elapsed Time: 0.175 min
model_saved, images_saved...
Epochs-73 (train) , D(x) : 0.9636, D(G(x)) : 0.002234
Elapsed Time: 0.1762 min
model_saved, images_saved...
Epochs-74 (train) , D(x) : 0.9626, D(G(x)) : 0.002263
Elapsed Time: 0.1757 min
model_saved, images_saved...
Epochs-75 (train) , D(x) : 0.9617, D(G(x)) : 0.002292
Elapsed Time: 0.1766 min
model_saved, images_saved...
Epochs-76 (train) , D(x) : 0.9608, D(G(x)) : 0.002324
Elapsed Time: 0.1761 min
model_saved, images_saved...
Epochs-77 (train) , D(x) : 0.9599, D(G(x)) : 0.002351
Elapsed Time: 0.1759 min
model_saved, images_saved...
Epochs-78 (train) , D(x) : 0.959, D(G(x)) : 0.002386
Elapsed Time: 0.1759 min
model_saved, images_saved...
Epochs-79 (train) , D(x) : 0.958, D(G(x)) : 0.002416
Elapsed Time: 0.1759 min
model_saved, images_saved...
Epochs-80 (train) , D(x) : 0.9572, D(G(x)) : 0.002449
Elapsed Time: 0.1757 min
model_saved, images_saved...
Epochs-81 (train) , D(x) : 0.9563, D(G(x)) : 0.002492
Elapsed Time: 0.1755 min
model_saved, images_saved...
Epochs-82 (train) , D(x) : 0.9554, D(G(x)) : 0.002526
Elapsed Time: 0.1763 min
model_saved, images_saved...
Epochs-83 (train) , D(x) : 0.9545, D(G(x)) : 0.002568
Elapsed Time: 0.1746 min
model_saved, images_saved...
Epochs-84 (train) , D(x) : 0.9536, D(G(x)) : 0.002603
Elapsed Time: 0.1759 min
model_saved, images_saved...
Epochs-85 (train) , D(x) : 0.9527, D(G(x)) : 0.002645
Elapsed Time: 0.175 min
model_saved, images_saved...
Epochs-86 (train) , D(x) : 0.9518, D(G(x)) : 0.002684
Elapsed Time: 0.1753 min
model_saved, images_saved...
Epochs-87 (train) , D(x) : 0.951, D(G(x)) : 0.002723
Elapsed Time: 0.1759 min
model_saved, images_saved...
Epochs-88 (train) , D(x) : 0.9501, D(G(x)) : 0.002769
Elapsed Time: 0.1751 min
model_saved, images_saved...
Epochs-89 (train) , D(x) : 0.9492, D(G(x)) : 0.002809
Elapsed Time: 0.1756 min
model_saved, images_saved...
Epochs-90 (train) , D(x) : 0.9484, D(G(x)) : 0.002853
Elapsed Time: 0.1762 min
model_saved, images_saved...
Epochs-91 (train) , D(x) : 0.9475, D(G(x)) : 0.002904
Elapsed Time: 0.1763 min
model_saved, images_saved...
Epochs-92 (train) , D(x) : 0.9466, D(G(x)) : 0.002948
Elapsed Time: 0.1755 min
model_saved, images_saved...
Epochs-93 (train) , D(x) : 0.9458, D(G(x)) : 0.002992
Elapsed Time: 0.1756 min
model_saved, images_saved...
Epochs-94 (train) , D(x) : 0.945, D(G(x)) : 0.00305
Elapsed Time: 0.1762 min
model_saved, images_saved...
Epochs-95 (train) , D(x) : 0.9441, D(G(x)) : 0.003091
Elapsed Time: 0.1758 min
model_saved, images_saved...
Epochs-96 (train) , D(x) : 0.9433, D(G(x)) : 0.003138
Elapsed Time: 0.1753 min
model_saved, images_saved...
Epochs-97 (train) , D(x) : 0.9424, D(G(x)) : 0.003191
Elapsed Time: 0.1764 min
model_saved, images_saved...
Epochs-98 (train) , D(x) : 0.9416, D(G(x)) : 0.003244
Elapsed Time: 0.1752 min
model_saved, images_saved...
Epochs-99 (train) , D(x) : 0.9409, D(G(x)) : 0.003297
Elapsed Time: 0.1755 min
model_saved, images_saved...
Epochs-100 (train) , D(x) : 0.94, D(G(x)) : 0.003346
Elapsed Time: 0.1759 min
model_saved, images_saved...
Epochs-101 (train) , D(x) : 0.9393, D(G(x)) : 0.003403
Elapsed Time: 0.175 min
model_saved, images_saved...
Epochs-102 (train) , D(x) : 0.9386, D(G(x)) : 0.003451
Elapsed Time: 0.1754 min
model_saved, images_saved...
Epochs-103 (train) , D(x) : 0.9378, D(G(x)) : 0.003504
Elapsed Time: 0.1757 min
model_saved, images_saved...
Epochs-104 (train) , D(x) : 0.937, D(G(x)) : 0.003558
Elapsed Time: 0.176 min
model_saved, images_saved...
Epochs-105 (train) , D(x) : 0.9363, D(G(x)) : 0.003618
Elapsed Time: 0.1755 min
model_saved, images_saved...
Epochs-106 (train) , D(x) : 0.9356, D(G(x)) : 0.003669
Elapsed Time: 0.1758 min
model_saved, images_saved...
Epochs-107 (train) , D(x) : 0.9349, D(G(x)) : 0.003725
Elapsed Time: 0.1757 min
model_saved, images_saved...
Epochs-108 (train) , D(x) : 0.9342, D(G(x)) : 0.003784
Elapsed Time: 0.1765 min
model_saved, images_saved...
Epochs-109 (train) , D(x) : 0.9335, D(G(x)) : 0.003842
Elapsed Time: 0.1755 min
model_saved, images_saved...
Epochs-110 (train) , D(x) : 0.9328, D(G(x)) : 0.003898
Elapsed Time: 0.1763 min
model_saved, images_saved...
Epochs-111 (train) , D(x) : 0.9321, D(G(x)) : 0.003955
Elapsed Time: 0.175 min
model_saved, images_saved...
Epochs-112 (train) , D(x) : 0.9315, D(G(x)) : 0.004015
Elapsed Time: 0.1765 min
model_saved, images_saved...
Epochs-113 (train) , D(x) : 0.9309, D(G(x)) : 0.004076
Elapsed Time: 0.1749 min
model_saved, images_saved...
Epochs-114 (train) , D(x) : 0.9302, D(G(x)) : 0.004129
Elapsed Time: 0.1761 min
model_saved, images_saved...
Epochs-115 (train) , D(x) : 0.9296, D(G(x)) : 0.004185
Elapsed Time: 0.1762 min
model_saved, images_saved...
Epochs-116 (train) , D(x) : 0.9289, D(G(x)) : 0.004237
Elapsed Time: 0.1759 min
model_saved, images_saved...
Epochs-117 (train) , D(x) : 0.9283, D(G(x)) : 0.004306
Elapsed Time: 0.176 min
model_saved, images_saved...
Epochs-118 (train) , D(x) : 0.9278, D(G(x)) : 0.004366
Elapsed Time: 0.1767 min
model_saved, images_saved...
Epochs-119 (train) , D(x) : 0.9273, D(G(x)) : 0.004425
Elapsed Time: 0.1765 min
model_saved, images_saved...
Epochs-120 (train) , D(x) : 0.9268, D(G(x)) : 0.004484
Elapsed Time: 0.1764 min
model_saved, images_saved...
Epochs-121 (train) , D(x) : 0.9263, D(G(x)) : 0.004544
Elapsed Time: 0.1755 min
model_saved, images_saved...
Epochs-122 (train) , D(x) : 0.9257, D(G(x)) : 0.004597
Elapsed Time: 0.1759 min
model_saved, images_saved...
Epochs-123 (train) , D(x) : 0.9254, D(G(x)) : 0.004644
Elapsed Time: 0.1762 min
model_saved, images_saved...
Epochs-124 (train) , D(x) : 0.9249, D(G(x)) : 0.004704
Elapsed Time: 0.1764 min
model_saved, images_saved...
Epochs-125 (train) , D(x) : 0.9246, D(G(x)) : 0.004747
Elapsed Time: 0.1757 min
model_saved, images_saved...
Epochs-126 (train) , D(x) : 0.9242, D(G(x)) : 0.004799
Elapsed Time: 0.1756 min
model_saved, images_saved...
Epochs-127 (train) , D(x) : 0.9239, D(G(x)) : 0.004845
Elapsed Time: 0.1764 min
model_saved, images_saved...
Epochs-128 (train) , D(x) : 0.9237, D(G(x)) : 0.004896
Elapsed Time: 0.1751 min
model_saved, images_saved...
Epochs-129 (train) , D(x) : 0.9234, D(G(x)) : 0.004933
Elapsed Time: 0.1759 min
model_saved, images_saved...
Epochs-130 (train) , D(x) : 0.9232, D(G(x)) : 0.004987
Elapsed Time: 0.1768 min
model_saved, images_saved...
Epochs-131 (train) , D(x) : 0.9229, D(G(x)) : 0.005027
Elapsed Time: 0.1762 min
model_saved, images_saved...
Epochs-132 (train) , D(x) : 0.9227, D(G(x)) : 0.005075
Elapsed Time: 0.1756 min
model_saved, images_saved...
Epochs-133 (train) , D(x) : 0.9225, D(G(x)) : 0.005121
Elapsed Time: 0.1758 min
model_saved, images_saved...
Epochs-134 (train) , D(x) : 0.9223, D(G(x)) : 0.005162
Elapsed Time: 0.1761 min
model_saved, images_saved...
Epochs-135 (train) , D(x) : 0.9221, D(G(x)) : 0.005213
Elapsed Time: 0.175 min
model_saved, images_saved...
Epochs-136 (train) , D(x) : 0.9218, D(G(x)) : 0.005252
Elapsed Time: 0.1759 min
model_saved, images_saved...
Epochs-137 (train) , D(x) : 0.9216, D(G(x)) : 0.005309
Elapsed Time: 0.1765 min
model_saved, images_saved...
Epochs-138 (train) , D(x) : 0.9213, D(G(x)) : 0.005363
Elapsed Time: 0.1759 min
model_saved, images_saved...
Epochs-139 (train) , D(x) : 0.9211, D(G(x)) : 0.005418
Elapsed Time: 0.1758 min
model_saved, images_saved...
Epochs-140 (train) , D(x) : 0.9207, D(G(x)) : 0.005466
Elapsed Time: 0.176 min
model_saved, images_saved...
Epochs-141 (train) , D(x) : 0.9203, D(G(x)) : 0.005522
Elapsed Time: 0.1766 min
model_saved, images_saved...
Epochs-142 (train) , D(x) : 0.92, D(G(x)) : 0.005575
Elapsed Time: 0.1765 min
model_saved, images_saved...
Epochs-143 (train) , D(x) : 0.9198, D(G(x)) : 0.005643
Elapsed Time: 0.1761 min
model_saved, images_saved...
Epochs-144 (train) , D(x) : 0.9194, D(G(x)) : 0.005706
Elapsed Time: 0.175 min
model_saved, images_saved...
Epochs-145 (train) , D(x) : 0.9189, D(G(x)) : 0.005772
Elapsed Time: 0.1764 min
model_saved, images_saved...
Epochs-146 (train) , D(x) : 0.9185, D(G(x)) : 0.005852
Elapsed Time: 0.1756 min
model_saved, images_saved...
Epochs-147 (train) , D(x) : 0.9179, D(G(x)) : 0.005931
Elapsed Time: 0.1759 min
model_saved, images_saved...
Epochs-148 (train) , D(x) : 0.9173, D(G(x)) : 0.006013
Elapsed Time: 0.1759 min
model_saved, images_saved...
Epochs-149 (train) , D(x) : 0.9167, D(G(x)) : 0.006101
Elapsed Time: 0.1753 min
model_saved, images_saved...
Epochs-150 (train) , D(x) : 0.9161, D(G(x)) : 0.006191
Elapsed Time: 0.1757 min
model_saved, images_saved...
Epochs-151 (train) , D(x) : 0.9154, D(G(x)) : 0.006297
Elapsed Time: 0.1761 min
model_saved, images_saved...
Epochs-152 (train) , D(x) : 0.9147, D(G(x)) : 0.006399
Elapsed Time: 0.1761 min
model_saved, images_saved...
Epochs-153 (train) , D(x) : 0.914, D(G(x)) : 0.006497
Elapsed Time: 0.1755 min
model_saved, images_saved...
Epochs-154 (train) , D(x) : 0.9132, D(G(x)) : 0.006621
Elapsed Time: 0.1764 min
model_saved, images_saved...
Epochs-155 (train) , D(x) : 0.9124, D(G(x)) : 0.006733
Elapsed Time: 0.1759 min
model_saved, images_saved...
Epochs-156 (train) , D(x) : 0.9116, D(G(x)) : 0.006842
Elapsed Time: 0.1764 min
model_saved, images_saved...
Epochs-157 (train) , D(x) : 0.9108, D(G(x)) : 0.006967
Elapsed Time: 0.1755 min
model_saved, images_saved...
Epochs-158 (train) , D(x) : 0.9099, D(G(x)) : 0.007096
Elapsed Time: 0.1759 min
model_saved, images_saved...
Epochs-159 (train) , D(x) : 0.909, D(G(x)) : 0.007226
Elapsed Time: 0.1756 min
model_saved, images_saved...
Epochs-160 (train) , D(x) : 0.908, D(G(x)) : 0.007367
Elapsed Time: 0.1756 min
model_saved, images_saved...
Epochs-161 (train) , D(x) : 0.907, D(G(x)) : 0.007512
Elapsed Time: 0.1755 min
model_saved, images_saved...
Epochs-162 (train) , D(x) : 0.9059, D(G(x)) : 0.00766
Elapsed Time: 0.1763 min
model_saved, images_saved...
Epochs-163 (train) , D(x) : 0.9048, D(G(x)) : 0.00782
Elapsed Time: 0.1767 min
model_saved, images_saved...
Epochs-164 (train) , D(x) : 0.9037, D(G(x)) : 0.007995
Elapsed Time: 0.1761 min
model_saved, images_saved...
Epochs-165 (train) , D(x) : 0.9025, D(G(x)) : 0.008171
Elapsed Time: 0.1761 min
model_saved, images_saved...
Epochs-166 (train) , D(x) : 0.9012, D(G(x)) : 0.008358
Elapsed Time: 0.1762 min
model_saved, images_saved...
Epochs-167 (train) , D(x) : 0.8999, D(G(x)) : 0.008544
Elapsed Time: 0.1755 min
model_saved, images_saved...
Epochs-168 (train) , D(x) : 0.8987, D(G(x)) : 0.008735
Elapsed Time: 0.1763 min
model_saved, images_saved...
Epochs-169 (train) , D(x) : 0.8973, D(G(x)) : 0.008943
Elapsed Time: 0.1762 min
model_saved, images_saved...
Epochs-170 (train) , D(x) : 0.8961, D(G(x)) : 0.00913
Elapsed Time: 0.1758 min
model_saved, images_saved...
Epochs-171 (train) , D(x) : 0.8949, D(G(x)) : 0.009325
Elapsed Time: 0.1759 min
model_saved, images_saved...
Epochs-172 (train) , D(x) : 0.8939, D(G(x)) : 0.0095
Elapsed Time: 0.1762 min
model_saved, images_saved...
Epochs-173 (train) , D(x) : 0.8934, D(G(x)) : 0.009622
Elapsed Time: 0.1753 min
model_saved, images_saved...
Epochs-174 (train) , D(x) : 0.8931, D(G(x)) : 0.009739
Elapsed Time: 0.1763 min
model_saved, images_saved...
Epochs-175 (train) , D(x) : 0.8927, D(G(x)) : 0.009862
Elapsed Time: 0.1759 min
model_saved, images_saved...
Epochs-176 (train) , D(x) : 0.8922, D(G(x)) : 0.009987
Elapsed Time: 0.1761 min
model_saved, images_saved...
Epochs-177 (train) , D(x) : 0.8917, D(G(x)) : 0.0101
Elapsed Time: 0.1757 min
model_saved, images_saved...
Epochs-178 (train) , D(x) : 0.8915, D(G(x)) : 0.01022
Elapsed Time: 0.1756 min
model_saved, images_saved...
Epochs-179 (train) , D(x) : 0.8913, D(G(x)) : 0.01031
Elapsed Time: 0.1764 min
model_saved, images_saved...
Epochs-180 (train) , D(x) : 0.8912, D(G(x)) : 0.01039
Elapsed Time: 0.1763 min
model_saved, images_saved...
Epochs-181 (train) , D(x) : 0.8911, D(G(x)) : 0.01046
Elapsed Time: 0.176 min
model_saved, images_saved...
Epochs-182 (train) , D(x) : 0.8909, D(G(x)) : 0.01055
Elapsed Time: 0.1756 min
model_saved, images_saved...
Epochs-183 (train) , D(x) : 0.8906, D(G(x)) : 0.01066
Elapsed Time: 0.1757 min
model_saved, images_saved...
Epochs-184 (train) , D(x) : 0.8903, D(G(x)) : 0.01077
Elapsed Time: 0.1758 min
model_saved, images_saved...
Epochs-185 (train) , D(x) : 0.8898, D(G(x)) : 0.01089
Elapsed Time: 0.1765 min
model_saved, images_saved...
Epochs-186 (train) , D(x) : 0.8896, D(G(x)) : 0.011
Elapsed Time: 0.176 min
model_saved, images_saved...
Epochs-187 (train) , D(x) : 0.8894, D(G(x)) : 0.01107
Elapsed Time: 0.1766 min
model_saved, images_saved...
Epochs-188 (train) , D(x) : 0.8893, D(G(x)) : 0.01117
Elapsed Time: 0.1763 min
model_saved, images_saved...
Epochs-189 (train) , D(x) : 0.8889, D(G(x)) : 0.01127
Elapsed Time: 0.1755 min
model_saved, images_saved...
Epochs-190 (train) , D(x) : 0.8887, D(G(x)) : 0.01137
Elapsed Time: 0.1766 min
model_saved, images_saved...
Epochs-191 (train) , D(x) : 0.8885, D(G(x)) : 0.01146
Elapsed Time: 0.1763 min
model_saved, images_saved...
Epochs-192 (train) , D(x) : 0.8882, D(G(x)) : 0.01156
Elapsed Time: 0.1756 min
model_saved, images_saved...
Epochs-193 (train) , D(x) : 0.8878, D(G(x)) : 0.01165
Elapsed Time: 0.1762 min
model_saved, images_saved...
Epochs-194 (train) , D(x) : 0.8874, D(G(x)) : 0.01179
Elapsed Time: 0.1757 min
model_saved, images_saved...
Epochs-195 (train) , D(x) : 0.8865, D(G(x)) : 0.01194
Elapsed Time: 0.1753 min
model_saved, images_saved...
Epochs-196 (train) , D(x) : 0.8854, D(G(x)) : 0.01214
Elapsed Time: 0.1766 min
model_saved, images_saved...
Epochs-197 (train) , D(x) : 0.884, D(G(x)) : 0.01237
Elapsed Time: 0.176 min
model_saved, images_saved...
Epochs-198 (train) , D(x) : 0.8825, D(G(x)) : 0.01262
Elapsed Time: 0.1759 min
model_saved, images_saved...
Epochs-199 (train) , D(x) : 0.8812, D(G(x)) : 0.01285
Elapsed Time: 0.1764 min
model_saved, images_saved...
Epochs-200 (train) , D(x) : 0.8798, D(G(x)) : 0.01309
Elapsed Time: 0.1752 min
model_saved, images_saved...
Epochs-201 (train) , D(x) : 0.8787, D(G(x)) : 0.01332
Elapsed Time: 0.1761 min
model_saved, images_saved...
Epochs-202 (train) , D(x) : 0.8773, D(G(x)) : 0.01358
Elapsed Time: 0.1759 min
model_saved, images_saved...
Epochs-203 (train) , D(x) : 0.8758, D(G(x)) : 0.01382
Elapsed Time: 0.1754 min
model_saved, images_saved...
Epochs-204 (train) , D(x) : 0.8746, D(G(x)) : 0.01405
Elapsed Time: 0.1758 min
model_saved, images_saved...
Epochs-205 (train) , D(x) : 0.8735, D(G(x)) : 0.01427
Elapsed Time: 0.1769 min
model_saved, images_saved...
Epochs-206 (train) , D(x) : 0.8726, D(G(x)) : 0.01446
Elapsed Time: 0.1756 min
model_saved, images_saved...
Epochs-207 (train) , D(x) : 0.8716, D(G(x)) : 0.01467
Elapsed Time: 0.1769 min
model_saved, images_saved...
Epochs-208 (train) , D(x) : 0.8705, D(G(x)) : 0.01488
Elapsed Time: 0.1758 min
model_saved, images_saved...
Epochs-209 (train) , D(x) : 0.8699, D(G(x)) : 0.01504
Elapsed Time: 0.176 min
model_saved, images_saved...
Epochs-210 (train) , D(x) : 0.8705, D(G(x)) : 0.01502
Elapsed Time: 0.176 min
model_saved, images_saved...
Epochs-211 (train) , D(x) : 0.8708, D(G(x)) : 0.01504
Elapsed Time: 0.1761 min
model_saved, images_saved...
Epochs-212 (train) , D(x) : 0.8704, D(G(x)) : 0.01518
Elapsed Time: 0.1762 min
model_saved, images_saved...
Epochs-213 (train) , D(x) : 0.8691, D(G(x)) : 0.0154
Elapsed Time: 0.1753 min
model_saved, images_saved...
Epochs-214 (train) , D(x) : 0.8676, D(G(x)) : 0.0157
Elapsed Time: 0.176 min
model_saved, images_saved...
Epochs-215 (train) , D(x) : 0.8659, D(G(x)) : 0.016
Elapsed Time: 0.1758 min
model_saved, images_saved...
Epochs-216 (train) , D(x) : 0.8644, D(G(x)) : 0.01629
Elapsed Time: 0.1761 min
model_saved, images_saved...
Epochs-217 (train) , D(x) : 0.8631, D(G(x)) : 0.01655
Elapsed Time: 0.177 min
model_saved, images_saved...
Epochs-218 (train) , D(x) : 0.8616, D(G(x)) : 0.01683
Elapsed Time: 0.1765 min
model_saved, images_saved...
Epochs-219 (train) , D(x) : 0.86, D(G(x)) : 0.01716
Elapsed Time: 0.1763 min
model_saved, images_saved...
Epochs-220 (train) , D(x) : 0.8583, D(G(x)) : 0.0175
Elapsed Time: 0.1761 min
model_saved, images_saved...
Epochs-221 (train) , D(x) : 0.8565, D(G(x)) : 0.01784
Elapsed Time: 0.1757 min
model_saved, images_saved...
Epochs-222 (train) , D(x) : 0.8548, D(G(x)) : 0.01821
Elapsed Time: 0.1765 min
model_saved, images_saved...
Epochs-223 (train) , D(x) : 0.8533, D(G(x)) : 0.01851
Elapsed Time: 0.1769 min
model_saved, images_saved...
Epochs-224 (train) , D(x) : 0.8516, D(G(x)) : 0.01886
Elapsed Time: 0.1769 min
model_saved, images_saved...
Epochs-225 (train) , D(x) : 0.8496, D(G(x)) : 0.01928
Elapsed Time: 0.1759 min
model_saved, images_saved...
Epochs-226 (train) , D(x) : 0.8475, D(G(x)) : 0.01971
Elapsed Time: 0.1762 min
model_saved, images_saved...
Epochs-227 (train) , D(x) : 0.8456, D(G(x)) : 0.02011
Elapsed Time: 0.1755 min
model_saved, images_saved...
Epochs-228 (train) , D(x) : 0.8439, D(G(x)) : 0.02049
Elapsed Time: 0.1753 min
model_saved, images_saved...
Epochs-229 (train) , D(x) : 0.8424, D(G(x)) : 0.02083
Elapsed Time: 0.1764 min
model_saved, images_saved...
Epochs-230 (train) , D(x) : 0.8405, D(G(x)) : 0.02126
Elapsed Time: 0.1758 min
model_saved, images_saved...
Epochs-231 (train) , D(x) : 0.8385, D(G(x)) : 0.02173
Elapsed Time: 0.1757 min
model_saved, images_saved...
Epochs-232 (train) , D(x) : 0.8365, D(G(x)) : 0.02216
Elapsed Time: 0.1756 min
model_saved, images_saved...
Epochs-233 (train) , D(x) : 0.8349, D(G(x)) : 0.02257
Elapsed Time: 0.176 min
model_saved, images_saved...
Epochs-234 (train) , D(x) : 0.8329, D(G(x)) : 0.02305
Elapsed Time: 0.1759 min
model_saved, images_saved...
Epochs-235 (train) , D(x) : 0.831, D(G(x)) : 0.02352
Elapsed Time: 0.1762 min
model_saved, images_saved...
Epochs-236 (train) , D(x) : 0.8288, D(G(x)) : 0.02405
Elapsed Time: 0.1761 min
model_saved, images_saved...
Epochs-237 (train) , D(x) : 0.8261, D(G(x)) : 0.02469
Elapsed Time: 0.1758 min
model_saved, images_saved...
Epochs-238 (train) , D(x) : 0.8231, D(G(x)) : 0.02539
Elapsed Time: 0.1756 min
model_saved, images_saved...
Epochs-239 (train) , D(x) : 0.8206, D(G(x)) : 0.02602
Elapsed Time: 0.176 min
model_saved, images_saved...
Epochs-240 (train) , D(x) : 0.8183, D(G(x)) : 0.02662
Elapsed Time: 0.1763 min
model_saved, images_saved...
Epochs-241 (train) , D(x) : 0.8157, D(G(x)) : 0.0273
Elapsed Time: 0.1761 min
model_saved, images_saved...
Epochs-242 (train) , D(x) : 0.813, D(G(x)) : 0.02799
Elapsed Time: 0.1759 min
model_saved, images_saved...
Epochs-243 (train) , D(x) : 0.8106, D(G(x)) : 0.02865
Elapsed Time: 0.176 min
model_saved, images_saved...
Epochs-244 (train) , D(x) : 0.8084, D(G(x)) : 0.0293
Elapsed Time: 0.1754 min
model_saved, images_saved...
Epochs-245 (train) , D(x) : 0.8067, D(G(x)) : 0.02985
Elapsed Time: 0.1752 min
model_saved, images_saved...
Epochs-246 (train) , D(x) : 0.8051, D(G(x)) : 0.03042
Elapsed Time: 0.175 min
model_saved, images_saved...
Epochs-247 (train) , D(x) : 0.803, D(G(x)) : 0.03105
Elapsed Time: 0.1763 min
model_saved, images_saved...
Epochs-248 (train) , D(x) : 0.8001, D(G(x)) : 0.03185
Elapsed Time: 0.1756 min
model_saved, images_saved...
Epochs-249 (train) , D(x) : 0.7969, D(G(x)) : 0.03279
Elapsed Time: 0.1754 min
model_saved, images_saved...
Epochs-250 (train) , D(x) : 0.794, D(G(x)) : 0.03365
Elapsed Time: 0.1761 min
model_saved, images_saved...
Epochs-251 (train) , D(x) : 0.7921, D(G(x)) : 0.03432
Elapsed Time: 0.1768 min
model_saved, images_saved...
Epochs-252 (train) , D(x) : 0.7896, D(G(x)) : 0.03511
Elapsed Time: 0.1759 min
model_saved, images_saved...
Epochs-253 (train) , D(x) : 0.7867, D(G(x)) : 0.03606
Elapsed Time: 0.1763 min
model_saved, images_saved...
Epochs-254 (train) , D(x) : 0.7833, D(G(x)) : 0.0371
Elapsed Time: 0.1763 min
model_saved, images_saved...
Epochs-255 (train) , D(x) : 0.7804, D(G(x)) : 0.03806
Elapsed Time: 0.1765 min
model_saved, images_saved...
Epochs-256 (train) , D(x) : 0.7775, D(G(x)) : 0.03906
Elapsed Time: 0.1765 min
model_saved, images_saved...
Epochs-257 (train) , D(x) : 0.7751, D(G(x)) : 0.03992
Elapsed Time: 0.1759 min
model_saved, images_saved...
Epochs-258 (train) , D(x) : 0.7731, D(G(x)) : 0.04071
Elapsed Time: 0.1753 min
model_saved, images_saved...
Epochs-259 (train) , D(x) : 0.771, D(G(x)) : 0.04157
Elapsed Time: 0.1754 min
model_saved, images_saved...
Epochs-260 (train) , D(x) : 0.7682, D(G(x)) : 0.04255
Elapsed Time: 0.1764 min
model_saved, images_saved...
Epochs-261 (train) , D(x) : 0.7656, D(G(x)) : 0.04354
Elapsed Time: 0.1758 min
model_saved, images_saved...
Epochs-262 (train) , D(x) : 0.7636, D(G(x)) : 0.04438
Elapsed Time: 0.1769 min
model_saved, images_saved...
Epochs-263 (train) , D(x) : 0.7611, D(G(x)) : 0.04533
Elapsed Time: 0.1754 min
model_saved, images_saved...
Epochs-264 (train) , D(x) : 0.7582, D(G(x)) : 0.04645
Elapsed Time: 0.1748 min
model_saved, images_saved...
Epochs-265 (train) , D(x) : 0.755, D(G(x)) : 0.04762
Elapsed Time: 0.1755 min
model_saved, images_saved...
Epochs-266 (train) , D(x) : 0.7514, D(G(x)) : 0.04894
Elapsed Time: 0.1762 min
model_saved, images_saved...
Epochs-267 (train) , D(x) : 0.7476, D(G(x)) : 0.05037
Elapsed Time: 0.1764 min
model_saved, images_saved...
Epochs-268 (train) , D(x) : 0.7437, D(G(x)) : 0.05183
Elapsed Time: 0.1759 min
model_saved, images_saved...
Epochs-269 (train) , D(x) : 0.7404, D(G(x)) : 0.05315
Elapsed Time: 0.1758 min
model_saved, images_saved...
Epochs-270 (train) , D(x) : 0.7374, D(G(x)) : 0.0544
Elapsed Time: 0.1762 min
model_saved, images_saved...
Epochs-271 (train) , D(x) : 0.7341, D(G(x)) : 0.05574
Elapsed Time: 0.176 min
model_saved, images_saved...
Epochs-272 (train) , D(x) : 0.7311, D(G(x)) : 0.05705
Elapsed Time: 0.1757 min
model_saved, images_saved...
Epochs-273 (train) , D(x) : 0.7277, D(G(x)) : 0.05855
Elapsed Time: 0.1766 min
model_saved, images_saved...
Epochs-274 (train) , D(x) : 0.7237, D(G(x)) : 0.06021
Elapsed Time: 0.1761 min
model_saved, images_saved...
Epochs-275 (train) , D(x) : 0.7196, D(G(x)) : 0.06197
Elapsed Time: 0.1751 min
model_saved, images_saved...
Epochs-276 (train) , D(x) : 0.7158, D(G(x)) : 0.06364
Elapsed Time: 0.1756 min
model_saved, images_saved...
Epochs-277 (train) , D(x) : 0.7124, D(G(x)) : 0.06526
Elapsed Time: 0.1761 min
model_saved, images_saved...
Epochs-278 (train) , D(x) : 0.7085, D(G(x)) : 0.06704
Elapsed Time: 0.1753 min
model_saved, images_saved...
Epochs-279 (train) , D(x) : 0.7047, D(G(x)) : 0.06887
Elapsed Time: 0.1757 min
model_saved, images_saved...
Epochs-280 (train) , D(x) : 0.7005, D(G(x)) : 0.07081
Elapsed Time: 0.1765 min
model_saved, images_saved...
Epochs-281 (train) , D(x) : 0.6958, D(G(x)) : 0.07303
Elapsed Time: 0.1763 min
model_saved, images_saved...
Epochs-282 (train) , D(x) : 0.6911, D(G(x)) : 0.07531
Elapsed Time: 0.1759 min
model_saved, images_saved...
Epochs-283 (train) , D(x) : 0.6876, D(G(x)) : 0.07713
Elapsed Time: 0.176 min
model_saved, images_saved...
Epochs-284 (train) , D(x) : 0.6857, D(G(x)) : 0.07836
Elapsed Time: 0.1764 min
model_saved, images_saved...
Epochs-285 (train) , D(x) : 0.6833, D(G(x)) : 0.07983
Elapsed Time: 0.1758 min
model_saved, images_saved...
Epochs-286 (train) , D(x) : 0.6802, D(G(x)) : 0.08161
Elapsed Time: 0.1767 min
model_saved, images_saved...
Epochs-287 (train) , D(x) : 0.6769, D(G(x)) : 0.08349
Elapsed Time: 0.1757 min
model_saved, images_saved...
Epochs-288 (train) , D(x) : 0.6746, D(G(x)) : 0.08497
Elapsed Time: 0.1763 min
model_saved, images_saved...
Epochs-289 (train) , D(x) : 0.6715, D(G(x)) : 0.08683
Elapsed Time: 0.1762 min
model_saved, images_saved...
Epochs-290 (train) , D(x) : 0.668, D(G(x)) : 0.08886
Elapsed Time: 0.1756 min
model_saved, images_saved...
Epochs-291 (train) , D(x) : 0.6639, D(G(x)) : 0.09116
Elapsed Time: 0.1762 min
model_saved, images_saved...
Epochs-292 (train) , D(x) : 0.66, D(G(x)) : 0.0935
Elapsed Time: 0.1763 min
model_saved, images_saved...
Epochs-293 (train) , D(x) : 0.6556, D(G(x)) : 0.096
Elapsed Time: 0.1759 min
model_saved, images_saved...
Epochs-294 (train) , D(x) : 0.6513, D(G(x)) : 0.09859
Elapsed Time: 0.1762 min
model_saved, images_saved...
Epochs-295 (train) , D(x) : 0.6472, D(G(x)) : 0.1011
Elapsed Time: 0.1774 min
model_saved, images_saved...
Epochs-296 (train) , D(x) : 0.6435, D(G(x)) : 0.1035
Elapsed Time: 0.1752 min
model_saved, images_saved...
Epochs-297 (train) , D(x) : 0.64, D(G(x)) : 0.1058
Elapsed Time: 0.1758 min
model_saved, images_saved...
Epochs-298 (train) , D(x) : 0.6365, D(G(x)) : 0.1082
Elapsed Time: 0.175 min
model_saved, images_saved...
Epochs-299 (train) , D(x) : 0.6325, D(G(x)) : 0.1109
Elapsed Time: 0.1762 min
model_saved, images_saved...
Epochs-300 (train) , D(x) : 0.6294, D(G(x)) : 0.1131
Elapsed Time: 0.1759 min
model_saved, images_saved...
Epochs-301 (train) , D(x) : 0.6281, D(G(x)) : 0.1145
Elapsed Time: 0.1767 min
model_saved, images_saved...
Epochs-302 (train) , D(x) : 0.6259, D(G(x)) : 0.1163
Elapsed Time: 0.1754 min
model_saved, images_saved...
Epochs-303 (train) , D(x) : 0.6234, D(G(x)) : 0.1183
Elapsed Time: 0.1762 min
model_saved, images_saved...
Epochs-304 (train) , D(x) : 0.6198, D(G(x)) : 0.1209
Elapsed Time: 0.1755 min
model_saved, images_saved...
Epochs-305 (train) , D(x) : 0.6163, D(G(x)) : 0.1235
Elapsed Time: 0.1755 min
model_saved, images_saved...
Epochs-306 (train) , D(x) : 0.6131, D(G(x)) : 0.1259
Elapsed Time: 0.1764 min
model_saved, images_saved...
Epochs-307 (train) , D(x) : 0.6102, D(G(x)) : 0.1283
Elapsed Time: 0.1762 min
model_saved, images_saved...
Epochs-308 (train) , D(x) : 0.6068, D(G(x)) : 0.131
Elapsed Time: 0.176 min
model_saved, images_saved...
Epochs-309 (train) , D(x) : 0.6044, D(G(x)) : 0.1331
Elapsed Time: 0.176 min
model_saved, images_saved...
Epochs-310 (train) , D(x) : 0.6026, D(G(x)) : 0.1349
Elapsed Time: 0.1754 min
model_saved, images_saved...
Epochs-311 (train) , D(x) : 0.6006, D(G(x)) : 0.1369
Elapsed Time: 0.176 min
model_saved, images_saved...
Epochs-312 (train) , D(x) : 0.5988, D(G(x)) : 0.1387
Elapsed Time: 0.1756 min
model_saved, images_saved...
Epochs-313 (train) , D(x) : 0.5971, D(G(x)) : 0.1405
Elapsed Time: 0.1753 min
model_saved, images_saved...
Epochs-314 (train) , D(x) : 0.5956, D(G(x)) : 0.1422
Elapsed Time: 0.1757 min
model_saved, images_saved...
Epochs-315 (train) , D(x) : 0.5947, D(G(x)) : 0.1435
Elapsed Time: 0.1755 min
model_saved, images_saved...
Epochs-316 (train) , D(x) : 0.5956, D(G(x)) : 0.1437
Elapsed Time: 0.1751 min
model_saved, images_saved...
Epochs-317 (train) , D(x) : 0.5967, D(G(x)) : 0.1438
Elapsed Time: 0.1762 min
model_saved, images_saved...
Epochs-318 (train) , D(x) : 0.5955, D(G(x)) : 0.1452
Elapsed Time: 0.1759 min
model_saved, images_saved...
Epochs-319 (train) , D(x) : 0.5935, D(G(x)) : 0.1471
Elapsed Time: 0.1765 min
model_saved, images_saved...
Epochs-320 (train) , D(x) : 0.5909, D(G(x)) : 0.1494
Elapsed Time: 0.1757 min
model_saved, images_saved...
Epochs-321 (train) , D(x) : 0.5882, D(G(x)) : 0.1518
Elapsed Time: 0.1762 min
model_saved, images_saved...
Epochs-322 (train) , D(x) : 0.5856, D(G(x)) : 0.1541
Elapsed Time: 0.1763 min
model_saved, images_saved...
Epochs-323 (train) , D(x) : 0.5833, D(G(x)) : 0.1563
Elapsed Time: 0.1762 min
model_saved, images_saved...
Epochs-324 (train) , D(x) : 0.5808, D(G(x)) : 0.1586
Elapsed Time: 0.1757 min
model_saved, images_saved...
Epochs-325 (train) , D(x) : 0.5782, D(G(x)) : 0.161
Elapsed Time: 0.1761 min
model_saved, images_saved...
Epochs-326 (train) , D(x) : 0.5756, D(G(x)) : 0.1634
Elapsed Time: 0.1761 min
model_saved, images_saved...
Epochs-327 (train) , D(x) : 0.5738, D(G(x)) : 0.1653
Elapsed Time: 0.175 min
model_saved, images_saved...
Epochs-328 (train) , D(x) : 0.5731, D(G(x)) : 0.1665
Elapsed Time: 0.177 min
model_saved, images_saved...
Epochs-329 (train) , D(x) : 0.5723, D(G(x)) : 0.1677
Elapsed Time: 0.175 min
model_saved, images_saved...
Epochs-330 (train) , D(x) : 0.5724, D(G(x)) : 0.1683
Elapsed Time: 0.176 min
model_saved, images_saved...
Epochs-331 (train) , D(x) : 0.5727, D(G(x)) : 0.1688
Elapsed Time: 0.1761 min
model_saved, images_saved...
Epochs-332 (train) , D(x) : 0.5719, D(G(x)) : 0.17
Elapsed Time: 0.176 min
model_saved, images_saved...
Epochs-333 (train) , D(x) : 0.5708, D(G(x)) : 0.1714
Elapsed Time: 0.1756 min
model_saved, images_saved...
Epochs-334 (train) , D(x) : 0.5699, D(G(x)) : 0.1727
Elapsed Time: 0.1757 min
model_saved, images_saved...
Epochs-335 (train) , D(x) : 0.569, D(G(x)) : 0.174
Elapsed Time: 0.176 min
model_saved, images_saved...
Epochs-336 (train) , D(x) : 0.5687, D(G(x)) : 0.1748
Elapsed Time: 0.176 min
model_saved, images_saved...
Epochs-337 (train) , D(x) : 0.5691, D(G(x)) : 0.1752
Elapsed Time: 0.176 min
model_saved, images_saved...
Epochs-338 (train) , D(x) : 0.5701, D(G(x)) : 0.1751
Elapsed Time: 0.1758 min
model_saved, images_saved...
Epochs-339 (train) , D(x) : 0.5699, D(G(x)) : 0.1758
Elapsed Time: 0.1761 min
model_saved, images_saved...
Epochs-340 (train) , D(x) : 0.5691, D(G(x)) : 0.1769
Elapsed Time: 0.1765 min
model_saved, images_saved...
Epochs-341 (train) , D(x) : 0.5677, D(G(x)) : 0.1784
Elapsed Time: 0.1764 min
model_saved, images_saved...
Epochs-342 (train) , D(x) : 0.5664, D(G(x)) : 0.1798
Elapsed Time: 0.1762 min
model_saved, images_saved...
Epochs-343 (train) , D(x) : 0.5648, D(G(x)) : 0.1815
Elapsed Time: 0.1762 min
model_saved, images_saved...
Epochs-344 (train) , D(x) : 0.5631, D(G(x)) : 0.1832
Elapsed Time: 0.1761 min
model_saved, images_saved...
Epochs-345 (train) , D(x) : 0.5611, D(G(x)) : 0.1851
Elapsed Time: 0.1761 min
model_saved, images_saved...
Epochs-346 (train) , D(x) : 0.5592, D(G(x)) : 0.187
Elapsed Time: 0.176 min
model_saved, images_saved...
Epochs-347 (train) , D(x) : 0.5574, D(G(x)) : 0.1888
Elapsed Time: 0.1762 min
model_saved, images_saved...
Epochs-348 (train) , D(x) : 0.5561, D(G(x)) : 0.1903
Elapsed Time: 0.1759 min
model_saved, images_saved...
Epochs-349 (train) , D(x) : 0.5566, D(G(x)) : 0.1903
Elapsed Time: 0.1761 min
model_saved, images_saved...
Epochs-350 (train) , D(x) : 0.5565, D(G(x)) : 0.1908
Elapsed Time: 0.1772 min
model_saved, images_saved...
Epochs-351 (train) , D(x) : 0.5561, D(G(x)) : 0.1915
Elapsed Time: 0.1758 min
model_saved, images_saved...
Epochs-352 (train) , D(x) : 0.5561, D(G(x)) : 0.1919
Elapsed Time: 0.1764 min
model_saved, images_saved...
Epochs-353 (train) , D(x) : 0.5555, D(G(x)) : 0.1926
Elapsed Time: 0.1761 min
model_saved, images_saved...
Epochs-354 (train) , D(x) : 0.5559, D(G(x)) : 0.1927
Elapsed Time: 0.1761 min
model_saved, images_saved...
Epochs-355 (train) , D(x) : 0.5563, D(G(x)) : 0.1926
Elapsed Time: 0.1767 min
model_saved, images_saved...
Epochs-356 (train) , D(x) : 0.5562, D(G(x)) : 0.193
Elapsed Time: 0.1752 min
model_saved, images_saved...
Epochs-357 (train) , D(x) : 0.556, D(G(x)) : 0.1935
Elapsed Time: 0.1748 min
model_saved, images_saved...
Epochs-358 (train) , D(x) : 0.5566, D(G(x)) : 0.1932
Elapsed Time: 0.1761 min
model_saved, images_saved...
Epochs-359 (train) , D(x) : 0.5562, D(G(x)) : 0.1938
Elapsed Time: 0.1758 min
model_saved, images_saved...
Epochs-360 (train) , D(x) : 0.5556, D(G(x)) : 0.1946
Elapsed Time: 0.1762 min
model_saved, images_saved...
Epochs-361 (train) , D(x) : 0.5552, D(G(x)) : 0.1952
Elapsed Time: 0.1764 min
model_saved, images_saved...
Epochs-362 (train) , D(x) : 0.5546, D(G(x)) : 0.1961
Elapsed Time: 0.1759 min
model_saved, images_saved...
Epochs-363 (train) , D(x) : 0.5541, D(G(x)) : 0.1969
Elapsed Time: 0.1759 min
model_saved, images_saved...
Epochs-364 (train) , D(x) : 0.5528, D(G(x)) : 0.1982
Elapsed Time: 0.1762 min
model_saved, images_saved...
Epochs-365 (train) , D(x) : 0.5513, D(G(x)) : 0.1998
Elapsed Time: 0.1751 min
model_saved, images_saved...
Epochs-366 (train) , D(x) : 0.5497, D(G(x)) : 0.2015
Elapsed Time: 0.1759 min
model_saved, images_saved...
Epochs-367 (train) , D(x) : 0.5481, D(G(x)) : 0.2032
Elapsed Time: 0.1761 min
model_saved, images_saved...
Epochs-368 (train) , D(x) : 0.5468, D(G(x)) : 0.2047
Elapsed Time: 0.1755 min
model_saved, images_saved...
Epochs-369 (train) , D(x) : 0.5465, D(G(x)) : 0.2053
Elapsed Time: 0.1758 min
model_saved, images_saved...
Epochs-370 (train) , D(x) : 0.5469, D(G(x)) : 0.2054
Elapsed Time: 0.1761 min
model_saved, images_saved...
Epochs-371 (train) , D(x) : 0.5467, D(G(x)) : 0.206
Elapsed Time: 0.1758 min
model_saved, images_saved...
Epochs-372 (train) , D(x) : 0.5455, D(G(x)) : 0.2075
Elapsed Time: 0.1766 min
model_saved, images_saved...
Epochs-373 (train) , D(x) : 0.5446, D(G(x)) : 0.2087
Elapsed Time: 0.1761 min
model_saved, images_saved...
Epochs-374 (train) , D(x) : 0.5441, D(G(x)) : 0.2094
Elapsed Time: 0.1753 min
model_saved, images_saved...
Epochs-375 (train) , D(x) : 0.5449, D(G(x)) : 0.2092
Elapsed Time: 0.176 min
model_saved, images_saved...
Epochs-376 (train) , D(x) : 0.5451, D(G(x)) : 0.2094
Elapsed Time: 0.176 min
model_saved, images_saved...
Epochs-377 (train) , D(x) : 0.5456, D(G(x)) : 0.2093
Elapsed Time: 0.1759 min
model_saved, images_saved...
Epochs-378 (train) , D(x) : 0.5462, D(G(x)) : 0.2091
Elapsed Time: 0.1761 min
model_saved, images_saved...
Epochs-379 (train) , D(x) : 0.5462, D(G(x)) : 0.2094
Elapsed Time: 0.1759 min
model_saved, images_saved...
Epochs-380 (train) , D(x) : 0.5456, D(G(x)) : 0.21
Elapsed Time: 0.1762 min
model_saved, images_saved...
Epochs-381 (train) , D(x) : 0.5447, D(G(x)) : 0.211
Elapsed Time: 0.1761 min
model_saved, images_saved...
Epochs-382 (train) , D(x) : 0.5444, D(G(x)) : 0.2115
Elapsed Time: 0.1763 min
model_saved, images_saved...
Epochs-383 (train) , D(x) : 0.5441, D(G(x)) : 0.2119
Elapsed Time: 0.1751 min
model_saved, images_saved...
Epochs-384 (train) , D(x) : 0.5435, D(G(x)) : 0.2126
Elapsed Time: 0.1753 min
model_saved, images_saved...
Epochs-385 (train) , D(x) : 0.5438, D(G(x)) : 0.2126
Elapsed Time: 0.1759 min
model_saved, images_saved...
Epochs-386 (train) , D(x) : 0.5442, D(G(x)) : 0.2125
Elapsed Time: 0.1758 min
model_saved, images_saved...
Epochs-387 (train) , D(x) : 0.5438, D(G(x)) : 0.213
Elapsed Time: 0.1755 min
model_saved, images_saved...
Epochs-388 (train) , D(x) : 0.5426, D(G(x)) : 0.2142
Elapsed Time: 0.1762 min
model_saved, images_saved...
Epochs-389 (train) , D(x) : 0.5411, D(G(x)) : 0.2157
Elapsed Time: 0.1761 min
model_saved, images_saved...
Epochs-390 (train) , D(x) : 0.5397, D(G(x)) : 0.2172
Elapsed Time: 0.176 min
model_saved, images_saved...
Epochs-391 (train) , D(x) : 0.5387, D(G(x)) : 0.2182
Elapsed Time: 0.1762 min
model_saved, images_saved...
Epochs-392 (train) , D(x) : 0.5384, D(G(x)) : 0.2186
Elapsed Time: 0.1761 min
model_saved, images_saved...
Epochs-393 (train) , D(x) : 0.5388, D(G(x)) : 0.2184
Elapsed Time: 0.1759 min
model_saved, images_saved...
Epochs-394 (train) , D(x) : 0.5389, D(G(x)) : 0.2185
Elapsed Time: 0.1769 min
model_saved, images_saved...
Epochs-395 (train) , D(x) : 0.5388, D(G(x)) : 0.2187
Elapsed Time: 0.1763 min
model_saved, images_saved...
Epochs-396 (train) , D(x) : 0.5389, D(G(x)) : 0.2188
Elapsed Time: 0.1755 min
model_saved, images_saved...
Epochs-397 (train) , D(x) : 0.5393, D(G(x)) : 0.2185
Elapsed Time: 0.1754 min
model_saved, images_saved...
Epochs-398 (train) , D(x) : 0.539, D(G(x)) : 0.2188
Elapsed Time: 0.1754 min
model_saved, images_saved...
Epochs-399 (train) , D(x) : 0.5388, D(G(x)) : 0.2191
Elapsed Time: 0.1752 min
model_saved, images_saved...
Epochs-400 (train) , D(x) : 0.5383, D(G(x)) : 0.2196
Elapsed Time: 0.1765 min
model_saved, images_saved...
Epochs-401 (train) , D(x) : 0.5379, D(G(x)) : 0.22
Elapsed Time: 0.1762 min
model_saved, images_saved...
Epochs-402 (train) , D(x) : 0.5374, D(G(x)) : 0.2205
Elapsed Time: 0.1761 min
model_saved, images_saved...
Epochs-403 (train) , D(x) : 0.5367, D(G(x)) : 0.2211
Elapsed Time: 0.1759 min
model_saved, images_saved...
Epochs-404 (train) , D(x) : 0.5358, D(G(x)) : 0.222
Elapsed Time: 0.1758 min
model_saved, images_saved...
Epochs-405 (train) , D(x) : 0.5353, D(G(x)) : 0.2225
Elapsed Time: 0.177 min
model_saved, images_saved...
Epochs-406 (train) , D(x) : 0.5352, D(G(x)) : 0.2227
Elapsed Time: 0.176 min
model_saved, images_saved...
Epochs-407 (train) , D(x) : 0.535, D(G(x)) : 0.2229
Elapsed Time: 0.1761 min
model_saved, images_saved...
Epochs-408 (train) , D(x) : 0.5348, D(G(x)) : 0.2231
Elapsed Time: 0.1759 min
model_saved, images_saved...
Epochs-409 (train) , D(x) : 0.5361, D(G(x)) : 0.222
Elapsed Time: 0.1762 min
model_saved, images_saved...
Epochs-410 (train) , D(x) : 0.538, D(G(x)) : 0.2203
Elapsed Time: 0.1755 min
model_saved, images_saved...
Epochs-411 (train) , D(x) : 0.5392, D(G(x)) : 0.2192
Elapsed Time: 0.1755 min
model_saved, images_saved...
Epochs-412 (train) , D(x) : 0.539, D(G(x)) : 0.2194
Elapsed Time: 0.1759 min
model_saved, images_saved...
Epochs-413 (train) , D(x) : 0.5389, D(G(x)) : 0.2194
Elapsed Time: 0.1758 min
model_saved, images_saved...
Epochs-414 (train) , D(x) : 0.5387, D(G(x)) : 0.2196
Elapsed Time: 0.1758 min
model_saved, images_saved...
Epochs-415 (train) , D(x) : 0.5375, D(G(x)) : 0.2207
Elapsed Time: 0.176 min
model_saved, images_saved...
Epochs-416 (train) , D(x) : 0.5361, D(G(x)) : 0.2218
Elapsed Time: 0.1765 min
model_saved, images_saved...
Epochs-417 (train) , D(x) : 0.5356, D(G(x)) : 0.2224
Elapsed Time: 0.176 min
model_saved, images_saved...
Epochs-418 (train) , D(x) : 0.5362, D(G(x)) : 0.2218
Elapsed Time: 0.1764 min
model_saved, images_saved...
Epochs-419 (train) , D(x) : 0.5361, D(G(x)) : 0.2219
Elapsed Time: 0.1757 min
model_saved, images_saved...
Epochs-420 (train) , D(x) : 0.5359, D(G(x)) : 0.2221
Elapsed Time: 0.1763 min
model_saved, images_saved...
Epochs-421 (train) , D(x) : 0.5354, D(G(x)) : 0.2225
Elapsed Time: 0.176 min
model_saved, images_saved...
Epochs-422 (train) , D(x) : 0.5349, D(G(x)) : 0.223
Elapsed Time: 0.1762 min
model_saved, images_saved...
Epochs-423 (train) , D(x) : 0.5338, D(G(x)) : 0.224
Elapsed Time: 0.1757 min
model_saved, images_saved...
Epochs-424 (train) , D(x) : 0.5327, D(G(x)) : 0.2251
Elapsed Time: 0.1758 min
model_saved, images_saved...
Epochs-425 (train) , D(x) : 0.5311, D(G(x)) : 0.2266
Elapsed Time: 0.1758 min
model_saved, images_saved...
Epochs-426 (train) , D(x) : 0.5299, D(G(x)) : 0.2277
Elapsed Time: 0.1757 min
model_saved, images_saved...
Epochs-427 (train) , D(x) : 0.5284, D(G(x)) : 0.229
Elapsed Time: 0.1769 min
model_saved, images_saved...
Epochs-428 (train) , D(x) : 0.5268, D(G(x)) : 0.2305
Elapsed Time: 0.1756 min
model_saved, images_saved...
Epochs-429 (train) , D(x) : 0.5259, D(G(x)) : 0.2314
Elapsed Time: 0.1761 min
model_saved, images_saved...
Epochs-430 (train) , D(x) : 0.5257, D(G(x)) : 0.2317
Elapsed Time: 0.1757 min
model_saved, images_saved...
Epochs-431 (train) , D(x) : 0.5257, D(G(x)) : 0.2316
Elapsed Time: 0.1765 min
model_saved, images_saved...
Epochs-432 (train) , D(x) : 0.5257, D(G(x)) : 0.2317
Elapsed Time: 0.1759 min
model_saved, images_saved...
Epochs-433 (train) , D(x) : 0.5264, D(G(x)) : 0.2311
Elapsed Time: 0.1759 min
model_saved, images_saved...
Epochs-434 (train) , D(x) : 0.5284, D(G(x)) : 0.2293
Elapsed Time: 0.1763 min
model_saved, images_saved...
Epochs-435 (train) , D(x) : 0.5304, D(G(x)) : 0.2274
Elapsed Time: 0.1756 min
model_saved, images_saved...
Epochs-436 (train) , D(x) : 0.5314, D(G(x)) : 0.2265
Elapsed Time: 0.1757 min
model_saved, images_saved...
Epochs-437 (train) , D(x) : 0.5331, D(G(x)) : 0.2251
Elapsed Time: 0.1759 min
model_saved, images_saved...
Epochs-438 (train) , D(x) : 0.5347, D(G(x)) : 0.2236
Elapsed Time: 0.1757 min
model_saved, images_saved...
Epochs-439 (train) , D(x) : 0.5341, D(G(x)) : 0.2242
Elapsed Time: 0.1754 min
model_saved, images_saved...
Epochs-440 (train) , D(x) : 0.5329, D(G(x)) : 0.2254
Elapsed Time: 0.1755 min
model_saved, images_saved...
Epochs-441 (train) , D(x) : 0.5313, D(G(x)) : 0.2269
Elapsed Time: 0.1763 min
model_saved, images_saved...
Epochs-442 (train) , D(x) : 0.5306, D(G(x)) : 0.2275
Elapsed Time: 0.1763 min
model_saved, images_saved...
Epochs-443 (train) , D(x) : 0.5307, D(G(x)) : 0.2276
Elapsed Time: 0.1763 min
model_saved, images_saved...
Epochs-444 (train) , D(x) : 0.5314, D(G(x)) : 0.2271
Elapsed Time: 0.1759 min
model_saved, images_saved...
Epochs-445 (train) , D(x) : 0.5319, D(G(x)) : 0.2267
Elapsed Time: 0.1748 min
model_saved, images_saved...
Epochs-446 (train) , D(x) : 0.5336, D(G(x)) : 0.2253
Elapsed Time: 0.1761 min
model_saved, images_saved...
Epochs-447 (train) , D(x) : 0.5356, D(G(x)) : 0.2236
Elapsed Time: 0.176 min
model_saved, images_saved...
Epochs-448 (train) , D(x) : 0.5366, D(G(x)) : 0.2229
Elapsed Time: 0.1755 min
model_saved, images_saved...
Epochs-449 (train) , D(x) : 0.5366, D(G(x)) : 0.2229
Elapsed Time: 0.1768 min
model_saved, images_saved...
Epochs-450 (train) , D(x) : 0.5373, D(G(x)) : 0.2223
Elapsed Time: 0.1763 min
model_saved, images_saved...
Epochs-451 (train) , D(x) : 0.5379, D(G(x)) : 0.2218
Elapsed Time: 0.1761 min
model_saved, images_saved...
Epochs-452 (train) , D(x) : 0.5375, D(G(x)) : 0.2222
Elapsed Time: 0.1762 min
model_saved, images_saved...
Epochs-453 (train) , D(x) : 0.5371, D(G(x)) : 0.2226
Elapsed Time: 0.1764 min
model_saved, images_saved...
Epochs-454 (train) , D(x) : 0.5366, D(G(x)) : 0.2231
Elapsed Time: 0.1759 min
model_saved, images_saved...
Epochs-455 (train) , D(x) : 0.5352, D(G(x)) : 0.2242
Elapsed Time: 0.1758 min
model_saved, images_saved...
Epochs-456 (train) , D(x) : 0.5345, D(G(x)) : 0.2248
Elapsed Time: 0.1758 min
model_saved, images_saved...
Epochs-457 (train) , D(x) : 0.535, D(G(x)) : 0.2243
Elapsed Time: 0.1761 min
model_saved, images_saved...
Epochs-458 (train) , D(x) : 0.535, D(G(x)) : 0.2242
Elapsed Time: 0.1761 min
model_saved, images_saved...
Epochs-459 (train) , D(x) : 0.5343, D(G(x)) : 0.2247
Elapsed Time: 0.1762 min
model_saved, images_saved...
Epochs-460 (train) , D(x) : 0.5336, D(G(x)) : 0.2252
Elapsed Time: 0.1768 min
model_saved, images_saved...
Epochs-461 (train) , D(x) : 0.5333, D(G(x)) : 0.2254
Elapsed Time: 0.1755 min
model_saved, images_saved...
Epochs-462 (train) , D(x) : 0.5336, D(G(x)) : 0.2251
Elapsed Time: 0.1765 min
model_saved, images_saved...
Epochs-463 (train) , D(x) : 0.5343, D(G(x)) : 0.2244
Elapsed Time: 0.176 min
model_saved, images_saved...
Epochs-464 (train) , D(x) : 0.5354, D(G(x)) : 0.2234
Elapsed Time: 0.1759 min
model_saved, images_saved...
Epochs-465 (train) , D(x) : 0.5364, D(G(x)) : 0.2226
Elapsed Time: 0.1762 min
model_saved, images_saved...
Epochs-466 (train) , D(x) : 0.5369, D(G(x)) : 0.2222
Elapsed Time: 0.176 min
model_saved, images_saved...
Epochs-467 (train) , D(x) : 0.5373, D(G(x)) : 0.2218
Elapsed Time: 0.1754 min
model_saved, images_saved...
Epochs-468 (train) , D(x) : 0.5374, D(G(x)) : 0.2218
Elapsed Time: 0.1765 min
model_saved, images_saved...
Epochs-469 (train) , D(x) : 0.5368, D(G(x)) : 0.2223
Elapsed Time: 0.1758 min
model_saved, images_saved...
Epochs-470 (train) , D(x) : 0.537, D(G(x)) : 0.2222
Elapsed Time: 0.1755 min
model_saved, images_saved...
Epochs-471 (train) , D(x) : 0.5364, D(G(x)) : 0.2227
Elapsed Time: 0.1765 min
model_saved, images_saved...
Epochs-472 (train) , D(x) : 0.5351, D(G(x)) : 0.2239
Elapsed Time: 0.1758 min
model_saved, images_saved...
Epochs-473 (train) , D(x) : 0.534, D(G(x)) : 0.2249
Elapsed Time: 0.176 min
model_saved, images_saved...
Epochs-474 (train) , D(x) : 0.5338, D(G(x)) : 0.2251
Elapsed Time: 0.1763 min
model_saved, images_saved...
Epochs-475 (train) , D(x) : 0.5343, D(G(x)) : 0.2247
Elapsed Time: 0.1761 min
model_saved, images_saved...
Epochs-476 (train) , D(x) : 0.5338, D(G(x)) : 0.2253
Elapsed Time: 0.1759 min
model_saved, images_saved...
Epochs-477 (train) , D(x) : 0.5329, D(G(x)) : 0.2262
Elapsed Time: 0.1769 min
model_saved, images_saved...
Epochs-478 (train) , D(x) : 0.5319, D(G(x)) : 0.2272
Elapsed Time: 0.1765 min
model_saved, images_saved...
Epochs-479 (train) , D(x) : 0.5318, D(G(x)) : 0.2273
Elapsed Time: 0.1761 min
model_saved, images_saved...
Epochs-480 (train) , D(x) : 0.533, D(G(x)) : 0.2264
Elapsed Time: 0.176 min
model_saved, images_saved...
Epochs-481 (train) , D(x) : 0.5326, D(G(x)) : 0.2268
Elapsed Time: 0.1764 min
model_saved, images_saved...
Epochs-482 (train) , D(x) : 0.5314, D(G(x)) : 0.228
Elapsed Time: 0.1771 min
model_saved, images_saved...
Epochs-483 (train) , D(x) : 0.5305, D(G(x)) : 0.229
Elapsed Time: 0.1758 min
model_saved, images_saved...
Epochs-484 (train) , D(x) : 0.5295, D(G(x)) : 0.2301
Elapsed Time: 0.1765 min
model_saved, images_saved...
Epochs-485 (train) , D(x) : 0.5289, D(G(x)) : 0.2308
Elapsed Time: 0.1762 min
model_saved, images_saved...
Epochs-486 (train) , D(x) : 0.5283, D(G(x)) : 0.2315
Elapsed Time: 0.1763 min
model_saved, images_saved...
Epochs-487 (train) , D(x) : 0.5279, D(G(x)) : 0.232
Elapsed Time: 0.1762 min
model_saved, images_saved...
Epochs-488 (train) , D(x) : 0.5283, D(G(x)) : 0.2318
Elapsed Time: 0.1763 min
model_saved, images_saved...
Epochs-489 (train) , D(x) : 0.5298, D(G(x)) : 0.2305
Elapsed Time: 0.1762 min
model_saved, images_saved...
Epochs-490 (train) , D(x) : 0.5311, D(G(x)) : 0.2294
Elapsed Time: 0.176 min
model_saved, images_saved...
Epochs-491 (train) , D(x) : 0.5316, D(G(x)) : 0.2289
Elapsed Time: 0.1759 min
model_saved, images_saved...
Epochs-492 (train) , D(x) : 0.5316, D(G(x)) : 0.2288
Elapsed Time: 0.1762 min
model_saved, images_saved...
Epochs-493 (train) , D(x) : 0.531, D(G(x)) : 0.2294
Elapsed Time: 0.1764 min
model_saved, images_saved...
Epochs-494 (train) , D(x) : 0.53, D(G(x)) : 0.2302
Elapsed Time: 0.1763 min
model_saved, images_saved...
Epochs-495 (train) , D(x) : 0.5287, D(G(x)) : 0.2312
Elapsed Time: 0.1762 min
model_saved, images_saved...
Epochs-496 (train) , D(x) : 0.5285, D(G(x)) : 0.2312
Elapsed Time: 0.1754 min
model_saved, images_saved...
Epochs-497 (train) , D(x) : 0.5303, D(G(x)) : 0.2295
Elapsed Time: 0.1755 min
model_saved, images_saved...
Epochs-498 (train) , D(x) : 0.5304, D(G(x)) : 0.2293
Elapsed Time: 0.1755 min
model_saved, images_saved...
Epochs-499 (train) , D(x) : 0.5297, D(G(x)) : 0.23
Elapsed Time: 0.1757 min
model_saved, images_saved...
