****************hyper-parameters****************
epochs = 500
batch_size = 256
soft_labels = False
adv_weight = 0
d_thresh = 0.8
z_dim = 200
z_dis = norm
model_images_save_step = 1
data = chair/
device = cuda:0
g_lr = 0.0025
d_lr = 1e-05
cube_len = 32
leak_value = 0.2
bias = False
****************hyper-parameters****************
../outputs_256bs/dcgan
../volumetric_data/chair/30/train/
data_size = 10668
Epochs-0 (train) , D(x) : 0.9726, D(G(x)) : 0.01644
Elapsed Time: 0.1674 min
model_saved, images_saved...
Epochs-1 (train) , D(x) : 0.9397, D(G(x)) : 0.004232
Elapsed Time: 0.1501 min
model_saved, images_saved...
Epochs-2 (train) , D(x) : 0.9257, D(G(x)) : 0.005698
Elapsed Time: 0.1495 min
model_saved, images_saved...
Epochs-3 (train) , D(x) : 0.8446, D(G(x)) : 0.02274
Elapsed Time: 0.1498 min
model_saved, images_saved...
Epochs-4 (train) , D(x) : 0.7244, D(G(x)) : 0.07264
Elapsed Time: 0.1515 min
model_saved, images_saved...
Epochs-5 (train) , D(x) : 0.6431, D(G(x)) : 0.1302
Elapsed Time: 0.1506 min
model_saved, images_saved...
Epochs-6 (train) , D(x) : 0.5978, D(G(x)) : 0.183
Elapsed Time: 0.1521 min
model_saved, images_saved...
Epochs-7 (train) , D(x) : 0.5627, D(G(x)) : 0.2195
Elapsed Time: 0.1526 min
model_saved, images_saved...
Epochs-8 (train) , D(x) : 0.5486, D(G(x)) : 0.2376
Elapsed Time: 0.1509 min
model_saved, images_saved...
Epochs-9 (train) , D(x) : 0.5352, D(G(x)) : 0.254
Elapsed Time: 0.1532 min
model_saved, images_saved...
Epochs-10 (train) , D(x) : 0.5262, D(G(x)) : 0.2597
Elapsed Time: 0.1516 min
model_saved, images_saved...
Epochs-11 (train) , D(x) : 0.5199, D(G(x)) : 0.2649
Elapsed Time: 0.1525 min
model_saved, images_saved...
Epochs-12 (train) , D(x) : 0.5163, D(G(x)) : 0.2671
Elapsed Time: 0.1516 min
model_saved, images_saved...
Epochs-13 (train) , D(x) : 0.5084, D(G(x)) : 0.2747
Elapsed Time: 0.1527 min
model_saved, images_saved...
Epochs-14 (train) , D(x) : 0.5025, D(G(x)) : 0.2785
Elapsed Time: 0.1505 min
model_saved, images_saved...
Epochs-15 (train) , D(x) : 0.4998, D(G(x)) : 0.281
Elapsed Time: 0.1517 min
model_saved, images_saved...
Epochs-16 (train) , D(x) : 0.4969, D(G(x)) : 0.2805
Elapsed Time: 0.1526 min
model_saved, images_saved...
Epochs-17 (train) , D(x) : 0.5082, D(G(x)) : 0.2615
Elapsed Time: 0.1533 min
model_saved, images_saved...
Epochs-18 (train) , D(x) : 0.534, D(G(x)) : 0.2038
Elapsed Time: 0.1535 min
model_saved, images_saved...
Epochs-19 (train) , D(x) : 0.5237, D(G(x)) : 0.2191
Elapsed Time: 0.1504 min
model_saved, images_saved...
Epochs-20 (train) , D(x) : 0.5187, D(G(x)) : 0.2278
Elapsed Time: 0.1532 min
model_saved, images_saved...
Epochs-21 (train) , D(x) : 0.5156, D(G(x)) : 0.2321
Elapsed Time: 0.1512 min
model_saved, images_saved...
Epochs-22 (train) , D(x) : 0.5136, D(G(x)) : 0.2338
Elapsed Time: 0.1513 min
model_saved, images_saved...
Epochs-23 (train) , D(x) : 0.5124, D(G(x)) : 0.2349
Elapsed Time: 0.1516 min
model_saved, images_saved...
Epochs-24 (train) , D(x) : 0.511, D(G(x)) : 0.2322
Elapsed Time: 0.1501 min
model_saved, images_saved...
Epochs-25 (train) , D(x) : 0.51, D(G(x)) : 0.2323
Elapsed Time: 0.151 min
model_saved, images_saved...
Epochs-26 (train) , D(x) : 0.5099, D(G(x)) : 0.2395
Elapsed Time: 0.1514 min
model_saved, images_saved...
Epochs-27 (train) , D(x) : 0.508, D(G(x)) : 0.2413
Elapsed Time: 0.1525 min
model_saved, images_saved...
Epochs-28 (train) , D(x) : 0.5068, D(G(x)) : 0.2437
Elapsed Time: 0.1509 min
model_saved, images_saved...
Epochs-29 (train) , D(x) : 0.5071, D(G(x)) : 0.2422
Elapsed Time: 0.1519 min
model_saved, images_saved...
Epochs-30 (train) , D(x) : 0.5054, D(G(x)) : 0.2432
Elapsed Time: 0.1537 min
model_saved, images_saved...
Epochs-31 (train) , D(x) : 0.506, D(G(x)) : 0.2433
Elapsed Time: 0.1539 min
model_saved, images_saved...
Epochs-32 (train) , D(x) : 0.5057, D(G(x)) : 0.2444
Elapsed Time: 0.1511 min
model_saved, images_saved...
Epochs-33 (train) , D(x) : 0.5049, D(G(x)) : 0.2448
Elapsed Time: 0.15 min
model_saved, images_saved...
Epochs-34 (train) , D(x) : 0.5046, D(G(x)) : 0.2453
Elapsed Time: 0.1509 min
model_saved, images_saved...
Epochs-35 (train) , D(x) : 0.5041, D(G(x)) : 0.2449
Elapsed Time: 0.1533 min
model_saved, images_saved...
Epochs-36 (train) , D(x) : 0.5041, D(G(x)) : 0.2456
Elapsed Time: 0.1522 min
model_saved, images_saved...
Epochs-37 (train) , D(x) : 0.5039, D(G(x)) : 0.25
Elapsed Time: 0.1517 min
model_saved, images_saved...
Epochs-38 (train) , D(x) : 0.5032, D(G(x)) : 0.2461
Elapsed Time: 0.151 min
model_saved, images_saved...
Epochs-39 (train) , D(x) : 0.5034, D(G(x)) : 0.2458
Elapsed Time: 0.1519 min
model_saved, images_saved...
Epochs-40 (train) , D(x) : 0.5029, D(G(x)) : 0.2467
Elapsed Time: 0.1534 min
model_saved, images_saved...
Epochs-41 (train) , D(x) : 0.503, D(G(x)) : 0.2462
Elapsed Time: 0.1521 min
model_saved, images_saved...
Epochs-42 (train) , D(x) : 0.5029, D(G(x)) : 0.2472
Elapsed Time: 0.1505 min
model_saved, images_saved...
Epochs-43 (train) , D(x) : 0.5027, D(G(x)) : 0.2484
Elapsed Time: 0.1507 min
model_saved, images_saved...
Epochs-44 (train) , D(x) : 0.5026, D(G(x)) : 0.2476
Elapsed Time: 0.1513 min
model_saved, images_saved...
Epochs-45 (train) , D(x) : 0.5025, D(G(x)) : 0.2468
Elapsed Time: 0.1536 min
model_saved, images_saved...
Epochs-46 (train) , D(x) : 0.5024, D(G(x)) : 0.2495
Elapsed Time: 0.1505 min
model_saved, images_saved...
Epochs-47 (train) , D(x) : 0.5022, D(G(x)) : 0.2494
Elapsed Time: 0.153 min
model_saved, images_saved...
Epochs-48 (train) , D(x) : 0.5019, D(G(x)) : 0.2502
Elapsed Time: 0.1523 min
model_saved, images_saved...
Epochs-49 (train) , D(x) : 0.5017, D(G(x)) : 0.25
Elapsed Time: 0.1538 min
model_saved, images_saved...
Epochs-50 (train) , D(x) : 0.5014, D(G(x)) : 0.25
Elapsed Time: 0.152 min
model_saved, images_saved...
Epochs-51 (train) , D(x) : 0.501, D(G(x)) : 0.2487
Elapsed Time: 0.152 min
model_saved, images_saved...
Epochs-52 (train) , D(x) : 0.5009, D(G(x)) : 0.2481
Elapsed Time: 0.1507 min
model_saved, images_saved...
Epochs-53 (train) , D(x) : 0.5013, D(G(x)) : 0.2505
Elapsed Time: 0.1518 min
model_saved, images_saved...
Epochs-54 (train) , D(x) : 0.5007, D(G(x)) : 0.2513
Elapsed Time: 0.1525 min
model_saved, images_saved...
Epochs-55 (train) , D(x) : 0.5015, D(G(x)) : 0.2485
Elapsed Time: 0.1512 min
model_saved, images_saved...
Epochs-56 (train) , D(x) : 0.5004, D(G(x)) : 0.2499
Elapsed Time: 0.1519 min
model_saved, images_saved...
Epochs-57 (train) , D(x) : 0.5012, D(G(x)) : 0.2505
Elapsed Time: 0.1518 min
model_saved, images_saved...
Epochs-58 (train) , D(x) : 0.5003, D(G(x)) : 0.2495
Elapsed Time: 0.1537 min
model_saved, images_saved...
Epochs-59 (train) , D(x) : 0.5012, D(G(x)) : 0.2534
Elapsed Time: 0.1526 min
model_saved, images_saved...
Epochs-60 (train) , D(x) : 0.5015, D(G(x)) : 0.2515
Elapsed Time: 0.1548 min
model_saved, images_saved...
Epochs-61 (train) , D(x) : 0.5009, D(G(x)) : 0.2499
Elapsed Time: 0.1521 min
model_saved, images_saved...
Epochs-62 (train) , D(x) : 0.5014, D(G(x)) : 0.2493
Elapsed Time: 0.1528 min
model_saved, images_saved...
Epochs-63 (train) , D(x) : 0.5014, D(G(x)) : 0.2491
Elapsed Time: 0.1521 min
model_saved, images_saved...
Epochs-64 (train) , D(x) : 0.5011, D(G(x)) : 0.2495
Elapsed Time: 0.1528 min
model_saved, images_saved...
Epochs-65 (train) , D(x) : 0.5012, D(G(x)) : 0.2492
Elapsed Time: 0.1533 min
model_saved, images_saved...
Epochs-66 (train) , D(x) : 0.5011, D(G(x)) : 0.2498
Elapsed Time: 0.1519 min
model_saved, images_saved...
Epochs-67 (train) , D(x) : 0.5013, D(G(x)) : 0.249
Elapsed Time: 0.1515 min
model_saved, images_saved...
Epochs-68 (train) , D(x) : 0.501, D(G(x)) : 0.2481
Elapsed Time: 0.1516 min
model_saved, images_saved...
Epochs-69 (train) , D(x) : 0.5009, D(G(x)) : 0.2498
Elapsed Time: 0.1507 min
model_saved, images_saved...
Epochs-70 (train) , D(x) : 0.5002, D(G(x)) : 0.2518
Elapsed Time: 0.1504 min
model_saved, images_saved...
Epochs-71 (train) , D(x) : 0.5001, D(G(x)) : 0.2504
Elapsed Time: 0.1544 min
model_saved, images_saved...
Epochs-72 (train) , D(x) : 0.5011, D(G(x)) : 0.2492
Elapsed Time: 0.153 min
model_saved, images_saved...
Epochs-73 (train) , D(x) : 0.5005, D(G(x)) : 0.2507
Elapsed Time: 0.1534 min
model_saved, images_saved...
Epochs-74 (train) , D(x) : 0.5012, D(G(x)) : 0.2495
Elapsed Time: 0.1524 min
model_saved, images_saved...
Epochs-75 (train) , D(x) : 0.5011, D(G(x)) : 0.2504
Elapsed Time: 0.1514 min
model_saved, images_saved...
Epochs-76 (train) , D(x) : 0.5009, D(G(x)) : 0.2494
Elapsed Time: 0.153 min
model_saved, images_saved...
Epochs-77 (train) , D(x) : 0.5004, D(G(x)) : 0.2483
Elapsed Time: 0.1523 min
model_saved, images_saved...
Epochs-78 (train) , D(x) : 0.501, D(G(x)) : 0.2507
Elapsed Time: 0.1522 min
model_saved, images_saved...
Epochs-79 (train) , D(x) : 0.5005, D(G(x)) : 0.2509
Elapsed Time: 0.1524 min
model_saved, images_saved...
Epochs-80 (train) , D(x) : 0.5005, D(G(x)) : 0.2505
Elapsed Time: 0.1508 min
model_saved, images_saved...
Epochs-81 (train) , D(x) : 0.5008, D(G(x)) : 0.2507
Elapsed Time: 0.1517 min
model_saved, images_saved...
Epochs-82 (train) , D(x) : 0.501, D(G(x)) : 0.2514
Elapsed Time: 0.1541 min
model_saved, images_saved...
Epochs-83 (train) , D(x) : 0.5008, D(G(x)) : 0.2499
Elapsed Time: 0.1517 min
model_saved, images_saved...
Epochs-84 (train) , D(x) : 0.5007, D(G(x)) : 0.2497
Elapsed Time: 0.1506 min
model_saved, images_saved...
Epochs-85 (train) , D(x) : 0.5006, D(G(x)) : 0.2475
Elapsed Time: 0.151 min
model_saved, images_saved...
Epochs-86 (train) , D(x) : 0.5005, D(G(x)) : 0.2487
Elapsed Time: 0.1525 min
model_saved, images_saved...
Epochs-87 (train) , D(x) : 0.5003, D(G(x)) : 0.2491
Elapsed Time: 0.1506 min
model_saved, images_saved...
Epochs-88 (train) , D(x) : 0.5004, D(G(x)) : 0.2494
Elapsed Time: 0.1531 min
model_saved, images_saved...
Epochs-89 (train) , D(x) : 0.5003, D(G(x)) : 0.2505
Elapsed Time: 0.1524 min
model_saved, images_saved...
Epochs-90 (train) , D(x) : 0.5005, D(G(x)) : 0.251
Elapsed Time: 0.1524 min
model_saved, images_saved...
Epochs-91 (train) , D(x) : 0.5002, D(G(x)) : 0.2513
Elapsed Time: 0.1519 min
model_saved, images_saved...
Epochs-92 (train) , D(x) : 0.5007, D(G(x)) : 0.2512
Elapsed Time: 0.1513 min
model_saved, images_saved...
Epochs-93 (train) , D(x) : 0.4999, D(G(x)) : 0.2498
Elapsed Time: 0.1523 min
model_saved, images_saved...
Epochs-94 (train) , D(x) : 0.5007, D(G(x)) : 0.2496
Elapsed Time: 0.1528 min
model_saved, images_saved...
Epochs-95 (train) , D(x) : 0.5007, D(G(x)) : 0.2506
Elapsed Time: 0.1512 min
model_saved, images_saved...
Epochs-96 (train) , D(x) : 0.5008, D(G(x)) : 0.2497
Elapsed Time: 0.1516 min
model_saved, images_saved...
Epochs-97 (train) , D(x) : 0.5012, D(G(x)) : 0.2496
Elapsed Time: 0.1508 min
model_saved, images_saved...
Epochs-98 (train) , D(x) : 0.501, D(G(x)) : 0.2492
Elapsed Time: 0.1513 min
model_saved, images_saved...
Epochs-99 (train) , D(x) : 0.5006, D(G(x)) : 0.25
Elapsed Time: 0.1522 min
model_saved, images_saved...
Epochs-100 (train) , D(x) : 0.5006, D(G(x)) : 0.2499
Elapsed Time: 0.1507 min
model_saved, images_saved...
Epochs-101 (train) , D(x) : 0.5002, D(G(x)) : 0.2504
Elapsed Time: 0.1527 min
model_saved, images_saved...
Epochs-102 (train) , D(x) : 0.5005, D(G(x)) : 0.2508
Elapsed Time: 0.1517 min
model_saved, images_saved...
Epochs-103 (train) , D(x) : 0.5004, D(G(x)) : 0.2513
Elapsed Time: 0.1529 min
model_saved, images_saved...
Epochs-104 (train) , D(x) : 0.5002, D(G(x)) : 0.2507
Elapsed Time: 0.1544 min
model_saved, images_saved...
Epochs-105 (train) , D(x) : 0.501, D(G(x)) : 0.2515
Elapsed Time: 0.151 min
model_saved, images_saved...
Epochs-106 (train) , D(x) : 0.5004, D(G(x)) : 0.2487
Elapsed Time: 0.1532 min
model_saved, images_saved...
Epochs-107 (train) , D(x) : 0.5005, D(G(x)) : 0.2491
Elapsed Time: 0.1526 min
model_saved, images_saved...
Epochs-108 (train) , D(x) : 0.5003, D(G(x)) : 0.2509
Elapsed Time: 0.1502 min
model_saved, images_saved...
Epochs-109 (train) , D(x) : 0.5002, D(G(x)) : 0.2505
Elapsed Time: 0.1516 min
model_saved, images_saved...
Epochs-110 (train) , D(x) : 0.5002, D(G(x)) : 0.252
Elapsed Time: 0.1526 min
model_saved, images_saved...
Epochs-111 (train) , D(x) : 0.5004, D(G(x)) : 0.2517
Elapsed Time: 0.1511 min
model_saved, images_saved...
Epochs-112 (train) , D(x) : 0.5001, D(G(x)) : 0.2501
Elapsed Time: 0.1518 min
model_saved, images_saved...
Epochs-113 (train) , D(x) : 0.5009, D(G(x)) : 0.2498
Elapsed Time: 0.1505 min
model_saved, images_saved...
Epochs-114 (train) , D(x) : 0.5005, D(G(x)) : 0.2512
Elapsed Time: 0.1522 min
model_saved, images_saved...
Epochs-115 (train) , D(x) : 0.5007, D(G(x)) : 0.2518
Elapsed Time: 0.1529 min
model_saved, images_saved...
Epochs-116 (train) , D(x) : 0.5004, D(G(x)) : 0.2498
Elapsed Time: 0.1513 min
model_saved, images_saved...
Epochs-117 (train) , D(x) : 0.5008, D(G(x)) : 0.2499
Elapsed Time: 0.1544 min
model_saved, images_saved...
Epochs-118 (train) , D(x) : 0.5003, D(G(x)) : 0.2502
Elapsed Time: 0.1508 min
model_saved, images_saved...
Epochs-119 (train) , D(x) : 0.4997, D(G(x)) : 0.2515
Elapsed Time: 0.1523 min
model_saved, images_saved...
Epochs-120 (train) , D(x) : 0.5004, D(G(x)) : 0.2506
Elapsed Time: 0.1517 min
model_saved, images_saved...
Epochs-121 (train) , D(x) : 0.5005, D(G(x)) : 0.2497
Elapsed Time: 0.1508 min
model_saved, images_saved...
Epochs-122 (train) , D(x) : 0.5002, D(G(x)) : 0.2501
Elapsed Time: 0.1517 min
model_saved, images_saved...
Epochs-123 (train) , D(x) : 0.4996, D(G(x)) : 0.2501
Elapsed Time: 0.1519 min
model_saved, images_saved...
Epochs-124 (train) , D(x) : 0.4999, D(G(x)) : 0.251
Elapsed Time: 0.1512 min
model_saved, images_saved...
Epochs-125 (train) , D(x) : 0.5002, D(G(x)) : 0.252
Elapsed Time: 0.1519 min
model_saved, images_saved...
Epochs-126 (train) , D(x) : 0.5004, D(G(x)) : 0.2508
Elapsed Time: 0.1516 min
model_saved, images_saved...
Epochs-127 (train) , D(x) : 0.5003, D(G(x)) : 0.2497
Elapsed Time: 0.1506 min
model_saved, images_saved...
Epochs-128 (train) , D(x) : 0.5009, D(G(x)) : 0.2479
Elapsed Time: 0.1525 min
model_saved, images_saved...
Epochs-129 (train) , D(x) : 0.501, D(G(x)) : 0.2491
Elapsed Time: 0.1519 min
model_saved, images_saved...
Epochs-130 (train) , D(x) : 0.5006, D(G(x)) : 0.2504
Elapsed Time: 0.1522 min
model_saved, images_saved...
Epochs-131 (train) , D(x) : 0.4996, D(G(x)) : 0.2509
Elapsed Time: 0.1515 min
model_saved, images_saved...
Epochs-132 (train) , D(x) : 0.4998, D(G(x)) : 0.2517
Elapsed Time: 0.152 min
model_saved, images_saved...
Epochs-133 (train) , D(x) : 0.5006, D(G(x)) : 0.2528
Elapsed Time: 0.1503 min
model_saved, images_saved...
Epochs-134 (train) , D(x) : 0.5001, D(G(x)) : 0.2503
Elapsed Time: 0.1522 min
model_saved, images_saved...
Epochs-135 (train) , D(x) : 0.5001, D(G(x)) : 0.2518
Elapsed Time: 0.1516 min
model_saved, images_saved...
Epochs-136 (train) , D(x) : 0.4995, D(G(x)) : 0.2514
Elapsed Time: 0.151 min
model_saved, images_saved...
Epochs-137 (train) , D(x) : 0.4996, D(G(x)) : 0.2505
Elapsed Time: 0.1528 min
model_saved, images_saved...
Epochs-138 (train) , D(x) : 0.5003, D(G(x)) : 0.2506
Elapsed Time: 0.1509 min
model_saved, images_saved...
Epochs-139 (train) , D(x) : 0.5004, D(G(x)) : 0.2504
Elapsed Time: 0.1541 min
model_saved, images_saved...
Epochs-140 (train) , D(x) : 0.5002, D(G(x)) : 0.2505
Elapsed Time: 0.1516 min
model_saved, images_saved...
Epochs-141 (train) , D(x) : 0.5001, D(G(x)) : 0.2504
Elapsed Time: 0.1531 min
model_saved, images_saved...
Epochs-142 (train) , D(x) : 0.5005, D(G(x)) : 0.2511
Elapsed Time: 0.153 min
model_saved, images_saved...
Epochs-143 (train) , D(x) : 0.5001, D(G(x)) : 0.2513
Elapsed Time: 0.1528 min
model_saved, images_saved...
Epochs-144 (train) , D(x) : 0.4998, D(G(x)) : 0.2502
Elapsed Time: 0.1505 min
model_saved, images_saved...
Epochs-145 (train) , D(x) : 0.5003, D(G(x)) : 0.251
Elapsed Time: 0.1504 min
model_saved, images_saved...
Epochs-146 (train) , D(x) : 0.5, D(G(x)) : 0.2503
Elapsed Time: 0.1529 min
model_saved, images_saved...
Epochs-147 (train) , D(x) : 0.5005, D(G(x)) : 0.2492
Elapsed Time: 0.1504 min
model_saved, images_saved...
Epochs-148 (train) , D(x) : 0.4997, D(G(x)) : 0.2526
Elapsed Time: 0.1519 min
model_saved, images_saved...
Epochs-149 (train) , D(x) : 0.4999, D(G(x)) : 0.2523
Elapsed Time: 0.1513 min
model_saved, images_saved...
Epochs-150 (train) , D(x) : 0.4996, D(G(x)) : 0.2517
Elapsed Time: 0.1526 min
model_saved, images_saved...
Epochs-151 (train) , D(x) : 0.499, D(G(x)) : 0.2538
Elapsed Time: 0.1504 min
model_saved, images_saved...
Epochs-152 (train) , D(x) : 0.4992, D(G(x)) : 0.2549
Elapsed Time: 0.1504 min
model_saved, images_saved...
Epochs-153 (train) , D(x) : 0.4975, D(G(x)) : 0.2534
Elapsed Time: 0.151 min
model_saved, images_saved...
Epochs-154 (train) , D(x) : 0.4992, D(G(x)) : 0.2505
Elapsed Time: 0.1511 min
model_saved, images_saved...
Epochs-155 (train) , D(x) : 0.4993, D(G(x)) : 0.2511
Elapsed Time: 0.155 min
model_saved, images_saved...
Epochs-156 (train) , D(x) : 0.4994, D(G(x)) : 0.2532
Elapsed Time: 0.1521 min
model_saved, images_saved...
Epochs-157 (train) , D(x) : 0.5004, D(G(x)) : 0.251
Elapsed Time: 0.1528 min
model_saved, images_saved...
Epochs-158 (train) , D(x) : 0.4994, D(G(x)) : 0.2503
Elapsed Time: 0.1525 min
model_saved, images_saved...
Epochs-159 (train) , D(x) : 0.5004, D(G(x)) : 0.2527
Elapsed Time: 0.151 min
model_saved, images_saved...
Epochs-160 (train) , D(x) : 0.4999, D(G(x)) : 0.2525
Elapsed Time: 0.1523 min
model_saved, images_saved...
Epochs-161 (train) , D(x) : 0.5006, D(G(x)) : 0.2528
Elapsed Time: 0.1549 min
model_saved, images_saved...
Epochs-162 (train) , D(x) : 0.4994, D(G(x)) : 0.2501
Elapsed Time: 0.1533 min
model_saved, images_saved...
Epochs-163 (train) , D(x) : 0.4998, D(G(x)) : 0.2524
Elapsed Time: 0.1518 min
model_saved, images_saved...
Epochs-164 (train) , D(x) : 0.4988, D(G(x)) : 0.2521
Elapsed Time: 0.1526 min
model_saved, images_saved...
Epochs-165 (train) , D(x) : 0.5003, D(G(x)) : 0.2509
Elapsed Time: 0.1524 min
model_saved, images_saved...
Epochs-166 (train) , D(x) : 0.4991, D(G(x)) : 0.2555
Elapsed Time: 0.1519 min
model_saved, images_saved...
Epochs-167 (train) , D(x) : 0.5001, D(G(x)) : 0.2512
Elapsed Time: 0.151 min
model_saved, images_saved...
Epochs-168 (train) , D(x) : 0.4996, D(G(x)) : 0.2546
Elapsed Time: 0.1514 min
model_saved, images_saved...
Epochs-169 (train) , D(x) : 0.4994, D(G(x)) : 0.2504
Elapsed Time: 0.1503 min
model_saved, images_saved...
Epochs-170 (train) , D(x) : 0.4988, D(G(x)) : 0.2514
Elapsed Time: 0.1517 min
model_saved, images_saved...
Epochs-171 (train) , D(x) : 0.4994, D(G(x)) : 0.2509
Elapsed Time: 0.1514 min
model_saved, images_saved...
Epochs-172 (train) , D(x) : 0.4983, D(G(x)) : 0.2514
Elapsed Time: 0.1551 min
model_saved, images_saved...
Epochs-173 (train) , D(x) : 0.4997, D(G(x)) : 0.2514
Elapsed Time: 0.1512 min
model_saved, images_saved...
Epochs-174 (train) , D(x) : 0.4994, D(G(x)) : 0.254
Elapsed Time: 0.1526 min
model_saved, images_saved...
Epochs-175 (train) , D(x) : 0.499, D(G(x)) : 0.2524
Elapsed Time: 0.1524 min
model_saved, images_saved...
Epochs-176 (train) , D(x) : 0.4988, D(G(x)) : 0.2546
Elapsed Time: 0.1535 min
model_saved, images_saved...
Epochs-177 (train) , D(x) : 0.4984, D(G(x)) : 0.253
Elapsed Time: 0.1519 min
model_saved, images_saved...
Epochs-178 (train) , D(x) : 0.4991, D(G(x)) : 0.2533
Elapsed Time: 0.1515 min
model_saved, images_saved...
Epochs-179 (train) , D(x) : 0.4998, D(G(x)) : 0.25
Elapsed Time: 0.1523 min
model_saved, images_saved...
Epochs-180 (train) , D(x) : 0.4997, D(G(x)) : 0.2514
Elapsed Time: 0.1522 min
model_saved, images_saved...
Epochs-181 (train) , D(x) : 0.4985, D(G(x)) : 0.2533
Elapsed Time: 0.1539 min
model_saved, images_saved...
Epochs-182 (train) , D(x) : 0.5001, D(G(x)) : 0.2524
Elapsed Time: 0.1509 min
model_saved, images_saved...
Epochs-183 (train) , D(x) : 0.5003, D(G(x)) : 0.2497
Elapsed Time: 0.1527 min
model_saved, images_saved...
Epochs-184 (train) , D(x) : 0.4993, D(G(x)) : 0.2511
Elapsed Time: 0.1512 min
model_saved, images_saved...
Epochs-185 (train) , D(x) : 0.4998, D(G(x)) : 0.2522
Elapsed Time: 0.1535 min
model_saved, images_saved...
Epochs-186 (train) , D(x) : 0.4998, D(G(x)) : 0.2478
Elapsed Time: 0.1519 min
model_saved, images_saved...
Epochs-187 (train) , D(x) : 0.499, D(G(x)) : 0.2512
Elapsed Time: 0.1516 min
model_saved, images_saved...
Epochs-188 (train) , D(x) : 0.4989, D(G(x)) : 0.2522
Elapsed Time: 0.1513 min
model_saved, images_saved...
Epochs-189 (train) , D(x) : 0.5, D(G(x)) : 0.2503
Elapsed Time: 0.1522 min
model_saved, images_saved...
Epochs-190 (train) , D(x) : 0.5, D(G(x)) : 0.2512
Elapsed Time: 0.1519 min
model_saved, images_saved...
Epochs-191 (train) , D(x) : 0.4998, D(G(x)) : 0.2487
Elapsed Time: 0.1506 min
model_saved, images_saved...
Epochs-192 (train) , D(x) : 0.5004, D(G(x)) : 0.2488
Elapsed Time: 0.1522 min
model_saved, images_saved...
Epochs-193 (train) , D(x) : 0.5004, D(G(x)) : 0.2491
Elapsed Time: 0.1503 min
model_saved, images_saved...
Epochs-194 (train) , D(x) : 0.5, D(G(x)) : 0.2507
Elapsed Time: 0.1536 min
model_saved, images_saved...
Epochs-195 (train) , D(x) : 0.5001, D(G(x)) : 0.2505
Elapsed Time: 0.1514 min
model_saved, images_saved...
Epochs-196 (train) , D(x) : 0.5, D(G(x)) : 0.2509
Elapsed Time: 0.1521 min
model_saved, images_saved...
Epochs-197 (train) , D(x) : 0.5002, D(G(x)) : 0.2499
Elapsed Time: 0.1505 min
model_saved, images_saved...
Epochs-198 (train) , D(x) : 0.5001, D(G(x)) : 0.2504
Elapsed Time: 0.1515 min
model_saved, images_saved...
Epochs-199 (train) , D(x) : 0.5002, D(G(x)) : 0.2501
Elapsed Time: 0.1521 min
model_saved, images_saved...
Epochs-200 (train) , D(x) : 0.5006, D(G(x)) : 0.2507
Elapsed Time: 0.1516 min
model_saved, images_saved...
Epochs-201 (train) , D(x) : 0.5004, D(G(x)) : 0.2504
Elapsed Time: 0.1529 min
model_saved, images_saved...
Epochs-202 (train) , D(x) : 0.5003, D(G(x)) : 0.2498
Elapsed Time: 0.1523 min
model_saved, images_saved...
Epochs-203 (train) , D(x) : 0.5002, D(G(x)) : 0.2517
Elapsed Time: 0.1516 min
model_saved, images_saved...
Epochs-204 (train) , D(x) : 0.5001, D(G(x)) : 0.2514
Elapsed Time: 0.1517 min
model_saved, images_saved...
Epochs-205 (train) , D(x) : 0.5003, D(G(x)) : 0.2517
Elapsed Time: 0.1539 min
model_saved, images_saved...
Epochs-206 (train) , D(x) : 0.4998, D(G(x)) : 0.2519
Elapsed Time: 0.1529 min
model_saved, images_saved...
Epochs-207 (train) , D(x) : 0.4998, D(G(x)) : 0.2501
Elapsed Time: 0.1509 min
model_saved, images_saved...
Epochs-208 (train) , D(x) : 0.4997, D(G(x)) : 0.2512
Elapsed Time: 0.1532 min
model_saved, images_saved...
Epochs-209 (train) , D(x) : 0.4996, D(G(x)) : 0.2517
Elapsed Time: 0.152 min
model_saved, images_saved...
Epochs-210 (train) , D(x) : 0.4995, D(G(x)) : 0.2508
Elapsed Time: 0.1512 min
model_saved, images_saved...
Epochs-211 (train) , D(x) : 0.4997, D(G(x)) : 0.2509
Elapsed Time: 0.1499 min
model_saved, images_saved...
Epochs-212 (train) , D(x) : 0.4995, D(G(x)) : 0.2528
Elapsed Time: 0.1509 min
model_saved, images_saved...
Epochs-213 (train) , D(x) : 0.4995, D(G(x)) : 0.2494
Elapsed Time: 0.1505 min
model_saved, images_saved...
Epochs-214 (train) , D(x) : 0.4995, D(G(x)) : 0.2521
Elapsed Time: 0.151 min
model_saved, images_saved...
Epochs-215 (train) , D(x) : 0.4997, D(G(x)) : 0.2509
Elapsed Time: 0.1517 min
model_saved, images_saved...
Epochs-216 (train) , D(x) : 0.4996, D(G(x)) : 0.2503
Elapsed Time: 0.154 min
model_saved, images_saved...
Epochs-217 (train) , D(x) : 0.4995, D(G(x)) : 0.2526
Elapsed Time: 0.1514 min
model_saved, images_saved...
Epochs-218 (train) , D(x) : 0.4993, D(G(x)) : 0.2521
Elapsed Time: 0.1521 min
model_saved, images_saved...
Epochs-219 (train) , D(x) : 0.4993, D(G(x)) : 0.2507
Elapsed Time: 0.151 min
model_saved, images_saved...
Epochs-220 (train) , D(x) : 0.4991, D(G(x)) : 0.2513
Elapsed Time: 0.1515 min
model_saved, images_saved...
Epochs-221 (train) , D(x) : 0.4993, D(G(x)) : 0.2514
Elapsed Time: 0.1512 min
model_saved, images_saved...
Epochs-222 (train) , D(x) : 0.4992, D(G(x)) : 0.2515
Elapsed Time: 0.1521 min
model_saved, images_saved...
Epochs-223 (train) , D(x) : 0.4987, D(G(x)) : 0.2519
Elapsed Time: 0.1508 min
model_saved, images_saved...
Epochs-224 (train) , D(x) : 0.499, D(G(x)) : 0.2523
Elapsed Time: 0.1522 min
model_saved, images_saved...
Epochs-225 (train) , D(x) : 0.4988, D(G(x)) : 0.2519
Elapsed Time: 0.1531 min
model_saved, images_saved...
Epochs-226 (train) , D(x) : 0.4988, D(G(x)) : 0.2537
Elapsed Time: 0.1539 min
model_saved, images_saved...
Epochs-227 (train) , D(x) : 0.4987, D(G(x)) : 0.2512
Elapsed Time: 0.1531 min
model_saved, images_saved...
Epochs-228 (train) , D(x) : 0.4989, D(G(x)) : 0.2523
Elapsed Time: 0.1509 min
model_saved, images_saved...
Epochs-229 (train) , D(x) : 0.4985, D(G(x)) : 0.2518
Elapsed Time: 0.1513 min
model_saved, images_saved...
Epochs-230 (train) , D(x) : 0.4987, D(G(x)) : 0.2513
Elapsed Time: 0.1516 min
model_saved, images_saved...
Epochs-231 (train) , D(x) : 0.4987, D(G(x)) : 0.2523
Elapsed Time: 0.1526 min
model_saved, images_saved...
Epochs-232 (train) , D(x) : 0.4984, D(G(x)) : 0.2525
Elapsed Time: 0.1514 min
model_saved, images_saved...
Epochs-233 (train) , D(x) : 0.4987, D(G(x)) : 0.2508
Elapsed Time: 0.1505 min
model_saved, images_saved...
Epochs-234 (train) , D(x) : 0.4986, D(G(x)) : 0.2525
Elapsed Time: 0.1514 min
model_saved, images_saved...
Epochs-235 (train) , D(x) : 0.4985, D(G(x)) : 0.2522
Elapsed Time: 0.1517 min
model_saved, images_saved...
Epochs-236 (train) , D(x) : 0.4986, D(G(x)) : 0.2522
Elapsed Time: 0.1513 min
model_saved, images_saved...
Epochs-237 (train) , D(x) : 0.4982, D(G(x)) : 0.2536
Elapsed Time: 0.1503 min
model_saved, images_saved...
Epochs-238 (train) , D(x) : 0.4976, D(G(x)) : 0.2518
Elapsed Time: 0.1552 min
model_saved, images_saved...
Epochs-239 (train) , D(x) : 0.4977, D(G(x)) : 0.2558
Elapsed Time: 0.1518 min
model_saved, images_saved...
Epochs-240 (train) , D(x) : 0.4977, D(G(x)) : 0.2548
Elapsed Time: 0.152 min
model_saved, images_saved...
Epochs-241 (train) , D(x) : 0.4965, D(G(x)) : 0.2553
Elapsed Time: 0.1507 min
model_saved, images_saved...
Epochs-242 (train) , D(x) : 0.497, D(G(x)) : 0.2554
Elapsed Time: 0.1498 min
model_saved, images_saved...
Epochs-243 (train) , D(x) : 0.497, D(G(x)) : 0.2577
Elapsed Time: 0.1521 min
model_saved, images_saved...
Epochs-244 (train) , D(x) : 0.4967, D(G(x)) : 0.2545
Elapsed Time: 0.1518 min
model_saved, images_saved...
Epochs-245 (train) , D(x) : 0.4973, D(G(x)) : 0.2548
Elapsed Time: 0.1519 min
model_saved, images_saved...
Epochs-246 (train) , D(x) : 0.4962, D(G(x)) : 0.256
Elapsed Time: 0.1524 min
model_saved, images_saved...
Epochs-247 (train) , D(x) : 0.4957, D(G(x)) : 0.2562
Elapsed Time: 0.1523 min
model_saved, images_saved...
Epochs-248 (train) , D(x) : 0.4974, D(G(x)) : 0.2547
Elapsed Time: 0.1515 min
model_saved, images_saved...
Epochs-249 (train) , D(x) : 0.4965, D(G(x)) : 0.2539
Elapsed Time: 0.1528 min
model_saved, images_saved...
Epochs-250 (train) , D(x) : 0.4964, D(G(x)) : 0.2532
Elapsed Time: 0.1503 min
model_saved, images_saved...
Epochs-251 (train) , D(x) : 0.4959, D(G(x)) : 0.255
Elapsed Time: 0.1521 min
model_saved, images_saved...
Epochs-252 (train) , D(x) : 0.4971, D(G(x)) : 0.2554
Elapsed Time: 0.1517 min
model_saved, images_saved...
Epochs-253 (train) , D(x) : 0.4972, D(G(x)) : 0.2525
Elapsed Time: 0.1516 min
model_saved, images_saved...
Epochs-254 (train) , D(x) : 0.4965, D(G(x)) : 0.2555
Elapsed Time: 0.1505 min
model_saved, images_saved...
Epochs-255 (train) , D(x) : 0.497, D(G(x)) : 0.2558
Elapsed Time: 0.1512 min
model_saved, images_saved...
Epochs-256 (train) , D(x) : 0.4966, D(G(x)) : 0.2542
Elapsed Time: 0.1512 min
model_saved, images_saved...
Epochs-257 (train) , D(x) : 0.4956, D(G(x)) : 0.2575
Elapsed Time: 0.1514 min
model_saved, images_saved...
Epochs-258 (train) , D(x) : 0.4943, D(G(x)) : 0.2592
Elapsed Time: 0.1516 min
model_saved, images_saved...
Epochs-259 (train) , D(x) : 0.4953, D(G(x)) : 0.2564
Elapsed Time: 0.1504 min
model_saved, images_saved...
Epochs-260 (train) , D(x) : 0.4931, D(G(x)) : 0.2581
Elapsed Time: 0.1526 min
model_saved, images_saved...
Epochs-261 (train) , D(x) : 0.4933, D(G(x)) : 0.2588
Elapsed Time: 0.1516 min
model_saved, images_saved...
Epochs-262 (train) , D(x) : 0.495, D(G(x)) : 0.2593
Elapsed Time: 0.1528 min
model_saved, images_saved...
Epochs-263 (train) , D(x) : 0.4916, D(G(x)) : 0.2599
Elapsed Time: 0.151 min
model_saved, images_saved...
Epochs-264 (train) , D(x) : 0.4919, D(G(x)) : 0.2631
Elapsed Time: 0.1524 min
model_saved, images_saved...
Epochs-265 (train) , D(x) : 0.4914, D(G(x)) : 0.2635
Elapsed Time: 0.1516 min
model_saved, images_saved...
Epochs-266 (train) , D(x) : 0.4894, D(G(x)) : 0.266
Elapsed Time: 0.1526 min
model_saved, images_saved...
Epochs-267 (train) , D(x) : 0.4904, D(G(x)) : 0.2662
Elapsed Time: 0.1508 min
model_saved, images_saved...
Epochs-268 (train) , D(x) : 0.4898, D(G(x)) : 0.2678
Elapsed Time: 0.1501 min
model_saved, images_saved...
Epochs-269 (train) , D(x) : 0.4876, D(G(x)) : 0.2679
Elapsed Time: 0.1544 min
model_saved, images_saved...
Epochs-270 (train) , D(x) : 0.4885, D(G(x)) : 0.2651
Elapsed Time: 0.153 min
model_saved, images_saved...
Epochs-271 (train) , D(x) : 0.4868, D(G(x)) : 0.27
Elapsed Time: 0.1532 min
model_saved, images_saved...
Epochs-272 (train) , D(x) : 0.4848, D(G(x)) : 0.2692
Elapsed Time: 0.1503 min
model_saved, images_saved...
Epochs-273 (train) , D(x) : 0.4823, D(G(x)) : 0.2705
Elapsed Time: 0.1509 min
model_saved, images_saved...
Epochs-274 (train) , D(x) : 0.481, D(G(x)) : 0.275
Elapsed Time: 0.1509 min
model_saved, images_saved...
Epochs-275 (train) , D(x) : 0.4817, D(G(x)) : 0.2741
Elapsed Time: 0.1518 min
model_saved, images_saved...
Epochs-276 (train) , D(x) : 0.482, D(G(x)) : 0.2756
Elapsed Time: 0.1525 min
model_saved, images_saved...
Epochs-277 (train) , D(x) : 0.4812, D(G(x)) : 0.2778
Elapsed Time: 0.1504 min
model_saved, images_saved...
Epochs-278 (train) , D(x) : 0.4785, D(G(x)) : 0.2737
Elapsed Time: 0.1509 min
model_saved, images_saved...
Epochs-279 (train) , D(x) : 0.4817, D(G(x)) : 0.2729
Elapsed Time: 0.1507 min
model_saved, images_saved...
Epochs-280 (train) , D(x) : 0.478, D(G(x)) : 0.2729
Elapsed Time: 0.1505 min
model_saved, images_saved...
Epochs-281 (train) , D(x) : 0.4813, D(G(x)) : 0.2739
Elapsed Time: 0.1513 min
model_saved, images_saved...
Epochs-282 (train) , D(x) : 0.477, D(G(x)) : 0.276
Elapsed Time: 0.1522 min
model_saved, images_saved...
Epochs-283 (train) , D(x) : 0.4782, D(G(x)) : 0.2723
Elapsed Time: 0.1511 min
model_saved, images_saved...
Epochs-284 (train) , D(x) : 0.4766, D(G(x)) : 0.2728
Elapsed Time: 0.1512 min
model_saved, images_saved...
Epochs-285 (train) , D(x) : 0.4755, D(G(x)) : 0.2766
Elapsed Time: 0.1516 min
model_saved, images_saved...
Epochs-286 (train) , D(x) : 0.4759, D(G(x)) : 0.2788
Elapsed Time: 0.1503 min
model_saved, images_saved...
Epochs-287 (train) , D(x) : 0.4673, D(G(x)) : 0.2878
Elapsed Time: 0.1518 min
model_saved, images_saved...
Epochs-288 (train) , D(x) : 0.4648, D(G(x)) : 0.2848
Elapsed Time: 0.1521 min
model_saved, images_saved...
Epochs-289 (train) , D(x) : 0.4671, D(G(x)) : 0.2868
Elapsed Time: 0.1508 min
model_saved, images_saved...
Epochs-290 (train) , D(x) : 0.465, D(G(x)) : 0.2841
Elapsed Time: 0.1512 min
model_saved, images_saved...
Epochs-291 (train) , D(x) : 0.4656, D(G(x)) : 0.279
Elapsed Time: 0.1497 min
model_saved, images_saved...
Epochs-292 (train) , D(x) : 0.4632, D(G(x)) : 0.2807
Elapsed Time: 0.1528 min
model_saved, images_saved...
Epochs-293 (train) , D(x) : 0.4619, D(G(x)) : 0.2825
Elapsed Time: 0.1547 min
model_saved, images_saved...
Epochs-294 (train) , D(x) : 0.4633, D(G(x)) : 0.2835
Elapsed Time: 0.1515 min
model_saved, images_saved...
Epochs-295 (train) , D(x) : 0.4589, D(G(x)) : 0.2883
Elapsed Time: 0.1493 min
model_saved, images_saved...
Epochs-296 (train) , D(x) : 0.457, D(G(x)) : 0.2909
Elapsed Time: 0.1497 min
model_saved, images_saved...
Epochs-297 (train) , D(x) : 0.4563, D(G(x)) : 0.2896
Elapsed Time: 0.1514 min
model_saved, images_saved...
Epochs-298 (train) , D(x) : 0.4554, D(G(x)) : 0.2876
Elapsed Time: 0.1507 min
model_saved, images_saved...
Epochs-299 (train) , D(x) : 0.4514, D(G(x)) : 0.2936
Elapsed Time: 0.1506 min
model_saved, images_saved...
Epochs-300 (train) , D(x) : 0.456, D(G(x)) : 0.2904
Elapsed Time: 0.1477 min
model_saved, images_saved...
Epochs-301 (train) , D(x) : 0.4507, D(G(x)) : 0.2912
Elapsed Time: 0.1504 min
model_saved, images_saved...
Epochs-302 (train) , D(x) : 0.4522, D(G(x)) : 0.2899
Elapsed Time: 0.1495 min
model_saved, images_saved...
Epochs-303 (train) , D(x) : 0.4522, D(G(x)) : 0.2939
Elapsed Time: 0.1515 min
model_saved, images_saved...
Epochs-304 (train) , D(x) : 0.4493, D(G(x)) : 0.2937
Elapsed Time: 0.1512 min
model_saved, images_saved...
Epochs-305 (train) , D(x) : 0.4489, D(G(x)) : 0.2965
Elapsed Time: 0.149 min
model_saved, images_saved...
Epochs-306 (train) , D(x) : 0.4468, D(G(x)) : 0.2939
Elapsed Time: 0.1483 min
model_saved, images_saved...
Epochs-307 (train) , D(x) : 0.4435, D(G(x)) : 0.3042
Elapsed Time: 0.1501 min
model_saved, images_saved...
Epochs-308 (train) , D(x) : 0.4364, D(G(x)) : 0.3078
Elapsed Time: 0.1465 min
model_saved, images_saved...
Epochs-309 (train) , D(x) : 0.4408, D(G(x)) : 0.2979
Elapsed Time: 0.1421 min
model_saved, images_saved...
Epochs-310 (train) , D(x) : 0.4428, D(G(x)) : 0.2965
Elapsed Time: 0.1442 min
model_saved, images_saved...
Epochs-311 (train) , D(x) : 0.4362, D(G(x)) : 0.2975
Elapsed Time: 0.1471 min
model_saved, images_saved...
Epochs-312 (train) , D(x) : 0.4392, D(G(x)) : 0.2989
Elapsed Time: 0.146 min
model_saved, images_saved...
Epochs-313 (train) , D(x) : 0.44, D(G(x)) : 0.2999
Elapsed Time: 0.1441 min
model_saved, images_saved...
Epochs-314 (train) , D(x) : 0.4374, D(G(x)) : 0.2979
Elapsed Time: 0.1422 min
model_saved, images_saved...
Epochs-315 (train) , D(x) : 0.4384, D(G(x)) : 0.2979
Elapsed Time: 0.1451 min
model_saved, images_saved...
Epochs-316 (train) , D(x) : 0.4341, D(G(x)) : 0.303
Elapsed Time: 0.14 min
model_saved, images_saved...
Epochs-317 (train) , D(x) : 0.4312, D(G(x)) : 0.3031
Elapsed Time: 0.1365 min
model_saved, images_saved...
Epochs-318 (train) , D(x) : 0.4341, D(G(x)) : 0.2996
Elapsed Time: 0.1359 min
model_saved, images_saved...
Epochs-319 (train) , D(x) : 0.4348, D(G(x)) : 0.3
Elapsed Time: 0.1366 min
model_saved, images_saved...
Epochs-320 (train) , D(x) : 0.4344, D(G(x)) : 0.3015
Elapsed Time: 0.1411 min
model_saved, images_saved...
Epochs-321 (train) , D(x) : 0.4314, D(G(x)) : 0.2991
Elapsed Time: 0.137 min
model_saved, images_saved...
Epochs-322 (train) , D(x) : 0.4333, D(G(x)) : 0.3036
Elapsed Time: 0.1376 min
model_saved, images_saved...
Epochs-323 (train) , D(x) : 0.4328, D(G(x)) : 0.3022
Elapsed Time: 0.1382 min
model_saved, images_saved...
Epochs-324 (train) , D(x) : 0.4314, D(G(x)) : 0.3008
Elapsed Time: 0.1362 min
model_saved, images_saved...
Epochs-325 (train) , D(x) : 0.4307, D(G(x)) : 0.3032
Elapsed Time: 0.1395 min
model_saved, images_saved...
Epochs-326 (train) , D(x) : 0.4304, D(G(x)) : 0.303
Elapsed Time: 0.141 min
model_saved, images_saved...
Epochs-327 (train) , D(x) : 0.4265, D(G(x)) : 0.3033
Elapsed Time: 0.1341 min
model_saved, images_saved...
Epochs-328 (train) , D(x) : 0.4266, D(G(x)) : 0.3043
Elapsed Time: 0.1351 min
model_saved, images_saved...
Epochs-329 (train) , D(x) : 0.4292, D(G(x)) : 0.3036
Elapsed Time: 0.1399 min
model_saved, images_saved...
Epochs-330 (train) , D(x) : 0.4276, D(G(x)) : 0.306
Elapsed Time: 0.1343 min
model_saved, images_saved...
Epochs-331 (train) , D(x) : 0.4272, D(G(x)) : 0.3063
Elapsed Time: 0.1352 min
model_saved, images_saved...
Epochs-332 (train) , D(x) : 0.4262, D(G(x)) : 0.304
Elapsed Time: 0.1351 min
model_saved, images_saved...
Epochs-333 (train) , D(x) : 0.4209, D(G(x)) : 0.3111
Elapsed Time: 0.1364 min
model_saved, images_saved...
Epochs-334 (train) , D(x) : 0.4244, D(G(x)) : 0.3054
Elapsed Time: 0.1343 min
model_saved, images_saved...
Epochs-335 (train) , D(x) : 0.4255, D(G(x)) : 0.3022
Elapsed Time: 0.133 min
model_saved, images_saved...
Epochs-336 (train) , D(x) : 0.4212, D(G(x)) : 0.3046
Elapsed Time: 0.1356 min
model_saved, images_saved...
Epochs-337 (train) , D(x) : 0.4197, D(G(x)) : 0.3047
Elapsed Time: 0.1362 min
model_saved, images_saved...
Epochs-338 (train) , D(x) : 0.4201, D(G(x)) : 0.3032
Elapsed Time: 0.1303 min
model_saved, images_saved...
Epochs-339 (train) , D(x) : 0.4231, D(G(x)) : 0.3038
Elapsed Time: 0.1349 min
model_saved, images_saved...
Epochs-340 (train) , D(x) : 0.4216, D(G(x)) : 0.3089
Elapsed Time: 0.1359 min
model_saved, images_saved...
Epochs-341 (train) , D(x) : 0.4251, D(G(x)) : 0.3023
Elapsed Time: 0.1348 min
model_saved, images_saved...
Epochs-342 (train) , D(x) : 0.4222, D(G(x)) : 0.3057
Elapsed Time: 0.1363 min
model_saved, images_saved...
Epochs-343 (train) , D(x) : 0.4207, D(G(x)) : 0.3058
Elapsed Time: 0.1304 min
model_saved, images_saved...
Epochs-344 (train) , D(x) : 0.4229, D(G(x)) : 0.3042
Elapsed Time: 0.1315 min
model_saved, images_saved...
Epochs-345 (train) , D(x) : 0.4227, D(G(x)) : 0.3039
Elapsed Time: 0.1313 min
model_saved, images_saved...
Epochs-346 (train) , D(x) : 0.421, D(G(x)) : 0.303
Elapsed Time: 0.1302 min
model_saved, images_saved...
Epochs-347 (train) , D(x) : 0.4236, D(G(x)) : 0.3054
Elapsed Time: 0.1312 min
model_saved, images_saved...
Epochs-348 (train) , D(x) : 0.4205, D(G(x)) : 0.3056
Elapsed Time: 0.1352 min
model_saved, images_saved...
Epochs-349 (train) , D(x) : 0.42, D(G(x)) : 0.3045
Elapsed Time: 0.1284 min
model_saved, images_saved...
Epochs-350 (train) , D(x) : 0.4201, D(G(x)) : 0.3015
Elapsed Time: 0.1254 min
model_saved, images_saved...
Epochs-351 (train) , D(x) : 0.4252, D(G(x)) : 0.3019
Elapsed Time: 0.1241 min
model_saved, images_saved...
Epochs-352 (train) , D(x) : 0.4182, D(G(x)) : 0.3019
Elapsed Time: 0.1287 min
model_saved, images_saved...
Epochs-353 (train) , D(x) : 0.4199, D(G(x)) : 0.3051
Elapsed Time: 0.127 min
model_saved, images_saved...
Epochs-354 (train) , D(x) : 0.4206, D(G(x)) : 0.3082
Elapsed Time: 0.1329 min
model_saved, images_saved...
Epochs-355 (train) , D(x) : 0.418, D(G(x)) : 0.3117
Elapsed Time: 0.1275 min
model_saved, images_saved...
Epochs-356 (train) , D(x) : 0.4175, D(G(x)) : 0.3107
Elapsed Time: 0.1308 min
model_saved, images_saved...
Epochs-357 (train) , D(x) : 0.4194, D(G(x)) : 0.3053
Elapsed Time: 0.1274 min
model_saved, images_saved...
Epochs-358 (train) , D(x) : 0.4133, D(G(x)) : 0.3165
Elapsed Time: 0.1323 min
model_saved, images_saved...
Epochs-359 (train) , D(x) : 0.4154, D(G(x)) : 0.3065
Elapsed Time: 0.1295 min
model_saved, images_saved...
Epochs-360 (train) , D(x) : 0.4163, D(G(x)) : 0.3089
Elapsed Time: 0.1277 min
model_saved, images_saved...
Epochs-361 (train) , D(x) : 0.4141, D(G(x)) : 0.3106
Elapsed Time: 0.1257 min
model_saved, images_saved...
Epochs-362 (train) , D(x) : 0.4151, D(G(x)) : 0.3113
Elapsed Time: 0.1252 min
model_saved, images_saved...
Epochs-363 (train) , D(x) : 0.4143, D(G(x)) : 0.3151
Elapsed Time: 0.1277 min
model_saved, images_saved...
Epochs-364 (train) , D(x) : 0.4076, D(G(x)) : 0.3121
Elapsed Time: 0.1266 min
model_saved, images_saved...
Epochs-365 (train) , D(x) : 0.4131, D(G(x)) : 0.3066
Elapsed Time: 0.1245 min
model_saved, images_saved...
Epochs-366 (train) , D(x) : 0.4118, D(G(x)) : 0.3156
Elapsed Time: 0.1287 min
model_saved, images_saved...
Epochs-367 (train) , D(x) : 0.4107, D(G(x)) : 0.3123
Elapsed Time: 0.1261 min
model_saved, images_saved...
Epochs-368 (train) , D(x) : 0.4132, D(G(x)) : 0.3143
Elapsed Time: 0.1245 min
model_saved, images_saved...
Epochs-369 (train) , D(x) : 0.4126, D(G(x)) : 0.3157
Elapsed Time: 0.1264 min
model_saved, images_saved...
Epochs-370 (train) , D(x) : 0.4113, D(G(x)) : 0.3085
Elapsed Time: 0.1273 min
model_saved, images_saved...
Epochs-371 (train) , D(x) : 0.4138, D(G(x)) : 0.3034
Elapsed Time: 0.1193 min
model_saved, images_saved...
Epochs-372 (train) , D(x) : 0.4062, D(G(x)) : 0.3113
Elapsed Time: 0.1274 min
model_saved, images_saved...
Epochs-373 (train) , D(x) : 0.4097, D(G(x)) : 0.3086
Elapsed Time: 0.1239 min
model_saved, images_saved...
Epochs-374 (train) , D(x) : 0.4066, D(G(x)) : 0.3154
Elapsed Time: 0.1235 min
model_saved, images_saved...
Epochs-375 (train) , D(x) : 0.4064, D(G(x)) : 0.3169
Elapsed Time: 0.1263 min
model_saved, images_saved...
Epochs-376 (train) , D(x) : 0.4118, D(G(x)) : 0.3117
Elapsed Time: 0.12 min
model_saved, images_saved...
Epochs-377 (train) , D(x) : 0.4149, D(G(x)) : 0.305
Elapsed Time: 0.1246 min
model_saved, images_saved...
Epochs-378 (train) , D(x) : 0.4106, D(G(x)) : 0.3089
Elapsed Time: 0.1231 min
model_saved, images_saved...
Epochs-379 (train) , D(x) : 0.4115, D(G(x)) : 0.3104
Elapsed Time: 0.1235 min
model_saved, images_saved...
Epochs-380 (train) , D(x) : 0.4106, D(G(x)) : 0.3116
Elapsed Time: 0.1204 min
model_saved, images_saved...
Epochs-381 (train) , D(x) : 0.4123, D(G(x)) : 0.3114
Elapsed Time: 0.1281 min
model_saved, images_saved...
Epochs-382 (train) , D(x) : 0.4081, D(G(x)) : 0.3197
Elapsed Time: 0.1251 min
model_saved, images_saved...
Epochs-383 (train) , D(x) : 0.4054, D(G(x)) : 0.3168
Elapsed Time: 0.1263 min
model_saved, images_saved...
Epochs-384 (train) , D(x) : 0.4089, D(G(x)) : 0.3146
Elapsed Time: 0.1223 min
model_saved, images_saved...
Epochs-385 (train) , D(x) : 0.4117, D(G(x)) : 0.3085
Elapsed Time: 0.1207 min
model_saved, images_saved...
Epochs-386 (train) , D(x) : 0.4063, D(G(x)) : 0.3169
Elapsed Time: 0.125 min
model_saved, images_saved...
Epochs-387 (train) , D(x) : 0.4055, D(G(x)) : 0.314
Elapsed Time: 0.1205 min
model_saved, images_saved...
Epochs-388 (train) , D(x) : 0.4093, D(G(x)) : 0.3113
Elapsed Time: 0.1211 min
model_saved, images_saved...
Epochs-389 (train) , D(x) : 0.4139, D(G(x)) : 0.3084
Elapsed Time: 0.1217 min
model_saved, images_saved...
Epochs-390 (train) , D(x) : 0.4084, D(G(x)) : 0.3091
Elapsed Time: 0.1209 min
model_saved, images_saved...
Epochs-391 (train) , D(x) : 0.4112, D(G(x)) : 0.3124
Elapsed Time: 0.1239 min
model_saved, images_saved...
Epochs-392 (train) , D(x) : 0.4121, D(G(x)) : 0.3093
Elapsed Time: 0.1191 min
model_saved, images_saved...
Epochs-393 (train) , D(x) : 0.4133, D(G(x)) : 0.3086
Elapsed Time: 0.1222 min
model_saved, images_saved...
Epochs-394 (train) , D(x) : 0.4081, D(G(x)) : 0.3163
Elapsed Time: 0.1212 min
model_saved, images_saved...
Epochs-395 (train) , D(x) : 0.4063, D(G(x)) : 0.3097
Elapsed Time: 0.1238 min
model_saved, images_saved...
Epochs-396 (train) , D(x) : 0.4074, D(G(x)) : 0.3124
Elapsed Time: 0.1238 min
model_saved, images_saved...
Epochs-397 (train) , D(x) : 0.4115, D(G(x)) : 0.3127
Elapsed Time: 0.1234 min
model_saved, images_saved...
Epochs-398 (train) , D(x) : 0.4093, D(G(x)) : 0.3115
Elapsed Time: 0.1246 min
model_saved, images_saved...
Epochs-399 (train) , D(x) : 0.404, D(G(x)) : 0.3201
Elapsed Time: 0.1262 min
model_saved, images_saved...
Epochs-400 (train) , D(x) : 0.3973, D(G(x)) : 0.3151
Elapsed Time: 0.1231 min
model_saved, images_saved...
Epochs-401 (train) , D(x) : 0.4045, D(G(x)) : 0.3181
Elapsed Time: 0.1214 min
model_saved, images_saved...
Epochs-402 (train) , D(x) : 0.4045, D(G(x)) : 0.3172
Elapsed Time: 0.1209 min
model_saved, images_saved...
Epochs-403 (train) , D(x) : 0.407, D(G(x)) : 0.3159
Elapsed Time: 0.1246 min
model_saved, images_saved...
Epochs-404 (train) , D(x) : 0.4086, D(G(x)) : 0.318
Elapsed Time: 0.1181 min
model_saved, images_saved...
Epochs-405 (train) , D(x) : 0.4012, D(G(x)) : 0.3122
Elapsed Time: 0.1212 min
model_saved, images_saved...
Epochs-406 (train) , D(x) : 0.4034, D(G(x)) : 0.3186
Elapsed Time: 0.1235 min
model_saved, images_saved...
Epochs-407 (train) , D(x) : 0.4037, D(G(x)) : 0.3239
Elapsed Time: 0.1161 min
model_saved, images_saved...
Epochs-408 (train) , D(x) : 0.4047, D(G(x)) : 0.3195
Elapsed Time: 0.1274 min
model_saved, images_saved...
Epochs-409 (train) , D(x) : 0.4027, D(G(x)) : 0.3189
Elapsed Time: 0.1207 min
model_saved, images_saved...
Epochs-410 (train) , D(x) : 0.4014, D(G(x)) : 0.3121
Elapsed Time: 0.1227 min
model_saved, images_saved...
Epochs-411 (train) , D(x) : 0.3994, D(G(x)) : 0.3265
Elapsed Time: 0.1222 min
model_saved, images_saved...
Epochs-412 (train) , D(x) : 0.4021, D(G(x)) : 0.3196
Elapsed Time: 0.1189 min
model_saved, images_saved...
Epochs-413 (train) , D(x) : 0.3976, D(G(x)) : 0.323
Elapsed Time: 0.1227 min
model_saved, images_saved...
Epochs-414 (train) , D(x) : 0.4017, D(G(x)) : 0.3201
Elapsed Time: 0.118 min
model_saved, images_saved...
Epochs-415 (train) , D(x) : 0.4027, D(G(x)) : 0.3182
Elapsed Time: 0.1245 min
model_saved, images_saved...
Epochs-416 (train) , D(x) : 0.402, D(G(x)) : 0.3177
Elapsed Time: 0.1269 min
model_saved, images_saved...
Epochs-417 (train) , D(x) : 0.4045, D(G(x)) : 0.3235
Elapsed Time: 0.1233 min
model_saved, images_saved...
Epochs-418 (train) , D(x) : 0.4038, D(G(x)) : 0.3177
Elapsed Time: 0.1226 min
model_saved, images_saved...
Epochs-419 (train) , D(x) : 0.3999, D(G(x)) : 0.3243
Elapsed Time: 0.1214 min
model_saved, images_saved...
Epochs-420 (train) , D(x) : 0.3961, D(G(x)) : 0.3256
Elapsed Time: 0.1232 min
model_saved, images_saved...
Epochs-421 (train) , D(x) : 0.3995, D(G(x)) : 0.3265
Elapsed Time: 0.1226 min
model_saved, images_saved...
Epochs-422 (train) , D(x) : 0.4042, D(G(x)) : 0.3193
Elapsed Time: 0.1188 min
model_saved, images_saved...
Epochs-423 (train) , D(x) : 0.4076, D(G(x)) : 0.3168
Elapsed Time: 0.1179 min
model_saved, images_saved...
Epochs-424 (train) , D(x) : 0.404, D(G(x)) : 0.3179
Elapsed Time: 0.1195 min
model_saved, images_saved...
Epochs-425 (train) , D(x) : 0.4009, D(G(x)) : 0.3151
Elapsed Time: 0.1188 min
model_saved, images_saved...
Epochs-426 (train) , D(x) : 0.4031, D(G(x)) : 0.3167
Elapsed Time: 0.1184 min
model_saved, images_saved...
Epochs-427 (train) , D(x) : 0.401, D(G(x)) : 0.3211
Elapsed Time: 0.119 min
model_saved, images_saved...
Epochs-428 (train) , D(x) : 0.405, D(G(x)) : 0.3204
Elapsed Time: 0.1174 min
model_saved, images_saved...
Epochs-429 (train) , D(x) : 0.4016, D(G(x)) : 0.3167
Elapsed Time: 0.1136 min
model_saved, images_saved...
Epochs-430 (train) , D(x) : 0.399, D(G(x)) : 0.3093
Elapsed Time: 0.1195 min
model_saved, images_saved...
Epochs-431 (train) , D(x) : 0.4013, D(G(x)) : 0.3187
Elapsed Time: 0.1163 min
model_saved, images_saved...
Epochs-432 (train) , D(x) : 0.3987, D(G(x)) : 0.3148
Elapsed Time: 0.1175 min
model_saved, images_saved...
Epochs-433 (train) , D(x) : 0.4012, D(G(x)) : 0.3216
Elapsed Time: 0.1216 min
model_saved, images_saved...
Epochs-434 (train) , D(x) : 0.4061, D(G(x)) : 0.3118
Elapsed Time: 0.1166 min
model_saved, images_saved...
Epochs-435 (train) , D(x) : 0.4008, D(G(x)) : 0.3177
Elapsed Time: 0.1201 min
model_saved, images_saved...
Epochs-436 (train) , D(x) : 0.3974, D(G(x)) : 0.3104
Elapsed Time: 0.1203 min
model_saved, images_saved...
Epochs-437 (train) , D(x) : 0.3994, D(G(x)) : 0.3152
Elapsed Time: 0.12 min
model_saved, images_saved...
Epochs-438 (train) , D(x) : 0.3984, D(G(x)) : 0.3218
Elapsed Time: 0.1179 min
model_saved, images_saved...
Epochs-439 (train) , D(x) : 0.3964, D(G(x)) : 0.3233
Elapsed Time: 0.1189 min
model_saved, images_saved...
Epochs-440 (train) , D(x) : 0.4003, D(G(x)) : 0.3181
Elapsed Time: 0.1179 min
model_saved, images_saved...
Epochs-441 (train) , D(x) : 0.3991, D(G(x)) : 0.3209
Elapsed Time: 0.1224 min
model_saved, images_saved...
Epochs-442 (train) , D(x) : 0.3961, D(G(x)) : 0.3249
Elapsed Time: 0.1213 min
model_saved, images_saved...
Epochs-443 (train) , D(x) : 0.3993, D(G(x)) : 0.318
Elapsed Time: 0.1187 min
model_saved, images_saved...
Epochs-444 (train) , D(x) : 0.404, D(G(x)) : 0.3153
Elapsed Time: 0.1171 min
model_saved, images_saved...
Epochs-445 (train) , D(x) : 0.3989, D(G(x)) : 0.3189
Elapsed Time: 0.1155 min
model_saved, images_saved...
Epochs-446 (train) , D(x) : 0.4006, D(G(x)) : 0.3232
Elapsed Time: 0.1165 min
model_saved, images_saved...
Epochs-447 (train) , D(x) : 0.4001, D(G(x)) : 0.3149
Elapsed Time: 0.1201 min
model_saved, images_saved...
Epochs-448 (train) , D(x) : 0.3964, D(G(x)) : 0.3184
Elapsed Time: 0.1205 min
model_saved, images_saved...
Epochs-449 (train) , D(x) : 0.3937, D(G(x)) : 0.3244
Elapsed Time: 0.1155 min
model_saved, images_saved...
Epochs-450 (train) , D(x) : 0.3933, D(G(x)) : 0.3262
Elapsed Time: 0.1194 min
model_saved, images_saved...
Epochs-451 (train) , D(x) : 0.3926, D(G(x)) : 0.3192
Elapsed Time: 0.1177 min
model_saved, images_saved...
Epochs-452 (train) , D(x) : 0.4013, D(G(x)) : 0.323
Elapsed Time: 0.1171 min
model_saved, images_saved...
Epochs-453 (train) , D(x) : 0.3964, D(G(x)) : 0.3203
Elapsed Time: 0.1176 min
model_saved, images_saved...
Epochs-454 (train) , D(x) : 0.4003, D(G(x)) : 0.3123
Elapsed Time: 0.1169 min
model_saved, images_saved...
Epochs-455 (train) , D(x) : 0.4004, D(G(x)) : 0.3209
Elapsed Time: 0.1123 min
model_saved, images_saved...
Epochs-456 (train) , D(x) : 0.4027, D(G(x)) : 0.3151
Elapsed Time: 0.1157 min
model_saved, images_saved...
Epochs-457 (train) , D(x) : 0.3961, D(G(x)) : 0.3193
Elapsed Time: 0.1162 min
model_saved, images_saved...
Epochs-458 (train) , D(x) : 0.3959, D(G(x)) : 0.3185
Elapsed Time: 0.116 min
model_saved, images_saved...
Epochs-459 (train) , D(x) : 0.3978, D(G(x)) : 0.3256
Elapsed Time: 0.1177 min
model_saved, images_saved...
Epochs-460 (train) , D(x) : 0.3976, D(G(x)) : 0.3148
Elapsed Time: 0.1174 min
model_saved, images_saved...
Epochs-461 (train) , D(x) : 0.3937, D(G(x)) : 0.3173
Elapsed Time: 0.1166 min
model_saved, images_saved...
Epochs-462 (train) , D(x) : 0.4018, D(G(x)) : 0.3265
Elapsed Time: 0.1186 min
model_saved, images_saved...
Epochs-463 (train) , D(x) : 0.4004, D(G(x)) : 0.3169
Elapsed Time: 0.1173 min
model_saved, images_saved...
Epochs-464 (train) , D(x) : 0.3928, D(G(x)) : 0.3268
Elapsed Time: 0.1199 min
model_saved, images_saved...
Epochs-465 (train) , D(x) : 0.3962, D(G(x)) : 0.325
Elapsed Time: 0.1187 min
model_saved, images_saved...
Epochs-466 (train) , D(x) : 0.3957, D(G(x)) : 0.3227
Elapsed Time: 0.1155 min
model_saved, images_saved...
Epochs-467 (train) , D(x) : 0.3913, D(G(x)) : 0.3178
Elapsed Time: 0.1148 min
model_saved, images_saved...
Epochs-468 (train) , D(x) : 0.3988, D(G(x)) : 0.3092
Elapsed Time: 0.1168 min
model_saved, images_saved...
Epochs-469 (train) , D(x) : 0.393, D(G(x)) : 0.319
Elapsed Time: 0.1189 min
model_saved, images_saved...
Epochs-470 (train) , D(x) : 0.3926, D(G(x)) : 0.3228
Elapsed Time: 0.1149 min
model_saved, images_saved...
Epochs-471 (train) , D(x) : 0.3892, D(G(x)) : 0.3331
Elapsed Time: 0.117 min
model_saved, images_saved...
Epochs-472 (train) , D(x) : 0.3901, D(G(x)) : 0.33
Elapsed Time: 0.1169 min
model_saved, images_saved...
Epochs-473 (train) , D(x) : 0.39, D(G(x)) : 0.3299
Elapsed Time: 0.1134 min
model_saved, images_saved...
Epochs-474 (train) , D(x) : 0.392, D(G(x)) : 0.3234
Elapsed Time: 0.1162 min
model_saved, images_saved...
Epochs-475 (train) , D(x) : 0.3971, D(G(x)) : 0.3231
Elapsed Time: 0.1151 min
model_saved, images_saved...
Epochs-476 (train) , D(x) : 0.3996, D(G(x)) : 0.3205
Elapsed Time: 0.1164 min
model_saved, images_saved...
Epochs-477 (train) , D(x) : 0.3911, D(G(x)) : 0.3266
Elapsed Time: 0.1113 min
model_saved, images_saved...
Epochs-478 (train) , D(x) : 0.3922, D(G(x)) : 0.3205
Elapsed Time: 0.1175 min
model_saved, images_saved...
Epochs-479 (train) , D(x) : 0.3899, D(G(x)) : 0.3269
Elapsed Time: 0.1146 min
model_saved, images_saved...
Epochs-480 (train) , D(x) : 0.393, D(G(x)) : 0.3227
Elapsed Time: 0.1201 min
model_saved, images_saved...
Epochs-481 (train) , D(x) : 0.3885, D(G(x)) : 0.3242
Elapsed Time: 0.1158 min
model_saved, images_saved...
Epochs-482 (train) , D(x) : 0.3909, D(G(x)) : 0.3218
Elapsed Time: 0.1141 min
model_saved, images_saved...
Epochs-483 (train) , D(x) : 0.3951, D(G(x)) : 0.3181
Elapsed Time: 0.1152 min
model_saved, images_saved...
Epochs-484 (train) , D(x) : 0.3907, D(G(x)) : 0.3286
Elapsed Time: 0.1152 min
model_saved, images_saved...
Epochs-485 (train) , D(x) : 0.3896, D(G(x)) : 0.3227
Elapsed Time: 0.1097 min
model_saved, images_saved...
Epochs-486 (train) , D(x) : 0.3936, D(G(x)) : 0.3245
Elapsed Time: 0.1106 min
model_saved, images_saved...
Epochs-487 (train) , D(x) : 0.3962, D(G(x)) : 0.316
Elapsed Time: 0.1142 min
model_saved, images_saved...
Epochs-488 (train) , D(x) : 0.385, D(G(x)) : 0.3159
Elapsed Time: 0.1135 min
model_saved, images_saved...
Epochs-489 (train) , D(x) : 0.3921, D(G(x)) : 0.325
Elapsed Time: 0.1128 min
model_saved, images_saved...
Epochs-490 (train) , D(x) : 0.3904, D(G(x)) : 0.3271
Elapsed Time: 0.1205 min
model_saved, images_saved...
Epochs-491 (train) , D(x) : 0.3902, D(G(x)) : 0.3254
Elapsed Time: 0.1121 min
model_saved, images_saved...
Epochs-492 (train) , D(x) : 0.3919, D(G(x)) : 0.3295
Elapsed Time: 0.1133 min
model_saved, images_saved...
Epochs-493 (train) , D(x) : 0.3914, D(G(x)) : 0.3215
Elapsed Time: 0.1232 min
model_saved, images_saved...
Epochs-494 (train) , D(x) : 0.3923, D(G(x)) : 0.3246
Elapsed Time: 0.115 min
model_saved, images_saved...
Epochs-495 (train) , D(x) : 0.3964, D(G(x)) : 0.3205
Elapsed Time: 0.1167 min
model_saved, images_saved...
Epochs-496 (train) , D(x) : 0.3989, D(G(x)) : 0.3278
Elapsed Time: 0.1129 min
model_saved, images_saved...
Epochs-497 (train) , D(x) : 0.3932, D(G(x)) : 0.3222
Elapsed Time: 0.112 min
model_saved, images_saved...
Epochs-498 (train) , D(x) : 0.39, D(G(x)) : 0.3208
Elapsed Time: 0.1135 min
model_saved, images_saved...
Epochs-499 (train) , D(x) : 0.3928, D(G(x)) : 0.3326
Elapsed Time: 0.1143 min
model_saved, images_saved...
