****************hyper-parameters****************
epochs = 500
batch_size = 100
soft_labels = False
adv_weight = 0
d_thresh = 0.8
z_dim = 200
z_dis = norm
model_images_save_step = 1
data = chair/
device = cuda:0
g_lr = 0.0025
d_lr = 1e-05
cube_len = 32
leak_value = 0.2
bias = False
****************hyper-parameters****************
../outputs_3dgan/dcgan
../volumetric_data/chair/30/train/
data_size = 10668
Epochs-0 (train) , D(x) : 0.9612, D(G(x)) : 0.005401
Elapsed Time: 0.1958 min
model_saved, images_saved...
Epochs-1 (train) , D(x) : 0.7764, D(G(x)) : 0.0537
Elapsed Time: 0.1754 min
model_saved, images_saved...
Epochs-2 (train) , D(x) : 0.5891, D(G(x)) : 0.1878
Elapsed Time: 0.1758 min
model_saved, images_saved...
Epochs-3 (train) , D(x) : 0.5357, D(G(x)) : 0.2504
Elapsed Time: 0.1759 min
model_saved, images_saved...
Epochs-4 (train) , D(x) : 0.5136, D(G(x)) : 0.2694
Elapsed Time: 0.1754 min
model_saved, images_saved...
Epochs-5 (train) , D(x) : 0.5021, D(G(x)) : 0.2741
Elapsed Time: 0.1767 min
model_saved, images_saved...
Epochs-6 (train) , D(x) : 0.5252, D(G(x)) : 0.2143
Elapsed Time: 0.1761 min
model_saved, images_saved...
Epochs-7 (train) , D(x) : 0.5159, D(G(x)) : 0.2281
Elapsed Time: 0.1764 min
model_saved, images_saved...
Epochs-8 (train) , D(x) : 0.511, D(G(x)) : 0.2389
Elapsed Time: 0.1747 min
model_saved, images_saved...
Epochs-9 (train) , D(x) : 0.5082, D(G(x)) : 0.239
Elapsed Time: 0.1763 min
model_saved, images_saved...
Epochs-10 (train) , D(x) : 0.5062, D(G(x)) : 0.2421
Elapsed Time: 0.1764 min
model_saved, images_saved...
Epochs-11 (train) , D(x) : 0.5051, D(G(x)) : 0.2458
Elapsed Time: 0.1764 min
model_saved, images_saved...
Epochs-12 (train) , D(x) : 0.5043, D(G(x)) : 0.2462
Elapsed Time: 0.1761 min
model_saved, images_saved...
Epochs-13 (train) , D(x) : 0.5037, D(G(x)) : 0.2462
Elapsed Time: 0.1758 min
model_saved, images_saved...
Epochs-14 (train) , D(x) : 0.503, D(G(x)) : 0.2482
Elapsed Time: 0.1761 min
model_saved, images_saved...
Epochs-15 (train) , D(x) : 0.5027, D(G(x)) : 0.2478
Elapsed Time: 0.176 min
model_saved, images_saved...
Epochs-16 (train) , D(x) : 0.5024, D(G(x)) : 0.2485
Elapsed Time: 0.1757 min
model_saved, images_saved...
Epochs-17 (train) , D(x) : 0.502, D(G(x)) : 0.2493
Elapsed Time: 0.1757 min
model_saved, images_saved...
Epochs-18 (train) , D(x) : 0.5011, D(G(x)) : 0.2522
Elapsed Time: 0.1753 min
model_saved, images_saved...
Epochs-19 (train) , D(x) : 0.5008, D(G(x)) : 0.2506
Elapsed Time: 0.176 min
model_saved, images_saved...
Epochs-20 (train) , D(x) : 0.5008, D(G(x)) : 0.2508
Elapsed Time: 0.1765 min
model_saved, images_saved...
Epochs-21 (train) , D(x) : 0.5005, D(G(x)) : 0.2508
Elapsed Time: 0.1762 min
model_saved, images_saved...
Epochs-22 (train) , D(x) : 0.5014, D(G(x)) : 0.2498
Elapsed Time: 0.1757 min
model_saved, images_saved...
Epochs-23 (train) , D(x) : 0.5013, D(G(x)) : 0.2509
Elapsed Time: 0.1755 min
model_saved, images_saved...
Epochs-24 (train) , D(x) : 0.5012, D(G(x)) : 0.2493
Elapsed Time: 0.1755 min
model_saved, images_saved...
Epochs-25 (train) , D(x) : 0.5004, D(G(x)) : 0.2502
Elapsed Time: 0.1766 min
model_saved, images_saved...
Epochs-26 (train) , D(x) : 0.5007, D(G(x)) : 0.2505
Elapsed Time: 0.176 min
model_saved, images_saved...
Epochs-27 (train) , D(x) : 0.501, D(G(x)) : 0.25
Elapsed Time: 0.1758 min
model_saved, images_saved...
Epochs-28 (train) , D(x) : 0.5007, D(G(x)) : 0.2505
Elapsed Time: 0.1761 min
model_saved, images_saved...
Epochs-29 (train) , D(x) : 0.5007, D(G(x)) : 0.251
Elapsed Time: 0.1754 min
model_saved, images_saved...
Epochs-30 (train) , D(x) : 0.5008, D(G(x)) : 0.2501
Elapsed Time: 0.1756 min
model_saved, images_saved...
Epochs-31 (train) , D(x) : 0.5006, D(G(x)) : 0.2504
Elapsed Time: 0.1753 min
model_saved, images_saved...
Epochs-32 (train) , D(x) : 0.5006, D(G(x)) : 0.2502
Elapsed Time: 0.1758 min
model_saved, images_saved...
Epochs-33 (train) , D(x) : 0.5003, D(G(x)) : 0.2498
Elapsed Time: 0.1761 min
model_saved, images_saved...
Epochs-34 (train) , D(x) : 0.501, D(G(x)) : 0.2502
Elapsed Time: 0.1752 min
model_saved, images_saved...
Epochs-35 (train) , D(x) : 0.5009, D(G(x)) : 0.2497
Elapsed Time: 0.1754 min
model_saved, images_saved...
Epochs-36 (train) , D(x) : 0.5002, D(G(x)) : 0.2496
Elapsed Time: 0.1755 min
model_saved, images_saved...
Epochs-37 (train) , D(x) : 0.5003, D(G(x)) : 0.2512
Elapsed Time: 0.1758 min
model_saved, images_saved...
Epochs-38 (train) , D(x) : 0.5004, D(G(x)) : 0.2516
Elapsed Time: 0.1749 min
model_saved, images_saved...
Epochs-39 (train) , D(x) : 0.5004, D(G(x)) : 0.2509
Elapsed Time: 0.1759 min
model_saved, images_saved...
Epochs-40 (train) , D(x) : 0.5007, D(G(x)) : 0.2497
Elapsed Time: 0.1762 min
model_saved, images_saved...
Epochs-41 (train) , D(x) : 0.4999, D(G(x)) : 0.2514
Elapsed Time: 0.1763 min
model_saved, images_saved...
Epochs-42 (train) , D(x) : 0.5002, D(G(x)) : 0.2512
Elapsed Time: 0.1769 min
model_saved, images_saved...
Epochs-43 (train) , D(x) : 0.5007, D(G(x)) : 0.2495
Elapsed Time: 0.1762 min
model_saved, images_saved...
Epochs-44 (train) , D(x) : 0.5004, D(G(x)) : 0.2504
Elapsed Time: 0.1761 min
model_saved, images_saved...
Epochs-45 (train) , D(x) : 0.4999, D(G(x)) : 0.2511
Elapsed Time: 0.1755 min
model_saved, images_saved...
Epochs-46 (train) , D(x) : 0.4996, D(G(x)) : 0.2525
Elapsed Time: 0.1759 min
model_saved, images_saved...
Epochs-47 (train) , D(x) : 0.4998, D(G(x)) : 0.2522
Elapsed Time: 0.1763 min
model_saved, images_saved...
Epochs-48 (train) , D(x) : 0.5004, D(G(x)) : 0.2496
Elapsed Time: 0.1752 min
model_saved, images_saved...
Epochs-49 (train) , D(x) : 0.5002, D(G(x)) : 0.2506
Elapsed Time: 0.1755 min
model_saved, images_saved...
Epochs-50 (train) , D(x) : 0.4998, D(G(x)) : 0.2523
Elapsed Time: 0.1765 min
model_saved, images_saved...
Epochs-51 (train) , D(x) : 0.4998, D(G(x)) : 0.2519
Elapsed Time: 0.176 min
model_saved, images_saved...
Epochs-52 (train) , D(x) : 0.5004, D(G(x)) : 0.2522
Elapsed Time: 0.1759 min
model_saved, images_saved...
Epochs-53 (train) , D(x) : 0.5002, D(G(x)) : 0.2515
Elapsed Time: 0.1763 min
model_saved, images_saved...
Epochs-54 (train) , D(x) : 0.5001, D(G(x)) : 0.2507
Elapsed Time: 0.1755 min
model_saved, images_saved...
Epochs-55 (train) , D(x) : 0.5005, D(G(x)) : 0.2497
Elapsed Time: 0.1752 min
model_saved, images_saved...
Epochs-56 (train) , D(x) : 0.5004, D(G(x)) : 0.2508
Elapsed Time: 0.1763 min
model_saved, images_saved...
Epochs-57 (train) , D(x) : 0.5002, D(G(x)) : 0.2506
Elapsed Time: 0.1755 min
model_saved, images_saved...
Epochs-58 (train) , D(x) : 0.4993, D(G(x)) : 0.2531
Elapsed Time: 0.1755 min
model_saved, images_saved...
Epochs-59 (train) , D(x) : 0.4988, D(G(x)) : 0.2523
Elapsed Time: 0.176 min
model_saved, images_saved...
Epochs-60 (train) , D(x) : 0.4998, D(G(x)) : 0.2513
Elapsed Time: 0.1762 min
model_saved, images_saved...
Epochs-61 (train) , D(x) : 0.4998, D(G(x)) : 0.2505
Elapsed Time: 0.1763 min
model_saved, images_saved...
Epochs-62 (train) , D(x) : 0.5, D(G(x)) : 0.2514
Elapsed Time: 0.1758 min
model_saved, images_saved...
Epochs-63 (train) , D(x) : 0.499, D(G(x)) : 0.2529
Elapsed Time: 0.1759 min
model_saved, images_saved...
Epochs-64 (train) , D(x) : 0.4988, D(G(x)) : 0.2523
Elapsed Time: 0.176 min
model_saved, images_saved...
Epochs-65 (train) , D(x) : 0.4982, D(G(x)) : 0.2553
Elapsed Time: 0.1759 min
model_saved, images_saved...
Epochs-66 (train) , D(x) : 0.4988, D(G(x)) : 0.2532
Elapsed Time: 0.1769 min
model_saved, images_saved...
Epochs-67 (train) , D(x) : 0.4978, D(G(x)) : 0.2538
Elapsed Time: 0.1758 min
model_saved, images_saved...
Epochs-68 (train) , D(x) : 0.4981, D(G(x)) : 0.2552
Elapsed Time: 0.176 min
model_saved, images_saved...
Epochs-69 (train) , D(x) : 0.4965, D(G(x)) : 0.2562
Elapsed Time: 0.1753 min
model_saved, images_saved...
Epochs-70 (train) , D(x) : 0.4959, D(G(x)) : 0.2595
Elapsed Time: 0.1753 min
model_saved, images_saved...
Epochs-71 (train) , D(x) : 0.4981, D(G(x)) : 0.2566
Elapsed Time: 0.1763 min
model_saved, images_saved...
Epochs-72 (train) , D(x) : 0.4947, D(G(x)) : 0.2609
Elapsed Time: 0.1757 min
model_saved, images_saved...
Epochs-73 (train) , D(x) : 0.4938, D(G(x)) : 0.261
Elapsed Time: 0.1746 min
model_saved, images_saved...
Epochs-74 (train) , D(x) : 0.4944, D(G(x)) : 0.2611
Elapsed Time: 0.1756 min
model_saved, images_saved...
Epochs-75 (train) , D(x) : 0.4937, D(G(x)) : 0.2601
Elapsed Time: 0.1753 min
model_saved, images_saved...
Epochs-76 (train) , D(x) : 0.4954, D(G(x)) : 0.262
Elapsed Time: 0.1758 min
model_saved, images_saved...
Epochs-77 (train) , D(x) : 0.491, D(G(x)) : 0.2664
Elapsed Time: 0.1762 min
model_saved, images_saved...
Epochs-78 (train) , D(x) : 0.4899, D(G(x)) : 0.2684
Elapsed Time: 0.1756 min
model_saved, images_saved...
Epochs-79 (train) , D(x) : 0.4856, D(G(x)) : 0.276
Elapsed Time: 0.1739 min
model_saved, images_saved...
Epochs-80 (train) , D(x) : 0.4888, D(G(x)) : 0.2682
Elapsed Time: 0.1752 min
model_saved, images_saved...
Epochs-81 (train) , D(x) : 0.4856, D(G(x)) : 0.2766
Elapsed Time: 0.1741 min
model_saved, images_saved...
Epochs-82 (train) , D(x) : 0.4894, D(G(x)) : 0.2706
Elapsed Time: 0.1749 min
model_saved, images_saved...
Epochs-83 (train) , D(x) : 0.4835, D(G(x)) : 0.282
Elapsed Time: 0.1752 min
model_saved, images_saved...
Epochs-84 (train) , D(x) : 0.4846, D(G(x)) : 0.2739
Elapsed Time: 0.1758 min
model_saved, images_saved...
Epochs-85 (train) , D(x) : 0.4854, D(G(x)) : 0.2765
Elapsed Time: 0.1761 min
model_saved, images_saved...
Epochs-86 (train) , D(x) : 0.4717, D(G(x)) : 0.2943
Elapsed Time: 0.1745 min
model_saved, images_saved...
Epochs-87 (train) , D(x) : 0.4731, D(G(x)) : 0.2936
Elapsed Time: 0.1753 min
model_saved, images_saved...
Epochs-88 (train) , D(x) : 0.4759, D(G(x)) : 0.2853
Elapsed Time: 0.1746 min
model_saved, images_saved...
Epochs-89 (train) , D(x) : 0.4743, D(G(x)) : 0.2915
Elapsed Time: 0.1755 min
model_saved, images_saved...
Epochs-90 (train) , D(x) : 0.463, D(G(x)) : 0.2938
Elapsed Time: 0.1726 min
model_saved, images_saved...
Epochs-91 (train) , D(x) : 0.4577, D(G(x)) : 0.3077
Elapsed Time: 0.1749 min
model_saved, images_saved...
Epochs-92 (train) , D(x) : 0.4587, D(G(x)) : 0.309
Elapsed Time: 0.1751 min
model_saved, images_saved...
Epochs-93 (train) , D(x) : 0.451, D(G(x)) : 0.3104
Elapsed Time: 0.1723 min
model_saved, images_saved...
Epochs-94 (train) , D(x) : 0.4296, D(G(x)) : 0.3428
Elapsed Time: 0.1634 min
model_saved, images_saved...
Epochs-95 (train) , D(x) : 0.4187, D(G(x)) : 0.3515
Elapsed Time: 0.1557 min
model_saved, images_saved...
Epochs-96 (train) , D(x) : 0.4271, D(G(x)) : 0.3307
Elapsed Time: 0.1654 min
model_saved, images_saved...
Epochs-97 (train) , D(x) : 0.4307, D(G(x)) : 0.3315
Elapsed Time: 0.1646 min
model_saved, images_saved...
Epochs-98 (train) , D(x) : 0.4182, D(G(x)) : 0.3544
Elapsed Time: 0.1629 min
model_saved, images_saved...
Epochs-99 (train) , D(x) : 0.4022, D(G(x)) : 0.3687
Elapsed Time: 0.1521 min
model_saved, images_saved...
Epochs-100 (train) , D(x) : 0.3944, D(G(x)) : 0.3913
Elapsed Time: 0.1578 min
model_saved, images_saved...
Epochs-101 (train) , D(x) : 0.3961, D(G(x)) : 0.3709
Elapsed Time: 0.1456 min
model_saved, images_saved...
Epochs-102 (train) , D(x) : 0.3892, D(G(x)) : 0.3635
Elapsed Time: 0.1415 min
model_saved, images_saved...
Epochs-103 (train) , D(x) : 0.3833, D(G(x)) : 0.379
Elapsed Time: 0.1422 min
model_saved, images_saved...
Epochs-104 (train) , D(x) : 0.4002, D(G(x)) : 0.3753
Elapsed Time: 0.1511 min
model_saved, images_saved...
Epochs-105 (train) , D(x) : 0.4106, D(G(x)) : 0.3527
Elapsed Time: 0.158 min
model_saved, images_saved...
Epochs-106 (train) , D(x) : 0.4063, D(G(x)) : 0.3545
Elapsed Time: 0.1585 min
model_saved, images_saved...
Epochs-107 (train) , D(x) : 0.3904, D(G(x)) : 0.3762
Elapsed Time: 0.1571 min
model_saved, images_saved...
Epochs-108 (train) , D(x) : 0.3843, D(G(x)) : 0.3698
Elapsed Time: 0.1491 min
model_saved, images_saved...
Epochs-109 (train) , D(x) : 0.3816, D(G(x)) : 0.3617
Elapsed Time: 0.1413 min
model_saved, images_saved...
Epochs-110 (train) , D(x) : 0.3199, D(G(x)) : 0.3268
Elapsed Time: 0.1239 min
model_saved, images_saved...
Epochs-111 (train) , D(x) : 0.2815, D(G(x)) : 0.3329
Elapsed Time: 0.1185 min
model_saved, images_saved...
Epochs-112 (train) , D(x) : 0.3009, D(G(x)) : 0.3059
Elapsed Time: 0.1185 min
model_saved, images_saved...
Epochs-113 (train) , D(x) : 0.2592, D(G(x)) : 0.3699
Elapsed Time: 0.1204 min
model_saved, images_saved...
Epochs-114 (train) , D(x) : 0.2468, D(G(x)) : 0.3463
Elapsed Time: 0.1205 min
model_saved, images_saved...
Epochs-115 (train) , D(x) : 0.2652, D(G(x)) : 0.3371
Elapsed Time: 0.119 min
model_saved, images_saved...
Epochs-116 (train) , D(x) : 0.2531, D(G(x)) : 0.3536
Elapsed Time: 0.1178 min
model_saved, images_saved...
Epochs-117 (train) , D(x) : 0.2745, D(G(x)) : 0.3288
Elapsed Time: 0.1188 min
model_saved, images_saved...
Epochs-118 (train) , D(x) : 0.2721, D(G(x)) : 0.3327
Elapsed Time: 0.118 min
model_saved, images_saved...
Epochs-119 (train) , D(x) : 0.2764, D(G(x)) : 0.3267
Elapsed Time: 0.1185 min
model_saved, images_saved...
Epochs-120 (train) , D(x) : 0.2824, D(G(x)) : 0.3089
Elapsed Time: 0.1186 min
model_saved, images_saved...
Epochs-121 (train) , D(x) : 0.2543, D(G(x)) : 0.3346
Elapsed Time: 0.1178 min
model_saved, images_saved...
Epochs-122 (train) , D(x) : 0.2536, D(G(x)) : 0.3392
Elapsed Time: 0.1179 min
model_saved, images_saved...
Epochs-123 (train) , D(x) : 0.2628, D(G(x)) : 0.3284
Elapsed Time: 0.1175 min
model_saved, images_saved...
Epochs-124 (train) , D(x) : 0.2649, D(G(x)) : 0.3265
Elapsed Time: 0.1177 min
model_saved, images_saved...
Epochs-125 (train) , D(x) : 0.2738, D(G(x)) : 0.3042
Elapsed Time: 0.1179 min
model_saved, images_saved...
Epochs-126 (train) , D(x) : 0.2793, D(G(x)) : 0.3085
Elapsed Time: 0.1188 min
model_saved, images_saved...
Epochs-127 (train) , D(x) : 0.2541, D(G(x)) : 0.2949
Elapsed Time: 0.12 min
model_saved, images_saved...
Epochs-128 (train) , D(x) : 0.2358, D(G(x)) : 0.3156
Elapsed Time: 0.1187 min
model_saved, images_saved...
Epochs-129 (train) , D(x) : 0.2403, D(G(x)) : 0.3107
Elapsed Time: 0.1178 min
model_saved, images_saved...
Epochs-130 (train) , D(x) : 0.2379, D(G(x)) : 0.3191
Elapsed Time: 0.1181 min
model_saved, images_saved...
Epochs-131 (train) , D(x) : 0.2373, D(G(x)) : 0.343
Elapsed Time: 0.1193 min
model_saved, images_saved...
Epochs-132 (train) , D(x) : 0.2576, D(G(x)) : 0.32
Elapsed Time: 0.1178 min
model_saved, images_saved...
Epochs-133 (train) , D(x) : 0.2804, D(G(x)) : 0.3033
Elapsed Time: 0.1195 min
model_saved, images_saved...
Epochs-134 (train) , D(x) : 0.3396, D(G(x)) : 0.2961
Elapsed Time: 0.121 min
model_saved, images_saved...
Epochs-135 (train) , D(x) : 0.3265, D(G(x)) : 0.3787
Elapsed Time: 0.1252 min
model_saved, images_saved...
Epochs-136 (train) , D(x) : 0.3043, D(G(x)) : 0.4339
Elapsed Time: 0.1237 min
model_saved, images_saved...
Epochs-137 (train) , D(x) : 0.3457, D(G(x)) : 0.3606
Elapsed Time: 0.121 min
model_saved, images_saved...
Epochs-138 (train) , D(x) : 0.3277, D(G(x)) : 0.4186
Elapsed Time: 0.1227 min
model_saved, images_saved...
Epochs-139 (train) , D(x) : 0.3329, D(G(x)) : 0.3745
Elapsed Time: 0.1187 min
model_saved, images_saved...
Epochs-140 (train) , D(x) : 0.3333, D(G(x)) : 0.3175
Elapsed Time: 0.1187 min
model_saved, images_saved...
Epochs-141 (train) , D(x) : 0.2953, D(G(x)) : 0.3495
Elapsed Time: 0.1196 min
model_saved, images_saved...
Epochs-142 (train) , D(x) : 0.3207, D(G(x)) : 0.32
Elapsed Time: 0.1189 min
model_saved, images_saved...
Epochs-143 (train) , D(x) : 0.2926, D(G(x)) : 0.338
Elapsed Time: 0.1189 min
model_saved, images_saved...
Epochs-144 (train) , D(x) : 0.2866, D(G(x)) : 0.3239
Elapsed Time: 0.1185 min
model_saved, images_saved...
Epochs-145 (train) , D(x) : 0.2774, D(G(x)) : 0.3383
Elapsed Time: 0.1181 min
model_saved, images_saved...
Epochs-146 (train) , D(x) : 0.2873, D(G(x)) : 0.3273
Elapsed Time: 0.1182 min
model_saved, images_saved...
Epochs-147 (train) , D(x) : 0.2879, D(G(x)) : 0.3213
Elapsed Time: 0.118 min
model_saved, images_saved...
Epochs-148 (train) , D(x) : 0.2768, D(G(x)) : 0.3427
Elapsed Time: 0.1181 min
model_saved, images_saved...
Epochs-149 (train) , D(x) : 0.2975, D(G(x)) : 0.302
Elapsed Time: 0.1185 min
model_saved, images_saved...
Epochs-150 (train) , D(x) : 0.2664, D(G(x)) : 0.3502
Elapsed Time: 0.1186 min
model_saved, images_saved...
Epochs-151 (train) , D(x) : 0.2691, D(G(x)) : 0.3337
Elapsed Time: 0.1171 min
model_saved, images_saved...
Epochs-152 (train) , D(x) : 0.2969, D(G(x)) : 0.3086
Elapsed Time: 0.1176 min
model_saved, images_saved...
Epochs-153 (train) , D(x) : 0.2761, D(G(x)) : 0.3334
Elapsed Time: 0.1184 min
model_saved, images_saved...
Epochs-154 (train) , D(x) : 0.2919, D(G(x)) : 0.3156
Elapsed Time: 0.1186 min
model_saved, images_saved...
Epochs-155 (train) , D(x) : 0.2807, D(G(x)) : 0.3357
Elapsed Time: 0.1187 min
model_saved, images_saved...
Epochs-156 (train) , D(x) : 0.2862, D(G(x)) : 0.3448
Elapsed Time: 0.1196 min
model_saved, images_saved...
Epochs-157 (train) , D(x) : 0.3092, D(G(x)) : 0.3301
Elapsed Time: 0.1177 min
model_saved, images_saved...
Epochs-158 (train) , D(x) : 0.2949, D(G(x)) : 0.3619
Elapsed Time: 0.1186 min
model_saved, images_saved...
Epochs-159 (train) , D(x) : 0.3112, D(G(x)) : 0.3511
Elapsed Time: 0.1182 min
model_saved, images_saved...
Epochs-160 (train) , D(x) : 0.336, D(G(x)) : 0.3276
Elapsed Time: 0.1182 min
model_saved, images_saved...
Epochs-161 (train) , D(x) : 0.3557, D(G(x)) : 0.3639
Elapsed Time: 0.1182 min
model_saved, images_saved...
Epochs-162 (train) , D(x) : 0.3703, D(G(x)) : 0.3398
Elapsed Time: 0.1179 min
model_saved, images_saved...
Epochs-163 (train) , D(x) : 0.3789, D(G(x)) : 0.3293
Elapsed Time: 0.1177 min
model_saved, images_saved...
Epochs-164 (train) , D(x) : 0.3754, D(G(x)) : 0.3306
Elapsed Time: 0.118 min
model_saved, images_saved...
Epochs-165 (train) , D(x) : 0.3607, D(G(x)) : 0.3177
Elapsed Time: 0.1177 min
model_saved, images_saved...
Epochs-166 (train) , D(x) : 0.3623, D(G(x)) : 0.3161
Elapsed Time: 0.118 min
model_saved, images_saved...
Epochs-167 (train) , D(x) : 0.3684, D(G(x)) : 0.2958
Elapsed Time: 0.1188 min
model_saved, images_saved...
Epochs-168 (train) , D(x) : 0.3069, D(G(x)) : 0.3067
Elapsed Time: 0.1179 min
model_saved, images_saved...
Epochs-169 (train) , D(x) : 0.2839, D(G(x)) : 0.3209
Elapsed Time: 0.1183 min
model_saved, images_saved...
Epochs-170 (train) , D(x) : 0.2813, D(G(x)) : 0.328
Elapsed Time: 0.1173 min
model_saved, images_saved...
Epochs-171 (train) , D(x) : 0.2835, D(G(x)) : 0.3295
Elapsed Time: 0.1185 min
model_saved, images_saved...
Epochs-172 (train) , D(x) : 0.2818, D(G(x)) : 0.3285
Elapsed Time: 0.1177 min
model_saved, images_saved...
Epochs-173 (train) , D(x) : 0.2815, D(G(x)) : 0.3325
Elapsed Time: 0.1174 min
model_saved, images_saved...
Epochs-174 (train) , D(x) : 0.2901, D(G(x)) : 0.3199
Elapsed Time: 0.1174 min
model_saved, images_saved...
Epochs-175 (train) , D(x) : 0.2976, D(G(x)) : 0.3084
Elapsed Time: 0.1174 min
model_saved, images_saved...
Epochs-176 (train) , D(x) : 0.3011, D(G(x)) : 0.3052
Elapsed Time: 0.1178 min
model_saved, images_saved...
Epochs-177 (train) , D(x) : 0.3043, D(G(x)) : 0.3042
Elapsed Time: 0.118 min
model_saved, images_saved...
Epochs-178 (train) , D(x) : 0.2978, D(G(x)) : 0.3192
Elapsed Time: 0.1183 min
model_saved, images_saved...
Epochs-179 (train) , D(x) : 0.3023, D(G(x)) : 0.3133
Elapsed Time: 0.1174 min
model_saved, images_saved...
Epochs-180 (train) , D(x) : 0.3169, D(G(x)) : 0.2992
Elapsed Time: 0.1182 min
model_saved, images_saved...
Epochs-181 (train) , D(x) : 0.2973, D(G(x)) : 0.3223
Elapsed Time: 0.1183 min
model_saved, images_saved...
Epochs-182 (train) , D(x) : 0.2979, D(G(x)) : 0.3254
Elapsed Time: 0.1177 min
model_saved, images_saved...
Epochs-183 (train) , D(x) : 0.305, D(G(x)) : 0.3159
Elapsed Time: 0.1178 min
model_saved, images_saved...
Epochs-184 (train) , D(x) : 0.3196, D(G(x)) : 0.3002
Elapsed Time: 0.1173 min
model_saved, images_saved...
Epochs-185 (train) , D(x) : 0.3178, D(G(x)) : 0.2993
Elapsed Time: 0.1193 min
model_saved, images_saved...
Epochs-186 (train) , D(x) : 0.3046, D(G(x)) : 0.3131
Elapsed Time: 0.1183 min
model_saved, images_saved...
Epochs-187 (train) , D(x) : 0.3049, D(G(x)) : 0.3196
Elapsed Time: 0.119 min
model_saved, images_saved...
Epochs-188 (train) , D(x) : 0.3074, D(G(x)) : 0.3065
Elapsed Time: 0.1183 min
model_saved, images_saved...
Epochs-189 (train) , D(x) : 0.2999, D(G(x)) : 0.3217
Elapsed Time: 0.1195 min
model_saved, images_saved...
Epochs-190 (train) , D(x) : 0.3191, D(G(x)) : 0.3111
Elapsed Time: 0.118 min
model_saved, images_saved...
Epochs-191 (train) , D(x) : 0.3505, D(G(x)) : 0.3138
Elapsed Time: 0.1192 min
model_saved, images_saved...
Epochs-192 (train) , D(x) : 0.3414, D(G(x)) : 0.3163
Elapsed Time: 0.1187 min
model_saved, images_saved...
Epochs-193 (train) , D(x) : 0.3346, D(G(x)) : 0.3183
Elapsed Time: 0.1184 min
model_saved, images_saved...
Epochs-194 (train) , D(x) : 0.3326, D(G(x)) : 0.3197
Elapsed Time: 0.1187 min
model_saved, images_saved...
Epochs-195 (train) , D(x) : 0.3451, D(G(x)) : 0.3096
Elapsed Time: 0.1194 min
model_saved, images_saved...
Epochs-196 (train) , D(x) : 0.3479, D(G(x)) : 0.3669
Elapsed Time: 0.1229 min
model_saved, images_saved...
Epochs-197 (train) , D(x) : 0.3392, D(G(x)) : 0.4066
Elapsed Time: 0.1278 min
model_saved, images_saved...
Epochs-198 (train) , D(x) : 0.3547, D(G(x)) : 0.4093
Elapsed Time: 0.1337 min
model_saved, images_saved...
Epochs-199 (train) , D(x) : 0.3523, D(G(x)) : 0.3765
Elapsed Time: 0.1281 min
model_saved, images_saved...
Epochs-200 (train) , D(x) : 0.3664, D(G(x)) : 0.3474
Elapsed Time: 0.1235 min
model_saved, images_saved...
Epochs-201 (train) , D(x) : 0.37, D(G(x)) : 0.3822
Elapsed Time: 0.1349 min
model_saved, images_saved...
Epochs-202 (train) , D(x) : 0.3779, D(G(x)) : 0.3584
Elapsed Time: 0.1378 min
model_saved, images_saved...
Epochs-203 (train) , D(x) : 0.384, D(G(x)) : 0.3585
Elapsed Time: 0.1386 min
model_saved, images_saved...
Epochs-204 (train) , D(x) : 0.4034, D(G(x)) : 0.3317
Elapsed Time: 0.1391 min
model_saved, images_saved...
Epochs-205 (train) , D(x) : 0.3722, D(G(x)) : 0.3606
Elapsed Time: 0.1378 min
model_saved, images_saved...
Epochs-206 (train) , D(x) : 0.3758, D(G(x)) : 0.3679
Elapsed Time: 0.1376 min
model_saved, images_saved...
Epochs-207 (train) , D(x) : 0.3797, D(G(x)) : 0.3518
Elapsed Time: 0.1359 min
model_saved, images_saved...
Epochs-208 (train) , D(x) : 0.3877, D(G(x)) : 0.3351
Elapsed Time: 0.1363 min
model_saved, images_saved...
Epochs-209 (train) , D(x) : 0.3858, D(G(x)) : 0.3505
Elapsed Time: 0.1383 min
model_saved, images_saved...
Epochs-210 (train) , D(x) : 0.3833, D(G(x)) : 0.352
Elapsed Time: 0.1348 min
model_saved, images_saved...
Epochs-211 (train) , D(x) : 0.3875, D(G(x)) : 0.3549
Elapsed Time: 0.136 min
model_saved, images_saved...
Epochs-212 (train) , D(x) : 0.3805, D(G(x)) : 0.3516
Elapsed Time: 0.1348 min
model_saved, images_saved...
Epochs-213 (train) , D(x) : 0.3832, D(G(x)) : 0.3465
Elapsed Time: 0.1381 min
model_saved, images_saved...
Epochs-214 (train) , D(x) : 0.3824, D(G(x)) : 0.3572
Elapsed Time: 0.1392 min
model_saved, images_saved...
Epochs-215 (train) , D(x) : 0.3808, D(G(x)) : 0.3607
Elapsed Time: 0.1402 min
model_saved, images_saved...
Epochs-216 (train) , D(x) : 0.3892, D(G(x)) : 0.3545
Elapsed Time: 0.1385 min
model_saved, images_saved...
Epochs-217 (train) , D(x) : 0.3837, D(G(x)) : 0.3558
Elapsed Time: 0.1361 min
model_saved, images_saved...
Epochs-218 (train) , D(x) : 0.3699, D(G(x)) : 0.361
Elapsed Time: 0.1363 min
model_saved, images_saved...
Epochs-219 (train) , D(x) : 0.3697, D(G(x)) : 0.3834
Elapsed Time: 0.134 min
model_saved, images_saved...
Epochs-220 (train) , D(x) : 0.3561, D(G(x)) : 0.3708
Elapsed Time: 0.1271 min
model_saved, images_saved...
Epochs-221 (train) , D(x) : 0.3515, D(G(x)) : 0.3751
Elapsed Time: 0.1276 min
model_saved, images_saved...
Epochs-222 (train) , D(x) : 0.3671, D(G(x)) : 0.3721
Elapsed Time: 0.1348 min
model_saved, images_saved...
Epochs-223 (train) , D(x) : 0.3509, D(G(x)) : 0.3573
Elapsed Time: 0.1316 min
model_saved, images_saved...
Epochs-224 (train) , D(x) : 0.3631, D(G(x)) : 0.3835
Elapsed Time: 0.1327 min
model_saved, images_saved...
Epochs-225 (train) , D(x) : 0.3606, D(G(x)) : 0.3777
Elapsed Time: 0.1348 min
model_saved, images_saved...
Epochs-226 (train) , D(x) : 0.3586, D(G(x)) : 0.3538
Elapsed Time: 0.1249 min
model_saved, images_saved...
Epochs-227 (train) , D(x) : 0.3497, D(G(x)) : 0.3686
Elapsed Time: 0.126 min
model_saved, images_saved...
Epochs-228 (train) , D(x) : 0.364, D(G(x)) : 0.3695
Elapsed Time: 0.1284 min
model_saved, images_saved...
Epochs-229 (train) , D(x) : 0.372, D(G(x)) : 0.3596
Elapsed Time: 0.1313 min
model_saved, images_saved...
Epochs-230 (train) , D(x) : 0.3675, D(G(x)) : 0.3472
Elapsed Time: 0.128 min
model_saved, images_saved...
Epochs-231 (train) , D(x) : 0.3544, D(G(x)) : 0.3414
Elapsed Time: 0.1227 min
model_saved, images_saved...
Epochs-232 (train) , D(x) : 0.3613, D(G(x)) : 0.3723
Elapsed Time: 0.1276 min
model_saved, images_saved...
Epochs-233 (train) , D(x) : 0.3591, D(G(x)) : 0.3822
Elapsed Time: 0.1342 min
model_saved, images_saved...
Epochs-234 (train) , D(x) : 0.3642, D(G(x)) : 0.3568
Elapsed Time: 0.1253 min
model_saved, images_saved...
Epochs-235 (train) , D(x) : 0.358, D(G(x)) : 0.3665
Elapsed Time: 0.1276 min
model_saved, images_saved...
Epochs-236 (train) , D(x) : 0.3499, D(G(x)) : 0.361
Elapsed Time: 0.1247 min
model_saved, images_saved...
Epochs-237 (train) , D(x) : 0.35, D(G(x)) : 0.3532
Elapsed Time: 0.1228 min
model_saved, images_saved...
Epochs-238 (train) , D(x) : 0.3526, D(G(x)) : 0.3604
Elapsed Time: 0.123 min
model_saved, images_saved...
Epochs-239 (train) , D(x) : 0.3597, D(G(x)) : 0.3484
Elapsed Time: 0.1262 min
model_saved, images_saved...
Epochs-240 (train) , D(x) : 0.3729, D(G(x)) : 0.3614
Elapsed Time: 0.133 min
model_saved, images_saved...
Epochs-241 (train) , D(x) : 0.3725, D(G(x)) : 0.3611
Elapsed Time: 0.1336 min
model_saved, images_saved...
Epochs-242 (train) , D(x) : 0.3547, D(G(x)) : 0.3824
Elapsed Time: 0.1305 min
model_saved, images_saved...
Epochs-243 (train) , D(x) : 0.3799, D(G(x)) : 0.3637
Elapsed Time: 0.1314 min
model_saved, images_saved...
Epochs-244 (train) , D(x) : 0.3826, D(G(x)) : 0.3383
Elapsed Time: 0.1292 min
model_saved, images_saved...
Epochs-245 (train) , D(x) : 0.3746, D(G(x)) : 0.3534
Elapsed Time: 0.1347 min
model_saved, images_saved...
Epochs-246 (train) , D(x) : 0.3724, D(G(x)) : 0.3701
Elapsed Time: 0.134 min
model_saved, images_saved...
Epochs-247 (train) , D(x) : 0.3739, D(G(x)) : 0.3632
Elapsed Time: 0.1369 min
model_saved, images_saved...
Epochs-248 (train) , D(x) : 0.3683, D(G(x)) : 0.3583
Elapsed Time: 0.1337 min
model_saved, images_saved...
Epochs-249 (train) , D(x) : 0.3849, D(G(x)) : 0.3462
Elapsed Time: 0.1378 min
model_saved, images_saved...
Epochs-250 (train) , D(x) : 0.3683, D(G(x)) : 0.3627
Elapsed Time: 0.1328 min
model_saved, images_saved...
Epochs-251 (train) , D(x) : 0.3762, D(G(x)) : 0.3706
Elapsed Time: 0.1372 min
model_saved, images_saved...
Epochs-252 (train) , D(x) : 0.3769, D(G(x)) : 0.3501
Elapsed Time: 0.1388 min
model_saved, images_saved...
Epochs-253 (train) , D(x) : 0.3821, D(G(x)) : 0.361
Elapsed Time: 0.14 min
model_saved, images_saved...
Epochs-254 (train) , D(x) : 0.3819, D(G(x)) : 0.3397
Elapsed Time: 0.1341 min
model_saved, images_saved...
Epochs-255 (train) , D(x) : 0.3839, D(G(x)) : 0.3629
Elapsed Time: 0.1377 min
model_saved, images_saved...
Epochs-256 (train) , D(x) : 0.3772, D(G(x)) : 0.3565
Elapsed Time: 0.1363 min
model_saved, images_saved...
Epochs-257 (train) , D(x) : 0.3771, D(G(x)) : 0.3685
Elapsed Time: 0.1405 min
model_saved, images_saved...
Epochs-258 (train) , D(x) : 0.3698, D(G(x)) : 0.3655
Elapsed Time: 0.1318 min
model_saved, images_saved...
Epochs-259 (train) , D(x) : 0.3645, D(G(x)) : 0.3556
Elapsed Time: 0.128 min
model_saved, images_saved...
Epochs-260 (train) , D(x) : 0.3556, D(G(x)) : 0.3739
Elapsed Time: 0.1279 min
model_saved, images_saved...
Epochs-261 (train) , D(x) : 0.353, D(G(x)) : 0.3897
Elapsed Time: 0.1349 min
model_saved, images_saved...
Epochs-262 (train) , D(x) : 0.377, D(G(x)) : 0.3536
Elapsed Time: 0.1332 min
model_saved, images_saved...
Epochs-263 (train) , D(x) : 0.3805, D(G(x)) : 0.3575
Elapsed Time: 0.1402 min
model_saved, images_saved...
Epochs-264 (train) , D(x) : 0.3616, D(G(x)) : 0.3767
Elapsed Time: 0.1359 min
model_saved, images_saved...
Epochs-265 (train) , D(x) : 0.3517, D(G(x)) : 0.3823
Elapsed Time: 0.1313 min
model_saved, images_saved...
Epochs-266 (train) , D(x) : 0.3691, D(G(x)) : 0.3793
Elapsed Time: 0.1407 min
model_saved, images_saved...
Epochs-267 (train) , D(x) : 0.376, D(G(x)) : 0.3612
Elapsed Time: 0.1357 min
model_saved, images_saved...
Epochs-268 (train) , D(x) : 0.3726, D(G(x)) : 0.3662
Elapsed Time: 0.1368 min
model_saved, images_saved...
Epochs-269 (train) , D(x) : 0.3771, D(G(x)) : 0.3533
Elapsed Time: 0.1373 min
model_saved, images_saved...
Epochs-270 (train) , D(x) : 0.3665, D(G(x)) : 0.3539
Elapsed Time: 0.1298 min
model_saved, images_saved...
Epochs-271 (train) , D(x) : 0.3769, D(G(x)) : 0.3504
Elapsed Time: 0.132 min
model_saved, images_saved...
Epochs-272 (train) , D(x) : 0.3722, D(G(x)) : 0.3603
Elapsed Time: 0.134 min
model_saved, images_saved...
Epochs-273 (train) , D(x) : 0.3625, D(G(x)) : 0.3819
Elapsed Time: 0.1314 min
model_saved, images_saved...
Epochs-274 (train) , D(x) : 0.3593, D(G(x)) : 0.3715
Elapsed Time: 0.1345 min
model_saved, images_saved...
Epochs-275 (train) , D(x) : 0.355, D(G(x)) : 0.3723
Elapsed Time: 0.1307 min
model_saved, images_saved...
Epochs-276 (train) , D(x) : 0.3273, D(G(x)) : 0.3905
Elapsed Time: 0.126 min
model_saved, images_saved...
Epochs-277 (train) , D(x) : 0.3412, D(G(x)) : 0.3937
Elapsed Time: 0.1279 min
model_saved, images_saved...
Epochs-278 (train) , D(x) : 0.3651, D(G(x)) : 0.3765
Elapsed Time: 0.1299 min
model_saved, images_saved...
Epochs-279 (train) , D(x) : 0.3736, D(G(x)) : 0.3506
Elapsed Time: 0.1277 min
model_saved, images_saved...
Epochs-280 (train) , D(x) : 0.3506, D(G(x)) : 0.368
Elapsed Time: 0.1292 min
model_saved, images_saved...
Epochs-281 (train) , D(x) : 0.3424, D(G(x)) : 0.3684
Elapsed Time: 0.1279 min
model_saved, images_saved...
Epochs-282 (train) , D(x) : 0.3531, D(G(x)) : 0.3831
Elapsed Time: 0.1294 min
model_saved, images_saved...
Epochs-283 (train) , D(x) : 0.349, D(G(x)) : 0.382
Elapsed Time: 0.1263 min
model_saved, images_saved...
Epochs-284 (train) , D(x) : 0.3458, D(G(x)) : 0.384
Elapsed Time: 0.1253 min
model_saved, images_saved...
Epochs-285 (train) , D(x) : 0.3392, D(G(x)) : 0.4106
Elapsed Time: 0.1285 min
model_saved, images_saved...
Epochs-286 (train) , D(x) : 0.3589, D(G(x)) : 0.3722
Elapsed Time: 0.1282 min
model_saved, images_saved...
Epochs-287 (train) , D(x) : 0.3594, D(G(x)) : 0.3615
Elapsed Time: 0.1285 min
model_saved, images_saved...
Epochs-288 (train) , D(x) : 0.3608, D(G(x)) : 0.3577
Elapsed Time: 0.1278 min
model_saved, images_saved...
Epochs-289 (train) , D(x) : 0.3531, D(G(x)) : 0.3721
Elapsed Time: 0.1259 min
model_saved, images_saved...
Epochs-290 (train) , D(x) : 0.3653, D(G(x)) : 0.3812
Elapsed Time: 0.1303 min
model_saved, images_saved...
Epochs-291 (train) , D(x) : 0.361, D(G(x)) : 0.3696
Elapsed Time: 0.1353 min
model_saved, images_saved...
Epochs-292 (train) , D(x) : 0.3582, D(G(x)) : 0.3743
Elapsed Time: 0.1364 min
model_saved, images_saved...
Epochs-293 (train) , D(x) : 0.3651, D(G(x)) : 0.3604
Elapsed Time: 0.1324 min
model_saved, images_saved...
Epochs-294 (train) , D(x) : 0.3622, D(G(x)) : 0.3563
Elapsed Time: 0.1233 min
model_saved, images_saved...
Epochs-295 (train) , D(x) : 0.3669, D(G(x)) : 0.3533
Elapsed Time: 0.125 min
model_saved, images_saved...
Epochs-296 (train) , D(x) : 0.3555, D(G(x)) : 0.3624
Elapsed Time: 0.126 min
model_saved, images_saved...
Epochs-297 (train) , D(x) : 0.3567, D(G(x)) : 0.3581
Elapsed Time: 0.1252 min
model_saved, images_saved...
Epochs-298 (train) , D(x) : 0.3606, D(G(x)) : 0.3749
Elapsed Time: 0.1324 min
model_saved, images_saved...
Epochs-299 (train) , D(x) : 0.3662, D(G(x)) : 0.3557
Elapsed Time: 0.1287 min
model_saved, images_saved...
Epochs-300 (train) , D(x) : 0.3614, D(G(x)) : 0.386
Elapsed Time: 0.1331 min
model_saved, images_saved...
Epochs-301 (train) , D(x) : 0.3438, D(G(x)) : 0.3845
Elapsed Time: 0.129 min
model_saved, images_saved...
Epochs-302 (train) , D(x) : 0.3581, D(G(x)) : 0.3839
Elapsed Time: 0.1349 min
model_saved, images_saved...
Epochs-303 (train) , D(x) : 0.3483, D(G(x)) : 0.3846
Elapsed Time: 0.1308 min
model_saved, images_saved...
Epochs-304 (train) , D(x) : 0.3431, D(G(x)) : 0.3832
Elapsed Time: 0.1273 min
model_saved, images_saved...
Epochs-305 (train) , D(x) : 0.3509, D(G(x)) : 0.3923
Elapsed Time: 0.1342 min
model_saved, images_saved...
Epochs-306 (train) , D(x) : 0.3604, D(G(x)) : 0.3468
Elapsed Time: 0.1309 min
model_saved, images_saved...
Epochs-307 (train) , D(x) : 0.3518, D(G(x)) : 0.3742
Elapsed Time: 0.1298 min
model_saved, images_saved...
Epochs-308 (train) , D(x) : 0.358, D(G(x)) : 0.3669
Elapsed Time: 0.1358 min
model_saved, images_saved...
Epochs-309 (train) , D(x) : 0.3817, D(G(x)) : 0.357
Elapsed Time: 0.1325 min
model_saved, images_saved...
Epochs-310 (train) , D(x) : 0.3709, D(G(x)) : 0.3528
Elapsed Time: 0.1313 min
model_saved, images_saved...
Epochs-311 (train) , D(x) : 0.3688, D(G(x)) : 0.3681
Elapsed Time: 0.1306 min
model_saved, images_saved...
Epochs-312 (train) , D(x) : 0.3591, D(G(x)) : 0.3624
Elapsed Time: 0.1304 min
model_saved, images_saved...
Epochs-313 (train) , D(x) : 0.3665, D(G(x)) : 0.3691
Elapsed Time: 0.1275 min
model_saved, images_saved...
Epochs-314 (train) , D(x) : 0.3501, D(G(x)) : 0.384
Elapsed Time: 0.1268 min
model_saved, images_saved...
Epochs-315 (train) , D(x) : 0.3426, D(G(x)) : 0.3932
Elapsed Time: 0.1284 min
model_saved, images_saved...
Epochs-316 (train) , D(x) : 0.3616, D(G(x)) : 0.3708
Elapsed Time: 0.1349 min
model_saved, images_saved...
Epochs-317 (train) , D(x) : 0.3677, D(G(x)) : 0.361
Elapsed Time: 0.1314 min
model_saved, images_saved...
Epochs-318 (train) , D(x) : 0.3635, D(G(x)) : 0.3555
Elapsed Time: 0.1326 min
model_saved, images_saved...
Epochs-319 (train) , D(x) : 0.3656, D(G(x)) : 0.3582
Elapsed Time: 0.1296 min
model_saved, images_saved...
Epochs-320 (train) , D(x) : 0.3589, D(G(x)) : 0.3665
Elapsed Time: 0.1291 min
model_saved, images_saved...
Epochs-321 (train) , D(x) : 0.3678, D(G(x)) : 0.3464
Elapsed Time: 0.1288 min
model_saved, images_saved...
Epochs-322 (train) , D(x) : 0.3479, D(G(x)) : 0.3794
Elapsed Time: 0.1338 min
model_saved, images_saved...
Epochs-323 (train) , D(x) : 0.3474, D(G(x)) : 0.3693
Elapsed Time: 0.1301 min
model_saved, images_saved...
Epochs-324 (train) , D(x) : 0.3544, D(G(x)) : 0.3698
Elapsed Time: 0.1288 min
model_saved, images_saved...
Epochs-325 (train) , D(x) : 0.3583, D(G(x)) : 0.3904
Elapsed Time: 0.1341 min
model_saved, images_saved...
Epochs-326 (train) , D(x) : 0.3419, D(G(x)) : 0.396
Elapsed Time: 0.1309 min
model_saved, images_saved...
Epochs-327 (train) , D(x) : 0.368, D(G(x)) : 0.364
Elapsed Time: 0.132 min
model_saved, images_saved...
Epochs-328 (train) , D(x) : 0.3773, D(G(x)) : 0.3533
Elapsed Time: 0.1296 min
model_saved, images_saved...
Epochs-329 (train) , D(x) : 0.3639, D(G(x)) : 0.3838
Elapsed Time: 0.1344 min
model_saved, images_saved...
Epochs-330 (train) , D(x) : 0.3664, D(G(x)) : 0.3676
Elapsed Time: 0.1334 min
model_saved, images_saved...
Epochs-331 (train) , D(x) : 0.3519, D(G(x)) : 0.3628
Elapsed Time: 0.1257 min
model_saved, images_saved...
Epochs-332 (train) , D(x) : 0.3531, D(G(x)) : 0.3704
Elapsed Time: 0.127 min
model_saved, images_saved...
Epochs-333 (train) , D(x) : 0.3654, D(G(x)) : 0.3768
Elapsed Time: 0.1314 min
model_saved, images_saved...
Epochs-334 (train) , D(x) : 0.3698, D(G(x)) : 0.3556
Elapsed Time: 0.1327 min
model_saved, images_saved...
Epochs-335 (train) , D(x) : 0.3711, D(G(x)) : 0.3577
Elapsed Time: 0.1306 min
model_saved, images_saved...
Epochs-336 (train) , D(x) : 0.3692, D(G(x)) : 0.348
Elapsed Time: 0.1269 min
model_saved, images_saved...
Epochs-337 (train) , D(x) : 0.3617, D(G(x)) : 0.3694
Elapsed Time: 0.1337 min
model_saved, images_saved...
Epochs-338 (train) , D(x) : 0.3537, D(G(x)) : 0.3749
Elapsed Time: 0.1283 min
model_saved, images_saved...
Epochs-339 (train) , D(x) : 0.3469, D(G(x)) : 0.3749
Elapsed Time: 0.1253 min
model_saved, images_saved...
Epochs-340 (train) , D(x) : 0.3469, D(G(x)) : 0.3675
Elapsed Time: 0.1247 min
model_saved, images_saved...
Epochs-341 (train) , D(x) : 0.3408, D(G(x)) : 0.3744
Elapsed Time: 0.1239 min
model_saved, images_saved...
Epochs-342 (train) , D(x) : 0.3378, D(G(x)) : 0.3832
Elapsed Time: 0.1275 min
model_saved, images_saved...
Epochs-343 (train) , D(x) : 0.3511, D(G(x)) : 0.3652
Elapsed Time: 0.1279 min
model_saved, images_saved...
Epochs-344 (train) , D(x) : 0.3695, D(G(x)) : 0.3725
Elapsed Time: 0.1352 min
model_saved, images_saved...
Epochs-345 (train) , D(x) : 0.3745, D(G(x)) : 0.3564
Elapsed Time: 0.1343 min
model_saved, images_saved...
Epochs-346 (train) , D(x) : 0.3595, D(G(x)) : 0.3476
Elapsed Time: 0.1252 min
model_saved, images_saved...
Epochs-347 (train) , D(x) : 0.3696, D(G(x)) : 0.367
Elapsed Time: 0.1305 min
model_saved, images_saved...
Epochs-348 (train) , D(x) : 0.3383, D(G(x)) : 0.3784
Elapsed Time: 0.1286 min
model_saved, images_saved...
Epochs-349 (train) , D(x) : 0.3489, D(G(x)) : 0.3699
Elapsed Time: 0.1291 min
model_saved, images_saved...
Epochs-350 (train) , D(x) : 0.348, D(G(x)) : 0.3737
Elapsed Time: 0.1275 min
model_saved, images_saved...
Epochs-351 (train) , D(x) : 0.3488, D(G(x)) : 0.377
Elapsed Time: 0.129 min
model_saved, images_saved...
Epochs-352 (train) , D(x) : 0.3456, D(G(x)) : 0.3975
Elapsed Time: 0.1326 min
model_saved, images_saved...
Epochs-353 (train) , D(x) : 0.3655, D(G(x)) : 0.3712
Elapsed Time: 0.1313 min
model_saved, images_saved...
Epochs-354 (train) , D(x) : 0.3565, D(G(x)) : 0.3694
Elapsed Time: 0.13 min
model_saved, images_saved...
Epochs-355 (train) , D(x) : 0.3516, D(G(x)) : 0.3734
Elapsed Time: 0.1285 min
model_saved, images_saved...
Epochs-356 (train) , D(x) : 0.3312, D(G(x)) : 0.3829
Elapsed Time: 0.1239 min
model_saved, images_saved...
Epochs-357 (train) , D(x) : 0.3432, D(G(x)) : 0.3846
Elapsed Time: 0.125 min
model_saved, images_saved...
Epochs-358 (train) , D(x) : 0.3355, D(G(x)) : 0.3648
Elapsed Time: 0.1223 min
model_saved, images_saved...
Epochs-359 (train) , D(x) : 0.3435, D(G(x)) : 0.3724
Elapsed Time: 0.124 min
model_saved, images_saved...
Epochs-360 (train) , D(x) : 0.3381, D(G(x)) : 0.3706
Elapsed Time: 0.124 min
model_saved, images_saved...
Epochs-361 (train) , D(x) : 0.3479, D(G(x)) : 0.3915
Elapsed Time: 0.1271 min
model_saved, images_saved...
Epochs-362 (train) , D(x) : 0.3338, D(G(x)) : 0.3785
Elapsed Time: 0.1258 min
model_saved, images_saved...
Epochs-363 (train) , D(x) : 0.3429, D(G(x)) : 0.3708
Elapsed Time: 0.1245 min
model_saved, images_saved...
Epochs-364 (train) , D(x) : 0.3429, D(G(x)) : 0.399
Elapsed Time: 0.1311 min
model_saved, images_saved...
Epochs-365 (train) , D(x) : 0.3429, D(G(x)) : 0.4037
Elapsed Time: 0.1285 min
model_saved, images_saved...
Epochs-366 (train) , D(x) : 0.3249, D(G(x)) : 0.414
Elapsed Time: 0.1269 min
model_saved, images_saved...
Epochs-367 (train) , D(x) : 0.3215, D(G(x)) : 0.3958
Elapsed Time: 0.1234 min
model_saved, images_saved...
Epochs-368 (train) , D(x) : 0.3247, D(G(x)) : 0.3908
Elapsed Time: 0.1278 min
model_saved, images_saved...
Epochs-369 (train) , D(x) : 0.3095, D(G(x)) : 0.405
Elapsed Time: 0.1236 min
model_saved, images_saved...
Epochs-370 (train) , D(x) : 0.3165, D(G(x)) : 0.4107
Elapsed Time: 0.1271 min
model_saved, images_saved...
Epochs-371 (train) , D(x) : 0.3391, D(G(x)) : 0.3717
Elapsed Time: 0.1251 min
model_saved, images_saved...
Epochs-372 (train) , D(x) : 0.3466, D(G(x)) : 0.3837
Elapsed Time: 0.1306 min
model_saved, images_saved...
Epochs-373 (train) , D(x) : 0.3159, D(G(x)) : 0.3886
Elapsed Time: 0.1253 min
model_saved, images_saved...
Epochs-374 (train) , D(x) : 0.3444, D(G(x)) : 0.3768
Elapsed Time: 0.1255 min
model_saved, images_saved...
Epochs-375 (train) , D(x) : 0.3522, D(G(x)) : 0.3795
Elapsed Time: 0.1283 min
model_saved, images_saved...
Epochs-376 (train) , D(x) : 0.3387, D(G(x)) : 0.383
Elapsed Time: 0.1263 min
model_saved, images_saved...
Epochs-377 (train) , D(x) : 0.347, D(G(x)) : 0.3925
Elapsed Time: 0.1311 min
model_saved, images_saved...
Epochs-378 (train) , D(x) : 0.3454, D(G(x)) : 0.3775
Elapsed Time: 0.1273 min
model_saved, images_saved...
Epochs-379 (train) , D(x) : 0.3484, D(G(x)) : 0.3625
Elapsed Time: 0.1289 min
model_saved, images_saved...
Epochs-380 (train) , D(x) : 0.3684, D(G(x)) : 0.3501
Elapsed Time: 0.1249 min
model_saved, images_saved...
Epochs-381 (train) , D(x) : 0.3575, D(G(x)) : 0.3597
Elapsed Time: 0.1262 min
model_saved, images_saved...
Epochs-382 (train) , D(x) : 0.3513, D(G(x)) : 0.3646
Elapsed Time: 0.128 min
model_saved, images_saved...
Epochs-383 (train) , D(x) : 0.347, D(G(x)) : 0.3871
Elapsed Time: 0.1302 min
model_saved, images_saved...
Epochs-384 (train) , D(x) : 0.3537, D(G(x)) : 0.3715
Elapsed Time: 0.1299 min
model_saved, images_saved...
Epochs-385 (train) , D(x) : 0.3558, D(G(x)) : 0.3687
Elapsed Time: 0.1276 min
model_saved, images_saved...
Epochs-386 (train) , D(x) : 0.3434, D(G(x)) : 0.3912
Elapsed Time: 0.1297 min
model_saved, images_saved...
Epochs-387 (train) , D(x) : 0.3357, D(G(x)) : 0.3658
Elapsed Time: 0.1228 min
model_saved, images_saved...
Epochs-388 (train) , D(x) : 0.3535, D(G(x)) : 0.3522
Elapsed Time: 0.1246 min
model_saved, images_saved...
Epochs-389 (train) , D(x) : 0.348, D(G(x)) : 0.3577
Elapsed Time: 0.1224 min
model_saved, images_saved...
Epochs-390 (train) , D(x) : 0.3527, D(G(x)) : 0.3723
Elapsed Time: 0.1257 min
model_saved, images_saved...
Epochs-391 (train) , D(x) : 0.3615, D(G(x)) : 0.3598
Elapsed Time: 0.1294 min
model_saved, images_saved...
Epochs-392 (train) , D(x) : 0.3571, D(G(x)) : 0.3643
Elapsed Time: 0.128 min
model_saved, images_saved...
Epochs-393 (train) , D(x) : 0.3517, D(G(x)) : 0.3643
Elapsed Time: 0.1266 min
model_saved, images_saved...
Epochs-394 (train) , D(x) : 0.3582, D(G(x)) : 0.3683
Elapsed Time: 0.1272 min
model_saved, images_saved...
Epochs-395 (train) , D(x) : 0.3529, D(G(x)) : 0.3757
Elapsed Time: 0.1335 min
model_saved, images_saved...
Epochs-396 (train) , D(x) : 0.3567, D(G(x)) : 0.3683
Elapsed Time: 0.1299 min
model_saved, images_saved...
Epochs-397 (train) , D(x) : 0.3499, D(G(x)) : 0.3676
Elapsed Time: 0.1263 min
model_saved, images_saved...
Epochs-398 (train) , D(x) : 0.3521, D(G(x)) : 0.3739
Elapsed Time: 0.1287 min
model_saved, images_saved...
Epochs-399 (train) , D(x) : 0.3558, D(G(x)) : 0.3675
Elapsed Time: 0.1267 min
model_saved, images_saved...
Epochs-400 (train) , D(x) : 0.3477, D(G(x)) : 0.3702
Elapsed Time: 0.1254 min
model_saved, images_saved...
Epochs-401 (train) , D(x) : 0.3514, D(G(x)) : 0.3634
Elapsed Time: 0.1266 min
model_saved, images_saved...
Epochs-402 (train) , D(x) : 0.3492, D(G(x)) : 0.3621
Elapsed Time: 0.1275 min
model_saved, images_saved...
Epochs-403 (train) , D(x) : 0.3513, D(G(x)) : 0.3753
Elapsed Time: 0.1297 min
model_saved, images_saved...
Epochs-404 (train) , D(x) : 0.3484, D(G(x)) : 0.3744
Elapsed Time: 0.1315 min
model_saved, images_saved...
Epochs-405 (train) , D(x) : 0.3508, D(G(x)) : 0.3996
Elapsed Time: 0.1334 min
model_saved, images_saved...
Epochs-406 (train) , D(x) : 0.3338, D(G(x)) : 0.3822
Elapsed Time: 0.1246 min
model_saved, images_saved...
Epochs-407 (train) , D(x) : 0.3462, D(G(x)) : 0.373
Elapsed Time: 0.1252 min
model_saved, images_saved...
Epochs-408 (train) , D(x) : 0.3513, D(G(x)) : 0.357
Elapsed Time: 0.1227 min
model_saved, images_saved...
Epochs-409 (train) , D(x) : 0.3399, D(G(x)) : 0.3811
Elapsed Time: 0.1257 min
model_saved, images_saved...
Epochs-410 (train) , D(x) : 0.3403, D(G(x)) : 0.3791
Elapsed Time: 0.1288 min
model_saved, images_saved...
Epochs-411 (train) , D(x) : 0.3314, D(G(x)) : 0.3996
Elapsed Time: 0.1278 min
model_saved, images_saved...
Epochs-412 (train) , D(x) : 0.3478, D(G(x)) : 0.3857
Elapsed Time: 0.1244 min
model_saved, images_saved...
Epochs-413 (train) , D(x) : 0.3285, D(G(x)) : 0.3989
Elapsed Time: 0.126 min
model_saved, images_saved...
Epochs-414 (train) , D(x) : 0.3484, D(G(x)) : 0.3889
Elapsed Time: 0.1258 min
model_saved, images_saved...
Epochs-415 (train) , D(x) : 0.3337, D(G(x)) : 0.3848
Elapsed Time: 0.1247 min
model_saved, images_saved...
Epochs-416 (train) , D(x) : 0.3397, D(G(x)) : 0.3941
Elapsed Time: 0.1272 min
model_saved, images_saved...
Epochs-417 (train) , D(x) : 0.3571, D(G(x)) : 0.3697
Elapsed Time: 0.1281 min
model_saved, images_saved...
Epochs-418 (train) , D(x) : 0.3467, D(G(x)) : 0.3685
Elapsed Time: 0.1273 min
model_saved, images_saved...
Epochs-419 (train) , D(x) : 0.3375, D(G(x)) : 0.3724
Elapsed Time: 0.1239 min
model_saved, images_saved...
Epochs-420 (train) , D(x) : 0.354, D(G(x)) : 0.3549
Elapsed Time: 0.1242 min
model_saved, images_saved...
Epochs-421 (train) , D(x) : 0.3484, D(G(x)) : 0.3552
Elapsed Time: 0.1222 min
model_saved, images_saved...
Epochs-422 (train) , D(x) : 0.3396, D(G(x)) : 0.3613
Elapsed Time: 0.1238 min
model_saved, images_saved...
Epochs-423 (train) , D(x) : 0.3393, D(G(x)) : 0.3917
Elapsed Time: 0.1261 min
model_saved, images_saved...
Epochs-424 (train) , D(x) : 0.3312, D(G(x)) : 0.3881
Elapsed Time: 0.1217 min
model_saved, images_saved...
Epochs-425 (train) , D(x) : 0.3474, D(G(x)) : 0.3727
Elapsed Time: 0.1266 min
model_saved, images_saved...
Epochs-426 (train) , D(x) : 0.3357, D(G(x)) : 0.3931
Elapsed Time: 0.1281 min
model_saved, images_saved...
Epochs-427 (train) , D(x) : 0.3356, D(G(x)) : 0.3849
Elapsed Time: 0.1249 min
model_saved, images_saved...
Epochs-428 (train) , D(x) : 0.3217, D(G(x)) : 0.393
Elapsed Time: 0.1244 min
model_saved, images_saved...
Epochs-429 (train) , D(x) : 0.3448, D(G(x)) : 0.3525
Elapsed Time: 0.1237 min
model_saved, images_saved...
Epochs-430 (train) , D(x) : 0.3329, D(G(x)) : 0.3801
Elapsed Time: 0.1251 min
model_saved, images_saved...
Epochs-431 (train) , D(x) : 0.3414, D(G(x)) : 0.3713
Elapsed Time: 0.1222 min
model_saved, images_saved...
Epochs-432 (train) , D(x) : 0.3284, D(G(x)) : 0.3794
Elapsed Time: 0.1208 min
model_saved, images_saved...
Epochs-433 (train) , D(x) : 0.3436, D(G(x)) : 0.3562
Elapsed Time: 0.121 min
model_saved, images_saved...
Epochs-434 (train) , D(x) : 0.3394, D(G(x)) : 0.3576
Elapsed Time: 0.1223 min
model_saved, images_saved...
Epochs-435 (train) , D(x) : 0.3414, D(G(x)) : 0.3752
Elapsed Time: 0.1266 min
model_saved, images_saved...
Epochs-436 (train) , D(x) : 0.3399, D(G(x)) : 0.3722
Elapsed Time: 0.1248 min
model_saved, images_saved...
Epochs-437 (train) , D(x) : 0.3516, D(G(x)) : 0.3714
Elapsed Time: 0.1264 min
model_saved, images_saved...
Epochs-438 (train) , D(x) : 0.3525, D(G(x)) : 0.347
Elapsed Time: 0.124 min
model_saved, images_saved...
Epochs-439 (train) , D(x) : 0.3504, D(G(x)) : 0.3664
Elapsed Time: 0.1256 min
model_saved, images_saved...
Epochs-440 (train) , D(x) : 0.3348, D(G(x)) : 0.3943
Elapsed Time: 0.1276 min
model_saved, images_saved...
Epochs-441 (train) , D(x) : 0.326, D(G(x)) : 0.3972
Elapsed Time: 0.1242 min
model_saved, images_saved...
Epochs-442 (train) , D(x) : 0.3347, D(G(x)) : 0.3875
Elapsed Time: 0.1221 min
model_saved, images_saved...
Epochs-443 (train) , D(x) : 0.3165, D(G(x)) : 0.4029
Elapsed Time: 0.1221 min
model_saved, images_saved...
Epochs-444 (train) , D(x) : 0.3333, D(G(x)) : 0.376
Elapsed Time: 0.1254 min
model_saved, images_saved...
Epochs-445 (train) , D(x) : 0.3416, D(G(x)) : 0.3754
Elapsed Time: 0.1247 min
model_saved, images_saved...
Epochs-446 (train) , D(x) : 0.3469, D(G(x)) : 0.3797
Elapsed Time: 0.1263 min
model_saved, images_saved...
Epochs-447 (train) , D(x) : 0.3507, D(G(x)) : 0.3757
Elapsed Time: 0.1262 min
model_saved, images_saved...
Epochs-448 (train) , D(x) : 0.3347, D(G(x)) : 0.3794
Elapsed Time: 0.1265 min
model_saved, images_saved...
Epochs-449 (train) , D(x) : 0.3491, D(G(x)) : 0.3502
Elapsed Time: 0.1213 min
model_saved, images_saved...
Epochs-450 (train) , D(x) : 0.3399, D(G(x)) : 0.3352
Elapsed Time: 0.1212 min
model_saved, images_saved...
Epochs-451 (train) , D(x) : 0.3351, D(G(x)) : 0.3466
Elapsed Time: 0.1222 min
model_saved, images_saved...
Epochs-452 (train) , D(x) : 0.3345, D(G(x)) : 0.3818
Elapsed Time: 0.1246 min
model_saved, images_saved...
Epochs-453 (train) , D(x) : 0.3281, D(G(x)) : 0.3906
Elapsed Time: 0.1228 min
model_saved, images_saved...
Epochs-454 (train) , D(x) : 0.3206, D(G(x)) : 0.3747
Elapsed Time: 0.1215 min
model_saved, images_saved...
Epochs-455 (train) , D(x) : 0.3199, D(G(x)) : 0.3968
Elapsed Time: 0.1207 min
model_saved, images_saved...
Epochs-456 (train) , D(x) : 0.3042, D(G(x)) : 0.3977
Elapsed Time: 0.1223 min
model_saved, images_saved...
Epochs-457 (train) , D(x) : 0.3195, D(G(x)) : 0.4096
Elapsed Time: 0.1234 min
model_saved, images_saved...
Epochs-458 (train) , D(x) : 0.3269, D(G(x)) : 0.379
Elapsed Time: 0.1213 min
model_saved, images_saved...
Epochs-459 (train) , D(x) : 0.3222, D(G(x)) : 0.3904
Elapsed Time: 0.1235 min
model_saved, images_saved...
Epochs-460 (train) , D(x) : 0.3357, D(G(x)) : 0.3763
Elapsed Time: 0.1228 min
model_saved, images_saved...
Epochs-461 (train) , D(x) : 0.3255, D(G(x)) : 0.3867
Elapsed Time: 0.1272 min
model_saved, images_saved...
Epochs-462 (train) , D(x) : 0.3411, D(G(x)) : 0.3715
Elapsed Time: 0.1229 min
model_saved, images_saved...
Epochs-463 (train) , D(x) : 0.3324, D(G(x)) : 0.3613
Elapsed Time: 0.1245 min
model_saved, images_saved...
Epochs-464 (train) , D(x) : 0.3391, D(G(x)) : 0.3726
Elapsed Time: 0.1235 min
model_saved, images_saved...
Epochs-465 (train) , D(x) : 0.3289, D(G(x)) : 0.3859
Elapsed Time: 0.1264 min
model_saved, images_saved...
Epochs-466 (train) , D(x) : 0.3536, D(G(x)) : 0.3601
Elapsed Time: 0.124 min
model_saved, images_saved...
Epochs-467 (train) , D(x) : 0.3461, D(G(x)) : 0.3582
Elapsed Time: 0.1249 min
model_saved, images_saved...
Epochs-468 (train) , D(x) : 0.3461, D(G(x)) : 0.3645
Elapsed Time: 0.1263 min
model_saved, images_saved...
Epochs-469 (train) , D(x) : 0.3346, D(G(x)) : 0.3741
Elapsed Time: 0.1259 min
model_saved, images_saved...
Epochs-470 (train) , D(x) : 0.331, D(G(x)) : 0.387
Elapsed Time: 0.1237 min
model_saved, images_saved...
Epochs-471 (train) , D(x) : 0.3339, D(G(x)) : 0.381
Elapsed Time: 0.1232 min
model_saved, images_saved...
Epochs-472 (train) , D(x) : 0.3448, D(G(x)) : 0.3784
Elapsed Time: 0.1229 min
model_saved, images_saved...
Epochs-473 (train) , D(x) : 0.33, D(G(x)) : 0.3833
Elapsed Time: 0.1233 min
model_saved, images_saved...
Epochs-474 (train) , D(x) : 0.3414, D(G(x)) : 0.3651
Elapsed Time: 0.1219 min
model_saved, images_saved...
Epochs-475 (train) , D(x) : 0.3255, D(G(x)) : 0.3786
Elapsed Time: 0.1209 min
model_saved, images_saved...
Epochs-476 (train) , D(x) : 0.3194, D(G(x)) : 0.3861
Elapsed Time: 0.1206 min
model_saved, images_saved...
Epochs-477 (train) , D(x) : 0.3293, D(G(x)) : 0.376
Elapsed Time: 0.1215 min
model_saved, images_saved...
Epochs-478 (train) , D(x) : 0.3384, D(G(x)) : 0.3576
Elapsed Time: 0.1197 min
model_saved, images_saved...
Epochs-479 (train) , D(x) : 0.3458, D(G(x)) : 0.3632
Elapsed Time: 0.1218 min
model_saved, images_saved...
Epochs-480 (train) , D(x) : 0.33, D(G(x)) : 0.3823
Elapsed Time: 0.1222 min
model_saved, images_saved...
Epochs-481 (train) , D(x) : 0.3259, D(G(x)) : 0.387
Elapsed Time: 0.125 min
model_saved, images_saved...
Epochs-482 (train) , D(x) : 0.3273, D(G(x)) : 0.3735
Elapsed Time: 0.1226 min
model_saved, images_saved...
Epochs-483 (train) , D(x) : 0.3275, D(G(x)) : 0.373
Elapsed Time: 0.1216 min
model_saved, images_saved...
Epochs-484 (train) , D(x) : 0.3319, D(G(x)) : 0.3644
Elapsed Time: 0.1219 min
model_saved, images_saved...
Epochs-485 (train) , D(x) : 0.3465, D(G(x)) : 0.3756
Elapsed Time: 0.1233 min
model_saved, images_saved...
Epochs-486 (train) , D(x) : 0.3422, D(G(x)) : 0.3747
Elapsed Time: 0.1241 min
model_saved, images_saved...
Epochs-487 (train) , D(x) : 0.3325, D(G(x)) : 0.3707
Elapsed Time: 0.1221 min
model_saved, images_saved...
Epochs-488 (train) , D(x) : 0.3201, D(G(x)) : 0.3855
Elapsed Time: 0.1207 min
model_saved, images_saved...
Epochs-489 (train) , D(x) : 0.3292, D(G(x)) : 0.3844
Elapsed Time: 0.1239 min
model_saved, images_saved...
Epochs-490 (train) , D(x) : 0.3068, D(G(x)) : 0.378
Elapsed Time: 0.1218 min
model_saved, images_saved...
Epochs-491 (train) , D(x) : 0.337, D(G(x)) : 0.3792
Elapsed Time: 0.1204 min
model_saved, images_saved...
Epochs-492 (train) , D(x) : 0.3393, D(G(x)) : 0.3648
Elapsed Time: 0.1234 min
model_saved, images_saved...
Epochs-493 (train) , D(x) : 0.3383, D(G(x)) : 0.3738
Elapsed Time: 0.1238 min
model_saved, images_saved...
Epochs-494 (train) , D(x) : 0.3151, D(G(x)) : 0.3906
Elapsed Time: 0.1238 min
model_saved, images_saved...
Epochs-495 (train) , D(x) : 0.3363, D(G(x)) : 0.3769
Elapsed Time: 0.124 min
model_saved, images_saved...
Epochs-496 (train) , D(x) : 0.3312, D(G(x)) : 0.371
Elapsed Time: 0.1238 min
model_saved, images_saved...
Epochs-497 (train) , D(x) : 0.3391, D(G(x)) : 0.3766
Elapsed Time: 0.1247 min
model_saved, images_saved...
Epochs-498 (train) , D(x) : 0.3252, D(G(x)) : 0.377
Elapsed Time: 0.1239 min
model_saved, images_saved...
Epochs-499 (train) , D(x) : 0.3393, D(G(x)) : 0.3822
Elapsed Time: 0.1266 min
model_saved, images_saved...
