****************hyper-parameters****************
epochs = 500
batch_size = 32
soft_labels = False
adv_weight = 0
d_thresh = 0.8
z_dim = 200
z_dis = norm
model_images_save_step = 1
data = chair/
device = cuda:0
g_lr = 0.0025
d_lr = 1e-05
cube_len = 32
leak_value = 0.2
bias = False
****************hyper-parameters****************
../outputs/dcgan
../volumetric_data/chair/30/train/
data_size = 10668
Let's use 2 GPUs!
Epochs-0 (train) , D(x) : 0.9158, D(G(x)) : 0.01244
Elapsed Time: 0.3056 min
model_saved, images_saved...
Epochs-1 (train) , D(x) : 0.6202, D(G(x)) : 0.1624
Elapsed Time: 0.2383 min
model_saved, images_saved...
Epochs-2 (train) , D(x) : 0.5265, D(G(x)) : 0.2615
Elapsed Time: 0.2382 min
model_saved, images_saved...
Epochs-3 (train) , D(x) : 0.498, D(G(x)) : 0.2823
Elapsed Time: 0.2398 min
model_saved, images_saved...
Epochs-4 (train) , D(x) : 0.5247, D(G(x)) : 0.2211
Elapsed Time: 0.2385 min
model_saved, images_saved...
Epochs-5 (train) , D(x) : 0.5134, D(G(x)) : 0.2333
Elapsed Time: 0.2374 min
model_saved, images_saved...
Epochs-6 (train) , D(x) : 0.5084, D(G(x)) : 0.2406
Elapsed Time: 0.2393 min
model_saved, images_saved...
Epochs-7 (train) , D(x) : 0.5057, D(G(x)) : 0.2437
Elapsed Time: 0.238 min
model_saved, images_saved...
Epochs-8 (train) , D(x) : 0.5041, D(G(x)) : 0.2477
Elapsed Time: 0.2382 min
model_saved, images_saved...
Epochs-9 (train) , D(x) : 0.5028, D(G(x)) : 0.2479
Elapsed Time: 0.2371 min
model_saved, images_saved...
Epochs-10 (train) , D(x) : 0.5016, D(G(x)) : 0.2508
Elapsed Time: 0.2381 min
model_saved, images_saved...
Epochs-11 (train) , D(x) : 0.5018, D(G(x)) : 0.2496
Elapsed Time: 0.2379 min
model_saved, images_saved...
Epochs-12 (train) , D(x) : 0.5016, D(G(x)) : 0.2498
Elapsed Time: 0.237 min
model_saved, images_saved...
Epochs-13 (train) , D(x) : 0.5015, D(G(x)) : 0.25
Elapsed Time: 0.2374 min
model_saved, images_saved...
Epochs-14 (train) , D(x) : 0.5013, D(G(x)) : 0.2507
Elapsed Time: 0.24 min
model_saved, images_saved...
Epochs-15 (train) , D(x) : 0.5012, D(G(x)) : 0.25
Elapsed Time: 0.2386 min
model_saved, images_saved...
Epochs-16 (train) , D(x) : 0.5014, D(G(x)) : 0.2494
Elapsed Time: 0.2385 min
model_saved, images_saved...
Epochs-17 (train) , D(x) : 0.501, D(G(x)) : 0.2498
Elapsed Time: 0.2396 min
model_saved, images_saved...
Epochs-18 (train) , D(x) : 0.5009, D(G(x)) : 0.2497
Elapsed Time: 0.239 min
model_saved, images_saved...
Epochs-19 (train) , D(x) : 0.5004, D(G(x)) : 0.251
Elapsed Time: 0.2384 min
model_saved, images_saved...
Epochs-20 (train) , D(x) : 0.5004, D(G(x)) : 0.2508
Elapsed Time: 0.2385 min
model_saved, images_saved...
Epochs-21 (train) , D(x) : 0.5008, D(G(x)) : 0.251
Elapsed Time: 0.2388 min
model_saved, images_saved...
Epochs-22 (train) , D(x) : 0.5007, D(G(x)) : 0.2501
Elapsed Time: 0.2382 min
model_saved, images_saved...
Epochs-23 (train) , D(x) : 0.5008, D(G(x)) : 0.2499
Elapsed Time: 0.2384 min
model_saved, images_saved...
Epochs-24 (train) , D(x) : 0.5005, D(G(x)) : 0.2497
Elapsed Time: 0.2388 min
model_saved, images_saved...
Epochs-25 (train) , D(x) : 0.5004, D(G(x)) : 0.2508
Elapsed Time: 0.2402 min
model_saved, images_saved...
Epochs-26 (train) , D(x) : 0.5006, D(G(x)) : 0.2504
Elapsed Time: 0.2382 min
model_saved, images_saved...
Epochs-27 (train) , D(x) : 0.5008, D(G(x)) : 0.2495
Elapsed Time: 0.2378 min
model_saved, images_saved...
Epochs-28 (train) , D(x) : 0.5003, D(G(x)) : 0.2507
Elapsed Time: 0.2398 min
model_saved, images_saved...
Epochs-29 (train) , D(x) : 0.4999, D(G(x)) : 0.2507
Elapsed Time: 0.2384 min
model_saved, images_saved...
Epochs-30 (train) , D(x) : 0.5002, D(G(x)) : 0.251
Elapsed Time: 0.2393 min
model_saved, images_saved...
Epochs-31 (train) , D(x) : 0.5008, D(G(x)) : 0.2505
Elapsed Time: 0.2383 min
model_saved, images_saved...
Epochs-32 (train) , D(x) : 0.5007, D(G(x)) : 0.2509
Elapsed Time: 0.2383 min
model_saved, images_saved...
Epochs-33 (train) , D(x) : 0.5003, D(G(x)) : 0.2504
Elapsed Time: 0.2374 min
model_saved, images_saved...
Epochs-34 (train) , D(x) : 0.5003, D(G(x)) : 0.2498
Elapsed Time: 0.2385 min
model_saved, images_saved...
Epochs-35 (train) , D(x) : 0.5002, D(G(x)) : 0.2511
Elapsed Time: 0.2386 min
model_saved, images_saved...
Epochs-36 (train) , D(x) : 0.5005, D(G(x)) : 0.2502
Elapsed Time: 0.2406 min
model_saved, images_saved...
Epochs-37 (train) , D(x) : 0.5004, D(G(x)) : 0.2505
Elapsed Time: 0.2371 min
model_saved, images_saved...
Epochs-38 (train) , D(x) : 0.5006, D(G(x)) : 0.2507
Elapsed Time: 0.238 min
model_saved, images_saved...
Epochs-39 (train) , D(x) : 0.5, D(G(x)) : 0.251
Elapsed Time: 0.2394 min
model_saved, images_saved...
Epochs-40 (train) , D(x) : 0.5001, D(G(x)) : 0.2511
Elapsed Time: 0.2389 min
model_saved, images_saved...
Epochs-41 (train) , D(x) : 0.4999, D(G(x)) : 0.2501
Elapsed Time: 0.2389 min
model_saved, images_saved...
Epochs-42 (train) , D(x) : 0.5001, D(G(x)) : 0.2514
Elapsed Time: 0.2393 min
model_saved, images_saved...
Epochs-43 (train) , D(x) : 0.4994, D(G(x)) : 0.2515
Elapsed Time: 0.2397 min
model_saved, images_saved...
Epochs-44 (train) , D(x) : 0.4996, D(G(x)) : 0.2526
Elapsed Time: 0.2393 min
model_saved, images_saved...
Epochs-45 (train) , D(x) : 0.5003, D(G(x)) : 0.251
Elapsed Time: 0.2389 min
model_saved, images_saved...
Epochs-46 (train) , D(x) : 0.4999, D(G(x)) : 0.2516
Elapsed Time: 0.2394 min
model_saved, images_saved...
Epochs-47 (train) , D(x) : 0.4999, D(G(x)) : 0.2526
Elapsed Time: 0.2413 min
model_saved, images_saved...
Epochs-48 (train) , D(x) : 0.4991, D(G(x)) : 0.2528
Elapsed Time: 0.2395 min
model_saved, images_saved...
Epochs-49 (train) , D(x) : 0.4989, D(G(x)) : 0.2532
Elapsed Time: 0.2394 min
model_saved, images_saved...
Epochs-50 (train) , D(x) : 0.498, D(G(x)) : 0.2548
Elapsed Time: 0.2397 min
model_saved, images_saved...
Epochs-51 (train) , D(x) : 0.4991, D(G(x)) : 0.2524
Elapsed Time: 0.2387 min
model_saved, images_saved...
Epochs-52 (train) , D(x) : 0.4995, D(G(x)) : 0.2536
Elapsed Time: 0.2397 min
model_saved, images_saved...
Epochs-53 (train) , D(x) : 0.4982, D(G(x)) : 0.256
Elapsed Time: 0.2398 min
model_saved, images_saved...
Epochs-54 (train) , D(x) : 0.4994, D(G(x)) : 0.2533
Elapsed Time: 0.2394 min
model_saved, images_saved...
Epochs-55 (train) , D(x) : 0.4997, D(G(x)) : 0.2537
Elapsed Time: 0.2392 min
model_saved, images_saved...
Epochs-56 (train) , D(x) : 0.4981, D(G(x)) : 0.2533
Elapsed Time: 0.2392 min
model_saved, images_saved...
Epochs-57 (train) , D(x) : 0.497, D(G(x)) : 0.2558
Elapsed Time: 0.2397 min
model_saved, images_saved...
Epochs-58 (train) , D(x) : 0.4953, D(G(x)) : 0.2583
Elapsed Time: 0.2411 min
model_saved, images_saved...
Epochs-59 (train) , D(x) : 0.4937, D(G(x)) : 0.2617
Elapsed Time: 0.2384 min
model_saved, images_saved...
Epochs-60 (train) , D(x) : 0.4907, D(G(x)) : 0.2669
Elapsed Time: 0.2378 min
model_saved, images_saved...
Epochs-61 (train) , D(x) : 0.4865, D(G(x)) : 0.2768
Elapsed Time: 0.2384 min
model_saved, images_saved...
Epochs-62 (train) , D(x) : 0.4827, D(G(x)) : 0.2826
Elapsed Time: 0.2391 min
model_saved, images_saved...
Epochs-63 (train) , D(x) : 0.4802, D(G(x)) : 0.288
Elapsed Time: 0.2383 min
model_saved, images_saved...
Epochs-64 (train) , D(x) : 0.4727, D(G(x)) : 0.293
Elapsed Time: 0.2364 min
model_saved, images_saved...
Epochs-65 (train) , D(x) : 0.4596, D(G(x)) : 0.3121
Elapsed Time: 0.2296 min
model_saved, images_saved...
Epochs-66 (train) , D(x) : 0.4221, D(G(x)) : 0.3572
Elapsed Time: 0.215 min
model_saved, images_saved...
Epochs-67 (train) , D(x) : 0.4185, D(G(x)) : 0.3485
Elapsed Time: 0.2122 min
model_saved, images_saved...
Epochs-68 (train) , D(x) : 0.4244, D(G(x)) : 0.3549
Elapsed Time: 0.2225 min
model_saved, images_saved...
Epochs-69 (train) , D(x) : 0.4292, D(G(x)) : 0.3431
Elapsed Time: 0.2259 min
model_saved, images_saved...
Epochs-70 (train) , D(x) : 0.4387, D(G(x)) : 0.3439
Elapsed Time: 0.2275 min
model_saved, images_saved...
Epochs-71 (train) , D(x) : 0.4156, D(G(x)) : 0.3579
Elapsed Time: 0.2186 min
model_saved, images_saved...
Epochs-72 (train) , D(x) : 0.3985, D(G(x)) : 0.3745
Elapsed Time: 0.2088 min
model_saved, images_saved...
Epochs-73 (train) , D(x) : 0.4117, D(G(x)) : 0.356
Elapsed Time: 0.2152 min
model_saved, images_saved...
Epochs-74 (train) , D(x) : 0.4172, D(G(x)) : 0.3568
Elapsed Time: 0.2174 min
model_saved, images_saved...
Epochs-75 (train) , D(x) : 0.4096, D(G(x)) : 0.3495
Elapsed Time: 0.212 min
model_saved, images_saved...
Epochs-76 (train) , D(x) : 0.3908, D(G(x)) : 0.3472
Elapsed Time: 0.1967 min
model_saved, images_saved...
Epochs-77 (train) , D(x) : 0.4034, D(G(x)) : 0.3547
Elapsed Time: 0.2065 min
model_saved, images_saved...
Epochs-78 (train) , D(x) : 0.4048, D(G(x)) : 0.354
Elapsed Time: 0.2131 min
model_saved, images_saved...
Epochs-79 (train) , D(x) : 0.38, D(G(x)) : 0.3695
Elapsed Time: 0.1993 min
model_saved, images_saved...
Epochs-80 (train) , D(x) : 0.3541, D(G(x)) : 0.3908
Elapsed Time: 0.193 min
model_saved, images_saved...
Epochs-81 (train) , D(x) : 0.4018, D(G(x)) : 0.3522
Elapsed Time: 0.2025 min
model_saved, images_saved...
Epochs-82 (train) , D(x) : 0.408, D(G(x)) : 0.3359
Elapsed Time: 0.2079 min
model_saved, images_saved...
Epochs-83 (train) , D(x) : 0.3916, D(G(x)) : 0.3623
Elapsed Time: 0.206 min
model_saved, images_saved...
Epochs-84 (train) , D(x) : 0.4133, D(G(x)) : 0.3421
Elapsed Time: 0.2107 min
model_saved, images_saved...
Epochs-85 (train) , D(x) : 0.4102, D(G(x)) : 0.3525
Elapsed Time: 0.2077 min
model_saved, images_saved...
Epochs-86 (train) , D(x) : 0.3966, D(G(x)) : 0.3435
Elapsed Time: 0.1972 min
model_saved, images_saved...
Epochs-87 (train) , D(x) : 0.4011, D(G(x)) : 0.3415
Elapsed Time: 0.2035 min
model_saved, images_saved...
Epochs-88 (train) , D(x) : 0.4057, D(G(x)) : 0.3518
Elapsed Time: 0.21 min
model_saved, images_saved...
Epochs-89 (train) , D(x) : 0.4007, D(G(x)) : 0.3524
Elapsed Time: 0.2055 min
model_saved, images_saved...
Epochs-90 (train) , D(x) : 0.4013, D(G(x)) : 0.341
Elapsed Time: 0.203 min
model_saved, images_saved...
Epochs-91 (train) , D(x) : 0.3992, D(G(x)) : 0.3438
Elapsed Time: 0.2044 min
model_saved, images_saved...
Epochs-92 (train) , D(x) : 0.4047, D(G(x)) : 0.3454
Elapsed Time: 0.2067 min
model_saved, images_saved...
Epochs-93 (train) , D(x) : 0.4015, D(G(x)) : 0.3311
Elapsed Time: 0.1959 min
model_saved, images_saved...
Epochs-94 (train) , D(x) : 0.4027, D(G(x)) : 0.3487
Elapsed Time: 0.2045 min
model_saved, images_saved...
Epochs-95 (train) , D(x) : 0.3946, D(G(x)) : 0.3502
Elapsed Time: 0.205 min
model_saved, images_saved...
Epochs-96 (train) , D(x) : 0.3827, D(G(x)) : 0.3576
Elapsed Time: 0.2025 min
model_saved, images_saved...
Epochs-97 (train) , D(x) : 0.3912, D(G(x)) : 0.3618
Elapsed Time: 0.2029 min
model_saved, images_saved...
Epochs-98 (train) , D(x) : 0.3787, D(G(x)) : 0.3646
Elapsed Time: 0.1989 min
model_saved, images_saved...
Epochs-99 (train) , D(x) : 0.3931, D(G(x)) : 0.3527
Elapsed Time: 0.2061 min
model_saved, images_saved...
Epochs-100 (train) , D(x) : 0.4033, D(G(x)) : 0.3407
Elapsed Time: 0.1965 min
model_saved, images_saved...
Epochs-101 (train) , D(x) : 0.3858, D(G(x)) : 0.3424
Elapsed Time: 0.2003 min
model_saved, images_saved...
Epochs-102 (train) , D(x) : 0.3926, D(G(x)) : 0.3531
Elapsed Time: 0.2022 min
model_saved, images_saved...
Epochs-103 (train) , D(x) : 0.401, D(G(x)) : 0.3481
Elapsed Time: 0.2019 min
model_saved, images_saved...
Epochs-104 (train) , D(x) : 0.3785, D(G(x)) : 0.3454
Elapsed Time: 0.1856 min
model_saved, images_saved...
Epochs-105 (train) , D(x) : 0.3653, D(G(x)) : 0.3479
Elapsed Time: 0.183 min
model_saved, images_saved...
Epochs-106 (train) , D(x) : 0.3769, D(G(x)) : 0.3552
Elapsed Time: 0.1905 min
model_saved, images_saved...
Epochs-107 (train) , D(x) : 0.3809, D(G(x)) : 0.3462
Elapsed Time: 0.1872 min
model_saved, images_saved...
Epochs-108 (train) , D(x) : 0.3756, D(G(x)) : 0.3697
Elapsed Time: 0.1924 min
model_saved, images_saved...
Epochs-109 (train) , D(x) : 0.3708, D(G(x)) : 0.3628
Elapsed Time: 0.1878 min
model_saved, images_saved...
Epochs-110 (train) , D(x) : 0.3741, D(G(x)) : 0.3672
Elapsed Time: 0.1959 min
model_saved, images_saved...
Epochs-111 (train) , D(x) : 0.374, D(G(x)) : 0.3621
Elapsed Time: 0.195 min
model_saved, images_saved...
Epochs-112 (train) , D(x) : 0.3693, D(G(x)) : 0.3553
Elapsed Time: 0.189 min
model_saved, images_saved...
Epochs-113 (train) , D(x) : 0.3738, D(G(x)) : 0.3715
Elapsed Time: 0.1947 min
model_saved, images_saved...
Epochs-114 (train) , D(x) : 0.3772, D(G(x)) : 0.3578
Elapsed Time: 0.198 min
model_saved, images_saved...
Epochs-115 (train) , D(x) : 0.3645, D(G(x)) : 0.3611
Elapsed Time: 0.1913 min
model_saved, images_saved...
Epochs-116 (train) , D(x) : 0.3728, D(G(x)) : 0.3531
Elapsed Time: 0.1895 min
model_saved, images_saved...
Epochs-117 (train) , D(x) : 0.3731, D(G(x)) : 0.362
Elapsed Time: 0.1935 min
model_saved, images_saved...
Epochs-118 (train) , D(x) : 0.378, D(G(x)) : 0.3584
Elapsed Time: 0.1959 min
model_saved, images_saved...
Epochs-119 (train) , D(x) : 0.3786, D(G(x)) : 0.3563
Elapsed Time: 0.1959 min
model_saved, images_saved...
Epochs-120 (train) , D(x) : 0.3733, D(G(x)) : 0.3612
Elapsed Time: 0.1948 min
model_saved, images_saved...
Epochs-121 (train) , D(x) : 0.377, D(G(x)) : 0.3648
Elapsed Time: 0.1973 min
model_saved, images_saved...
Epochs-122 (train) , D(x) : 0.364, D(G(x)) : 0.3716
Elapsed Time: 0.1917 min
model_saved, images_saved...
Epochs-123 (train) , D(x) : 0.3593, D(G(x)) : 0.3722
Elapsed Time: 0.1905 min
model_saved, images_saved...
Epochs-124 (train) , D(x) : 0.3677, D(G(x)) : 0.3574
Elapsed Time: 0.1866 min
model_saved, images_saved...
Epochs-125 (train) , D(x) : 0.3641, D(G(x)) : 0.3566
Elapsed Time: 0.1871 min
model_saved, images_saved...
Epochs-126 (train) , D(x) : 0.3486, D(G(x)) : 0.3702
Elapsed Time: 0.1886 min
model_saved, images_saved...
Epochs-127 (train) , D(x) : 0.3519, D(G(x)) : 0.3755
Elapsed Time: 0.1906 min
model_saved, images_saved...
Epochs-128 (train) , D(x) : 0.3521, D(G(x)) : 0.3898
Elapsed Time: 0.1888 min
model_saved, images_saved...
Epochs-129 (train) , D(x) : 0.3544, D(G(x)) : 0.3788
Elapsed Time: 0.1868 min
model_saved, images_saved...
Epochs-130 (train) , D(x) : 0.3659, D(G(x)) : 0.36
Elapsed Time: 0.1858 min
model_saved, images_saved...
Epochs-131 (train) , D(x) : 0.3565, D(G(x)) : 0.3721
Elapsed Time: 0.1874 min
model_saved, images_saved...
Epochs-132 (train) , D(x) : 0.3494, D(G(x)) : 0.3872
Elapsed Time: 0.1868 min
model_saved, images_saved...
Epochs-133 (train) , D(x) : 0.3702, D(G(x)) : 0.3598
Elapsed Time: 0.1911 min
model_saved, images_saved...
Epochs-134 (train) , D(x) : 0.3487, D(G(x)) : 0.3782
Elapsed Time: 0.1864 min
model_saved, images_saved...
Epochs-135 (train) , D(x) : 0.3654, D(G(x)) : 0.3669
Elapsed Time: 0.1905 min
model_saved, images_saved...
Epochs-136 (train) , D(x) : 0.3701, D(G(x)) : 0.3566
Elapsed Time: 0.1899 min
model_saved, images_saved...
Epochs-137 (train) , D(x) : 0.3385, D(G(x)) : 0.364
Elapsed Time: 0.1843 min
model_saved, images_saved...
Epochs-138 (train) , D(x) : 0.3546, D(G(x)) : 0.3583
Elapsed Time: 0.183 min
model_saved, images_saved...
Epochs-139 (train) , D(x) : 0.3646, D(G(x)) : 0.3669
Elapsed Time: 0.188 min
model_saved, images_saved...
Epochs-140 (train) , D(x) : 0.3548, D(G(x)) : 0.359
Elapsed Time: 0.1875 min
model_saved, images_saved...
Epochs-141 (train) , D(x) : 0.3433, D(G(x)) : 0.3749
Elapsed Time: 0.1845 min
model_saved, images_saved...
Epochs-142 (train) , D(x) : 0.3679, D(G(x)) : 0.3693
Elapsed Time: 0.1921 min
model_saved, images_saved...
Epochs-143 (train) , D(x) : 0.3702, D(G(x)) : 0.3634
Elapsed Time: 0.194 min
model_saved, images_saved...
Epochs-144 (train) , D(x) : 0.3663, D(G(x)) : 0.3623
Elapsed Time: 0.1913 min
model_saved, images_saved...
Epochs-145 (train) , D(x) : 0.3574, D(G(x)) : 0.3823
Elapsed Time: 0.187 min
model_saved, images_saved...
Epochs-146 (train) , D(x) : 0.361, D(G(x)) : 0.3681
Elapsed Time: 0.1928 min
model_saved, images_saved...
Epochs-147 (train) , D(x) : 0.3551, D(G(x)) : 0.3598
Elapsed Time: 0.1846 min
model_saved, images_saved...
Epochs-148 (train) , D(x) : 0.3549, D(G(x)) : 0.3609
Elapsed Time: 0.1865 min
model_saved, images_saved...
Epochs-149 (train) , D(x) : 0.3516, D(G(x)) : 0.3826
Elapsed Time: 0.1861 min
model_saved, images_saved...
Epochs-150 (train) , D(x) : 0.3251, D(G(x)) : 0.388
Elapsed Time: 0.1846 min
model_saved, images_saved...
Epochs-151 (train) , D(x) : 0.3456, D(G(x)) : 0.3964
Elapsed Time: 0.1891 min
model_saved, images_saved...
Epochs-152 (train) , D(x) : 0.3538, D(G(x)) : 0.3714
Elapsed Time: 0.1874 min
model_saved, images_saved...
Epochs-153 (train) , D(x) : 0.3398, D(G(x)) : 0.3907
Elapsed Time: 0.1866 min
model_saved, images_saved...
Epochs-154 (train) , D(x) : 0.3571, D(G(x)) : 0.3605
Elapsed Time: 0.1799 min
model_saved, images_saved...
Epochs-155 (train) , D(x) : 0.3584, D(G(x)) : 0.3673
Elapsed Time: 0.1848 min
model_saved, images_saved...
Epochs-156 (train) , D(x) : 0.3624, D(G(x)) : 0.3621
Elapsed Time: 0.1869 min
model_saved, images_saved...
Epochs-157 (train) , D(x) : 0.3629, D(G(x)) : 0.3475
Elapsed Time: 0.1865 min
model_saved, images_saved...
Epochs-158 (train) , D(x) : 0.3548, D(G(x)) : 0.3694
Elapsed Time: 0.1865 min
model_saved, images_saved...
Epochs-159 (train) , D(x) : 0.3498, D(G(x)) : 0.3732
Elapsed Time: 0.1859 min
model_saved, images_saved...
Epochs-160 (train) , D(x) : 0.3331, D(G(x)) : 0.387
Elapsed Time: 0.1816 min
model_saved, images_saved...
Epochs-161 (train) , D(x) : 0.3463, D(G(x)) : 0.3701
Elapsed Time: 0.1827 min
model_saved, images_saved...
Epochs-162 (train) , D(x) : 0.3384, D(G(x)) : 0.3742
Elapsed Time: 0.1831 min
model_saved, images_saved...
Epochs-163 (train) , D(x) : 0.3607, D(G(x)) : 0.3644
Elapsed Time: 0.1868 min
model_saved, images_saved...
Epochs-164 (train) , D(x) : 0.3445, D(G(x)) : 0.3718
Elapsed Time: 0.1813 min
model_saved, images_saved...
Epochs-165 (train) , D(x) : 0.3549, D(G(x)) : 0.351
Elapsed Time: 0.1805 min
model_saved, images_saved...
Epochs-166 (train) , D(x) : 0.3588, D(G(x)) : 0.3658
Elapsed Time: 0.1853 min
model_saved, images_saved...
Epochs-167 (train) , D(x) : 0.339, D(G(x)) : 0.3725
Elapsed Time: 0.1838 min
model_saved, images_saved...
Epochs-168 (train) , D(x) : 0.3564, D(G(x)) : 0.3777
Elapsed Time: 0.1879 min
model_saved, images_saved...
Epochs-169 (train) , D(x) : 0.3596, D(G(x)) : 0.3565
Elapsed Time: 0.1854 min
model_saved, images_saved...
Epochs-170 (train) , D(x) : 0.3478, D(G(x)) : 0.3727
Elapsed Time: 0.1808 min
model_saved, images_saved...
Epochs-171 (train) , D(x) : 0.341, D(G(x)) : 0.3776
Elapsed Time: 0.1854 min
model_saved, images_saved...
Epochs-172 (train) , D(x) : 0.3427, D(G(x)) : 0.3677
Elapsed Time: 0.182 min
model_saved, images_saved...
Epochs-173 (train) , D(x) : 0.3497, D(G(x)) : 0.3748
Elapsed Time: 0.1861 min
model_saved, images_saved...
Epochs-174 (train) , D(x) : 0.3539, D(G(x)) : 0.3875
Elapsed Time: 0.1894 min
model_saved, images_saved...
Epochs-175 (train) , D(x) : 0.3402, D(G(x)) : 0.3916
Elapsed Time: 0.1891 min
model_saved, images_saved...
Epochs-176 (train) , D(x) : 0.3529, D(G(x)) : 0.3713
Elapsed Time: 0.1827 min
model_saved, images_saved...
Epochs-177 (train) , D(x) : 0.3329, D(G(x)) : 0.3844
Elapsed Time: 0.1812 min
model_saved, images_saved...
Epochs-178 (train) , D(x) : 0.3471, D(G(x)) : 0.3725
Elapsed Time: 0.1865 min
model_saved, images_saved...
Epochs-179 (train) , D(x) : 0.3348, D(G(x)) : 0.3653
Elapsed Time: 0.1843 min
model_saved, images_saved...
Epochs-180 (train) , D(x) : 0.3487, D(G(x)) : 0.3619
Elapsed Time: 0.185 min
model_saved, images_saved...
Epochs-181 (train) , D(x) : 0.3597, D(G(x)) : 0.3512
Elapsed Time: 0.1838 min
model_saved, images_saved...
Epochs-182 (train) , D(x) : 0.3552, D(G(x)) : 0.3715
Elapsed Time: 0.1849 min
model_saved, images_saved...
Epochs-183 (train) , D(x) : 0.3515, D(G(x)) : 0.3659
Elapsed Time: 0.1857 min
model_saved, images_saved...
Epochs-184 (train) , D(x) : 0.3456, D(G(x)) : 0.3579
Elapsed Time: 0.1847 min
model_saved, images_saved...
Epochs-185 (train) , D(x) : 0.3494, D(G(x)) : 0.3718
Elapsed Time: 0.1839 min
model_saved, images_saved...
Epochs-186 (train) , D(x) : 0.3576, D(G(x)) : 0.3663
Elapsed Time: 0.1854 min
model_saved, images_saved...
Epochs-187 (train) , D(x) : 0.3577, D(G(x)) : 0.3719
Elapsed Time: 0.1865 min
model_saved, images_saved...
Epochs-188 (train) , D(x) : 0.3543, D(G(x)) : 0.3693
Elapsed Time: 0.1851 min
model_saved, images_saved...
Epochs-189 (train) , D(x) : 0.3587, D(G(x)) : 0.3667
Elapsed Time: 0.1858 min
model_saved, images_saved...
Epochs-190 (train) , D(x) : 0.3475, D(G(x)) : 0.3831
Elapsed Time: 0.1899 min
model_saved, images_saved...
Epochs-191 (train) , D(x) : 0.3418, D(G(x)) : 0.3763
Elapsed Time: 0.1864 min
model_saved, images_saved...
Epochs-192 (train) , D(x) : 0.3532, D(G(x)) : 0.3679
Elapsed Time: 0.1838 min
model_saved, images_saved...
Epochs-193 (train) , D(x) : 0.3523, D(G(x)) : 0.3648
Elapsed Time: 0.1829 min
model_saved, images_saved...
Epochs-194 (train) , D(x) : 0.3396, D(G(x)) : 0.3957
Elapsed Time: 0.1872 min
model_saved, images_saved...
Epochs-195 (train) , D(x) : 0.3411, D(G(x)) : 0.3791
Elapsed Time: 0.1841 min
model_saved, images_saved...
Epochs-196 (train) , D(x) : 0.3414, D(G(x)) : 0.3717
Elapsed Time: 0.1832 min
model_saved, images_saved...
Epochs-197 (train) , D(x) : 0.3447, D(G(x)) : 0.355
Elapsed Time: 0.182 min
model_saved, images_saved...
Epochs-198 (train) , D(x) : 0.3237, D(G(x)) : 0.3797
Elapsed Time: 0.1825 min
model_saved, images_saved...
Epochs-199 (train) , D(x) : 0.3468, D(G(x)) : 0.3705
Elapsed Time: 0.1833 min
model_saved, images_saved...
Epochs-200 (train) , D(x) : 0.3468, D(G(x)) : 0.377
Elapsed Time: 0.1796 min
model_saved, images_saved...
Epochs-201 (train) , D(x) : 0.3401, D(G(x)) : 0.3615
Elapsed Time: 0.1798 min
model_saved, images_saved...
Epochs-202 (train) , D(x) : 0.3342, D(G(x)) : 0.3855
Elapsed Time: 0.181 min
model_saved, images_saved...
Epochs-203 (train) , D(x) : 0.3513, D(G(x)) : 0.3864
Elapsed Time: 0.1897 min
model_saved, images_saved...
Epochs-204 (train) , D(x) : 0.3516, D(G(x)) : 0.3707
Elapsed Time: 0.1819 min
model_saved, images_saved...
Epochs-205 (train) , D(x) : 0.3531, D(G(x)) : 0.355
Elapsed Time: 0.1873 min
model_saved, images_saved...
Epochs-206 (train) , D(x) : 0.34, D(G(x)) : 0.3766
Elapsed Time: 0.1845 min
model_saved, images_saved...
Epochs-207 (train) , D(x) : 0.3369, D(G(x)) : 0.3829
Elapsed Time: 0.1836 min
model_saved, images_saved...
Epochs-208 (train) , D(x) : 0.3417, D(G(x)) : 0.3857
Elapsed Time: 0.1825 min
model_saved, images_saved...
Epochs-209 (train) , D(x) : 0.3346, D(G(x)) : 0.3671
Elapsed Time: 0.1821 min
model_saved, images_saved...
Epochs-210 (train) , D(x) : 0.3383, D(G(x)) : 0.3709
Elapsed Time: 0.1808 min
model_saved, images_saved...
Epochs-211 (train) , D(x) : 0.3394, D(G(x)) : 0.3654
Elapsed Time: 0.1804 min
model_saved, images_saved...
Epochs-212 (train) , D(x) : 0.3333, D(G(x)) : 0.3751
Elapsed Time: 0.1823 min
model_saved, images_saved...
Epochs-213 (train) , D(x) : 0.3504, D(G(x)) : 0.3752
Elapsed Time: 0.1853 min
model_saved, images_saved...
Epochs-214 (train) , D(x) : 0.3496, D(G(x)) : 0.3672
Elapsed Time: 0.1855 min
model_saved, images_saved...
Epochs-215 (train) , D(x) : 0.3519, D(G(x)) : 0.3612
Elapsed Time: 0.1817 min
model_saved, images_saved...
Epochs-216 (train) , D(x) : 0.3383, D(G(x)) : 0.383
Elapsed Time: 0.183 min
model_saved, images_saved...
Epochs-217 (train) , D(x) : 0.3297, D(G(x)) : 0.3833
Elapsed Time: 0.1828 min
model_saved, images_saved...
Epochs-218 (train) , D(x) : 0.3275, D(G(x)) : 0.3759
Elapsed Time: 0.1818 min
model_saved, images_saved...
Epochs-219 (train) , D(x) : 0.3288, D(G(x)) : 0.3848
Elapsed Time: 0.1787 min
model_saved, images_saved...
Epochs-220 (train) , D(x) : 0.328, D(G(x)) : 0.3592
Elapsed Time: 0.1806 min
model_saved, images_saved...
Epochs-221 (train) , D(x) : 0.3339, D(G(x)) : 0.375
Elapsed Time: 0.1835 min
model_saved, images_saved...
Epochs-222 (train) , D(x) : 0.3365, D(G(x)) : 0.3995
Elapsed Time: 0.184 min
model_saved, images_saved...
Epochs-223 (train) , D(x) : 0.3327, D(G(x)) : 0.3885
Elapsed Time: 0.1814 min
model_saved, images_saved...
Epochs-224 (train) , D(x) : 0.3306, D(G(x)) : 0.368
Elapsed Time: 0.1795 min
model_saved, images_saved...
Epochs-225 (train) , D(x) : 0.3381, D(G(x)) : 0.3926
Elapsed Time: 0.1871 min
model_saved, images_saved...
Epochs-226 (train) , D(x) : 0.3302, D(G(x)) : 0.3932
Elapsed Time: 0.179 min
model_saved, images_saved...
Epochs-227 (train) , D(x) : 0.323, D(G(x)) : 0.3913
Elapsed Time: 0.1794 min
model_saved, images_saved...
Epochs-228 (train) , D(x) : 0.3299, D(G(x)) : 0.3789
Elapsed Time: 0.1825 min
model_saved, images_saved...
Epochs-229 (train) , D(x) : 0.3184, D(G(x)) : 0.3935
Elapsed Time: 0.1817 min
model_saved, images_saved...
Epochs-230 (train) , D(x) : 0.3292, D(G(x)) : 0.3854
Elapsed Time: 0.1813 min
model_saved, images_saved...
Epochs-231 (train) , D(x) : 0.3245, D(G(x)) : 0.3987
Elapsed Time: 0.1808 min
model_saved, images_saved...
Epochs-232 (train) , D(x) : 0.3154, D(G(x)) : 0.3993
Elapsed Time: 0.1799 min
model_saved, images_saved...
Epochs-233 (train) , D(x) : 0.3184, D(G(x)) : 0.3964
Elapsed Time: 0.1773 min
model_saved, images_saved...
Epochs-234 (train) , D(x) : 0.3174, D(G(x)) : 0.3907
Elapsed Time: 0.1768 min
model_saved, images_saved...
Epochs-235 (train) , D(x) : 0.3085, D(G(x)) : 0.3747
Elapsed Time: 0.1751 min
model_saved, images_saved...
Epochs-236 (train) , D(x) : 0.324, D(G(x)) : 0.3665
Elapsed Time: 0.1758 min
model_saved, images_saved...
Epochs-237 (train) , D(x) : 0.3239, D(G(x)) : 0.38
Elapsed Time: 0.1774 min
model_saved, images_saved...
Epochs-238 (train) , D(x) : 0.3047, D(G(x)) : 0.4026
Elapsed Time: 0.1779 min
model_saved, images_saved...
Epochs-239 (train) , D(x) : 0.3076, D(G(x)) : 0.4136
Elapsed Time: 0.1767 min
model_saved, images_saved...
Epochs-240 (train) , D(x) : 0.3258, D(G(x)) : 0.4005
Elapsed Time: 0.1802 min
model_saved, images_saved...
Epochs-241 (train) , D(x) : 0.3316, D(G(x)) : 0.3789
Elapsed Time: 0.1818 min
model_saved, images_saved...
Epochs-242 (train) , D(x) : 0.3266, D(G(x)) : 0.3897
Elapsed Time: 0.1817 min
model_saved, images_saved...
Epochs-243 (train) , D(x) : 0.3374, D(G(x)) : 0.37
Elapsed Time: 0.1802 min
model_saved, images_saved...
Epochs-244 (train) , D(x) : 0.3467, D(G(x)) : 0.367
Elapsed Time: 0.1853 min
model_saved, images_saved...
Epochs-245 (train) , D(x) : 0.3389, D(G(x)) : 0.3688
Elapsed Time: 0.1798 min
model_saved, images_saved...
Epochs-246 (train) , D(x) : 0.3371, D(G(x)) : 0.3679
Elapsed Time: 0.1795 min
model_saved, images_saved...
Epochs-247 (train) , D(x) : 0.3341, D(G(x)) : 0.3905
Elapsed Time: 0.1823 min
model_saved, images_saved...
Epochs-248 (train) , D(x) : 0.3375, D(G(x)) : 0.3833
Elapsed Time: 0.1813 min
model_saved, images_saved...
Epochs-249 (train) , D(x) : 0.3299, D(G(x)) : 0.4007
Elapsed Time: 0.1815 min
model_saved, images_saved...
Epochs-250 (train) , D(x) : 0.3428, D(G(x)) : 0.366
Elapsed Time: 0.1835 min
model_saved, images_saved...
Epochs-251 (train) , D(x) : 0.3275, D(G(x)) : 0.3775
Elapsed Time: 0.1812 min
model_saved, images_saved...
Epochs-252 (train) , D(x) : 0.3368, D(G(x)) : 0.4002
Elapsed Time: 0.1813 min
model_saved, images_saved...
Epochs-253 (train) , D(x) : 0.331, D(G(x)) : 0.3937
Elapsed Time: 0.1806 min
model_saved, images_saved...
Epochs-254 (train) , D(x) : 0.3097, D(G(x)) : 0.3873
Elapsed Time: 0.1777 min
model_saved, images_saved...
Epochs-255 (train) , D(x) : 0.3206, D(G(x)) : 0.3745
Elapsed Time: 0.1771 min
model_saved, images_saved...
Epochs-256 (train) , D(x) : 0.3224, D(G(x)) : 0.3776
Elapsed Time: 0.1753 min
model_saved, images_saved...
Epochs-257 (train) , D(x) : 0.3268, D(G(x)) : 0.3853
Elapsed Time: 0.1804 min
model_saved, images_saved...
Epochs-258 (train) , D(x) : 0.3584, D(G(x)) : 0.364
Elapsed Time: 0.1813 min
model_saved, images_saved...
Epochs-259 (train) , D(x) : 0.3489, D(G(x)) : 0.3658
Elapsed Time: 0.1802 min
model_saved, images_saved...
Epochs-260 (train) , D(x) : 0.3436, D(G(x)) : 0.3564
Elapsed Time: 0.1796 min
model_saved, images_saved...
Epochs-261 (train) , D(x) : 0.3316, D(G(x)) : 0.3707
Elapsed Time: 0.1801 min
model_saved, images_saved...
Epochs-262 (train) , D(x) : 0.3361, D(G(x)) : 0.3714
Elapsed Time: 0.1814 min
model_saved, images_saved...
Epochs-263 (train) , D(x) : 0.3481, D(G(x)) : 0.3494
Elapsed Time: 0.1791 min
model_saved, images_saved...
Epochs-264 (train) , D(x) : 0.3384, D(G(x)) : 0.3597
Elapsed Time: 0.1798 min
model_saved, images_saved...
Epochs-265 (train) , D(x) : 0.3577, D(G(x)) : 0.3686
Elapsed Time: 0.1833 min
model_saved, images_saved...
Epochs-266 (train) , D(x) : 0.3559, D(G(x)) : 0.3588
Elapsed Time: 0.1787 min
model_saved, images_saved...
Epochs-267 (train) , D(x) : 0.3268, D(G(x)) : 0.3909
Elapsed Time: 0.1827 min
model_saved, images_saved...
Epochs-268 (train) , D(x) : 0.3279, D(G(x)) : 0.4014
Elapsed Time: 0.1838 min
model_saved, images_saved...
Epochs-269 (train) , D(x) : 0.3276, D(G(x)) : 0.3831
Elapsed Time: 0.1836 min
model_saved, images_saved...
Epochs-270 (train) , D(x) : 0.3113, D(G(x)) : 0.3915
Elapsed Time: 0.1811 min
model_saved, images_saved...
Epochs-271 (train) , D(x) : 0.3071, D(G(x)) : 0.414
Elapsed Time: 0.1824 min
model_saved, images_saved...
Epochs-272 (train) , D(x) : 0.3285, D(G(x)) : 0.3727
Elapsed Time: 0.1811 min
model_saved, images_saved...
Epochs-273 (train) , D(x) : 0.3321, D(G(x)) : 0.3619
Elapsed Time: 0.1783 min
model_saved, images_saved...
Epochs-274 (train) , D(x) : 0.3276, D(G(x)) : 0.3737
Elapsed Time: 0.1776 min
model_saved, images_saved...
Epochs-275 (train) , D(x) : 0.3279, D(G(x)) : 0.3722
Elapsed Time: 0.1787 min
model_saved, images_saved...
Epochs-276 (train) , D(x) : 0.3459, D(G(x)) : 0.3602
Elapsed Time: 0.1785 min
model_saved, images_saved...
Epochs-277 (train) , D(x) : 0.3321, D(G(x)) : 0.3772
Elapsed Time: 0.1797 min
model_saved, images_saved...
Epochs-278 (train) , D(x) : 0.3396, D(G(x)) : 0.3718
Elapsed Time: 0.182 min
model_saved, images_saved...
Epochs-279 (train) , D(x) : 0.341, D(G(x)) : 0.3574
Elapsed Time: 0.1796 min
model_saved, images_saved...
Epochs-280 (train) , D(x) : 0.3403, D(G(x)) : 0.3794
Elapsed Time: 0.1836 min
model_saved, images_saved...
Epochs-281 (train) , D(x) : 0.3339, D(G(x)) : 0.3564
Elapsed Time: 0.1786 min
model_saved, images_saved...
Epochs-282 (train) , D(x) : 0.3387, D(G(x)) : 0.3683
Elapsed Time: 0.1816 min
model_saved, images_saved...
Epochs-283 (train) , D(x) : 0.3447, D(G(x)) : 0.3746
Elapsed Time: 0.1855 min
model_saved, images_saved...
Epochs-284 (train) , D(x) : 0.3234, D(G(x)) : 0.3867
Elapsed Time: 0.1819 min
model_saved, images_saved...
Epochs-285 (train) , D(x) : 0.3241, D(G(x)) : 0.4028
Elapsed Time: 0.1843 min
model_saved, images_saved...
Epochs-286 (train) , D(x) : 0.3242, D(G(x)) : 0.3884
Elapsed Time: 0.1808 min
model_saved, images_saved...
Epochs-287 (train) , D(x) : 0.3334, D(G(x)) : 0.3641
Elapsed Time: 0.1784 min
model_saved, images_saved...
Epochs-288 (train) , D(x) : 0.3152, D(G(x)) : 0.4061
Elapsed Time: 0.178 min
model_saved, images_saved...
Epochs-289 (train) , D(x) : 0.3268, D(G(x)) : 0.3764
Elapsed Time: 0.1763 min
model_saved, images_saved...
Epochs-290 (train) , D(x) : 0.3188, D(G(x)) : 0.3769
Elapsed Time: 0.1781 min
model_saved, images_saved...
Epochs-291 (train) , D(x) : 0.3219, D(G(x)) : 0.3824
Elapsed Time: 0.1818 min
model_saved, images_saved...
Epochs-292 (train) , D(x) : 0.3362, D(G(x)) : 0.3869
Elapsed Time: 0.1833 min
model_saved, images_saved...
Epochs-293 (train) , D(x) : 0.3302, D(G(x)) : 0.3622
Elapsed Time: 0.1788 min
model_saved, images_saved...
Epochs-294 (train) , D(x) : 0.3313, D(G(x)) : 0.3714
Elapsed Time: 0.182 min
model_saved, images_saved...
Epochs-295 (train) , D(x) : 0.3417, D(G(x)) : 0.3651
Elapsed Time: 0.1833 min
model_saved, images_saved...
Epochs-296 (train) , D(x) : 0.3335, D(G(x)) : 0.3844
Elapsed Time: 0.1822 min
model_saved, images_saved...
Epochs-297 (train) , D(x) : 0.3217, D(G(x)) : 0.3861
Elapsed Time: 0.1788 min
model_saved, images_saved...
Epochs-298 (train) , D(x) : 0.3312, D(G(x)) : 0.3715
Elapsed Time: 0.1793 min
model_saved, images_saved...
Epochs-299 (train) , D(x) : 0.3345, D(G(x)) : 0.356
Elapsed Time: 0.1789 min
model_saved, images_saved...
Epochs-300 (train) , D(x) : 0.3178, D(G(x)) : 0.3735
Elapsed Time: 0.1782 min
model_saved, images_saved...
Epochs-301 (train) , D(x) : 0.323, D(G(x)) : 0.3867
Elapsed Time: 0.1788 min
model_saved, images_saved...
Epochs-302 (train) , D(x) : 0.3178, D(G(x)) : 0.3737
Elapsed Time: 0.1777 min
model_saved, images_saved...
Epochs-303 (train) , D(x) : 0.3068, D(G(x)) : 0.3825
Elapsed Time: 0.1773 min
model_saved, images_saved...
Epochs-304 (train) , D(x) : 0.3169, D(G(x)) : 0.3966
Elapsed Time: 0.1771 min
model_saved, images_saved...
Epochs-305 (train) , D(x) : 0.319, D(G(x)) : 0.3943
Elapsed Time: 0.1805 min
model_saved, images_saved...
Epochs-306 (train) , D(x) : 0.3203, D(G(x)) : 0.3955
Elapsed Time: 0.1795 min
model_saved, images_saved...
Epochs-307 (train) , D(x) : 0.3312, D(G(x)) : 0.3778
Elapsed Time: 0.1808 min
model_saved, images_saved...
Epochs-308 (train) , D(x) : 0.3246, D(G(x)) : 0.3879
Elapsed Time: 0.1811 min
model_saved, images_saved...
Epochs-309 (train) , D(x) : 0.3348, D(G(x)) : 0.375
Elapsed Time: 0.1804 min
model_saved, images_saved...
Epochs-310 (train) , D(x) : 0.3377, D(G(x)) : 0.378
Elapsed Time: 0.1805 min
model_saved, images_saved...
Epochs-311 (train) , D(x) : 0.327, D(G(x)) : 0.3855
Elapsed Time: 0.1792 min
model_saved, images_saved...
Epochs-312 (train) , D(x) : 0.3264, D(G(x)) : 0.396
Elapsed Time: 0.1825 min
model_saved, images_saved...
Epochs-313 (train) , D(x) : 0.3253, D(G(x)) : 0.3821
Elapsed Time: 0.1784 min
model_saved, images_saved...
Epochs-314 (train) , D(x) : 0.3278, D(G(x)) : 0.3896
Elapsed Time: 0.1797 min
model_saved, images_saved...
Epochs-315 (train) , D(x) : 0.3137, D(G(x)) : 0.4012
Elapsed Time: 0.178 min
model_saved, images_saved...
Epochs-316 (train) , D(x) : 0.3059, D(G(x)) : 0.3967
Elapsed Time: 0.1782 min
model_saved, images_saved...
Epochs-317 (train) , D(x) : 0.3091, D(G(x)) : 0.4129
Elapsed Time: 0.177 min
model_saved, images_saved...
Epochs-318 (train) , D(x) : 0.2879, D(G(x)) : 0.4005
Elapsed Time: 0.1743 min
model_saved, images_saved...
Epochs-319 (train) , D(x) : 0.2879, D(G(x)) : 0.4212
Elapsed Time: 0.1749 min
model_saved, images_saved...
Epochs-320 (train) , D(x) : 0.3198, D(G(x)) : 0.3923
Elapsed Time: 0.1772 min
model_saved, images_saved...
Epochs-321 (train) , D(x) : 0.3132, D(G(x)) : 0.388
Elapsed Time: 0.1773 min
model_saved, images_saved...
Epochs-322 (train) , D(x) : 0.3264, D(G(x)) : 0.385
Elapsed Time: 0.1789 min
model_saved, images_saved...
Epochs-323 (train) , D(x) : 0.3153, D(G(x)) : 0.392
Elapsed Time: 0.1824 min
model_saved, images_saved...
Epochs-324 (train) , D(x) : 0.3138, D(G(x)) : 0.3976
Elapsed Time: 0.1792 min
model_saved, images_saved...
Epochs-325 (train) , D(x) : 0.3157, D(G(x)) : 0.3784
Elapsed Time: 0.1782 min
model_saved, images_saved...
Epochs-326 (train) , D(x) : 0.3142, D(G(x)) : 0.382
Elapsed Time: 0.1786 min
model_saved, images_saved...
Epochs-327 (train) , D(x) : 0.3309, D(G(x)) : 0.3949
Elapsed Time: 0.1818 min
model_saved, images_saved...
Epochs-328 (train) , D(x) : 0.3132, D(G(x)) : 0.398
Elapsed Time: 0.1805 min
model_saved, images_saved...
Epochs-329 (train) , D(x) : 0.3163, D(G(x)) : 0.4159
Elapsed Time: 0.1837 min
model_saved, images_saved...
Epochs-330 (train) , D(x) : 0.3039, D(G(x)) : 0.3948
Elapsed Time: 0.18 min
model_saved, images_saved...
Epochs-331 (train) , D(x) : 0.3204, D(G(x)) : 0.4065
Elapsed Time: 0.178 min
model_saved, images_saved...
Epochs-332 (train) , D(x) : 0.3178, D(G(x)) : 0.3934
Elapsed Time: 0.1809 min
model_saved, images_saved...
Epochs-333 (train) , D(x) : 0.3241, D(G(x)) : 0.3954
Elapsed Time: 0.1803 min
model_saved, images_saved...
Epochs-334 (train) , D(x) : 0.3273, D(G(x)) : 0.389
Elapsed Time: 0.1795 min
model_saved, images_saved...
Epochs-335 (train) , D(x) : 0.3126, D(G(x)) : 0.4122
Elapsed Time: 0.1773 min
model_saved, images_saved...
Epochs-336 (train) , D(x) : 0.3238, D(G(x)) : 0.3977
Elapsed Time: 0.1786 min
model_saved, images_saved...
Epochs-337 (train) , D(x) : 0.3072, D(G(x)) : 0.405
Elapsed Time: 0.1796 min
model_saved, images_saved...
Epochs-338 (train) , D(x) : 0.3149, D(G(x)) : 0.3914
Elapsed Time: 0.1759 min
model_saved, images_saved...
Epochs-339 (train) , D(x) : 0.3074, D(G(x)) : 0.4011
Elapsed Time: 0.1746 min
model_saved, images_saved...
Epochs-340 (train) , D(x) : 0.2833, D(G(x)) : 0.3998
Elapsed Time: 0.1751 min
model_saved, images_saved...
Epochs-341 (train) , D(x) : 0.2864, D(G(x)) : 0.4511
Elapsed Time: 0.1743 min
model_saved, images_saved...
Epochs-342 (train) , D(x) : 0.272, D(G(x)) : 0.4807
Elapsed Time: 0.1742 min
model_saved, images_saved...
Epochs-343 (train) , D(x) : 0.2625, D(G(x)) : 0.4546
Elapsed Time: 0.1749 min
model_saved, images_saved...
Epochs-344 (train) , D(x) : 0.2651, D(G(x)) : 0.4598
Elapsed Time: 0.1756 min
model_saved, images_saved...
Epochs-345 (train) , D(x) : 0.2784, D(G(x)) : 0.4041
Elapsed Time: 0.1742 min
model_saved, images_saved...
Epochs-346 (train) , D(x) : 0.2828, D(G(x)) : 0.3836
Elapsed Time: 0.1748 min
model_saved, images_saved...
Epochs-347 (train) , D(x) : 0.3044, D(G(x)) : 0.3922
Elapsed Time: 0.1747 min
model_saved, images_saved...
Epochs-348 (train) , D(x) : 0.2657, D(G(x)) : 0.4163
Elapsed Time: 0.1766 min
model_saved, images_saved...
Epochs-349 (train) , D(x) : 0.2803, D(G(x)) : 0.4149
Elapsed Time: 0.1761 min
model_saved, images_saved...
Epochs-350 (train) , D(x) : 0.2775, D(G(x)) : 0.4401
Elapsed Time: 0.1774 min
model_saved, images_saved...
Epochs-351 (train) , D(x) : 0.291, D(G(x)) : 0.4169
Elapsed Time: 0.1763 min
model_saved, images_saved...
Epochs-352 (train) , D(x) : 0.2802, D(G(x)) : 0.4376
Elapsed Time: 0.177 min
model_saved, images_saved...
Epochs-353 (train) , D(x) : 0.2888, D(G(x)) : 0.4339
Elapsed Time: 0.1781 min
model_saved, images_saved...
Epochs-354 (train) , D(x) : 0.3085, D(G(x)) : 0.4079
Elapsed Time: 0.1762 min
model_saved, images_saved...
Epochs-355 (train) , D(x) : 0.3223, D(G(x)) : 0.3994
Elapsed Time: 0.1778 min
model_saved, images_saved...
Epochs-356 (train) , D(x) : 0.3214, D(G(x)) : 0.3859
Elapsed Time: 0.1765 min
model_saved, images_saved...
Epochs-357 (train) , D(x) : 0.3023, D(G(x)) : 0.4092
Elapsed Time: 0.1774 min
model_saved, images_saved...
Epochs-358 (train) , D(x) : 0.2968, D(G(x)) : 0.4085
Elapsed Time: 0.1759 min
model_saved, images_saved...
Epochs-359 (train) , D(x) : 0.2824, D(G(x)) : 0.4081
Elapsed Time: 0.1762 min
model_saved, images_saved...
Epochs-360 (train) , D(x) : 0.311, D(G(x)) : 0.4114
Elapsed Time: 0.1764 min
model_saved, images_saved...
Epochs-361 (train) , D(x) : 0.295, D(G(x)) : 0.4181
Elapsed Time: 0.1777 min
model_saved, images_saved...
Epochs-362 (train) , D(x) : 0.3134, D(G(x)) : 0.3915
Elapsed Time: 0.1781 min
model_saved, images_saved...
Epochs-363 (train) , D(x) : 0.3184, D(G(x)) : 0.3976
Elapsed Time: 0.1775 min
model_saved, images_saved...
Epochs-364 (train) , D(x) : 0.325, D(G(x)) : 0.3912
Elapsed Time: 0.1807 min
model_saved, images_saved...
Epochs-365 (train) , D(x) : 0.3103, D(G(x)) : 0.3973
Elapsed Time: 0.1774 min
model_saved, images_saved...
Epochs-366 (train) , D(x) : 0.305, D(G(x)) : 0.409
Elapsed Time: 0.178 min
model_saved, images_saved...
Epochs-367 (train) , D(x) : 0.3214, D(G(x)) : 0.3891
Elapsed Time: 0.1765 min
model_saved, images_saved...
Epochs-368 (train) , D(x) : 0.3248, D(G(x)) : 0.3777
Elapsed Time: 0.1802 min
model_saved, images_saved...
Epochs-369 (train) , D(x) : 0.3323, D(G(x)) : 0.3771
Elapsed Time: 0.1815 min
model_saved, images_saved...
Epochs-370 (train) , D(x) : 0.3352, D(G(x)) : 0.3844
Elapsed Time: 0.1813 min
model_saved, images_saved...
Epochs-371 (train) , D(x) : 0.3274, D(G(x)) : 0.3897
Elapsed Time: 0.1786 min
model_saved, images_saved...
Epochs-372 (train) , D(x) : 0.3221, D(G(x)) : 0.3868
Elapsed Time: 0.1765 min
model_saved, images_saved...
Epochs-373 (train) , D(x) : 0.3144, D(G(x)) : 0.3971
Elapsed Time: 0.1808 min
model_saved, images_saved...
Epochs-374 (train) , D(x) : 0.3352, D(G(x)) : 0.3724
Elapsed Time: 0.1794 min
model_saved, images_saved...
Epochs-375 (train) , D(x) : 0.3242, D(G(x)) : 0.3782
Elapsed Time: 0.1794 min
model_saved, images_saved...
Epochs-376 (train) , D(x) : 0.3144, D(G(x)) : 0.3747
Elapsed Time: 0.1776 min
model_saved, images_saved...
Epochs-377 (train) , D(x) : 0.3043, D(G(x)) : 0.3828
Elapsed Time: 0.1753 min
model_saved, images_saved...
Epochs-378 (train) , D(x) : 0.3157, D(G(x)) : 0.3703
Elapsed Time: 0.1752 min
model_saved, images_saved...
Epochs-379 (train) , D(x) : 0.3215, D(G(x)) : 0.3886
Elapsed Time: 0.1745 min
model_saved, images_saved...
Epochs-380 (train) , D(x) : 0.3107, D(G(x)) : 0.3907
Elapsed Time: 0.1782 min
model_saved, images_saved...
Epochs-381 (train) , D(x) : 0.314, D(G(x)) : 0.3836
Elapsed Time: 0.1759 min
model_saved, images_saved...
Epochs-382 (train) , D(x) : 0.3125, D(G(x)) : 0.3919
Elapsed Time: 0.1767 min
model_saved, images_saved...
Epochs-383 (train) , D(x) : 0.3019, D(G(x)) : 0.3904
Elapsed Time: 0.1784 min
model_saved, images_saved...
Epochs-384 (train) , D(x) : 0.3324, D(G(x)) : 0.3825
Elapsed Time: 0.1818 min
model_saved, images_saved...
Epochs-385 (train) , D(x) : 0.3087, D(G(x)) : 0.3872
Elapsed Time: 0.1806 min
model_saved, images_saved...
Epochs-386 (train) , D(x) : 0.3224, D(G(x)) : 0.3793
Elapsed Time: 0.1775 min
model_saved, images_saved...
Epochs-387 (train) , D(x) : 0.316, D(G(x)) : 0.3861
Elapsed Time: 0.1791 min
model_saved, images_saved...
Epochs-388 (train) , D(x) : 0.3291, D(G(x)) : 0.3809
Elapsed Time: 0.1821 min
model_saved, images_saved...
Epochs-389 (train) , D(x) : 0.3374, D(G(x)) : 0.3863
Elapsed Time: 0.1824 min
model_saved, images_saved...
Epochs-390 (train) , D(x) : 0.3209, D(G(x)) : 0.3843
Elapsed Time: 0.1795 min
model_saved, images_saved...
Epochs-391 (train) , D(x) : 0.3231, D(G(x)) : 0.3718
Elapsed Time: 0.1809 min
model_saved, images_saved...
Epochs-392 (train) , D(x) : 0.3178, D(G(x)) : 0.3806
Elapsed Time: 0.1788 min
model_saved, images_saved...
Epochs-393 (train) , D(x) : 0.3221, D(G(x)) : 0.3868
Elapsed Time: 0.1795 min
model_saved, images_saved...
Epochs-394 (train) , D(x) : 0.3188, D(G(x)) : 0.3916
Elapsed Time: 0.1786 min
model_saved, images_saved...
Epochs-395 (train) , D(x) : 0.3011, D(G(x)) : 0.4048
Elapsed Time: 0.1767 min
model_saved, images_saved...
Epochs-396 (train) , D(x) : 0.2953, D(G(x)) : 0.4034
Elapsed Time: 0.176 min
model_saved, images_saved...
Epochs-397 (train) , D(x) : 0.2842, D(G(x)) : 0.395
Elapsed Time: 0.1752 min
model_saved, images_saved...
Epochs-398 (train) , D(x) : 0.2933, D(G(x)) : 0.3942
Elapsed Time: 0.1775 min
model_saved, images_saved...
Epochs-399 (train) , D(x) : 0.3125, D(G(x)) : 0.3882
Elapsed Time: 0.1774 min
model_saved, images_saved...
Epochs-400 (train) , D(x) : 0.3106, D(G(x)) : 0.3786
Elapsed Time: 0.178 min
model_saved, images_saved...
Epochs-401 (train) , D(x) : 0.3019, D(G(x)) : 0.3898
Elapsed Time: 0.1771 min
model_saved, images_saved...
Epochs-402 (train) , D(x) : 0.3137, D(G(x)) : 0.3977
Elapsed Time: 0.1777 min
model_saved, images_saved...
Epochs-403 (train) , D(x) : 0.3154, D(G(x)) : 0.3853
Elapsed Time: 0.1779 min
model_saved, images_saved...
Epochs-404 (train) , D(x) : 0.3204, D(G(x)) : 0.3755
Elapsed Time: 0.1794 min
model_saved, images_saved...
Epochs-405 (train) , D(x) : 0.3132, D(G(x)) : 0.3806
Elapsed Time: 0.1799 min
model_saved, images_saved...
Epochs-406 (train) , D(x) : 0.3139, D(G(x)) : 0.3807
Elapsed Time: 0.1773 min
model_saved, images_saved...
Epochs-407 (train) , D(x) : 0.3139, D(G(x)) : 0.3689
Elapsed Time: 0.1772 min
model_saved, images_saved...
Epochs-408 (train) , D(x) : 0.2903, D(G(x)) : 0.3964
Elapsed Time: 0.1778 min
model_saved, images_saved...
Epochs-409 (train) , D(x) : 0.2866, D(G(x)) : 0.3908
Elapsed Time: 0.1766 min
model_saved, images_saved...
Epochs-410 (train) , D(x) : 0.3028, D(G(x)) : 0.3893
Elapsed Time: 0.1755 min
model_saved, images_saved...
Epochs-411 (train) , D(x) : 0.3255, D(G(x)) : 0.3666
Elapsed Time: 0.1765 min
model_saved, images_saved...
Epochs-412 (train) , D(x) : 0.3226, D(G(x)) : 0.3696
Elapsed Time: 0.1793 min
model_saved, images_saved...
Epochs-413 (train) , D(x) : 0.3236, D(G(x)) : 0.3825
Elapsed Time: 0.1817 min
model_saved, images_saved...
Epochs-414 (train) , D(x) : 0.334, D(G(x)) : 0.375
Elapsed Time: 0.1835 min
model_saved, images_saved...
Epochs-415 (train) , D(x) : 0.3394, D(G(x)) : 0.3667
Elapsed Time: 0.1821 min
model_saved, images_saved...
Epochs-416 (train) , D(x) : 0.3329, D(G(x)) : 0.3728
Elapsed Time: 0.1804 min
model_saved, images_saved...
Epochs-417 (train) , D(x) : 0.3163, D(G(x)) : 0.3847
Elapsed Time: 0.1788 min
model_saved, images_saved...
Epochs-418 (train) , D(x) : 0.3189, D(G(x)) : 0.3804
Elapsed Time: 0.18 min
model_saved, images_saved...
Epochs-419 (train) , D(x) : 0.319, D(G(x)) : 0.3826
Elapsed Time: 0.1816 min
model_saved, images_saved...
Epochs-420 (train) , D(x) : 0.3205, D(G(x)) : 0.3829
Elapsed Time: 0.1795 min
model_saved, images_saved...
Epochs-421 (train) , D(x) : 0.3276, D(G(x)) : 0.3783
Elapsed Time: 0.181 min
model_saved, images_saved...
Epochs-422 (train) , D(x) : 0.3219, D(G(x)) : 0.4031
Elapsed Time: 0.1832 min
model_saved, images_saved...
Epochs-423 (train) , D(x) : 0.3193, D(G(x)) : 0.3807
Elapsed Time: 0.1777 min
model_saved, images_saved...
Epochs-424 (train) , D(x) : 0.3253, D(G(x)) : 0.3841
Elapsed Time: 0.1802 min
model_saved, images_saved...
Epochs-425 (train) , D(x) : 0.3125, D(G(x)) : 0.3895
Elapsed Time: 0.1814 min
model_saved, images_saved...
Epochs-426 (train) , D(x) : 0.3252, D(G(x)) : 0.4063
Elapsed Time: 0.1839 min
model_saved, images_saved...
Epochs-427 (train) , D(x) : 0.3231, D(G(x)) : 0.3844
Elapsed Time: 0.1787 min
model_saved, images_saved...
Epochs-428 (train) , D(x) : 0.3123, D(G(x)) : 0.398
Elapsed Time: 0.1776 min
model_saved, images_saved...
Epochs-429 (train) , D(x) : 0.3048, D(G(x)) : 0.3919
Elapsed Time: 0.1782 min
model_saved, images_saved...
Epochs-430 (train) , D(x) : 0.2827, D(G(x)) : 0.4141
Elapsed Time: 0.1771 min
model_saved, images_saved...
Epochs-431 (train) , D(x) : 0.2957, D(G(x)) : 0.4184
Elapsed Time: 0.1795 min
model_saved, images_saved...
Epochs-432 (train) , D(x) : 0.2969, D(G(x)) : 0.4213
Elapsed Time: 0.1793 min
model_saved, images_saved...
Epochs-433 (train) , D(x) : 0.3093, D(G(x)) : 0.4073
Elapsed Time: 0.1785 min
model_saved, images_saved...
Epochs-434 (train) , D(x) : 0.3077, D(G(x)) : 0.4109
Elapsed Time: 0.1774 min
model_saved, images_saved...
Epochs-435 (train) , D(x) : 0.3023, D(G(x)) : 0.4058
Elapsed Time: 0.178 min
model_saved, images_saved...
Epochs-436 (train) , D(x) : 0.295, D(G(x)) : 0.4189
Elapsed Time: 0.1787 min
model_saved, images_saved...
Epochs-437 (train) , D(x) : 0.3087, D(G(x)) : 0.397
Elapsed Time: 0.1796 min
model_saved, images_saved...
Epochs-438 (train) , D(x) : 0.2957, D(G(x)) : 0.4067
Elapsed Time: 0.1777 min
model_saved, images_saved...
Epochs-439 (train) , D(x) : 0.297, D(G(x)) : 0.4023
Elapsed Time: 0.178 min
model_saved, images_saved...
Epochs-440 (train) , D(x) : 0.3, D(G(x)) : 0.4201
Elapsed Time: 0.1798 min
model_saved, images_saved...
Epochs-441 (train) , D(x) : 0.319, D(G(x)) : 0.4015
Elapsed Time: 0.1803 min
model_saved, images_saved...
Epochs-442 (train) , D(x) : 0.3005, D(G(x)) : 0.3973
Elapsed Time: 0.1781 min
model_saved, images_saved...
Epochs-443 (train) , D(x) : 0.3162, D(G(x)) : 0.3919
Elapsed Time: 0.1761 min
model_saved, images_saved...
Epochs-444 (train) , D(x) : 0.3146, D(G(x)) : 0.3884
Elapsed Time: 0.1753 min
model_saved, images_saved...
Epochs-445 (train) , D(x) : 0.3098, D(G(x)) : 0.3876
Elapsed Time: 0.1783 min
model_saved, images_saved...
Epochs-446 (train) , D(x) : 0.3159, D(G(x)) : 0.3874
Elapsed Time: 0.1827 min
model_saved, images_saved...
Epochs-447 (train) , D(x) : 0.3299, D(G(x)) : 0.3853
Elapsed Time: 0.1802 min
model_saved, images_saved...
Epochs-448 (train) , D(x) : 0.322, D(G(x)) : 0.3938
Elapsed Time: 0.1789 min
model_saved, images_saved...
Epochs-449 (train) , D(x) : 0.3268, D(G(x)) : 0.3985
Elapsed Time: 0.1818 min
model_saved, images_saved...
Epochs-450 (train) , D(x) : 0.3023, D(G(x)) : 0.4104
Elapsed Time: 0.18 min
model_saved, images_saved...
Epochs-451 (train) , D(x) : 0.3156, D(G(x)) : 0.3943
Elapsed Time: 0.1808 min
model_saved, images_saved...
Epochs-452 (train) , D(x) : 0.3236, D(G(x)) : 0.3992
Elapsed Time: 0.1799 min
model_saved, images_saved...
Epochs-453 (train) , D(x) : 0.3214, D(G(x)) : 0.39
Elapsed Time: 0.1795 min
model_saved, images_saved...
Epochs-454 (train) , D(x) : 0.3161, D(G(x)) : 0.387
Elapsed Time: 0.1761 min
model_saved, images_saved...
Epochs-455 (train) , D(x) : 0.3084, D(G(x)) : 0.4129
Elapsed Time: 0.1786 min
model_saved, images_saved...
Epochs-456 (train) , D(x) : 0.3017, D(G(x)) : 0.3922
Elapsed Time: 0.177 min
model_saved, images_saved...
Epochs-457 (train) , D(x) : 0.3087, D(G(x)) : 0.3851
Elapsed Time: 0.1776 min
model_saved, images_saved...
Epochs-458 (train) , D(x) : 0.3058, D(G(x)) : 0.3921
Elapsed Time: 0.1795 min
model_saved, images_saved...
Epochs-459 (train) , D(x) : 0.2993, D(G(x)) : 0.3924
Elapsed Time: 0.1765 min
model_saved, images_saved...
Epochs-460 (train) , D(x) : 0.3024, D(G(x)) : 0.3954
Elapsed Time: 0.1774 min
model_saved, images_saved...
Epochs-461 (train) , D(x) : 0.3017, D(G(x)) : 0.3972
Elapsed Time: 0.1765 min
model_saved, images_saved...
Epochs-462 (train) , D(x) : 0.2919, D(G(x)) : 0.4228
Elapsed Time: 0.1775 min
model_saved, images_saved...
Epochs-463 (train) , D(x) : 0.3017, D(G(x)) : 0.3977
Elapsed Time: 0.178 min
model_saved, images_saved...
Epochs-464 (train) , D(x) : 0.3056, D(G(x)) : 0.3914
Elapsed Time: 0.1794 min
model_saved, images_saved...
Epochs-465 (train) , D(x) : 0.3228, D(G(x)) : 0.3966
Elapsed Time: 0.1809 min
model_saved, images_saved...
Epochs-466 (train) , D(x) : 0.3279, D(G(x)) : 0.3975
Elapsed Time: 0.1819 min
model_saved, images_saved...
Epochs-467 (train) , D(x) : 0.3243, D(G(x)) : 0.3787
Elapsed Time: 0.1781 min
model_saved, images_saved...
Epochs-468 (train) , D(x) : 0.3219, D(G(x)) : 0.3903
Elapsed Time: 0.1791 min
model_saved, images_saved...
Epochs-469 (train) , D(x) : 0.3353, D(G(x)) : 0.3792
Elapsed Time: 0.1816 min
model_saved, images_saved...
Epochs-470 (train) , D(x) : 0.334, D(G(x)) : 0.3765
Elapsed Time: 0.1846 min
model_saved, images_saved...
Epochs-471 (train) , D(x) : 0.3249, D(G(x)) : 0.3809
Elapsed Time: 0.1812 min
model_saved, images_saved...
Epochs-472 (train) , D(x) : 0.3218, D(G(x)) : 0.3903
Elapsed Time: 0.1795 min
model_saved, images_saved...
Epochs-473 (train) , D(x) : 0.297, D(G(x)) : 0.3962
Elapsed Time: 0.1796 min
model_saved, images_saved...
Epochs-474 (train) , D(x) : 0.3195, D(G(x)) : 0.3737
Elapsed Time: 0.1786 min
model_saved, images_saved...
Epochs-475 (train) , D(x) : 0.3236, D(G(x)) : 0.3866
Elapsed Time: 0.178 min
model_saved, images_saved...
Epochs-476 (train) , D(x) : 0.3155, D(G(x)) : 0.3886
Elapsed Time: 0.1773 min
model_saved, images_saved...
Epochs-477 (train) , D(x) : 0.3079, D(G(x)) : 0.409
Elapsed Time: 0.1783 min
model_saved, images_saved...
Epochs-478 (train) , D(x) : 0.3209, D(G(x)) : 0.3986
Elapsed Time: 0.1815 min
model_saved, images_saved...
Epochs-479 (train) , D(x) : 0.3054, D(G(x)) : 0.3898
Elapsed Time: 0.1748 min
model_saved, images_saved...
Epochs-480 (train) , D(x) : 0.2957, D(G(x)) : 0.3969
Elapsed Time: 0.1769 min
model_saved, images_saved...
Epochs-481 (train) , D(x) : 0.3085, D(G(x)) : 0.4253
Elapsed Time: 0.182 min
model_saved, images_saved...
Epochs-482 (train) , D(x) : 0.3133, D(G(x)) : 0.4033
Elapsed Time: 0.1793 min
model_saved, images_saved...
Epochs-483 (train) , D(x) : 0.2992, D(G(x)) : 0.4076
Elapsed Time: 0.1785 min
model_saved, images_saved...
Epochs-484 (train) , D(x) : 0.2986, D(G(x)) : 0.4224
Elapsed Time: 0.1775 min
model_saved, images_saved...
Epochs-485 (train) , D(x) : 0.2926, D(G(x)) : 0.4112
Elapsed Time: 0.1789 min
model_saved, images_saved...
Epochs-486 (train) , D(x) : 0.3115, D(G(x)) : 0.3817
Elapsed Time: 0.1777 min
model_saved, images_saved...
Epochs-487 (train) , D(x) : 0.3131, D(G(x)) : 0.3813
Elapsed Time: 0.1778 min
model_saved, images_saved...
Epochs-488 (train) , D(x) : 0.3094, D(G(x)) : 0.3903
Elapsed Time: 0.1786 min
model_saved, images_saved...
Epochs-489 (train) , D(x) : 0.2903, D(G(x)) : 0.4209
Elapsed Time: 0.1779 min
model_saved, images_saved...
Epochs-490 (train) , D(x) : 0.3154, D(G(x)) : 0.4015
Elapsed Time: 0.1806 min
model_saved, images_saved...
Epochs-491 (train) , D(x) : 0.2943, D(G(x)) : 0.4196
Elapsed Time: 0.1792 min
model_saved, images_saved...
Epochs-492 (train) , D(x) : 0.2916, D(G(x)) : 0.4249
Elapsed Time: 0.1777 min
model_saved, images_saved...
Epochs-493 (train) , D(x) : 0.2934, D(G(x)) : 0.429
Elapsed Time: 0.1752 min
model_saved, images_saved...
Epochs-494 (train) , D(x) : 0.2982, D(G(x)) : 0.4269
Elapsed Time: 0.177 min
model_saved, images_saved...
Epochs-495 (train) , D(x) : 0.3001, D(G(x)) : 0.4037
Elapsed Time: 0.1748 min
model_saved, images_saved...
Epochs-496 (train) , D(x) : 0.3155, D(G(x)) : 0.4036
Elapsed Time: 0.1753 min
model_saved, images_saved...
Epochs-497 (train) , D(x) : 0.3105, D(G(x)) : 0.3898
Elapsed Time: 0.1764 min
model_saved, images_saved...
Epochs-498 (train) , D(x) : 0.3059, D(G(x)) : 0.389
Elapsed Time: 0.1751 min
model_saved, images_saved...
Epochs-499 (train) , D(x) : 0.3212, D(G(x)) : 0.4076
Elapsed Time: 0.1785 min
model_saved, images_saved...
