****************hyper-parameters****************
epochs = 500
batch_size = 32
soft_labels = False
adv_weight = 0
d_thresh = 0.8
z_dim = 200
z_dis = norm
model_images_save_step = 1
data = chair/
device = cuda:0
g_lr = 0.002
d_lr = 5e-06
cube_len = 32
leak_value = 0.2
bias = False
****************hyper-parameters****************
../outputs_lr/dcgan
../volumetric_data/chair/30/train/
data_size = 10668
Epochs-0 (train) , D(x) : 0.9535, D(G(x)) : 0.004695
Elapsed Time: 0.2714 min
model_saved, images_saved...
Epochs-1 (train) , D(x) : 0.6441, D(G(x)) : 0.1243
Elapsed Time: 0.2536 min
model_saved, images_saved...
Epochs-2 (train) , D(x) : 0.535, D(G(x)) : 0.2408
Elapsed Time: 0.2528 min
model_saved, images_saved...
Epochs-3 (train) , D(x) : 0.5112, D(G(x)) : 0.2677
Elapsed Time: 0.2535 min
model_saved, images_saved...
Epochs-4 (train) , D(x) : 0.4976, D(G(x)) : 0.2763
Elapsed Time: 0.2544 min
model_saved, images_saved...
Epochs-5 (train) , D(x) : 0.5208, D(G(x)) : 0.2206
Elapsed Time: 0.2528 min
model_saved, images_saved...
Epochs-6 (train) , D(x) : 0.5093, D(G(x)) : 0.2357
Elapsed Time: 0.2531 min
model_saved, images_saved...
Epochs-7 (train) , D(x) : 0.5059, D(G(x)) : 0.2421
Elapsed Time: 0.253 min
model_saved, images_saved...
Epochs-8 (train) , D(x) : 0.5037, D(G(x)) : 0.2454
Elapsed Time: 0.2547 min
model_saved, images_saved...
Epochs-9 (train) , D(x) : 0.5026, D(G(x)) : 0.2474
Elapsed Time: 0.2543 min
model_saved, images_saved...
Epochs-10 (train) , D(x) : 0.5019, D(G(x)) : 0.2487
Elapsed Time: 0.253 min
model_saved, images_saved...
Epochs-11 (train) , D(x) : 0.501, D(G(x)) : 0.25
Elapsed Time: 0.2535 min
model_saved, images_saved...
Epochs-12 (train) , D(x) : 0.5007, D(G(x)) : 0.2503
Elapsed Time: 0.2526 min
model_saved, images_saved...
Epochs-13 (train) , D(x) : 0.501, D(G(x)) : 0.2501
Elapsed Time: 0.2527 min
model_saved, images_saved...
Epochs-14 (train) , D(x) : 0.5009, D(G(x)) : 0.25
Elapsed Time: 0.2534 min
model_saved, images_saved...
Epochs-15 (train) , D(x) : 0.5008, D(G(x)) : 0.2501
Elapsed Time: 0.2533 min
model_saved, images_saved...
Epochs-16 (train) , D(x) : 0.5005, D(G(x)) : 0.2502
Elapsed Time: 0.2527 min
model_saved, images_saved...
Epochs-17 (train) , D(x) : 0.5006, D(G(x)) : 0.2502
Elapsed Time: 0.2532 min
model_saved, images_saved...
Epochs-18 (train) , D(x) : 0.5006, D(G(x)) : 0.2503
Elapsed Time: 0.2533 min
model_saved, images_saved...
Epochs-19 (train) , D(x) : 0.5004, D(G(x)) : 0.2501
Elapsed Time: 0.2543 min
model_saved, images_saved...
Epochs-20 (train) , D(x) : 0.5005, D(G(x)) : 0.2499
Elapsed Time: 0.2539 min
model_saved, images_saved...
Epochs-21 (train) , D(x) : 0.5004, D(G(x)) : 0.2502
Elapsed Time: 0.2543 min
model_saved, images_saved...
Epochs-22 (train) , D(x) : 0.5003, D(G(x)) : 0.2498
Elapsed Time: 0.2554 min
model_saved, images_saved...
Epochs-23 (train) , D(x) : 0.5004, D(G(x)) : 0.2498
Elapsed Time: 0.2536 min
model_saved, images_saved...
Epochs-24 (train) , D(x) : 0.5, D(G(x)) : 0.25
Elapsed Time: 0.2535 min
model_saved, images_saved...
Epochs-25 (train) , D(x) : 0.5003, D(G(x)) : 0.2499
Elapsed Time: 0.2544 min
model_saved, images_saved...
Epochs-26 (train) , D(x) : 0.5003, D(G(x)) : 0.2494
Elapsed Time: 0.2548 min
model_saved, images_saved...
Epochs-27 (train) , D(x) : 0.5002, D(G(x)) : 0.2494
Elapsed Time: 0.2539 min
model_saved, images_saved...
Epochs-28 (train) , D(x) : 0.4999, D(G(x)) : 0.2509
Elapsed Time: 0.2536 min
model_saved, images_saved...
Epochs-29 (train) , D(x) : 0.4998, D(G(x)) : 0.2508
Elapsed Time: 0.254 min
model_saved, images_saved...
Epochs-30 (train) , D(x) : 0.5, D(G(x)) : 0.2506
Elapsed Time: 0.2533 min
model_saved, images_saved...
Epochs-31 (train) , D(x) : 0.4999, D(G(x)) : 0.2493
Elapsed Time: 0.2534 min
model_saved, images_saved...
Epochs-32 (train) , D(x) : 0.4998, D(G(x)) : 0.2503
Elapsed Time: 0.2533 min
model_saved, images_saved...
Epochs-33 (train) , D(x) : 0.4997, D(G(x)) : 0.2504
Elapsed Time: 0.2542 min
model_saved, images_saved...
Epochs-34 (train) , D(x) : 0.5, D(G(x)) : 0.2511
Elapsed Time: 0.2535 min
model_saved, images_saved...
Epochs-35 (train) , D(x) : 0.4996, D(G(x)) : 0.2502
Elapsed Time: 0.2549 min
model_saved, images_saved...
Epochs-36 (train) , D(x) : 0.4999, D(G(x)) : 0.2507
Elapsed Time: 0.2533 min
model_saved, images_saved...
Epochs-37 (train) , D(x) : 0.4995, D(G(x)) : 0.2508
Elapsed Time: 0.2539 min
model_saved, images_saved...
Epochs-38 (train) , D(x) : 0.4996, D(G(x)) : 0.2506
Elapsed Time: 0.2548 min
model_saved, images_saved...
Epochs-39 (train) , D(x) : 0.4998, D(G(x)) : 0.2505
Elapsed Time: 0.2533 min
model_saved, images_saved...
Epochs-40 (train) , D(x) : 0.4992, D(G(x)) : 0.2507
Elapsed Time: 0.2528 min
model_saved, images_saved...
Epochs-41 (train) , D(x) : 0.4996, D(G(x)) : 0.2506
Elapsed Time: 0.2523 min
model_saved, images_saved...
Epochs-42 (train) , D(x) : 0.499, D(G(x)) : 0.2511
Elapsed Time: 0.2535 min
model_saved, images_saved...
Epochs-43 (train) , D(x) : 0.4986, D(G(x)) : 0.2532
Elapsed Time: 0.2537 min
model_saved, images_saved...
Epochs-44 (train) , D(x) : 0.4991, D(G(x)) : 0.2515
Elapsed Time: 0.2545 min
model_saved, images_saved...
Epochs-45 (train) , D(x) : 0.4996, D(G(x)) : 0.2504
Elapsed Time: 0.2539 min
model_saved, images_saved...
Epochs-46 (train) , D(x) : 0.4987, D(G(x)) : 0.2518
Elapsed Time: 0.2538 min
model_saved, images_saved...
Epochs-47 (train) , D(x) : 0.4988, D(G(x)) : 0.2508
Elapsed Time: 0.2515 min
model_saved, images_saved...
Epochs-48 (train) , D(x) : 0.4985, D(G(x)) : 0.2518
Elapsed Time: 0.2535 min
model_saved, images_saved...
Epochs-49 (train) , D(x) : 0.4977, D(G(x)) : 0.2526
Elapsed Time: 0.2528 min
model_saved, images_saved...
Epochs-50 (train) , D(x) : 0.4959, D(G(x)) : 0.2531
Elapsed Time: 0.2534 min
model_saved, images_saved...
Epochs-51 (train) , D(x) : 0.4956, D(G(x)) : 0.2548
Elapsed Time: 0.253 min
model_saved, images_saved...
Epochs-52 (train) , D(x) : 0.4949, D(G(x)) : 0.2551
Elapsed Time: 0.2514 min
model_saved, images_saved...
Epochs-53 (train) , D(x) : 0.4903, D(G(x)) : 0.2604
Elapsed Time: 0.2513 min
model_saved, images_saved...
Epochs-54 (train) , D(x) : 0.4792, D(G(x)) : 0.2702
Elapsed Time: 0.246 min
model_saved, images_saved...
Epochs-55 (train) , D(x) : 0.4715, D(G(x)) : 0.2804
Elapsed Time: 0.2405 min
model_saved, images_saved...
Epochs-56 (train) , D(x) : 0.456, D(G(x)) : 0.2949
Elapsed Time: 0.2399 min
model_saved, images_saved...
Epochs-57 (train) , D(x) : 0.4508, D(G(x)) : 0.29
Elapsed Time: 0.2308 min
model_saved, images_saved...
Epochs-58 (train) , D(x) : 0.4519, D(G(x)) : 0.3064
Elapsed Time: 0.2415 min
model_saved, images_saved...
Epochs-59 (train) , D(x) : 0.4295, D(G(x)) : 0.3045
Elapsed Time: 0.2111 min
model_saved, images_saved...
Epochs-60 (train) , D(x) : 0.3221, D(G(x)) : 0.3019
Elapsed Time: 0.1753 min
model_saved, images_saved...
Epochs-61 (train) , D(x) : 0.2918, D(G(x)) : 0.2941
Elapsed Time: 0.1694 min
model_saved, images_saved...
Epochs-62 (train) , D(x) : 0.2916, D(G(x)) : 0.3079
Elapsed Time: 0.1684 min
model_saved, images_saved...
Epochs-63 (train) , D(x) : 0.2756, D(G(x)) : 0.3116
Elapsed Time: 0.1713 min
model_saved, images_saved...
Epochs-64 (train) , D(x) : 0.4277, D(G(x)) : 0.3299
Elapsed Time: 0.2223 min
model_saved, images_saved...
Epochs-65 (train) , D(x) : 0.4624, D(G(x)) : 0.2889
Elapsed Time: 0.2418 min
model_saved, images_saved...
Epochs-66 (train) , D(x) : 0.4561, D(G(x)) : 0.2908
Elapsed Time: 0.2456 min
model_saved, images_saved...
Epochs-67 (train) , D(x) : 0.4507, D(G(x)) : 0.2957
Elapsed Time: 0.2327 min
model_saved, images_saved...
Epochs-68 (train) , D(x) : 0.4405, D(G(x)) : 0.3045
Elapsed Time: 0.2276 min
model_saved, images_saved...
Epochs-69 (train) , D(x) : 0.4306, D(G(x)) : 0.3095
Elapsed Time: 0.2124 min
model_saved, images_saved...
Epochs-70 (train) , D(x) : 0.4268, D(G(x)) : 0.3148
Elapsed Time: 0.2222 min
model_saved, images_saved...
Epochs-71 (train) , D(x) : 0.4264, D(G(x)) : 0.3155
Elapsed Time: 0.2299 min
model_saved, images_saved...
Epochs-72 (train) , D(x) : 0.44, D(G(x)) : 0.3022
Elapsed Time: 0.2274 min
model_saved, images_saved...
Epochs-73 (train) , D(x) : 0.4416, D(G(x)) : 0.3058
Elapsed Time: 0.2347 min
model_saved, images_saved...
Epochs-74 (train) , D(x) : 0.4257, D(G(x)) : 0.3066
Elapsed Time: 0.2155 min
model_saved, images_saved...
Epochs-75 (train) , D(x) : 0.4224, D(G(x)) : 0.3162
Elapsed Time: 0.2164 min
model_saved, images_saved...
Epochs-76 (train) , D(x) : 0.4212, D(G(x)) : 0.3179
Elapsed Time: 0.2214 min
model_saved, images_saved...
Epochs-77 (train) , D(x) : 0.4346, D(G(x)) : 0.3087
Elapsed Time: 0.2315 min
model_saved, images_saved...
Epochs-78 (train) , D(x) : 0.4229, D(G(x)) : 0.3086
Elapsed Time: 0.2071 min
model_saved, images_saved...
Epochs-79 (train) , D(x) : 0.4186, D(G(x)) : 0.3145
Elapsed Time: 0.2033 min
model_saved, images_saved...
Epochs-80 (train) , D(x) : 0.4107, D(G(x)) : 0.3213
Elapsed Time: 0.2107 min
model_saved, images_saved...
Epochs-81 (train) , D(x) : 0.4073, D(G(x)) : 0.3192
Elapsed Time: 0.209 min
model_saved, images_saved...
Epochs-82 (train) , D(x) : 0.4206, D(G(x)) : 0.3168
Elapsed Time: 0.2115 min
model_saved, images_saved...
Epochs-83 (train) , D(x) : 0.4081, D(G(x)) : 0.3232
Elapsed Time: 0.2056 min
model_saved, images_saved...
Epochs-84 (train) , D(x) : 0.4021, D(G(x)) : 0.3255
Elapsed Time: 0.205 min
model_saved, images_saved...
Epochs-85 (train) , D(x) : 0.4035, D(G(x)) : 0.3258
Elapsed Time: 0.2009 min
model_saved, images_saved...
Epochs-86 (train) , D(x) : 0.3957, D(G(x)) : 0.3297
Elapsed Time: 0.1878 min
model_saved, images_saved...
Epochs-87 (train) , D(x) : 0.3873, D(G(x)) : 0.3201
Elapsed Time: 0.1873 min
model_saved, images_saved...
Epochs-88 (train) , D(x) : 0.3986, D(G(x)) : 0.3255
Elapsed Time: 0.2028 min
model_saved, images_saved...
Epochs-89 (train) , D(x) : 0.4067, D(G(x)) : 0.3309
Elapsed Time: 0.2085 min
model_saved, images_saved...
Epochs-90 (train) , D(x) : 0.4149, D(G(x)) : 0.3201
Elapsed Time: 0.2106 min
model_saved, images_saved...
Epochs-91 (train) , D(x) : 0.4063, D(G(x)) : 0.3236
Elapsed Time: 0.2093 min
model_saved, images_saved...
Epochs-92 (train) , D(x) : 0.3935, D(G(x)) : 0.3366
Elapsed Time: 0.2057 min
model_saved, images_saved...
Epochs-93 (train) , D(x) : 0.3824, D(G(x)) : 0.3366
Elapsed Time: 0.1937 min
model_saved, images_saved...
Epochs-94 (train) , D(x) : 0.3766, D(G(x)) : 0.3394
Elapsed Time: 0.1898 min
model_saved, images_saved...
Epochs-95 (train) , D(x) : 0.3752, D(G(x)) : 0.3346
Elapsed Time: 0.1833 min
model_saved, images_saved...
Epochs-96 (train) , D(x) : 0.3695, D(G(x)) : 0.3424
Elapsed Time: 0.1836 min
model_saved, images_saved...
Epochs-97 (train) , D(x) : 0.3814, D(G(x)) : 0.3354
Elapsed Time: 0.1899 min
model_saved, images_saved...
Epochs-98 (train) , D(x) : 0.3841, D(G(x)) : 0.3413
Elapsed Time: 0.195 min
model_saved, images_saved...
Epochs-99 (train) , D(x) : 0.3806, D(G(x)) : 0.3278
Elapsed Time: 0.1924 min
model_saved, images_saved...
Epochs-100 (train) , D(x) : 0.3735, D(G(x)) : 0.3423
Elapsed Time: 0.1894 min
model_saved, images_saved...
Epochs-101 (train) , D(x) : 0.3875, D(G(x)) : 0.3434
Elapsed Time: 0.1989 min
model_saved, images_saved...
Epochs-102 (train) , D(x) : 0.3771, D(G(x)) : 0.3227
Elapsed Time: 0.1863 min
model_saved, images_saved...
Epochs-103 (train) , D(x) : 0.3754, D(G(x)) : 0.3498
Elapsed Time: 0.192 min
model_saved, images_saved...
Epochs-104 (train) , D(x) : 0.3739, D(G(x)) : 0.3374
Elapsed Time: 0.1877 min
model_saved, images_saved...
Epochs-105 (train) , D(x) : 0.3831, D(G(x)) : 0.3338
Elapsed Time: 0.194 min
model_saved, images_saved...
Epochs-106 (train) , D(x) : 0.3753, D(G(x)) : 0.34
Elapsed Time: 0.1883 min
model_saved, images_saved...
Epochs-107 (train) , D(x) : 0.3849, D(G(x)) : 0.3267
Elapsed Time: 0.1928 min
model_saved, images_saved...
Epochs-108 (train) , D(x) : 0.3892, D(G(x)) : 0.3311
Elapsed Time: 0.1929 min
model_saved, images_saved...
Epochs-109 (train) , D(x) : 0.3873, D(G(x)) : 0.3371
Elapsed Time: 0.1978 min
model_saved, images_saved...
Epochs-110 (train) , D(x) : 0.3822, D(G(x)) : 0.3351
Elapsed Time: 0.1932 min
model_saved, images_saved...
Epochs-111 (train) , D(x) : 0.3766, D(G(x)) : 0.3367
Elapsed Time: 0.1908 min
model_saved, images_saved...
Epochs-112 (train) , D(x) : 0.3713, D(G(x)) : 0.3433
Elapsed Time: 0.1883 min
model_saved, images_saved...
Epochs-113 (train) , D(x) : 0.3663, D(G(x)) : 0.3458
Elapsed Time: 0.184 min
model_saved, images_saved...
Epochs-114 (train) , D(x) : 0.3649, D(G(x)) : 0.3375
Elapsed Time: 0.1807 min
model_saved, images_saved...
Epochs-115 (train) , D(x) : 0.3749, D(G(x)) : 0.3368
Elapsed Time: 0.186 min
model_saved, images_saved...
Epochs-116 (train) , D(x) : 0.3812, D(G(x)) : 0.3358
Elapsed Time: 0.1881 min
model_saved, images_saved...
Epochs-117 (train) , D(x) : 0.378, D(G(x)) : 0.3379
Elapsed Time: 0.1936 min
model_saved, images_saved...
Epochs-118 (train) , D(x) : 0.3836, D(G(x)) : 0.334
Elapsed Time: 0.1953 min
model_saved, images_saved...
Epochs-119 (train) , D(x) : 0.3739, D(G(x)) : 0.3393
Elapsed Time: 0.1887 min
model_saved, images_saved...
Epochs-120 (train) , D(x) : 0.3711, D(G(x)) : 0.3451
Elapsed Time: 0.1885 min
model_saved, images_saved...
Epochs-121 (train) , D(x) : 0.3694, D(G(x)) : 0.3447
Elapsed Time: 0.1885 min
model_saved, images_saved...
Epochs-122 (train) , D(x) : 0.3794, D(G(x)) : 0.3361
Elapsed Time: 0.1865 min
model_saved, images_saved...
Epochs-123 (train) , D(x) : 0.3808, D(G(x)) : 0.3307
Elapsed Time: 0.1878 min
model_saved, images_saved...
Epochs-124 (train) , D(x) : 0.3569, D(G(x)) : 0.3589
Elapsed Time: 0.1782 min
model_saved, images_saved...
Epochs-125 (train) , D(x) : 0.359, D(G(x)) : 0.3463
Elapsed Time: 0.1851 min
model_saved, images_saved...
Epochs-126 (train) , D(x) : 0.3796, D(G(x)) : 0.3428
Elapsed Time: 0.1902 min
model_saved, images_saved...
Epochs-127 (train) , D(x) : 0.3813, D(G(x)) : 0.3294
Elapsed Time: 0.1899 min
model_saved, images_saved...
Epochs-128 (train) , D(x) : 0.384, D(G(x)) : 0.3326
Elapsed Time: 0.1932 min
model_saved, images_saved...
Epochs-129 (train) , D(x) : 0.3881, D(G(x)) : 0.3281
Elapsed Time: 0.1899 min
model_saved, images_saved...
Epochs-130 (train) , D(x) : 0.3849, D(G(x)) : 0.3318
Elapsed Time: 0.1933 min
model_saved, images_saved...
Epochs-131 (train) , D(x) : 0.3669, D(G(x)) : 0.3358
Elapsed Time: 0.1891 min
model_saved, images_saved...
Epochs-132 (train) , D(x) : 0.3779, D(G(x)) : 0.3433
Elapsed Time: 0.1911 min
model_saved, images_saved...
Epochs-133 (train) , D(x) : 0.3602, D(G(x)) : 0.3278
Elapsed Time: 0.1826 min
model_saved, images_saved...
Epochs-134 (train) , D(x) : 0.3501, D(G(x)) : 0.3528
Elapsed Time: 0.1802 min
model_saved, images_saved...
Epochs-135 (train) , D(x) : 0.3636, D(G(x)) : 0.3481
Elapsed Time: 0.1864 min
model_saved, images_saved...
Epochs-136 (train) , D(x) : 0.3765, D(G(x)) : 0.335
Elapsed Time: 0.1882 min
model_saved, images_saved...
Epochs-137 (train) , D(x) : 0.3817, D(G(x)) : 0.3277
Elapsed Time: 0.1882 min
model_saved, images_saved...
Epochs-138 (train) , D(x) : 0.3772, D(G(x)) : 0.3393
Elapsed Time: 0.186 min
model_saved, images_saved...
Epochs-139 (train) , D(x) : 0.3803, D(G(x)) : 0.3361
Elapsed Time: 0.1916 min
model_saved, images_saved...
Epochs-140 (train) , D(x) : 0.3729, D(G(x)) : 0.3383
Elapsed Time: 0.1843 min
model_saved, images_saved...
Epochs-141 (train) , D(x) : 0.3624, D(G(x)) : 0.342
Elapsed Time: 0.1843 min
model_saved, images_saved...
Epochs-142 (train) , D(x) : 0.3477, D(G(x)) : 0.3479
Elapsed Time: 0.1791 min
model_saved, images_saved...
Epochs-143 (train) , D(x) : 0.3551, D(G(x)) : 0.3545
Elapsed Time: 0.1849 min
model_saved, images_saved...
Epochs-144 (train) , D(x) : 0.3544, D(G(x)) : 0.348
Elapsed Time: 0.1816 min
model_saved, images_saved...
Epochs-145 (train) , D(x) : 0.3632, D(G(x)) : 0.3506
Elapsed Time: 0.1866 min
model_saved, images_saved...
Epochs-146 (train) , D(x) : 0.3458, D(G(x)) : 0.3315
Elapsed Time: 0.1779 min
model_saved, images_saved...
Epochs-147 (train) , D(x) : 0.3429, D(G(x)) : 0.3582
Elapsed Time: 0.1777 min
model_saved, images_saved...
Epochs-148 (train) , D(x) : 0.3584, D(G(x)) : 0.3423
Elapsed Time: 0.1753 min
model_saved, images_saved...
Epochs-149 (train) , D(x) : 0.3341, D(G(x)) : 0.361
Elapsed Time: 0.177 min
model_saved, images_saved...
Epochs-150 (train) , D(x) : 0.3435, D(G(x)) : 0.3561
Elapsed Time: 0.1783 min
model_saved, images_saved...
Epochs-151 (train) , D(x) : 0.3419, D(G(x)) : 0.344
Elapsed Time: 0.1749 min
model_saved, images_saved...
Epochs-152 (train) , D(x) : 0.342, D(G(x)) : 0.3487
Elapsed Time: 0.1745 min
model_saved, images_saved...
Epochs-153 (train) , D(x) : 0.3425, D(G(x)) : 0.3507
Elapsed Time: 0.1742 min
model_saved, images_saved...
Epochs-154 (train) , D(x) : 0.3331, D(G(x)) : 0.3639
Elapsed Time: 0.1749 min
model_saved, images_saved...
Epochs-155 (train) , D(x) : 0.3454, D(G(x)) : 0.349
Elapsed Time: 0.1744 min
model_saved, images_saved...
Epochs-156 (train) , D(x) : 0.3397, D(G(x)) : 0.3443
Elapsed Time: 0.1738 min
model_saved, images_saved...
Epochs-157 (train) , D(x) : 0.3365, D(G(x)) : 0.3532
Elapsed Time: 0.1753 min
model_saved, images_saved...
Epochs-158 (train) , D(x) : 0.3342, D(G(x)) : 0.351
Elapsed Time: 0.1709 min
model_saved, images_saved...
Epochs-159 (train) , D(x) : 0.3303, D(G(x)) : 0.3428
Elapsed Time: 0.1705 min
model_saved, images_saved...
Epochs-160 (train) , D(x) : 0.3338, D(G(x)) : 0.3536
Elapsed Time: 0.1717 min
model_saved, images_saved...
Epochs-161 (train) , D(x) : 0.3513, D(G(x)) : 0.3407
Elapsed Time: 0.1789 min
model_saved, images_saved...
Epochs-162 (train) , D(x) : 0.3531, D(G(x)) : 0.3463
Elapsed Time: 0.1784 min
model_saved, images_saved...
Epochs-163 (train) , D(x) : 0.3646, D(G(x)) : 0.352
Elapsed Time: 0.1844 min
model_saved, images_saved...
Epochs-164 (train) , D(x) : 0.3789, D(G(x)) : 0.321
Elapsed Time: 0.1818 min
model_saved, images_saved...
Epochs-165 (train) , D(x) : 0.3696, D(G(x)) : 0.3392
Elapsed Time: 0.1846 min
model_saved, images_saved...
Epochs-166 (train) , D(x) : 0.3675, D(G(x)) : 0.3402
Elapsed Time: 0.1888 min
model_saved, images_saved...
Epochs-167 (train) , D(x) : 0.3621, D(G(x)) : 0.3498
Elapsed Time: 0.1878 min
model_saved, images_saved...
Epochs-168 (train) , D(x) : 0.3557, D(G(x)) : 0.3479
Elapsed Time: 0.1869 min
model_saved, images_saved...
Epochs-169 (train) , D(x) : 0.356, D(G(x)) : 0.3503
Elapsed Time: 0.1854 min
model_saved, images_saved...
Epochs-170 (train) , D(x) : 0.3698, D(G(x)) : 0.3313
Elapsed Time: 0.1855 min
model_saved, images_saved...
Epochs-171 (train) , D(x) : 0.3548, D(G(x)) : 0.3319
Elapsed Time: 0.178 min
model_saved, images_saved...
Epochs-172 (train) , D(x) : 0.3486, D(G(x)) : 0.3389
Elapsed Time: 0.1761 min
model_saved, images_saved...
Epochs-173 (train) , D(x) : 0.3629, D(G(x)) : 0.3361
Elapsed Time: 0.1772 min
model_saved, images_saved...
Epochs-174 (train) , D(x) : 0.3541, D(G(x)) : 0.3441
Elapsed Time: 0.1758 min
model_saved, images_saved...
Epochs-175 (train) , D(x) : 0.3416, D(G(x)) : 0.3494
Elapsed Time: 0.1765 min
model_saved, images_saved...
Epochs-176 (train) , D(x) : 0.3458, D(G(x)) : 0.3534
Elapsed Time: 0.1779 min
model_saved, images_saved...
Epochs-177 (train) , D(x) : 0.356, D(G(x)) : 0.3416
Elapsed Time: 0.1787 min
model_saved, images_saved...
Epochs-178 (train) , D(x) : 0.3581, D(G(x)) : 0.333
Elapsed Time: 0.1788 min
model_saved, images_saved...
Epochs-179 (train) , D(x) : 0.3523, D(G(x)) : 0.3485
Elapsed Time: 0.1767 min
model_saved, images_saved...
Epochs-180 (train) , D(x) : 0.3514, D(G(x)) : 0.3552
Elapsed Time: 0.1871 min
model_saved, images_saved...
Epochs-181 (train) , D(x) : 0.3648, D(G(x)) : 0.3431
Elapsed Time: 0.1856 min
model_saved, images_saved...
Epochs-182 (train) , D(x) : 0.3565, D(G(x)) : 0.3558
Elapsed Time: 0.1846 min
model_saved, images_saved...
Epochs-183 (train) , D(x) : 0.3616, D(G(x)) : 0.3379
Elapsed Time: 0.1826 min
model_saved, images_saved...
Epochs-184 (train) , D(x) : 0.3561, D(G(x)) : 0.3467
Elapsed Time: 0.1822 min
model_saved, images_saved...
Epochs-185 (train) , D(x) : 0.3542, D(G(x)) : 0.3632
Elapsed Time: 0.1856 min
model_saved, images_saved...
Epochs-186 (train) , D(x) : 0.3401, D(G(x)) : 0.3581
Elapsed Time: 0.1832 min
model_saved, images_saved...
Epochs-187 (train) , D(x) : 0.3463, D(G(x)) : 0.3531
Elapsed Time: 0.1791 min
model_saved, images_saved...
Epochs-188 (train) , D(x) : 0.3454, D(G(x)) : 0.3507
Elapsed Time: 0.176 min
model_saved, images_saved...
Epochs-189 (train) , D(x) : 0.3371, D(G(x)) : 0.3448
Elapsed Time: 0.1756 min
model_saved, images_saved...
Epochs-190 (train) , D(x) : 0.3501, D(G(x)) : 0.3569
Elapsed Time: 0.1816 min
model_saved, images_saved...
Epochs-191 (train) , D(x) : 0.3493, D(G(x)) : 0.3448
Elapsed Time: 0.182 min
model_saved, images_saved...
Epochs-192 (train) , D(x) : 0.3584, D(G(x)) : 0.3418
Elapsed Time: 0.1847 min
model_saved, images_saved...
Epochs-193 (train) , D(x) : 0.3598, D(G(x)) : 0.3375
Elapsed Time: 0.1775 min
model_saved, images_saved...
Epochs-194 (train) , D(x) : 0.3596, D(G(x)) : 0.3486
Elapsed Time: 0.1874 min
model_saved, images_saved...
Epochs-195 (train) , D(x) : 0.3509, D(G(x)) : 0.3582
Elapsed Time: 0.1807 min
model_saved, images_saved...
Epochs-196 (train) , D(x) : 0.3427, D(G(x)) : 0.3561
Elapsed Time: 0.1777 min
model_saved, images_saved...
Epochs-197 (train) , D(x) : 0.3574, D(G(x)) : 0.3495
Elapsed Time: 0.1826 min
model_saved, images_saved...
Epochs-198 (train) , D(x) : 0.3556, D(G(x)) : 0.3504
Elapsed Time: 0.1796 min
model_saved, images_saved...
Epochs-199 (train) , D(x) : 0.3725, D(G(x)) : 0.338
Elapsed Time: 0.1835 min
model_saved, images_saved...
Epochs-200 (train) , D(x) : 0.3589, D(G(x)) : 0.3485
Elapsed Time: 0.1798 min
model_saved, images_saved...
Epochs-201 (train) , D(x) : 0.3462, D(G(x)) : 0.3537
Elapsed Time: 0.1775 min
model_saved, images_saved...
Epochs-202 (train) , D(x) : 0.3495, D(G(x)) : 0.3425
Elapsed Time: 0.1772 min
model_saved, images_saved...
Epochs-203 (train) , D(x) : 0.345, D(G(x)) : 0.3639
Elapsed Time: 0.1823 min
model_saved, images_saved...
Epochs-204 (train) , D(x) : 0.3547, D(G(x)) : 0.3461
Elapsed Time: 0.1817 min
model_saved, images_saved...
Epochs-205 (train) , D(x) : 0.3624, D(G(x)) : 0.3477
Elapsed Time: 0.1823 min
model_saved, images_saved...
Epochs-206 (train) , D(x) : 0.3412, D(G(x)) : 0.3578
Elapsed Time: 0.1831 min
model_saved, images_saved...
Epochs-207 (train) , D(x) : 0.3542, D(G(x)) : 0.3508
Elapsed Time: 0.1837 min
model_saved, images_saved...
Epochs-208 (train) , D(x) : 0.345, D(G(x)) : 0.346
Elapsed Time: 0.1758 min
model_saved, images_saved...
Epochs-209 (train) , D(x) : 0.3443, D(G(x)) : 0.3426
Elapsed Time: 0.1778 min
model_saved, images_saved...
Epochs-210 (train) , D(x) : 0.3486, D(G(x)) : 0.3612
Elapsed Time: 0.1843 min
model_saved, images_saved...
Epochs-211 (train) , D(x) : 0.3563, D(G(x)) : 0.3504
Elapsed Time: 0.1871 min
model_saved, images_saved...
Epochs-212 (train) , D(x) : 0.3493, D(G(x)) : 0.3603
Elapsed Time: 0.1831 min
model_saved, images_saved...
Epochs-213 (train) , D(x) : 0.3378, D(G(x)) : 0.3632
Elapsed Time: 0.1839 min
model_saved, images_saved...
Epochs-214 (train) , D(x) : 0.3562, D(G(x)) : 0.3486
Elapsed Time: 0.1825 min
model_saved, images_saved...
Epochs-215 (train) , D(x) : 0.3577, D(G(x)) : 0.3522
Elapsed Time: 0.1815 min
model_saved, images_saved...
Epochs-216 (train) , D(x) : 0.3499, D(G(x)) : 0.3522
Elapsed Time: 0.183 min
model_saved, images_saved...
Epochs-217 (train) , D(x) : 0.3399, D(G(x)) : 0.3516
Elapsed Time: 0.1842 min
model_saved, images_saved...
Epochs-218 (train) , D(x) : 0.3475, D(G(x)) : 0.3556
Elapsed Time: 0.1782 min
model_saved, images_saved...
Epochs-219 (train) , D(x) : 0.3531, D(G(x)) : 0.3486
Elapsed Time: 0.1815 min
model_saved, images_saved...
Epochs-220 (train) , D(x) : 0.357, D(G(x)) : 0.3481
Elapsed Time: 0.1842 min
model_saved, images_saved...
Epochs-221 (train) , D(x) : 0.3505, D(G(x)) : 0.3421
Elapsed Time: 0.1825 min
model_saved, images_saved...
Epochs-222 (train) , D(x) : 0.3566, D(G(x)) : 0.3501
Elapsed Time: 0.1825 min
model_saved, images_saved...
Epochs-223 (train) , D(x) : 0.3547, D(G(x)) : 0.3383
Elapsed Time: 0.1765 min
model_saved, images_saved...
Epochs-224 (train) , D(x) : 0.3473, D(G(x)) : 0.3571
Elapsed Time: 0.1803 min
model_saved, images_saved...
Epochs-225 (train) , D(x) : 0.3426, D(G(x)) : 0.3541
Elapsed Time: 0.179 min
model_saved, images_saved...
Epochs-226 (train) , D(x) : 0.3539, D(G(x)) : 0.3339
Elapsed Time: 0.1766 min
model_saved, images_saved...
Epochs-227 (train) , D(x) : 0.3422, D(G(x)) : 0.3566
Elapsed Time: 0.1776 min
model_saved, images_saved...
Epochs-228 (train) , D(x) : 0.3594, D(G(x)) : 0.3417
Elapsed Time: 0.1824 min
model_saved, images_saved...
Epochs-229 (train) , D(x) : 0.3594, D(G(x)) : 0.3449
Elapsed Time: 0.1813 min
model_saved, images_saved...
Epochs-230 (train) , D(x) : 0.3456, D(G(x)) : 0.3586
Elapsed Time: 0.1802 min
model_saved, images_saved...
Epochs-231 (train) , D(x) : 0.3531, D(G(x)) : 0.3484
Elapsed Time: 0.1831 min
model_saved, images_saved...
Epochs-232 (train) , D(x) : 0.3547, D(G(x)) : 0.3428
Elapsed Time: 0.1797 min
model_saved, images_saved...
Epochs-233 (train) , D(x) : 0.3621, D(G(x)) : 0.3447
Elapsed Time: 0.1831 min
model_saved, images_saved...
Epochs-234 (train) , D(x) : 0.3503, D(G(x)) : 0.3531
Elapsed Time: 0.1819 min
model_saved, images_saved...
Epochs-235 (train) , D(x) : 0.3483, D(G(x)) : 0.3542
Elapsed Time: 0.1787 min
model_saved, images_saved...
Epochs-236 (train) , D(x) : 0.3532, D(G(x)) : 0.3462
Elapsed Time: 0.1791 min
model_saved, images_saved...
Epochs-237 (train) , D(x) : 0.3322, D(G(x)) : 0.3626
Elapsed Time: 0.1799 min
model_saved, images_saved...
Epochs-238 (train) , D(x) : 0.3443, D(G(x)) : 0.3587
Elapsed Time: 0.1813 min
model_saved, images_saved...
Epochs-239 (train) , D(x) : 0.3546, D(G(x)) : 0.3576
Elapsed Time: 0.1833 min
model_saved, images_saved...
Epochs-240 (train) , D(x) : 0.3493, D(G(x)) : 0.3483
Elapsed Time: 0.1827 min
model_saved, images_saved...
Epochs-241 (train) , D(x) : 0.3381, D(G(x)) : 0.3497
Elapsed Time: 0.1784 min
model_saved, images_saved...
Epochs-242 (train) , D(x) : 0.329, D(G(x)) : 0.365
Elapsed Time: 0.179 min
model_saved, images_saved...
Epochs-243 (train) , D(x) : 0.3439, D(G(x)) : 0.3549
Elapsed Time: 0.178 min
model_saved, images_saved...
Epochs-244 (train) , D(x) : 0.3204, D(G(x)) : 0.3585
Elapsed Time: 0.1748 min
model_saved, images_saved...
Epochs-245 (train) , D(x) : 0.3362, D(G(x)) : 0.3557
Elapsed Time: 0.1785 min
model_saved, images_saved...
Epochs-246 (train) , D(x) : 0.3357, D(G(x)) : 0.3555
Elapsed Time: 0.1777 min
model_saved, images_saved...
Epochs-247 (train) , D(x) : 0.3441, D(G(x)) : 0.3579
Elapsed Time: 0.1799 min
model_saved, images_saved...
Epochs-248 (train) , D(x) : 0.3369, D(G(x)) : 0.3677
Elapsed Time: 0.1818 min
model_saved, images_saved...
Epochs-249 (train) , D(x) : 0.3468, D(G(x)) : 0.3529
Elapsed Time: 0.1779 min
model_saved, images_saved...
Epochs-250 (train) , D(x) : 0.3392, D(G(x)) : 0.3508
Elapsed Time: 0.1788 min
model_saved, images_saved...
Epochs-251 (train) , D(x) : 0.3378, D(G(x)) : 0.3504
Elapsed Time: 0.1792 min
model_saved, images_saved...
Epochs-252 (train) , D(x) : 0.3414, D(G(x)) : 0.3475
Elapsed Time: 0.175 min
model_saved, images_saved...
Epochs-253 (train) , D(x) : 0.34, D(G(x)) : 0.3578
Elapsed Time: 0.1771 min
model_saved, images_saved...
Epochs-254 (train) , D(x) : 0.3409, D(G(x)) : 0.3473
Elapsed Time: 0.1744 min
model_saved, images_saved...
Epochs-255 (train) , D(x) : 0.3263, D(G(x)) : 0.3718
Elapsed Time: 0.1753 min
model_saved, images_saved...
Epochs-256 (train) , D(x) : 0.3468, D(G(x)) : 0.3552
Elapsed Time: 0.1791 min
model_saved, images_saved...
Epochs-257 (train) , D(x) : 0.3449, D(G(x)) : 0.3473
Elapsed Time: 0.1781 min
model_saved, images_saved...
Epochs-258 (train) , D(x) : 0.3477, D(G(x)) : 0.3485
Elapsed Time: 0.1773 min
model_saved, images_saved...
Epochs-259 (train) , D(x) : 0.3388, D(G(x)) : 0.3625
Elapsed Time: 0.1794 min
model_saved, images_saved...
Epochs-260 (train) , D(x) : 0.3465, D(G(x)) : 0.357
Elapsed Time: 0.1794 min
model_saved, images_saved...
Epochs-261 (train) , D(x) : 0.3477, D(G(x)) : 0.3505
Elapsed Time: 0.1789 min
model_saved, images_saved...
Epochs-262 (train) , D(x) : 0.342, D(G(x)) : 0.3652
Elapsed Time: 0.1805 min
model_saved, images_saved...
Epochs-263 (train) , D(x) : 0.3494, D(G(x)) : 0.3429
Elapsed Time: 0.1815 min
model_saved, images_saved...
Epochs-264 (train) , D(x) : 0.3467, D(G(x)) : 0.3541
Elapsed Time: 0.1825 min
model_saved, images_saved...
Epochs-265 (train) , D(x) : 0.3415, D(G(x)) : 0.3551
Elapsed Time: 0.1801 min
model_saved, images_saved...
Epochs-266 (train) , D(x) : 0.3379, D(G(x)) : 0.364
Elapsed Time: 0.1808 min
model_saved, images_saved...
Epochs-267 (train) , D(x) : 0.3408, D(G(x)) : 0.3624
Elapsed Time: 0.1769 min
model_saved, images_saved...
Epochs-268 (train) , D(x) : 0.3302, D(G(x)) : 0.359
Elapsed Time: 0.1772 min
model_saved, images_saved...
Epochs-269 (train) , D(x) : 0.3316, D(G(x)) : 0.367
Elapsed Time: 0.1739 min
model_saved, images_saved...
Epochs-270 (train) , D(x) : 0.3277, D(G(x)) : 0.3759
Elapsed Time: 0.1767 min
model_saved, images_saved...
Epochs-271 (train) , D(x) : 0.3262, D(G(x)) : 0.3635
Elapsed Time: 0.1726 min
model_saved, images_saved...
Epochs-272 (train) , D(x) : 0.3373, D(G(x)) : 0.3614
Elapsed Time: 0.1785 min
model_saved, images_saved...
Epochs-273 (train) , D(x) : 0.3351, D(G(x)) : 0.36
Elapsed Time: 0.1784 min
model_saved, images_saved...
Epochs-274 (train) , D(x) : 0.3472, D(G(x)) : 0.3534
Elapsed Time: 0.1743 min
model_saved, images_saved...
Epochs-275 (train) , D(x) : 0.3394, D(G(x)) : 0.3498
Elapsed Time: 0.1755 min
model_saved, images_saved...
Epochs-276 (train) , D(x) : 0.3316, D(G(x)) : 0.3565
Elapsed Time: 0.1745 min
model_saved, images_saved...
Epochs-277 (train) , D(x) : 0.34, D(G(x)) : 0.36
Elapsed Time: 0.1776 min
model_saved, images_saved...
Epochs-278 (train) , D(x) : 0.3363, D(G(x)) : 0.3593
Elapsed Time: 0.1751 min
model_saved, images_saved...
Epochs-279 (train) , D(x) : 0.3547, D(G(x)) : 0.3408
Elapsed Time: 0.1794 min
model_saved, images_saved...
Epochs-280 (train) , D(x) : 0.3483, D(G(x)) : 0.354
Elapsed Time: 0.1825 min
model_saved, images_saved...
Epochs-281 (train) , D(x) : 0.3562, D(G(x)) : 0.3446
Elapsed Time: 0.1817 min
model_saved, images_saved...
Epochs-282 (train) , D(x) : 0.3378, D(G(x)) : 0.3604
Elapsed Time: 0.1792 min
model_saved, images_saved...
Epochs-283 (train) , D(x) : 0.33, D(G(x)) : 0.3629
Elapsed Time: 0.1759 min
model_saved, images_saved...
Epochs-284 (train) , D(x) : 0.3462, D(G(x)) : 0.3459
Elapsed Time: 0.1756 min
model_saved, images_saved...
Epochs-285 (train) , D(x) : 0.3248, D(G(x)) : 0.3661
Elapsed Time: 0.1741 min
model_saved, images_saved...
Epochs-286 (train) , D(x) : 0.3424, D(G(x)) : 0.364
Elapsed Time: 0.1798 min
model_saved, images_saved...
Epochs-287 (train) , D(x) : 0.35, D(G(x)) : 0.3532
Elapsed Time: 0.1799 min
model_saved, images_saved...
Epochs-288 (train) , D(x) : 0.3553, D(G(x)) : 0.3392
Elapsed Time: 0.1761 min
model_saved, images_saved...
Epochs-289 (train) , D(x) : 0.3465, D(G(x)) : 0.3533
Elapsed Time: 0.1782 min
model_saved, images_saved...
Epochs-290 (train) , D(x) : 0.3441, D(G(x)) : 0.3522
Elapsed Time: 0.1768 min
model_saved, images_saved...
Epochs-291 (train) , D(x) : 0.3438, D(G(x)) : 0.3475
Elapsed Time: 0.1762 min
model_saved, images_saved...
Epochs-292 (train) , D(x) : 0.3407, D(G(x)) : 0.3444
Elapsed Time: 0.1734 min
model_saved, images_saved...
Epochs-293 (train) , D(x) : 0.339, D(G(x)) : 0.3435
Elapsed Time: 0.1763 min
model_saved, images_saved...
Epochs-294 (train) , D(x) : 0.3197, D(G(x)) : 0.3801
Elapsed Time: 0.1788 min
model_saved, images_saved...
Epochs-295 (train) , D(x) : 0.3353, D(G(x)) : 0.3688
Elapsed Time: 0.1794 min
model_saved, images_saved...
Epochs-296 (train) , D(x) : 0.3274, D(G(x)) : 0.368
Elapsed Time: 0.1751 min
model_saved, images_saved...
Epochs-297 (train) , D(x) : 0.3347, D(G(x)) : 0.367
Elapsed Time: 0.1781 min
model_saved, images_saved...
Epochs-298 (train) , D(x) : 0.3306, D(G(x)) : 0.3577
Elapsed Time: 0.1732 min
model_saved, images_saved...
Epochs-299 (train) , D(x) : 0.3312, D(G(x)) : 0.3527
Elapsed Time: 0.1736 min
model_saved, images_saved...
Epochs-300 (train) , D(x) : 0.3295, D(G(x)) : 0.3576
Elapsed Time: 0.1744 min
model_saved, images_saved...
Epochs-301 (train) , D(x) : 0.3438, D(G(x)) : 0.3542
Elapsed Time: 0.1787 min
model_saved, images_saved...
Epochs-302 (train) , D(x) : 0.3401, D(G(x)) : 0.3471
Elapsed Time: 0.1752 min
model_saved, images_saved...
Epochs-303 (train) , D(x) : 0.3171, D(G(x)) : 0.3624
Elapsed Time: 0.1755 min
model_saved, images_saved...
Epochs-304 (train) , D(x) : 0.3463, D(G(x)) : 0.3438
Elapsed Time: 0.178 min
model_saved, images_saved...
Epochs-305 (train) , D(x) : 0.3426, D(G(x)) : 0.3505
Elapsed Time: 0.1815 min
model_saved, images_saved...
Epochs-306 (train) , D(x) : 0.3292, D(G(x)) : 0.3576
Elapsed Time: 0.1786 min
model_saved, images_saved...
Epochs-307 (train) , D(x) : 0.3424, D(G(x)) : 0.3677
Elapsed Time: 0.1816 min
model_saved, images_saved...
Epochs-308 (train) , D(x) : 0.3531, D(G(x)) : 0.3486
Elapsed Time: 0.1788 min
model_saved, images_saved...
Epochs-309 (train) , D(x) : 0.3459, D(G(x)) : 0.3529
Elapsed Time: 0.1771 min
model_saved, images_saved...
Epochs-310 (train) , D(x) : 0.3452, D(G(x)) : 0.3613
Elapsed Time: 0.1794 min
model_saved, images_saved...
Epochs-311 (train) , D(x) : 0.34, D(G(x)) : 0.3559
Elapsed Time: 0.1785 min
model_saved, images_saved...
Epochs-312 (train) , D(x) : 0.3497, D(G(x)) : 0.3484
Elapsed Time: 0.1806 min
model_saved, images_saved...
Epochs-313 (train) , D(x) : 0.3476, D(G(x)) : 0.3481
Elapsed Time: 0.1758 min
model_saved, images_saved...
Epochs-314 (train) , D(x) : 0.3368, D(G(x)) : 0.3557
Elapsed Time: 0.1773 min
model_saved, images_saved...
Epochs-315 (train) , D(x) : 0.3363, D(G(x)) : 0.3563
Elapsed Time: 0.179 min
model_saved, images_saved...
Epochs-316 (train) , D(x) : 0.3379, D(G(x)) : 0.3599
Elapsed Time: 0.178 min
model_saved, images_saved...
Epochs-317 (train) , D(x) : 0.3345, D(G(x)) : 0.359
Elapsed Time: 0.1781 min
model_saved, images_saved...
Epochs-318 (train) , D(x) : 0.3248, D(G(x)) : 0.362
Elapsed Time: 0.1765 min
model_saved, images_saved...
Epochs-319 (train) , D(x) : 0.3144, D(G(x)) : 0.3734
Elapsed Time: 0.1751 min
model_saved, images_saved...
Epochs-320 (train) , D(x) : 0.3154, D(G(x)) : 0.3732
Elapsed Time: 0.1748 min
model_saved, images_saved...
Epochs-321 (train) , D(x) : 0.3292, D(G(x)) : 0.3752
Elapsed Time: 0.1774 min
model_saved, images_saved...
Epochs-322 (train) , D(x) : 0.318, D(G(x)) : 0.3762
Elapsed Time: 0.1794 min
model_saved, images_saved...
Epochs-323 (train) , D(x) : 0.3204, D(G(x)) : 0.3751
Elapsed Time: 0.1767 min
model_saved, images_saved...
Epochs-324 (train) , D(x) : 0.3111, D(G(x)) : 0.3872
Elapsed Time: 0.1745 min
model_saved, images_saved...
Epochs-325 (train) , D(x) : 0.3196, D(G(x)) : 0.3528
Elapsed Time: 0.1729 min
model_saved, images_saved...
Epochs-326 (train) , D(x) : 0.3014, D(G(x)) : 0.3606
Elapsed Time: 0.171 min
model_saved, images_saved...
Epochs-327 (train) , D(x) : 0.3099, D(G(x)) : 0.3745
Elapsed Time: 0.174 min
model_saved, images_saved...
Epochs-328 (train) , D(x) : 0.3254, D(G(x)) : 0.3647
Elapsed Time: 0.173 min
model_saved, images_saved...
Epochs-329 (train) , D(x) : 0.3199, D(G(x)) : 0.372
Elapsed Time: 0.1769 min
model_saved, images_saved...
Epochs-330 (train) , D(x) : 0.3228, D(G(x)) : 0.3678
Elapsed Time: 0.1766 min
model_saved, images_saved...
Epochs-331 (train) , D(x) : 0.3308, D(G(x)) : 0.3625
Elapsed Time: 0.1769 min
model_saved, images_saved...
Epochs-332 (train) , D(x) : 0.3286, D(G(x)) : 0.3557
Elapsed Time: 0.1754 min
model_saved, images_saved...
Epochs-333 (train) , D(x) : 0.3293, D(G(x)) : 0.3574
Elapsed Time: 0.178 min
model_saved, images_saved...
Epochs-334 (train) , D(x) : 0.3405, D(G(x)) : 0.3485
Elapsed Time: 0.1756 min
model_saved, images_saved...
Epochs-335 (train) , D(x) : 0.3357, D(G(x)) : 0.3448
Elapsed Time: 0.1738 min
model_saved, images_saved...
Epochs-336 (train) , D(x) : 0.331, D(G(x)) : 0.3624
Elapsed Time: 0.176 min
model_saved, images_saved...
Epochs-337 (train) , D(x) : 0.3227, D(G(x)) : 0.3741
Elapsed Time: 0.1746 min
model_saved, images_saved...
Epochs-338 (train) , D(x) : 0.3242, D(G(x)) : 0.372
Elapsed Time: 0.1753 min
model_saved, images_saved...
Epochs-339 (train) , D(x) : 0.3221, D(G(x)) : 0.36
Elapsed Time: 0.1737 min
model_saved, images_saved...
Epochs-340 (train) , D(x) : 0.3192, D(G(x)) : 0.3511
Elapsed Time: 0.1735 min
model_saved, images_saved...
Epochs-341 (train) , D(x) : 0.3129, D(G(x)) : 0.3484
Elapsed Time: 0.1725 min
model_saved, images_saved...
Epochs-342 (train) , D(x) : 0.3157, D(G(x)) : 0.3661
Elapsed Time: 0.1721 min
model_saved, images_saved...
Epochs-343 (train) , D(x) : 0.3194, D(G(x)) : 0.3743
Elapsed Time: 0.1746 min
model_saved, images_saved...
Epochs-344 (train) , D(x) : 0.308, D(G(x)) : 0.3887
Elapsed Time: 0.1741 min
model_saved, images_saved...
Epochs-345 (train) , D(x) : 0.3077, D(G(x)) : 0.3845
Elapsed Time: 0.1759 min
model_saved, images_saved...
Epochs-346 (train) , D(x) : 0.3153, D(G(x)) : 0.3659
Elapsed Time: 0.1751 min
model_saved, images_saved...
Epochs-347 (train) , D(x) : 0.328, D(G(x)) : 0.3572
Elapsed Time: 0.1729 min
model_saved, images_saved...
Epochs-348 (train) , D(x) : 0.3133, D(G(x)) : 0.3754
Elapsed Time: 0.1713 min
model_saved, images_saved...
Epochs-349 (train) , D(x) : 0.3104, D(G(x)) : 0.3814
Elapsed Time: 0.1744 min
model_saved, images_saved...
Epochs-350 (train) , D(x) : 0.3293, D(G(x)) : 0.3707
Elapsed Time: 0.1763 min
model_saved, images_saved...
Epochs-351 (train) , D(x) : 0.3235, D(G(x)) : 0.3596
Elapsed Time: 0.1719 min
model_saved, images_saved...
Epochs-352 (train) , D(x) : 0.3183, D(G(x)) : 0.3631
Elapsed Time: 0.1742 min
model_saved, images_saved...
Epochs-353 (train) , D(x) : 0.3142, D(G(x)) : 0.3635
Elapsed Time: 0.1722 min
model_saved, images_saved...
Epochs-354 (train) , D(x) : 0.3237, D(G(x)) : 0.3552
Elapsed Time: 0.1729 min
model_saved, images_saved...
Epochs-355 (train) , D(x) : 0.3219, D(G(x)) : 0.3667
Elapsed Time: 0.1771 min
model_saved, images_saved...
Epochs-356 (train) , D(x) : 0.3271, D(G(x)) : 0.371
Elapsed Time: 0.1774 min
model_saved, images_saved...
Epochs-357 (train) , D(x) : 0.3339, D(G(x)) : 0.3605
Elapsed Time: 0.1755 min
model_saved, images_saved...
Epochs-358 (train) , D(x) : 0.3298, D(G(x)) : 0.3713
Elapsed Time: 0.1788 min
model_saved, images_saved...
Epochs-359 (train) , D(x) : 0.3288, D(G(x)) : 0.3715
Elapsed Time: 0.176 min
model_saved, images_saved...
Epochs-360 (train) , D(x) : 0.3264, D(G(x)) : 0.3783
Elapsed Time: 0.1813 min
model_saved, images_saved...
Epochs-361 (train) , D(x) : 0.3365, D(G(x)) : 0.3601
Elapsed Time: 0.1767 min
model_saved, images_saved...
Epochs-362 (train) , D(x) : 0.3154, D(G(x)) : 0.3667
Elapsed Time: 0.1751 min
model_saved, images_saved...
Epochs-363 (train) , D(x) : 0.3293, D(G(x)) : 0.3633
Elapsed Time: 0.1736 min
model_saved, images_saved...
Epochs-364 (train) , D(x) : 0.3514, D(G(x)) : 0.3482
Elapsed Time: 0.1763 min
model_saved, images_saved...
Epochs-365 (train) , D(x) : 0.3301, D(G(x)) : 0.3625
Elapsed Time: 0.1773 min
model_saved, images_saved...
Epochs-366 (train) , D(x) : 0.3172, D(G(x)) : 0.3764
Elapsed Time: 0.1729 min
model_saved, images_saved...
Epochs-367 (train) , D(x) : 0.3282, D(G(x)) : 0.3727
Elapsed Time: 0.1798 min
model_saved, images_saved...
Epochs-368 (train) , D(x) : 0.3256, D(G(x)) : 0.3589
Elapsed Time: 0.1733 min
model_saved, images_saved...
Epochs-369 (train) , D(x) : 0.3258, D(G(x)) : 0.3607
Elapsed Time: 0.1727 min
model_saved, images_saved...
Epochs-370 (train) , D(x) : 0.3125, D(G(x)) : 0.377
Elapsed Time: 0.1725 min
model_saved, images_saved...
Epochs-371 (train) , D(x) : 0.3144, D(G(x)) : 0.375
Elapsed Time: 0.1738 min
model_saved, images_saved...
Epochs-372 (train) , D(x) : 0.3279, D(G(x)) : 0.356
Elapsed Time: 0.1737 min
model_saved, images_saved...
Epochs-373 (train) , D(x) : 0.3171, D(G(x)) : 0.375
Elapsed Time: 0.1748 min
model_saved, images_saved...
Epochs-374 (train) , D(x) : 0.3324, D(G(x)) : 0.3606
Elapsed Time: 0.1746 min
model_saved, images_saved...
Epochs-375 (train) , D(x) : 0.3366, D(G(x)) : 0.355
Elapsed Time: 0.1746 min
model_saved, images_saved...
Epochs-376 (train) , D(x) : 0.3407, D(G(x)) : 0.3434
Elapsed Time: 0.1746 min
model_saved, images_saved...
Epochs-377 (train) , D(x) : 0.335, D(G(x)) : 0.35
Elapsed Time: 0.176 min
model_saved, images_saved...
Epochs-378 (train) , D(x) : 0.3465, D(G(x)) : 0.3592
Elapsed Time: 0.1765 min
model_saved, images_saved...
Epochs-379 (train) , D(x) : 0.3475, D(G(x)) : 0.3518
Elapsed Time: 0.1791 min
model_saved, images_saved...
Epochs-380 (train) , D(x) : 0.3322, D(G(x)) : 0.3651
Elapsed Time: 0.1786 min
model_saved, images_saved...
Epochs-381 (train) , D(x) : 0.3175, D(G(x)) : 0.3707
Elapsed Time: 0.1774 min
model_saved, images_saved...
Epochs-382 (train) , D(x) : 0.3226, D(G(x)) : 0.3625
Elapsed Time: 0.176 min
model_saved, images_saved...
Epochs-383 (train) , D(x) : 0.316, D(G(x)) : 0.3667
Elapsed Time: 0.1735 min
model_saved, images_saved...
Epochs-384 (train) , D(x) : 0.3321, D(G(x)) : 0.3425
Elapsed Time: 0.1704 min
model_saved, images_saved...
Epochs-385 (train) , D(x) : 0.3215, D(G(x)) : 0.3721
Elapsed Time: 0.1776 min
model_saved, images_saved...
Epochs-386 (train) , D(x) : 0.3302, D(G(x)) : 0.3691
Elapsed Time: 0.1767 min
model_saved, images_saved...
Epochs-387 (train) , D(x) : 0.3317, D(G(x)) : 0.3631
Elapsed Time: 0.1795 min
model_saved, images_saved...
Epochs-388 (train) , D(x) : 0.3217, D(G(x)) : 0.3516
Elapsed Time: 0.1734 min
model_saved, images_saved...
Epochs-389 (train) , D(x) : 0.316, D(G(x)) : 0.3512
Elapsed Time: 0.1725 min
model_saved, images_saved...
Epochs-390 (train) , D(x) : 0.3253, D(G(x)) : 0.3465
Elapsed Time: 0.1714 min
model_saved, images_saved...
Epochs-391 (train) , D(x) : 0.3061, D(G(x)) : 0.3573
Elapsed Time: 0.1708 min
model_saved, images_saved...
Epochs-392 (train) , D(x) : 0.3113, D(G(x)) : 0.3659
Elapsed Time: 0.1715 min
model_saved, images_saved...
Epochs-393 (train) , D(x) : 0.3101, D(G(x)) : 0.367
Elapsed Time: 0.1709 min
model_saved, images_saved...
Epochs-394 (train) , D(x) : 0.3054, D(G(x)) : 0.3685
Elapsed Time: 0.1714 min
model_saved, images_saved...
Epochs-395 (train) , D(x) : 0.323, D(G(x)) : 0.3581
Elapsed Time: 0.1735 min
model_saved, images_saved...
Epochs-396 (train) , D(x) : 0.3246, D(G(x)) : 0.3543
Elapsed Time: 0.1738 min
model_saved, images_saved...
Epochs-397 (train) , D(x) : 0.3096, D(G(x)) : 0.3626
Elapsed Time: 0.1716 min
model_saved, images_saved...
Epochs-398 (train) , D(x) : 0.3129, D(G(x)) : 0.3691
Elapsed Time: 0.1728 min
model_saved, images_saved...
Epochs-399 (train) , D(x) : 0.3278, D(G(x)) : 0.3542
Elapsed Time: 0.1752 min
model_saved, images_saved...
Epochs-400 (train) , D(x) : 0.3201, D(G(x)) : 0.3626
Elapsed Time: 0.1751 min
model_saved, images_saved...
Epochs-401 (train) , D(x) : 0.308, D(G(x)) : 0.3742
Elapsed Time: 0.1734 min
model_saved, images_saved...
Epochs-402 (train) , D(x) : 0.3206, D(G(x)) : 0.3605
Elapsed Time: 0.1726 min
model_saved, images_saved...
Epochs-403 (train) , D(x) : 0.3256, D(G(x)) : 0.368
Elapsed Time: 0.1766 min
model_saved, images_saved...
Epochs-404 (train) , D(x) : 0.3262, D(G(x)) : 0.3548
Elapsed Time: 0.172 min
model_saved, images_saved...
Epochs-405 (train) , D(x) : 0.3127, D(G(x)) : 0.3618
Elapsed Time: 0.1713 min
model_saved, images_saved...
Epochs-406 (train) , D(x) : 0.3186, D(G(x)) : 0.366
Elapsed Time: 0.1732 min
model_saved, images_saved...
Epochs-407 (train) , D(x) : 0.3183, D(G(x)) : 0.3789
Elapsed Time: 0.1744 min
model_saved, images_saved...
Epochs-408 (train) , D(x) : 0.3237, D(G(x)) : 0.3459
Elapsed Time: 0.1719 min
model_saved, images_saved...
Epochs-409 (train) , D(x) : 0.3334, D(G(x)) : 0.3449
Elapsed Time: 0.1712 min
model_saved, images_saved...
Epochs-410 (train) , D(x) : 0.3305, D(G(x)) : 0.3625
Elapsed Time: 0.1749 min
model_saved, images_saved...
Epochs-411 (train) , D(x) : 0.3252, D(G(x)) : 0.3565
Elapsed Time: 0.1732 min
model_saved, images_saved...
Epochs-412 (train) , D(x) : 0.3281, D(G(x)) : 0.365
Elapsed Time: 0.1725 min
model_saved, images_saved...
Epochs-413 (train) , D(x) : 0.3257, D(G(x)) : 0.3662
Elapsed Time: 0.1751 min
model_saved, images_saved...
Epochs-414 (train) , D(x) : 0.3206, D(G(x)) : 0.3669
Elapsed Time: 0.1741 min
model_saved, images_saved...
Epochs-415 (train) , D(x) : 0.3104, D(G(x)) : 0.3791
Elapsed Time: 0.1723 min
model_saved, images_saved...
Epochs-416 (train) , D(x) : 0.3188, D(G(x)) : 0.3725
Elapsed Time: 0.1727 min
model_saved, images_saved...
Epochs-417 (train) , D(x) : 0.3131, D(G(x)) : 0.3881
Elapsed Time: 0.1759 min
model_saved, images_saved...
Epochs-418 (train) , D(x) : 0.3155, D(G(x)) : 0.3665
Elapsed Time: 0.1729 min
model_saved, images_saved...
Epochs-419 (train) , D(x) : 0.3173, D(G(x)) : 0.3849
Elapsed Time: 0.1749 min
model_saved, images_saved...
Epochs-420 (train) , D(x) : 0.3187, D(G(x)) : 0.3498
Elapsed Time: 0.1743 min
model_saved, images_saved...
Epochs-421 (train) , D(x) : 0.3245, D(G(x)) : 0.3527
Elapsed Time: 0.1718 min
model_saved, images_saved...
Epochs-422 (train) , D(x) : 0.323, D(G(x)) : 0.3702
Elapsed Time: 0.175 min
model_saved, images_saved...
Epochs-423 (train) , D(x) : 0.3137, D(G(x)) : 0.3681
Elapsed Time: 0.1728 min
model_saved, images_saved...
Epochs-424 (train) , D(x) : 0.2985, D(G(x)) : 0.3729
Elapsed Time: 0.171 min
model_saved, images_saved...
Epochs-425 (train) , D(x) : 0.3188, D(G(x)) : 0.3613
Elapsed Time: 0.1734 min
model_saved, images_saved...
Epochs-426 (train) , D(x) : 0.3125, D(G(x)) : 0.3661
Elapsed Time: 0.1723 min
model_saved, images_saved...
Epochs-427 (train) , D(x) : 0.3098, D(G(x)) : 0.3823
Elapsed Time: 0.1749 min
model_saved, images_saved...
Epochs-428 (train) , D(x) : 0.3139, D(G(x)) : 0.3828
Elapsed Time: 0.1765 min
model_saved, images_saved...
Epochs-429 (train) , D(x) : 0.304, D(G(x)) : 0.3866
Elapsed Time: 0.1736 min
model_saved, images_saved...
Epochs-430 (train) , D(x) : 0.3197, D(G(x)) : 0.3719
Elapsed Time: 0.1731 min
model_saved, images_saved...
Epochs-431 (train) , D(x) : 0.3187, D(G(x)) : 0.3544
Elapsed Time: 0.1709 min
model_saved, images_saved...
Epochs-432 (train) , D(x) : 0.3219, D(G(x)) : 0.3607
Elapsed Time: 0.1726 min
model_saved, images_saved...
Epochs-433 (train) , D(x) : 0.3225, D(G(x)) : 0.3779
Elapsed Time: 0.1779 min
model_saved, images_saved...
Epochs-434 (train) , D(x) : 0.3103, D(G(x)) : 0.373
Elapsed Time: 0.1738 min
model_saved, images_saved...
Epochs-435 (train) , D(x) : 0.3198, D(G(x)) : 0.3715
Elapsed Time: 0.1736 min
model_saved, images_saved...
Epochs-436 (train) , D(x) : 0.3277, D(G(x)) : 0.3557
Elapsed Time: 0.1729 min
model_saved, images_saved...
Epochs-437 (train) , D(x) : 0.3188, D(G(x)) : 0.3709
Elapsed Time: 0.1783 min
model_saved, images_saved...
Epochs-438 (train) , D(x) : 0.3104, D(G(x)) : 0.3704
Elapsed Time: 0.1755 min
model_saved, images_saved...
Epochs-439 (train) , D(x) : 0.3222, D(G(x)) : 0.3675
Elapsed Time: 0.1772 min
model_saved, images_saved...
Epochs-440 (train) , D(x) : 0.3177, D(G(x)) : 0.3682
Elapsed Time: 0.1766 min
model_saved, images_saved...
Epochs-441 (train) , D(x) : 0.3259, D(G(x)) : 0.3618
Elapsed Time: 0.1752 min
model_saved, images_saved...
Epochs-442 (train) , D(x) : 0.3283, D(G(x)) : 0.3592
Elapsed Time: 0.1746 min
model_saved, images_saved...
Epochs-443 (train) , D(x) : 0.324, D(G(x)) : 0.3687
Elapsed Time: 0.1758 min
model_saved, images_saved...
Epochs-444 (train) , D(x) : 0.3212, D(G(x)) : 0.3701
Elapsed Time: 0.1772 min
model_saved, images_saved...
Epochs-445 (train) , D(x) : 0.3136, D(G(x)) : 0.3823
Elapsed Time: 0.1789 min
model_saved, images_saved...
Epochs-446 (train) , D(x) : 0.3273, D(G(x)) : 0.3721
Elapsed Time: 0.1797 min
model_saved, images_saved...
Epochs-447 (train) , D(x) : 0.3377, D(G(x)) : 0.3579
Elapsed Time: 0.1765 min
model_saved, images_saved...
Epochs-448 (train) , D(x) : 0.3256, D(G(x)) : 0.3565
Elapsed Time: 0.1736 min
model_saved, images_saved...
Epochs-449 (train) , D(x) : 0.3277, D(G(x)) : 0.3569
Elapsed Time: 0.1774 min
model_saved, images_saved...
Epochs-450 (train) , D(x) : 0.3255, D(G(x)) : 0.3686
Elapsed Time: 0.1793 min
model_saved, images_saved...
Epochs-451 (train) , D(x) : 0.3273, D(G(x)) : 0.3659
Elapsed Time: 0.1825 min
model_saved, images_saved...
Epochs-452 (train) , D(x) : 0.3364, D(G(x)) : 0.3574
Elapsed Time: 0.178 min
model_saved, images_saved...
Epochs-453 (train) , D(x) : 0.3462, D(G(x)) : 0.3478
Elapsed Time: 0.1783 min
model_saved, images_saved...
Epochs-454 (train) , D(x) : 0.32, D(G(x)) : 0.3599
Elapsed Time: 0.1734 min
model_saved, images_saved...
Epochs-455 (train) , D(x) : 0.326, D(G(x)) : 0.3569
Elapsed Time: 0.176 min
model_saved, images_saved...
Epochs-456 (train) , D(x) : 0.3251, D(G(x)) : 0.3588
Elapsed Time: 0.1731 min
model_saved, images_saved...
Epochs-457 (train) , D(x) : 0.3289, D(G(x)) : 0.3655
Elapsed Time: 0.1766 min
model_saved, images_saved...
Epochs-458 (train) , D(x) : 0.3294, D(G(x)) : 0.3614
Elapsed Time: 0.1742 min
model_saved, images_saved...
Epochs-459 (train) , D(x) : 0.3144, D(G(x)) : 0.3715
Elapsed Time: 0.1788 min
model_saved, images_saved...
Epochs-460 (train) , D(x) : 0.3226, D(G(x)) : 0.3768
Elapsed Time: 0.1758 min
model_saved, images_saved...
Epochs-461 (train) , D(x) : 0.3374, D(G(x)) : 0.3553
Elapsed Time: 0.1762 min
model_saved, images_saved...
Epochs-462 (train) , D(x) : 0.3203, D(G(x)) : 0.3796
Elapsed Time: 0.1822 min
model_saved, images_saved...
Epochs-463 (train) , D(x) : 0.3207, D(G(x)) : 0.3679
Elapsed Time: 0.1741 min
model_saved, images_saved...
Epochs-464 (train) , D(x) : 0.3236, D(G(x)) : 0.3719
Elapsed Time: 0.1793 min
model_saved, images_saved...
Epochs-465 (train) , D(x) : 0.3149, D(G(x)) : 0.3642
Elapsed Time: 0.1736 min
model_saved, images_saved...
Epochs-466 (train) , D(x) : 0.3258, D(G(x)) : 0.3666
Elapsed Time: 0.1765 min
model_saved, images_saved...
Epochs-467 (train) , D(x) : 0.3181, D(G(x)) : 0.3711
Elapsed Time: 0.1756 min
model_saved, images_saved...
Epochs-468 (train) , D(x) : 0.308, D(G(x)) : 0.379
Elapsed Time: 0.1745 min
model_saved, images_saved...
Epochs-469 (train) , D(x) : 0.3093, D(G(x)) : 0.3743
Elapsed Time: 0.1744 min
model_saved, images_saved...
Epochs-470 (train) , D(x) : 0.3222, D(G(x)) : 0.3622
Elapsed Time: 0.1744 min
model_saved, images_saved...
Epochs-471 (train) , D(x) : 0.326, D(G(x)) : 0.3707
Elapsed Time: 0.1776 min
model_saved, images_saved...
Epochs-472 (train) , D(x) : 0.3242, D(G(x)) : 0.3556
Elapsed Time: 0.1739 min
model_saved, images_saved...
Epochs-473 (train) , D(x) : 0.3141, D(G(x)) : 0.3784
Elapsed Time: 0.1749 min
model_saved, images_saved...
Epochs-474 (train) , D(x) : 0.3195, D(G(x)) : 0.3735
Elapsed Time: 0.1746 min
model_saved, images_saved...
Epochs-475 (train) , D(x) : 0.3321, D(G(x)) : 0.3647
Elapsed Time: 0.1748 min
model_saved, images_saved...
Epochs-476 (train) , D(x) : 0.3243, D(G(x)) : 0.3741
Elapsed Time: 0.1761 min
model_saved, images_saved...
Epochs-477 (train) , D(x) : 0.3222, D(G(x)) : 0.3691
Elapsed Time: 0.1736 min
model_saved, images_saved...
Epochs-478 (train) , D(x) : 0.3068, D(G(x)) : 0.3784
Elapsed Time: 0.1727 min
model_saved, images_saved...
Epochs-479 (train) , D(x) : 0.3164, D(G(x)) : 0.37
Elapsed Time: 0.1769 min
model_saved, images_saved...
Epochs-480 (train) , D(x) : 0.3118, D(G(x)) : 0.3701
Elapsed Time: 0.1733 min
model_saved, images_saved...
Epochs-481 (train) , D(x) : 0.3159, D(G(x)) : 0.3731
Elapsed Time: 0.1747 min
model_saved, images_saved...
Epochs-482 (train) , D(x) : 0.3073, D(G(x)) : 0.389
Elapsed Time: 0.1737 min
model_saved, images_saved...
Epochs-483 (train) , D(x) : 0.2981, D(G(x)) : 0.391
Elapsed Time: 0.1739 min
model_saved, images_saved...
Epochs-484 (train) , D(x) : 0.3081, D(G(x)) : 0.3792
Elapsed Time: 0.1745 min
model_saved, images_saved...
Epochs-485 (train) , D(x) : 0.3014, D(G(x)) : 0.3719
Elapsed Time: 0.1707 min
model_saved, images_saved...
Epochs-486 (train) , D(x) : 0.2945, D(G(x)) : 0.3783
Elapsed Time: 0.1719 min
model_saved, images_saved...
Epochs-487 (train) , D(x) : 0.2984, D(G(x)) : 0.3865
Elapsed Time: 0.1753 min
model_saved, images_saved...
Epochs-488 (train) , D(x) : 0.3213, D(G(x)) : 0.3677
Elapsed Time: 0.1783 min
model_saved, images_saved...
Epochs-489 (train) , D(x) : 0.3299, D(G(x)) : 0.348
Elapsed Time: 0.1712 min
model_saved, images_saved...
Epochs-490 (train) , D(x) : 0.3358, D(G(x)) : 0.3509
Elapsed Time: 0.177 min
model_saved, images_saved...
Epochs-491 (train) , D(x) : 0.323, D(G(x)) : 0.3479
Elapsed Time: 0.1715 min
model_saved, images_saved...
Epochs-492 (train) , D(x) : 0.3208, D(G(x)) : 0.3572
Elapsed Time: 0.1718 min
model_saved, images_saved...
Epochs-493 (train) , D(x) : 0.3263, D(G(x)) : 0.3525
Elapsed Time: 0.1735 min
model_saved, images_saved...
Epochs-494 (train) , D(x) : 0.3176, D(G(x)) : 0.3771
Elapsed Time: 0.1772 min
model_saved, images_saved...
Epochs-495 (train) , D(x) : 0.3128, D(G(x)) : 0.3772
Elapsed Time: 0.1744 min
model_saved, images_saved...
Epochs-496 (train) , D(x) : 0.2967, D(G(x)) : 0.377
Elapsed Time: 0.1734 min
model_saved, images_saved...
Epochs-497 (train) , D(x) : 0.3209, D(G(x)) : 0.3692
Elapsed Time: 0.1759 min
model_saved, images_saved...
Epochs-498 (train) , D(x) : 0.3357, D(G(x)) : 0.3543
Elapsed Time: 0.1765 min
model_saved, images_saved...
Epochs-499 (train) , D(x) : 0.3092, D(G(x)) : 0.367
Elapsed Time: 0.176 min
model_saved, images_saved...
