****************hyper-parameters****************
epochs = 500
batch_size = 100
soft_labels = False
adv_weight = 0
d_thresh = 0.8
z_dim = 200
z_dis = norm
model_images_save_step = 1
data = chair/
device = cuda:0
g_lr = 0.0025
d_lr = 1e-05
cube_len = 32
leak_value = 0.2
bias = False
****************hyper-parameters****************
../outputs_tanh/dcgan
../volumetric_data/chair/30/train/
data_size = 10668
Epochs-0 (train) , D(x) : 1.02, D(G(x)) : 0.009627
Elapsed Time: 0.1932 min
model_saved, images_saved...
Epochs-1 (train) , D(x) : 0.9779, D(G(x)) : 0.0009647
Elapsed Time: 0.1774 min
model_saved, images_saved...
Epochs-2 (train) , D(x) : 0.9146, D(G(x)) : 0.04269
Elapsed Time: 0.1757 min
model_saved, images_saved...
Epochs-3 (train) , D(x) : 0.7968, D(G(x)) : 0.07867
Elapsed Time: 0.1753 min
model_saved, images_saved...
Epochs-4 (train) , D(x) : 0.6377, D(G(x)) : 0.1832
Elapsed Time: 0.1752 min
model_saved, images_saved...
Epochs-5 (train) , D(x) : 0.5656, D(G(x)) : 0.2326
Elapsed Time: 0.1757 min
model_saved, images_saved...
Epochs-6 (train) , D(x) : 0.5225, D(G(x)) : 0.2669
Elapsed Time: 0.1754 min
model_saved, images_saved...
Epochs-7 (train) , D(x) : 0.5454, D(G(x)) : 0.2296
Elapsed Time: 0.1744 min
model_saved, images_saved...
Epochs-8 (train) , D(x) : 0.5421, D(G(x)) : 0.2299
Elapsed Time: 0.175 min
model_saved, images_saved...
Epochs-9 (train) , D(x) : 0.5282, D(G(x)) : 0.239
Elapsed Time: 0.1762 min
model_saved, images_saved...
Epochs-10 (train) , D(x) : 0.5218, D(G(x)) : 0.2441
Elapsed Time: 0.1752 min
model_saved, images_saved...
Epochs-11 (train) , D(x) : 0.5169, D(G(x)) : 0.246
Elapsed Time: 0.175 min
model_saved, images_saved...
Epochs-12 (train) , D(x) : 0.5099, D(G(x)) : 0.2546
Elapsed Time: 0.1745 min
model_saved, images_saved...
Epochs-13 (train) , D(x) : 0.5053, D(G(x)) : 0.2584
Elapsed Time: 0.1753 min
model_saved, images_saved...
Epochs-14 (train) , D(x) : 0.5072, D(G(x)) : 0.2524
Elapsed Time: 0.1746 min
model_saved, images_saved...
Epochs-15 (train) , D(x) : 0.5102, D(G(x)) : 0.2489
Elapsed Time: 0.1752 min
model_saved, images_saved...
Epochs-16 (train) , D(x) : 0.5094, D(G(x)) : 0.2477
Elapsed Time: 0.1751 min
model_saved, images_saved...
Epochs-17 (train) , D(x) : 0.5086, D(G(x)) : 0.2496
Elapsed Time: 0.1746 min
model_saved, images_saved...
Epochs-18 (train) , D(x) : 0.5064, D(G(x)) : 0.2501
Elapsed Time: 0.1748 min
model_saved, images_saved...
Epochs-19 (train) , D(x) : 0.5048, D(G(x)) : 0.2526
Elapsed Time: 0.1752 min
model_saved, images_saved...
Epochs-20 (train) , D(x) : 0.5026, D(G(x)) : 0.2535
Elapsed Time: 0.1758 min
model_saved, images_saved...
Epochs-21 (train) , D(x) : 0.5017, D(G(x)) : 0.2539
Elapsed Time: 0.1754 min
model_saved, images_saved...
Epochs-22 (train) , D(x) : 0.5002, D(G(x)) : 0.2565
Elapsed Time: 0.1753 min
model_saved, images_saved...
Epochs-23 (train) , D(x) : 0.5003, D(G(x)) : 0.257
Elapsed Time: 0.1745 min
model_saved, images_saved...
Epochs-24 (train) , D(x) : 0.4985, D(G(x)) : 0.2569
Elapsed Time: 0.1747 min
model_saved, images_saved...
Epochs-25 (train) , D(x) : 0.4983, D(G(x)) : 0.2584
Elapsed Time: 0.1746 min
model_saved, images_saved...
Epochs-26 (train) , D(x) : 0.4995, D(G(x)) : 0.255
Elapsed Time: 0.1749 min
model_saved, images_saved...
Epochs-27 (train) , D(x) : 0.4982, D(G(x)) : 0.2576
Elapsed Time: 0.1745 min
model_saved, images_saved...
Epochs-28 (train) , D(x) : 0.495, D(G(x)) : 0.2594
Elapsed Time: 0.1747 min
model_saved, images_saved...
Epochs-29 (train) , D(x) : 0.4953, D(G(x)) : 0.2611
Elapsed Time: 0.1744 min
model_saved, images_saved...
Epochs-30 (train) , D(x) : 0.49, D(G(x)) : 0.2677
Elapsed Time: 0.1731 min
model_saved, images_saved...
Epochs-31 (train) , D(x) : 0.487, D(G(x)) : 0.2688
Elapsed Time: 0.1729 min
model_saved, images_saved...
Epochs-32 (train) , D(x) : 0.4866, D(G(x)) : 0.2737
Elapsed Time: 0.1721 min
model_saved, images_saved...
Epochs-33 (train) , D(x) : 0.4889, D(G(x)) : 0.2724
Elapsed Time: 0.1726 min
model_saved, images_saved...
Epochs-34 (train) , D(x) : 0.4799, D(G(x)) : 0.2826
Elapsed Time: 0.1677 min
model_saved, images_saved...
Epochs-35 (train) , D(x) : 0.4727, D(G(x)) : 0.2976
Elapsed Time: 0.1691 min
model_saved, images_saved...
Epochs-36 (train) , D(x) : 0.4641, D(G(x)) : 0.3155
Elapsed Time: 0.1628 min
model_saved, images_saved...
Epochs-37 (train) , D(x) : 0.4458, D(G(x)) : 0.3299
Elapsed Time: 0.1519 min
model_saved, images_saved...
Epochs-38 (train) , D(x) : 0.4557, D(G(x)) : 0.3384
Elapsed Time: 0.1651 min
model_saved, images_saved...
Epochs-39 (train) , D(x) : 0.4439, D(G(x)) : 0.352
Elapsed Time: 0.159 min
model_saved, images_saved...
Epochs-40 (train) , D(x) : 0.4229, D(G(x)) : 0.355
Elapsed Time: 0.1423 min
model_saved, images_saved...
Epochs-41 (train) , D(x) : 0.4229, D(G(x)) : 0.3754
Elapsed Time: 0.1518 min
model_saved, images_saved...
Epochs-42 (train) , D(x) : 0.4143, D(G(x)) : 0.3789
Elapsed Time: 0.1443 min
model_saved, images_saved...
Epochs-43 (train) , D(x) : 0.4175, D(G(x)) : 0.4038
Elapsed Time: 0.1539 min
model_saved, images_saved...
Epochs-44 (train) , D(x) : 0.3969, D(G(x)) : 0.4049
Elapsed Time: 0.1426 min
model_saved, images_saved...
Epochs-45 (train) , D(x) : 0.3993, D(G(x)) : 0.403
Elapsed Time: 0.1451 min
model_saved, images_saved...
Epochs-46 (train) , D(x) : 0.3831, D(G(x)) : 0.4242
Elapsed Time: 0.1432 min
model_saved, images_saved...
Epochs-47 (train) , D(x) : 0.4067, D(G(x)) : 0.4035
Elapsed Time: 0.1482 min
model_saved, images_saved...
Epochs-48 (train) , D(x) : 0.3973, D(G(x)) : 0.4054
Elapsed Time: 0.1475 min
model_saved, images_saved...
Epochs-49 (train) , D(x) : 0.4026, D(G(x)) : 0.4098
Elapsed Time: 0.1502 min
model_saved, images_saved...
Epochs-50 (train) , D(x) : 0.398, D(G(x)) : 0.4112
Elapsed Time: 0.1492 min
model_saved, images_saved...
Epochs-51 (train) , D(x) : 0.4142, D(G(x)) : 0.3945
Elapsed Time: 0.1493 min
model_saved, images_saved...
Epochs-52 (train) , D(x) : 0.4012, D(G(x)) : 0.3959
Elapsed Time: 0.1512 min
model_saved, images_saved...
Epochs-53 (train) , D(x) : 0.3982, D(G(x)) : 0.4145
Elapsed Time: 0.1495 min
model_saved, images_saved...
Epochs-54 (train) , D(x) : 0.3717, D(G(x)) : 0.4039
Elapsed Time: 0.1292 min
model_saved, images_saved...
Epochs-55 (train) , D(x) : 0.3853, D(G(x)) : 0.4165
Elapsed Time: 0.1426 min
model_saved, images_saved...
Epochs-56 (train) , D(x) : 0.3714, D(G(x)) : 0.4337
Elapsed Time: 0.1401 min
model_saved, images_saved...
Epochs-57 (train) , D(x) : 0.3719, D(G(x)) : 0.4091
Elapsed Time: 0.1367 min
model_saved, images_saved...
Epochs-58 (train) , D(x) : 0.3838, D(G(x)) : 0.4198
Elapsed Time: 0.1424 min
model_saved, images_saved...
Epochs-59 (train) , D(x) : 0.3763, D(G(x)) : 0.4038
Elapsed Time: 0.1357 min
model_saved, images_saved...
Epochs-60 (train) , D(x) : 0.388, D(G(x)) : 0.4023
Elapsed Time: 0.1425 min
model_saved, images_saved...
Epochs-61 (train) , D(x) : 0.3982, D(G(x)) : 0.4061
Elapsed Time: 0.1519 min
model_saved, images_saved...
Epochs-62 (train) , D(x) : 0.3891, D(G(x)) : 0.4083
Elapsed Time: 0.1495 min
model_saved, images_saved...
Epochs-63 (train) , D(x) : 0.393, D(G(x)) : 0.3911
Elapsed Time: 0.1442 min
model_saved, images_saved...
Epochs-64 (train) , D(x) : 0.3865, D(G(x)) : 0.4056
Elapsed Time: 0.1482 min
model_saved, images_saved...
Epochs-65 (train) , D(x) : 0.3844, D(G(x)) : 0.406
Elapsed Time: 0.1413 min
model_saved, images_saved...
Epochs-66 (train) , D(x) : 0.3843, D(G(x)) : 0.4051
Elapsed Time: 0.1464 min
model_saved, images_saved...
Epochs-67 (train) , D(x) : 0.3822, D(G(x)) : 0.4121
Elapsed Time: 0.1438 min
model_saved, images_saved...
Epochs-68 (train) , D(x) : 0.3686, D(G(x)) : 0.4279
Elapsed Time: 0.1387 min
model_saved, images_saved...
Epochs-69 (train) , D(x) : 0.3575, D(G(x)) : 0.4369
Elapsed Time: 0.1338 min
model_saved, images_saved...
Epochs-70 (train) , D(x) : 0.3639, D(G(x)) : 0.4478
Elapsed Time: 0.1393 min
model_saved, images_saved...
Epochs-71 (train) , D(x) : 0.3532, D(G(x)) : 0.4245
Elapsed Time: 0.1352 min
model_saved, images_saved...
Epochs-72 (train) , D(x) : 0.3711, D(G(x)) : 0.4062
Elapsed Time: 0.1366 min
model_saved, images_saved...
Epochs-73 (train) , D(x) : 0.3765, D(G(x)) : 0.4113
Elapsed Time: 0.1385 min
model_saved, images_saved...
Epochs-74 (train) , D(x) : 0.3693, D(G(x)) : 0.4143
Elapsed Time: 0.1379 min
model_saved, images_saved...
Epochs-75 (train) , D(x) : 0.3665, D(G(x)) : 0.3968
Elapsed Time: 0.1326 min
model_saved, images_saved...
Epochs-76 (train) , D(x) : 0.3841, D(G(x)) : 0.3896
Elapsed Time: 0.1374 min
model_saved, images_saved...
Epochs-77 (train) , D(x) : 0.3702, D(G(x)) : 0.4001
Elapsed Time: 0.1384 min
model_saved, images_saved...
Epochs-78 (train) , D(x) : 0.3729, D(G(x)) : 0.4062
Elapsed Time: 0.1362 min
model_saved, images_saved...
Epochs-79 (train) , D(x) : 0.3744, D(G(x)) : 0.3846
Elapsed Time: 0.1337 min
model_saved, images_saved...
Epochs-80 (train) , D(x) : 0.364, D(G(x)) : 0.4067
Elapsed Time: 0.1346 min
model_saved, images_saved...
Epochs-81 (train) , D(x) : 0.3522, D(G(x)) : 0.4235
Elapsed Time: 0.1356 min
model_saved, images_saved...
Epochs-82 (train) , D(x) : 0.3492, D(G(x)) : 0.4198
Elapsed Time: 0.133 min
model_saved, images_saved...
Epochs-83 (train) , D(x) : 0.3471, D(G(x)) : 0.426
Elapsed Time: 0.1277 min
model_saved, images_saved...
Epochs-84 (train) , D(x) : 0.3454, D(G(x)) : 0.4
Elapsed Time: 0.1268 min
model_saved, images_saved...
Epochs-85 (train) , D(x) : 0.3552, D(G(x)) : 0.4333
Elapsed Time: 0.1329 min
model_saved, images_saved...
Epochs-86 (train) , D(x) : 0.3586, D(G(x)) : 0.4317
Elapsed Time: 0.1347 min
model_saved, images_saved...
Epochs-87 (train) , D(x) : 0.3552, D(G(x)) : 0.4242
Elapsed Time: 0.1288 min
model_saved, images_saved...
Epochs-88 (train) , D(x) : 0.367, D(G(x)) : 0.3819
Elapsed Time: 0.1296 min
model_saved, images_saved...
Epochs-89 (train) , D(x) : 0.3486, D(G(x)) : 0.4063
Elapsed Time: 0.1275 min
model_saved, images_saved...
Epochs-90 (train) , D(x) : 0.374, D(G(x)) : 0.3954
Elapsed Time: 0.1332 min
model_saved, images_saved...
Epochs-91 (train) , D(x) : 0.3705, D(G(x)) : 0.3977
Elapsed Time: 0.134 min
model_saved, images_saved...
Epochs-92 (train) , D(x) : 0.3558, D(G(x)) : 0.4193
Elapsed Time: 0.1308 min
model_saved, images_saved...
Epochs-93 (train) , D(x) : 0.3411, D(G(x)) : 0.423
Elapsed Time: 0.1287 min
model_saved, images_saved...
Epochs-94 (train) , D(x) : 0.3339, D(G(x)) : 0.4302
Elapsed Time: 0.1293 min
model_saved, images_saved...
Epochs-95 (train) , D(x) : 0.3375, D(G(x)) : 0.4286
Elapsed Time: 0.1283 min
model_saved, images_saved...
Epochs-96 (train) , D(x) : 0.3372, D(G(x)) : 0.4289
Elapsed Time: 0.1265 min
model_saved, images_saved...
Epochs-97 (train) , D(x) : 0.3307, D(G(x)) : 0.4247
Elapsed Time: 0.1268 min
model_saved, images_saved...
Epochs-98 (train) , D(x) : 0.3454, D(G(x)) : 0.43
Elapsed Time: 0.1305 min
model_saved, images_saved...
Epochs-99 (train) , D(x) : 0.3613, D(G(x)) : 0.4018
Elapsed Time: 0.1324 min
model_saved, images_saved...
Epochs-100 (train) , D(x) : 0.359, D(G(x)) : 0.3884
Elapsed Time: 0.1272 min
model_saved, images_saved...
Epochs-101 (train) , D(x) : 0.3516, D(G(x)) : 0.4128
Elapsed Time: 0.1305 min
model_saved, images_saved...
Epochs-102 (train) , D(x) : 0.3415, D(G(x)) : 0.41
Elapsed Time: 0.1256 min
model_saved, images_saved...
Epochs-103 (train) , D(x) : 0.3513, D(G(x)) : 0.4088
Elapsed Time: 0.127 min
model_saved, images_saved...
Epochs-104 (train) , D(x) : 0.3282, D(G(x)) : 0.4155
Elapsed Time: 0.1269 min
model_saved, images_saved...
Epochs-105 (train) , D(x) : 0.3531, D(G(x)) : 0.3946
Elapsed Time: 0.1264 min
model_saved, images_saved...
Epochs-106 (train) , D(x) : 0.3426, D(G(x)) : 0.3954
Elapsed Time: 0.127 min
model_saved, images_saved...
Epochs-107 (train) , D(x) : 0.3421, D(G(x)) : 0.4204
Elapsed Time: 0.1252 min
model_saved, images_saved...
Epochs-108 (train) , D(x) : 0.3557, D(G(x)) : 0.4158
Elapsed Time: 0.1291 min
model_saved, images_saved...
Epochs-109 (train) , D(x) : 0.3443, D(G(x)) : 0.4257
Elapsed Time: 0.1269 min
model_saved, images_saved...
Epochs-110 (train) , D(x) : 0.3465, D(G(x)) : 0.3979
Elapsed Time: 0.1232 min
model_saved, images_saved...
Epochs-111 (train) , D(x) : 0.3586, D(G(x)) : 0.3995
Elapsed Time: 0.1317 min
model_saved, images_saved...
Epochs-112 (train) , D(x) : 0.3617, D(G(x)) : 0.4081
Elapsed Time: 0.1304 min
model_saved, images_saved...
Epochs-113 (train) , D(x) : 0.3537, D(G(x)) : 0.4107
Elapsed Time: 0.1267 min
model_saved, images_saved...
Epochs-114 (train) , D(x) : 0.3226, D(G(x)) : 0.4479
Elapsed Time: 0.1264 min
model_saved, images_saved...
Epochs-115 (train) , D(x) : 0.3185, D(G(x)) : 0.4388
Elapsed Time: 0.1251 min
model_saved, images_saved...
Epochs-116 (train) , D(x) : 0.3306, D(G(x)) : 0.4019
Elapsed Time: 0.1221 min
model_saved, images_saved...
Epochs-117 (train) , D(x) : 0.3338, D(G(x)) : 0.4262
Elapsed Time: 0.1237 min
model_saved, images_saved...
Epochs-118 (train) , D(x) : 0.3533, D(G(x)) : 0.3903
Elapsed Time: 0.1259 min
model_saved, images_saved...
Epochs-119 (train) , D(x) : 0.3503, D(G(x)) : 0.3909
Elapsed Time: 0.124 min
model_saved, images_saved...
Epochs-120 (train) , D(x) : 0.3521, D(G(x)) : 0.3877
Elapsed Time: 0.1235 min
model_saved, images_saved...
Epochs-121 (train) , D(x) : 0.3438, D(G(x)) : 0.3966
Elapsed Time: 0.1242 min
model_saved, images_saved...
Epochs-122 (train) , D(x) : 0.3343, D(G(x)) : 0.4299
Elapsed Time: 0.1291 min
model_saved, images_saved...
Epochs-123 (train) , D(x) : 0.3405, D(G(x)) : 0.4069
Elapsed Time: 0.1251 min
model_saved, images_saved...
Epochs-124 (train) , D(x) : 0.36, D(G(x)) : 0.376
Elapsed Time: 0.1237 min
model_saved, images_saved...
Epochs-125 (train) , D(x) : 0.3442, D(G(x)) : 0.4107
Elapsed Time: 0.1262 min
model_saved, images_saved...
Epochs-126 (train) , D(x) : 0.3338, D(G(x)) : 0.4103
Elapsed Time: 0.1245 min
model_saved, images_saved...
Epochs-127 (train) , D(x) : 0.3352, D(G(x)) : 0.4016
Elapsed Time: 0.1258 min
model_saved, images_saved...
Epochs-128 (train) , D(x) : 0.3494, D(G(x)) : 0.3782
Elapsed Time: 0.1216 min
model_saved, images_saved...
Epochs-129 (train) , D(x) : 0.3471, D(G(x)) : 0.391
Elapsed Time: 0.1226 min
model_saved, images_saved...
Epochs-130 (train) , D(x) : 0.3432, D(G(x)) : 0.4109
Elapsed Time: 0.1252 min
model_saved, images_saved...
Epochs-131 (train) , D(x) : 0.3408, D(G(x)) : 0.4143
Elapsed Time: 0.1278 min
model_saved, images_saved...
Epochs-132 (train) , D(x) : 0.3405, D(G(x)) : 0.4048
Elapsed Time: 0.1244 min
model_saved, images_saved...
Epochs-133 (train) , D(x) : 0.3386, D(G(x)) : 0.399
Elapsed Time: 0.1244 min
model_saved, images_saved...
Epochs-134 (train) , D(x) : 0.3419, D(G(x)) : 0.4049
Elapsed Time: 0.124 min
model_saved, images_saved...
Epochs-135 (train) , D(x) : 0.3323, D(G(x)) : 0.4178
Elapsed Time: 0.1241 min
model_saved, images_saved...
Epochs-136 (train) , D(x) : 0.3468, D(G(x)) : 0.398
Elapsed Time: 0.123 min
model_saved, images_saved...
Epochs-137 (train) , D(x) : 0.3366, D(G(x)) : 0.4283
Elapsed Time: 0.1302 min
model_saved, images_saved...
Epochs-138 (train) , D(x) : 0.3552, D(G(x)) : 0.4054
Elapsed Time: 0.1279 min
model_saved, images_saved...
Epochs-139 (train) , D(x) : 0.3454, D(G(x)) : 0.4097
Elapsed Time: 0.1248 min
model_saved, images_saved...
Epochs-140 (train) , D(x) : 0.3368, D(G(x)) : 0.414
Elapsed Time: 0.1247 min
model_saved, images_saved...
Epochs-141 (train) , D(x) : 0.3317, D(G(x)) : 0.4315
Elapsed Time: 0.1257 min
model_saved, images_saved...
Epochs-142 (train) , D(x) : 0.3333, D(G(x)) : 0.4316
Elapsed Time: 0.1238 min
model_saved, images_saved...
Epochs-143 (train) , D(x) : 0.3348, D(G(x)) : 0.4259
Elapsed Time: 0.1259 min
model_saved, images_saved...
Epochs-144 (train) , D(x) : 0.3102, D(G(x)) : 0.422
Elapsed Time: 0.1238 min
model_saved, images_saved...
Epochs-145 (train) , D(x) : 0.2979, D(G(x)) : 0.4562
Elapsed Time: 0.1215 min
model_saved, images_saved...
Epochs-146 (train) , D(x) : 0.3059, D(G(x)) : 0.4223
Elapsed Time: 0.1205 min
model_saved, images_saved...
Epochs-147 (train) , D(x) : 0.3126, D(G(x)) : 0.4301
Elapsed Time: 0.123 min
model_saved, images_saved...
Epochs-148 (train) , D(x) : 0.2909, D(G(x)) : 0.4887
Elapsed Time: 0.1213 min
model_saved, images_saved...
Epochs-149 (train) , D(x) : 0.3193, D(G(x)) : 0.4148
Elapsed Time: 0.1226 min
model_saved, images_saved...
Epochs-150 (train) , D(x) : 0.3184, D(G(x)) : 0.4191
Elapsed Time: 0.1217 min
model_saved, images_saved...
Epochs-151 (train) , D(x) : 0.3296, D(G(x)) : 0.399
Elapsed Time: 0.1215 min
model_saved, images_saved...
Epochs-152 (train) , D(x) : 0.3198, D(G(x)) : 0.4437
Elapsed Time: 0.1213 min
model_saved, images_saved...
Epochs-153 (train) , D(x) : 0.3373, D(G(x)) : 0.413
Elapsed Time: 0.1211 min
model_saved, images_saved...
Epochs-154 (train) , D(x) : 0.3336, D(G(x)) : 0.4204
Elapsed Time: 0.1249 min
model_saved, images_saved...
Epochs-155 (train) , D(x) : 0.3364, D(G(x)) : 0.3938
Elapsed Time: 0.1208 min
model_saved, images_saved...
Epochs-156 (train) , D(x) : 0.3375, D(G(x)) : 0.3993
Elapsed Time: 0.1223 min
model_saved, images_saved...
Epochs-157 (train) , D(x) : 0.3202, D(G(x)) : 0.3872
Elapsed Time: 0.1202 min
model_saved, images_saved...
Epochs-158 (train) , D(x) : 0.2989, D(G(x)) : 0.4736
Elapsed Time: 0.1208 min
model_saved, images_saved...
Epochs-159 (train) , D(x) : 0.3149, D(G(x)) : 0.4362
Elapsed Time: 0.1217 min
model_saved, images_saved...
Epochs-160 (train) , D(x) : 0.2965, D(G(x)) : 0.4577
Elapsed Time: 0.1217 min
model_saved, images_saved...
Epochs-161 (train) , D(x) : 0.3078, D(G(x)) : 0.434
Elapsed Time: 0.1204 min
model_saved, images_saved...
Epochs-162 (train) , D(x) : 0.3214, D(G(x)) : 0.4101
Elapsed Time: 0.1194 min
model_saved, images_saved...
Epochs-163 (train) , D(x) : 0.3129, D(G(x)) : 0.4386
Elapsed Time: 0.1221 min
model_saved, images_saved...
Epochs-164 (train) , D(x) : 0.3045, D(G(x)) : 0.4563
Elapsed Time: 0.1213 min
model_saved, images_saved...
Epochs-165 (train) , D(x) : 0.3168, D(G(x)) : 0.4378
Elapsed Time: 0.1224 min
model_saved, images_saved...
Epochs-166 (train) , D(x) : 0.3176, D(G(x)) : 0.4182
Elapsed Time: 0.1231 min
model_saved, images_saved...
Epochs-167 (train) , D(x) : 0.3157, D(G(x)) : 0.4369
Elapsed Time: 0.1225 min
model_saved, images_saved...
Epochs-168 (train) , D(x) : 0.3178, D(G(x)) : 0.4172
Elapsed Time: 0.1219 min
model_saved, images_saved...
Epochs-169 (train) , D(x) : 0.3238, D(G(x)) : 0.4184
Elapsed Time: 0.1235 min
model_saved, images_saved...
Epochs-170 (train) , D(x) : 0.3217, D(G(x)) : 0.4399
Elapsed Time: 0.1223 min
model_saved, images_saved...
Epochs-171 (train) , D(x) : 0.3122, D(G(x)) : 0.4405
Elapsed Time: 0.1207 min
model_saved, images_saved...
Epochs-172 (train) , D(x) : 0.334, D(G(x)) : 0.4268
Elapsed Time: 0.1235 min
model_saved, images_saved...
Epochs-173 (train) , D(x) : 0.3177, D(G(x)) : 0.4403
Elapsed Time: 0.1237 min
model_saved, images_saved...
Epochs-174 (train) , D(x) : 0.3131, D(G(x)) : 0.4362
Elapsed Time: 0.1228 min
model_saved, images_saved...
Epochs-175 (train) , D(x) : 0.3325, D(G(x)) : 0.4029
Elapsed Time: 0.12 min
model_saved, images_saved...
Epochs-176 (train) , D(x) : 0.3323, D(G(x)) : 0.4107
Elapsed Time: 0.1208 min
model_saved, images_saved...
Epochs-177 (train) , D(x) : 0.3201, D(G(x)) : 0.4099
Elapsed Time: 0.1203 min
model_saved, images_saved...
Epochs-178 (train) , D(x) : 0.3055, D(G(x)) : 0.4584
Elapsed Time: 0.1202 min
model_saved, images_saved...
Epochs-179 (train) , D(x) : 0.3152, D(G(x)) : 0.4345
Elapsed Time: 0.1226 min
model_saved, images_saved...
Epochs-180 (train) , D(x) : 0.3185, D(G(x)) : 0.4305
Elapsed Time: 0.125 min
model_saved, images_saved...
Epochs-181 (train) , D(x) : 0.3077, D(G(x)) : 0.4396
Elapsed Time: 0.1204 min
model_saved, images_saved...
Epochs-182 (train) , D(x) : 0.2971, D(G(x)) : 0.4645
Elapsed Time: 0.1203 min
model_saved, images_saved...
Epochs-183 (train) , D(x) : 0.3083, D(G(x)) : 0.4252
Elapsed Time: 0.1235 min
model_saved, images_saved...
Epochs-184 (train) , D(x) : 0.321, D(G(x)) : 0.4312
Elapsed Time: 0.1197 min
model_saved, images_saved...
Epochs-185 (train) , D(x) : 0.3273, D(G(x)) : 0.4075
Elapsed Time: 0.1214 min
model_saved, images_saved...
Epochs-186 (train) , D(x) : 0.3064, D(G(x)) : 0.4336
Elapsed Time: 0.1207 min
model_saved, images_saved...
Epochs-187 (train) , D(x) : 0.3234, D(G(x)) : 0.4055
Elapsed Time: 0.1213 min
model_saved, images_saved...
Epochs-188 (train) , D(x) : 0.331, D(G(x)) : 0.4068
Elapsed Time: 0.1215 min
model_saved, images_saved...
Epochs-189 (train) , D(x) : 0.3262, D(G(x)) : 0.4083
Elapsed Time: 0.1217 min
model_saved, images_saved...
Epochs-190 (train) , D(x) : 0.3137, D(G(x)) : 0.4388
Elapsed Time: 0.1211 min
model_saved, images_saved...
Epochs-191 (train) , D(x) : 0.3169, D(G(x)) : 0.4345
Elapsed Time: 0.1203 min
model_saved, images_saved...
Epochs-192 (train) , D(x) : 0.2992, D(G(x)) : 0.4641
Elapsed Time: 0.1215 min
model_saved, images_saved...
Epochs-193 (train) , D(x) : 0.3101, D(G(x)) : 0.4384
Elapsed Time: 0.1212 min
model_saved, images_saved...
Epochs-194 (train) , D(x) : 0.3194, D(G(x)) : 0.4377
Elapsed Time: 0.1212 min
model_saved, images_saved...
Epochs-195 (train) , D(x) : 0.3343, D(G(x)) : 0.4109
Elapsed Time: 0.1222 min
model_saved, images_saved...
Epochs-196 (train) , D(x) : 0.2964, D(G(x)) : 0.4529
Elapsed Time: 0.1237 min
model_saved, images_saved...
Epochs-197 (train) , D(x) : 0.3125, D(G(x)) : 0.4486
Elapsed Time: 0.1215 min
model_saved, images_saved...
Epochs-198 (train) , D(x) : 0.3033, D(G(x)) : 0.4347
Elapsed Time: 0.1206 min
model_saved, images_saved...
Epochs-199 (train) , D(x) : 0.2984, D(G(x)) : 0.4352
Elapsed Time: 0.1189 min
model_saved, images_saved...
Epochs-200 (train) , D(x) : 0.3089, D(G(x)) : 0.4411
Elapsed Time: 0.1198 min
model_saved, images_saved...
Epochs-201 (train) , D(x) : 0.3098, D(G(x)) : 0.4355
Elapsed Time: 0.1215 min
model_saved, images_saved...
Epochs-202 (train) , D(x) : 0.3217, D(G(x)) : 0.432
Elapsed Time: 0.1206 min
model_saved, images_saved...
Epochs-203 (train) , D(x) : 0.3336, D(G(x)) : 0.4304
Elapsed Time: 0.1246 min
model_saved, images_saved...
Epochs-204 (train) , D(x) : 0.3004, D(G(x)) : 0.4321
Elapsed Time: 0.1202 min
model_saved, images_saved...
Epochs-205 (train) , D(x) : 0.3125, D(G(x)) : 0.4711
Elapsed Time: 0.118 min
model_saved, images_saved...
Epochs-206 (train) , D(x) : 0.3109, D(G(x)) : 0.4184
Elapsed Time: 0.1193 min
model_saved, images_saved...
Epochs-207 (train) , D(x) : 0.3159, D(G(x)) : 0.4118
Elapsed Time: 0.12 min
model_saved, images_saved...
Epochs-208 (train) , D(x) : 0.2985, D(G(x)) : 0.4827
Elapsed Time: 0.1201 min
model_saved, images_saved...
Epochs-209 (train) , D(x) : 0.3204, D(G(x)) : 0.4589
Elapsed Time: 0.1248 min
model_saved, images_saved...
Epochs-210 (train) , D(x) : 0.3135, D(G(x)) : 0.4811
Elapsed Time: 0.1219 min
model_saved, images_saved...
Epochs-211 (train) , D(x) : 0.3099, D(G(x)) : 0.4503
Elapsed Time: 0.121 min
model_saved, images_saved...
Epochs-212 (train) , D(x) : 0.3068, D(G(x)) : 0.4214
Elapsed Time: 0.1205 min
model_saved, images_saved...
Epochs-213 (train) , D(x) : 0.3049, D(G(x)) : 0.4407
Elapsed Time: 0.1201 min
model_saved, images_saved...
Epochs-214 (train) , D(x) : 0.308, D(G(x)) : 0.4463
Elapsed Time: 0.1232 min
model_saved, images_saved...
Epochs-215 (train) , D(x) : 0.3128, D(G(x)) : 0.4453
Elapsed Time: 0.1208 min
model_saved, images_saved...
Epochs-216 (train) , D(x) : 0.3219, D(G(x)) : 0.4258
Elapsed Time: 0.1194 min
model_saved, images_saved...
Epochs-217 (train) , D(x) : 0.3051, D(G(x)) : 0.4385
Elapsed Time: 0.1217 min
model_saved, images_saved...
Epochs-218 (train) , D(x) : 0.3217, D(G(x)) : 0.4105
Elapsed Time: 0.1239 min
model_saved, images_saved...
Epochs-219 (train) , D(x) : 0.3176, D(G(x)) : 0.4232
Elapsed Time: 0.1203 min
model_saved, images_saved...
Epochs-220 (train) , D(x) : 0.3187, D(G(x)) : 0.4344
Elapsed Time: 0.1237 min
model_saved, images_saved...
Epochs-221 (train) , D(x) : 0.3034, D(G(x)) : 0.4595
Elapsed Time: 0.1219 min
model_saved, images_saved...
Epochs-222 (train) , D(x) : 0.2986, D(G(x)) : 0.474
Elapsed Time: 0.1206 min
model_saved, images_saved...
Epochs-223 (train) , D(x) : 0.2884, D(G(x)) : 0.4774
Elapsed Time: 0.1212 min
model_saved, images_saved...
Epochs-224 (train) , D(x) : 0.2775, D(G(x)) : 0.5108
Elapsed Time: 0.1208 min
model_saved, images_saved...
Epochs-225 (train) , D(x) : 0.3048, D(G(x)) : 0.4664
Elapsed Time: 0.121 min
model_saved, images_saved...
Epochs-226 (train) , D(x) : 0.3064, D(G(x)) : 0.4617
Elapsed Time: 0.1235 min
model_saved, images_saved...
Epochs-227 (train) , D(x) : 0.3278, D(G(x)) : 0.3925
Elapsed Time: 0.1202 min
model_saved, images_saved...
Epochs-228 (train) , D(x) : 0.3215, D(G(x)) : 0.3935
Elapsed Time: 0.1191 min
model_saved, images_saved...
Epochs-229 (train) , D(x) : 0.322, D(G(x)) : 0.4062
Elapsed Time: 0.1199 min
model_saved, images_saved...
Epochs-230 (train) , D(x) : 0.3196, D(G(x)) : 0.4061
Elapsed Time: 0.1205 min
model_saved, images_saved...
Epochs-231 (train) , D(x) : 0.3184, D(G(x)) : 0.3876
Elapsed Time: 0.1208 min
model_saved, images_saved...
Epochs-232 (train) , D(x) : 0.3241, D(G(x)) : 0.4267
Elapsed Time: 0.1234 min
model_saved, images_saved...
Epochs-233 (train) , D(x) : 0.3459, D(G(x)) : 0.3913
Elapsed Time: 0.1219 min
model_saved, images_saved...
Epochs-234 (train) , D(x) : 0.3246, D(G(x)) : 0.4396
Elapsed Time: 0.1216 min
model_saved, images_saved...
Epochs-235 (train) , D(x) : 0.32, D(G(x)) : 0.4044
Elapsed Time: 0.1209 min
model_saved, images_saved...
Epochs-236 (train) , D(x) : 0.3118, D(G(x)) : 0.4478
Elapsed Time: 0.1205 min
model_saved, images_saved...
Epochs-237 (train) , D(x) : 0.3143, D(G(x)) : 0.4258
Elapsed Time: 0.1207 min
model_saved, images_saved...
Epochs-238 (train) , D(x) : 0.3131, D(G(x)) : 0.412
Elapsed Time: 0.1199 min
model_saved, images_saved...
Epochs-239 (train) , D(x) : 0.3047, D(G(x)) : 0.4218
Elapsed Time: 0.119 min
model_saved, images_saved...
Epochs-240 (train) , D(x) : 0.312, D(G(x)) : 0.4136
Elapsed Time: 0.1187 min
model_saved, images_saved...
Epochs-241 (train) , D(x) : 0.2965, D(G(x)) : 0.4216
Elapsed Time: 0.1199 min
model_saved, images_saved...
Epochs-242 (train) , D(x) : 0.3227, D(G(x)) : 0.4052
Elapsed Time: 0.1219 min
model_saved, images_saved...
Epochs-243 (train) , D(x) : 0.329, D(G(x)) : 0.418
Elapsed Time: 0.1199 min
model_saved, images_saved...
Epochs-244 (train) , D(x) : 0.3172, D(G(x)) : 0.4307
Elapsed Time: 0.1202 min
model_saved, images_saved...
Epochs-245 (train) , D(x) : 0.3401, D(G(x)) : 0.3854
Elapsed Time: 0.1206 min
model_saved, images_saved...
Epochs-246 (train) , D(x) : 0.3279, D(G(x)) : 0.3957
Elapsed Time: 0.1199 min
model_saved, images_saved...
Epochs-247 (train) , D(x) : 0.3217, D(G(x)) : 0.4003
Elapsed Time: 0.1216 min
model_saved, images_saved...
Epochs-248 (train) , D(x) : 0.3238, D(G(x)) : 0.39
Elapsed Time: 0.1216 min
model_saved, images_saved...
Epochs-249 (train) , D(x) : 0.3179, D(G(x)) : 0.395
Elapsed Time: 0.1202 min
model_saved, images_saved...
Epochs-250 (train) , D(x) : 0.3218, D(G(x)) : 0.3926
Elapsed Time: 0.1178 min
model_saved, images_saved...
Epochs-251 (train) , D(x) : 0.3213, D(G(x)) : 0.4085
Elapsed Time: 0.118 min
model_saved, images_saved...
Epochs-252 (train) , D(x) : 0.3181, D(G(x)) : 0.4302
Elapsed Time: 0.1203 min
model_saved, images_saved...
Epochs-253 (train) , D(x) : 0.2865, D(G(x)) : 0.4006
Elapsed Time: 0.1206 min
model_saved, images_saved...
Epochs-254 (train) , D(x) : 0.2998, D(G(x)) : 0.4356
Elapsed Time: 0.1193 min
model_saved, images_saved...
Epochs-255 (train) , D(x) : 0.3163, D(G(x)) : 0.4082
Elapsed Time: 0.119 min
model_saved, images_saved...
Epochs-256 (train) , D(x) : 0.3058, D(G(x)) : 0.4247
Elapsed Time: 0.1191 min
model_saved, images_saved...
Epochs-257 (train) , D(x) : 0.3111, D(G(x)) : 0.4203
Elapsed Time: 0.1188 min
model_saved, images_saved...
Epochs-258 (train) , D(x) : 0.3175, D(G(x)) : 0.4041
Elapsed Time: 0.1215 min
model_saved, images_saved...
Epochs-259 (train) , D(x) : 0.3181, D(G(x)) : 0.4087
Elapsed Time: 0.1232 min
model_saved, images_saved...
Epochs-260 (train) , D(x) : 0.3171, D(G(x)) : 0.4308
Elapsed Time: 0.121 min
model_saved, images_saved...
Epochs-261 (train) , D(x) : 0.3293, D(G(x)) : 0.4267
Elapsed Time: 0.1237 min
model_saved, images_saved...
Epochs-262 (train) , D(x) : 0.3191, D(G(x)) : 0.4514
Elapsed Time: 0.1208 min
model_saved, images_saved...
Epochs-263 (train) , D(x) : 0.3099, D(G(x)) : 0.4531
Elapsed Time: 0.1208 min
model_saved, images_saved...
Epochs-264 (train) , D(x) : 0.3263, D(G(x)) : 0.4252
Elapsed Time: 0.1219 min
model_saved, images_saved...
Epochs-265 (train) , D(x) : 0.3116, D(G(x)) : 0.4392
Elapsed Time: 0.1216 min
model_saved, images_saved...
Epochs-266 (train) , D(x) : 0.3407, D(G(x)) : 0.3988
Elapsed Time: 0.1206 min
model_saved, images_saved...
Epochs-267 (train) , D(x) : 0.2895, D(G(x)) : 0.4598
Elapsed Time: 0.1202 min
model_saved, images_saved...
Epochs-268 (train) , D(x) : 0.3056, D(G(x)) : 0.431
Elapsed Time: 0.1214 min
model_saved, images_saved...
Epochs-269 (train) , D(x) : 0.3141, D(G(x)) : 0.4039
Elapsed Time: 0.1204 min
model_saved, images_saved...
Epochs-270 (train) , D(x) : 0.3158, D(G(x)) : 0.3878
Elapsed Time: 0.1189 min
model_saved, images_saved...
Epochs-271 (train) , D(x) : 0.3087, D(G(x)) : 0.4155
Elapsed Time: 0.119 min
model_saved, images_saved...
Epochs-272 (train) , D(x) : 0.3188, D(G(x)) : 0.4103
Elapsed Time: 0.1193 min
model_saved, images_saved...
Epochs-273 (train) , D(x) : 0.3187, D(G(x)) : 0.3998
Elapsed Time: 0.1205 min
model_saved, images_saved...
Epochs-274 (train) , D(x) : 0.3212, D(G(x)) : 0.406
Elapsed Time: 0.1207 min
model_saved, images_saved...
Epochs-275 (train) , D(x) : 0.3198, D(G(x)) : 0.4069
Elapsed Time: 0.1204 min
model_saved, images_saved...
Epochs-276 (train) , D(x) : 0.3201, D(G(x)) : 0.413
Elapsed Time: 0.1221 min
model_saved, images_saved...
Epochs-277 (train) , D(x) : 0.2913, D(G(x)) : 0.4602
Elapsed Time: 0.1222 min
model_saved, images_saved...
Epochs-278 (train) , D(x) : 0.3148, D(G(x)) : 0.4353
Elapsed Time: 0.12 min
model_saved, images_saved...
Epochs-279 (train) , D(x) : 0.3217, D(G(x)) : 0.4023
Elapsed Time: 0.1197 min
model_saved, images_saved...
Epochs-280 (train) , D(x) : 0.3245, D(G(x)) : 0.4268
Elapsed Time: 0.12 min
model_saved, images_saved...
Epochs-281 (train) , D(x) : 0.3277, D(G(x)) : 0.4255
Elapsed Time: 0.1213 min
model_saved, images_saved...
Epochs-282 (train) , D(x) : 0.3114, D(G(x)) : 0.4187
Elapsed Time: 0.1214 min
model_saved, images_saved...
Epochs-283 (train) , D(x) : 0.3063, D(G(x)) : 0.442
Elapsed Time: 0.1212 min
model_saved, images_saved...
Epochs-284 (train) , D(x) : 0.3315, D(G(x)) : 0.4294
Elapsed Time: 0.1221 min
model_saved, images_saved...
Epochs-285 (train) , D(x) : 0.3223, D(G(x)) : 0.4233
Elapsed Time: 0.1212 min
model_saved, images_saved...
Epochs-286 (train) , D(x) : 0.3206, D(G(x)) : 0.4054
Elapsed Time: 0.122 min
model_saved, images_saved...
Epochs-287 (train) , D(x) : 0.3017, D(G(x)) : 0.4842
Elapsed Time: 0.123 min
model_saved, images_saved...
Epochs-288 (train) , D(x) : 0.305, D(G(x)) : 0.4546
Elapsed Time: 0.1189 min
model_saved, images_saved...
Epochs-289 (train) , D(x) : 0.2799, D(G(x)) : 0.4934
Elapsed Time: 0.1205 min
model_saved, images_saved...
Epochs-290 (train) , D(x) : 0.3071, D(G(x)) : 0.4729
Elapsed Time: 0.1206 min
model_saved, images_saved...
Epochs-291 (train) , D(x) : 0.3009, D(G(x)) : 0.4612
Elapsed Time: 0.1191 min
model_saved, images_saved...
Epochs-292 (train) , D(x) : 0.3, D(G(x)) : 0.4328
Elapsed Time: 0.1206 min
model_saved, images_saved...
Epochs-293 (train) , D(x) : 0.2991, D(G(x)) : 0.417
Elapsed Time: 0.1193 min
model_saved, images_saved...
Epochs-294 (train) , D(x) : 0.301, D(G(x)) : 0.4626
Elapsed Time: 0.1206 min
model_saved, images_saved...
Epochs-295 (train) , D(x) : 0.3174, D(G(x)) : 0.4115
Elapsed Time: 0.1195 min
model_saved, images_saved...
Epochs-296 (train) , D(x) : 0.3242, D(G(x)) : 0.4333
Elapsed Time: 0.1219 min
model_saved, images_saved...
Epochs-297 (train) , D(x) : 0.3069, D(G(x)) : 0.4631
Elapsed Time: 0.125 min
model_saved, images_saved...
Epochs-298 (train) , D(x) : 0.3421, D(G(x)) : 0.3816
Elapsed Time: 0.1218 min
model_saved, images_saved...
Epochs-299 (train) , D(x) : 0.3312, D(G(x)) : 0.3988
Elapsed Time: 0.1214 min
model_saved, images_saved...
Epochs-300 (train) , D(x) : 0.3199, D(G(x)) : 0.3941
Elapsed Time: 0.1195 min
model_saved, images_saved...
Epochs-301 (train) , D(x) : 0.3178, D(G(x)) : 0.4047
Elapsed Time: 0.1197 min
model_saved, images_saved...
Epochs-302 (train) , D(x) : 0.343, D(G(x)) : 0.3926
Elapsed Time: 0.1201 min
model_saved, images_saved...
Epochs-303 (train) , D(x) : 0.3131, D(G(x)) : 0.4334
Elapsed Time: 0.1208 min
model_saved, images_saved...
Epochs-304 (train) , D(x) : 0.3288, D(G(x)) : 0.4177
Elapsed Time: 0.1232 min
model_saved, images_saved...
Epochs-305 (train) , D(x) : 0.3136, D(G(x)) : 0.4396
Elapsed Time: 0.1207 min
model_saved, images_saved...
Epochs-306 (train) , D(x) : 0.3208, D(G(x)) : 0.434
Elapsed Time: 0.1224 min
model_saved, images_saved...
Epochs-307 (train) , D(x) : 0.3211, D(G(x)) : 0.424
Elapsed Time: 0.1217 min
model_saved, images_saved...
Epochs-308 (train) , D(x) : 0.3042, D(G(x)) : 0.4467
Elapsed Time: 0.1211 min
model_saved, images_saved...
Epochs-309 (train) , D(x) : 0.2967, D(G(x)) : 0.4251
Elapsed Time: 0.1193 min
model_saved, images_saved...
Epochs-310 (train) , D(x) : 0.3308, D(G(x)) : 0.4006
Elapsed Time: 0.1191 min
model_saved, images_saved...
Epochs-311 (train) , D(x) : 0.3134, D(G(x)) : 0.4302
Elapsed Time: 0.1218 min
model_saved, images_saved...
Epochs-312 (train) , D(x) : 0.316, D(G(x)) : 0.4093
Elapsed Time: 0.1202 min
model_saved, images_saved...
Epochs-313 (train) , D(x) : 0.3026, D(G(x)) : 0.4306
Elapsed Time: 0.1196 min
model_saved, images_saved...
Epochs-314 (train) , D(x) : 0.3029, D(G(x)) : 0.4177
Elapsed Time: 0.1188 min
model_saved, images_saved...
Epochs-315 (train) , D(x) : 0.2959, D(G(x)) : 0.4642
Elapsed Time: 0.1204 min
model_saved, images_saved...
Epochs-316 (train) , D(x) : 0.3243, D(G(x)) : 0.3945
Elapsed Time: 0.1177 min
model_saved, images_saved...
Epochs-317 (train) , D(x) : 0.3058, D(G(x)) : 0.4397
Elapsed Time: 0.1189 min
model_saved, images_saved...
Epochs-318 (train) , D(x) : 0.3164, D(G(x)) : 0.4308
Elapsed Time: 0.1186 min
model_saved, images_saved...
Epochs-319 (train) , D(x) : 0.3177, D(G(x)) : 0.4525
Elapsed Time: 0.1218 min
model_saved, images_saved...
Epochs-320 (train) , D(x) : 0.3012, D(G(x)) : 0.444
Elapsed Time: 0.1211 min
model_saved, images_saved...
Epochs-321 (train) , D(x) : 0.3184, D(G(x)) : 0.4196
Elapsed Time: 0.1218 min
model_saved, images_saved...
Epochs-322 (train) , D(x) : 0.3281, D(G(x)) : 0.4131
Elapsed Time: 0.1211 min
model_saved, images_saved...
Epochs-323 (train) , D(x) : 0.3077, D(G(x)) : 0.4405
Elapsed Time: 0.1231 min
model_saved, images_saved...
Epochs-324 (train) , D(x) : 0.3096, D(G(x)) : 0.4334
Elapsed Time: 0.1204 min
model_saved, images_saved...
Epochs-325 (train) , D(x) : 0.2742, D(G(x)) : 0.5084
Elapsed Time: 0.1188 min
model_saved, images_saved...
Epochs-326 (train) , D(x) : 0.2889, D(G(x)) : 0.4834
Elapsed Time: 0.1199 min
model_saved, images_saved...
Epochs-327 (train) , D(x) : 0.2941, D(G(x)) : 0.4608
Elapsed Time: 0.1241 min
model_saved, images_saved...
Epochs-328 (train) , D(x) : 0.3223, D(G(x)) : 0.4472
Elapsed Time: 0.1216 min
model_saved, images_saved...
Epochs-329 (train) , D(x) : 0.3013, D(G(x)) : 0.4386
Elapsed Time: 0.1197 min
model_saved, images_saved...
Epochs-330 (train) , D(x) : 0.2853, D(G(x)) : 0.4395
Elapsed Time: 0.1182 min
model_saved, images_saved...
Epochs-331 (train) , D(x) : 0.3041, D(G(x)) : 0.4888
Elapsed Time: 0.1207 min
model_saved, images_saved...
Epochs-332 (train) , D(x) : 0.2904, D(G(x)) : 0.4758
Elapsed Time: 0.1206 min
model_saved, images_saved...
Epochs-333 (train) , D(x) : 0.3062, D(G(x)) : 0.4479
Elapsed Time: 0.1207 min
model_saved, images_saved...
Epochs-334 (train) , D(x) : 0.3007, D(G(x)) : 0.4346
Elapsed Time: 0.1186 min
model_saved, images_saved...
Epochs-335 (train) , D(x) : 0.2784, D(G(x)) : 0.4646
Elapsed Time: 0.1184 min
model_saved, images_saved...
Epochs-336 (train) , D(x) : 0.3266, D(G(x)) : 0.4083
Elapsed Time: 0.1182 min
model_saved, images_saved...
Epochs-337 (train) , D(x) : 0.3028, D(G(x)) : 0.4392
Elapsed Time: 0.1189 min
model_saved, images_saved...
Epochs-338 (train) , D(x) : 0.296, D(G(x)) : 0.4457
Elapsed Time: 0.1184 min
model_saved, images_saved...
Epochs-339 (train) , D(x) : 0.2923, D(G(x)) : 0.4448
Elapsed Time: 0.118 min
model_saved, images_saved...
Epochs-340 (train) , D(x) : 0.2993, D(G(x)) : 0.4317
Elapsed Time: 0.1187 min
model_saved, images_saved...
Epochs-341 (train) , D(x) : 0.301, D(G(x)) : 0.4727
Elapsed Time: 0.1186 min
model_saved, images_saved...
Epochs-342 (train) , D(x) : 0.285, D(G(x)) : 0.4488
Elapsed Time: 0.1183 min
model_saved, images_saved...
Epochs-343 (train) , D(x) : 0.2634, D(G(x)) : 0.5347
Elapsed Time: 0.1174 min
model_saved, images_saved...
Epochs-344 (train) , D(x) : 0.3034, D(G(x)) : 0.3936
Elapsed Time: 0.1171 min
model_saved, images_saved...
Epochs-345 (train) , D(x) : 0.3015, D(G(x)) : 0.4273
Elapsed Time: 0.1175 min
model_saved, images_saved...
Epochs-346 (train) , D(x) : 0.2747, D(G(x)) : 0.4602
Elapsed Time: 0.1182 min
model_saved, images_saved...
Epochs-347 (train) , D(x) : 0.293, D(G(x)) : 0.4469
Elapsed Time: 0.1173 min
model_saved, images_saved...
Epochs-348 (train) , D(x) : 0.304, D(G(x)) : 0.4239
Elapsed Time: 0.1184 min
model_saved, images_saved...
Epochs-349 (train) , D(x) : 0.2903, D(G(x)) : 0.4662
Elapsed Time: 0.1196 min
model_saved, images_saved...
Epochs-350 (train) , D(x) : 0.2985, D(G(x)) : 0.4372
Elapsed Time: 0.1186 min
model_saved, images_saved...
Epochs-351 (train) , D(x) : 0.2943, D(G(x)) : 0.4362
Elapsed Time: 0.1182 min
model_saved, images_saved...
Epochs-352 (train) , D(x) : 0.3023, D(G(x)) : 0.4398
Elapsed Time: 0.1185 min
model_saved, images_saved...
Epochs-353 (train) , D(x) : 0.2681, D(G(x)) : 0.4162
Elapsed Time: 0.1169 min
model_saved, images_saved...
Epochs-354 (train) , D(x) : 0.2753, D(G(x)) : 0.4629
Elapsed Time: 0.1173 min
model_saved, images_saved...
Epochs-355 (train) , D(x) : 0.2744, D(G(x)) : 0.4844
Elapsed Time: 0.1177 min
model_saved, images_saved...
Epochs-356 (train) , D(x) : 0.2718, D(G(x)) : 0.4621
Elapsed Time: 0.1171 min
model_saved, images_saved...
Epochs-357 (train) , D(x) : 0.2855, D(G(x)) : 0.4771
Elapsed Time: 0.1177 min
model_saved, images_saved...
Epochs-358 (train) , D(x) : 0.2749, D(G(x)) : 0.4055
Elapsed Time: 0.1165 min
model_saved, images_saved...
Epochs-359 (train) , D(x) : 0.2419, D(G(x)) : 0.5404
Elapsed Time: 0.1171 min
model_saved, images_saved...
Epochs-360 (train) , D(x) : 0.2815, D(G(x)) : 0.4186
Elapsed Time: 0.1173 min
model_saved, images_saved...
Epochs-361 (train) , D(x) : 0.3073, D(G(x)) : 0.3873
Elapsed Time: 0.1184 min
model_saved, images_saved...
Epochs-362 (train) , D(x) : 0.286, D(G(x)) : 0.4123
Elapsed Time: 0.1172 min
model_saved, images_saved...
Epochs-363 (train) , D(x) : 0.2964, D(G(x)) : 0.4777
Elapsed Time: 0.1195 min
model_saved, images_saved...
Epochs-364 (train) , D(x) : 0.3327, D(G(x)) : 0.4083
Elapsed Time: 0.1192 min
model_saved, images_saved...
Epochs-365 (train) , D(x) : 0.2916, D(G(x)) : 0.374
Elapsed Time: 0.1172 min
model_saved, images_saved...
Epochs-366 (train) , D(x) : 0.2362, D(G(x)) : 0.545
Elapsed Time: 0.1178 min
model_saved, images_saved...
Epochs-367 (train) , D(x) : 0.2872, D(G(x)) : 0.3722
Elapsed Time: 0.1161 min
model_saved, images_saved...
Epochs-368 (train) , D(x) : 0.2626, D(G(x)) : 0.5137
Elapsed Time: 0.1173 min
model_saved, images_saved...
Epochs-369 (train) , D(x) : 0.3107, D(G(x)) : 0.4145
Elapsed Time: 0.1179 min
model_saved, images_saved...
Epochs-370 (train) , D(x) : 0.29, D(G(x)) : 0.4743
Elapsed Time: 0.1166 min
model_saved, images_saved...
Epochs-371 (train) , D(x) : 0.3159, D(G(x)) : 0.3976
Elapsed Time: 0.1181 min
model_saved, images_saved...
Epochs-372 (train) , D(x) : 0.3029, D(G(x)) : 0.4449
Elapsed Time: 0.1175 min
model_saved, images_saved...
Epochs-373 (train) , D(x) : 0.2857, D(G(x)) : 0.4588
Elapsed Time: 0.1177 min
model_saved, images_saved...
Epochs-374 (train) , D(x) : 0.2921, D(G(x)) : 0.4453
Elapsed Time: 0.1175 min
model_saved, images_saved...
Epochs-375 (train) , D(x) : 0.3012, D(G(x)) : 0.4676
Elapsed Time: 0.1181 min
model_saved, images_saved...
Epochs-376 (train) , D(x) : 0.2687, D(G(x)) : 0.5209
Elapsed Time: 0.1199 min
model_saved, images_saved...
Epochs-377 (train) , D(x) : 0.292, D(G(x)) : 0.4223
Elapsed Time: 0.1181 min
model_saved, images_saved...
Epochs-378 (train) , D(x) : 0.2929, D(G(x)) : 0.4763
Elapsed Time: 0.1186 min
model_saved, images_saved...
Epochs-379 (train) , D(x) : 0.3145, D(G(x)) : 0.4177
Elapsed Time: 0.1182 min
model_saved, images_saved...
Epochs-380 (train) , D(x) : 0.3145, D(G(x)) : 0.4137
Elapsed Time: 0.119 min
model_saved, images_saved...
Epochs-381 (train) , D(x) : 0.3046, D(G(x)) : 0.3959
Elapsed Time: 0.1188 min
model_saved, images_saved...
Epochs-382 (train) , D(x) : 0.3143, D(G(x)) : 0.4195
Elapsed Time: 0.1189 min
model_saved, images_saved...
Epochs-383 (train) , D(x) : 0.2726, D(G(x)) : 0.4439
Elapsed Time: 0.1194 min
model_saved, images_saved...
Epochs-384 (train) , D(x) : 0.294, D(G(x)) : 0.4308
Elapsed Time: 0.1196 min
model_saved, images_saved...
Epochs-385 (train) , D(x) : 0.2963, D(G(x)) : 0.4242
Elapsed Time: 0.1198 min
model_saved, images_saved...
Epochs-386 (train) , D(x) : 0.3103, D(G(x)) : 0.4026
Elapsed Time: 0.1195 min
model_saved, images_saved...
Epochs-387 (train) , D(x) : 0.2897, D(G(x)) : 0.4383
Elapsed Time: 0.1209 min
model_saved, images_saved...
Epochs-388 (train) , D(x) : 0.2565, D(G(x)) : 0.4316
Elapsed Time: 0.1191 min
model_saved, images_saved...
Epochs-389 (train) , D(x) : 0.2978, D(G(x)) : 0.4141
Elapsed Time: 0.119 min
model_saved, images_saved...
Epochs-390 (train) , D(x) : 0.3195, D(G(x)) : 0.3999
Elapsed Time: 0.1198 min
model_saved, images_saved...
Epochs-391 (train) , D(x) : 0.3025, D(G(x)) : 0.4435
Elapsed Time: 0.1193 min
model_saved, images_saved...
Epochs-392 (train) , D(x) : 0.3181, D(G(x)) : 0.3992
Elapsed Time: 0.1194 min
model_saved, images_saved...
Epochs-393 (train) , D(x) : 0.2733, D(G(x)) : 0.4345
Elapsed Time: 0.1195 min
model_saved, images_saved...
Epochs-394 (train) , D(x) : 0.31, D(G(x)) : 0.417
Elapsed Time: 0.1212 min
model_saved, images_saved...
Epochs-395 (train) , D(x) : 0.2892, D(G(x)) : 0.4085
Elapsed Time: 0.1209 min
model_saved, images_saved...
Epochs-396 (train) , D(x) : 0.3041, D(G(x)) : 0.4515
Elapsed Time: 0.1238 min
model_saved, images_saved...
Epochs-397 (train) , D(x) : 0.3165, D(G(x)) : 0.4324
Elapsed Time: 0.1223 min
model_saved, images_saved...
Epochs-398 (train) , D(x) : 0.3211, D(G(x)) : 0.4055
Elapsed Time: 0.1229 min
model_saved, images_saved...
Epochs-399 (train) , D(x) : 0.3212, D(G(x)) : 0.4319
Elapsed Time: 0.1233 min
model_saved, images_saved...
Epochs-400 (train) , D(x) : 0.3353, D(G(x)) : 0.3885
Elapsed Time: 0.1227 min
model_saved, images_saved...
Epochs-401 (train) , D(x) : 0.3395, D(G(x)) : 0.3786
Elapsed Time: 0.1213 min
model_saved, images_saved...
Epochs-402 (train) , D(x) : 0.3105, D(G(x)) : 0.4334
Elapsed Time: 0.1207 min
model_saved, images_saved...
Epochs-403 (train) , D(x) : 0.3215, D(G(x)) : 0.4007
Elapsed Time: 0.1191 min
model_saved, images_saved...
Epochs-404 (train) , D(x) : 0.3084, D(G(x)) : 0.4153
Elapsed Time: 0.1193 min
model_saved, images_saved...
Epochs-405 (train) , D(x) : 0.3261, D(G(x)) : 0.3583
Elapsed Time: 0.1185 min
model_saved, images_saved...
Epochs-406 (train) , D(x) : 0.3277, D(G(x)) : 0.4012
Elapsed Time: 0.1201 min
model_saved, images_saved...
Epochs-407 (train) , D(x) : 0.3258, D(G(x)) : 0.4026
Elapsed Time: 0.1212 min
model_saved, images_saved...
Epochs-408 (train) , D(x) : 0.335, D(G(x)) : 0.3861
Elapsed Time: 0.1215 min
model_saved, images_saved...
Epochs-409 (train) , D(x) : 0.3274, D(G(x)) : 0.4014
Elapsed Time: 0.1218 min
model_saved, images_saved...
Epochs-410 (train) , D(x) : 0.3323, D(G(x)) : 0.3963
Elapsed Time: 0.1202 min
model_saved, images_saved...
Epochs-411 (train) , D(x) : 0.3308, D(G(x)) : 0.406
Elapsed Time: 0.1239 min
model_saved, images_saved...
Epochs-412 (train) , D(x) : 0.33, D(G(x)) : 0.4136
Elapsed Time: 0.1221 min
model_saved, images_saved...
Epochs-413 (train) , D(x) : 0.3249, D(G(x)) : 0.4302
Elapsed Time: 0.1205 min
model_saved, images_saved...
Epochs-414 (train) , D(x) : 0.3201, D(G(x)) : 0.4353
Elapsed Time: 0.1239 min
model_saved, images_saved...
Epochs-415 (train) , D(x) : 0.3207, D(G(x)) : 0.4318
Elapsed Time: 0.1219 min
model_saved, images_saved...
Epochs-416 (train) , D(x) : 0.3217, D(G(x)) : 0.4301
Elapsed Time: 0.1217 min
model_saved, images_saved...
Epochs-417 (train) , D(x) : 0.3382, D(G(x)) : 0.404
Elapsed Time: 0.1219 min
model_saved, images_saved...
Epochs-418 (train) , D(x) : 0.3358, D(G(x)) : 0.4031
Elapsed Time: 0.1208 min
model_saved, images_saved...
Epochs-419 (train) , D(x) : 0.3207, D(G(x)) : 0.42
Elapsed Time: 0.122 min
model_saved, images_saved...
Epochs-420 (train) , D(x) : 0.3355, D(G(x)) : 0.4248
Elapsed Time: 0.1228 min
model_saved, images_saved...
Epochs-421 (train) , D(x) : 0.3229, D(G(x)) : 0.4467
Elapsed Time: 0.1197 min
model_saved, images_saved...
Epochs-422 (train) , D(x) : 0.3097, D(G(x)) : 0.4433
Elapsed Time: 0.1192 min
model_saved, images_saved...
Epochs-423 (train) , D(x) : 0.3123, D(G(x)) : 0.4586
Elapsed Time: 0.1212 min
model_saved, images_saved...
Epochs-424 (train) , D(x) : 0.3262, D(G(x)) : 0.3859
Elapsed Time: 0.1178 min
model_saved, images_saved...
Epochs-425 (train) , D(x) : 0.3228, D(G(x)) : 0.3715
Elapsed Time: 0.1182 min
model_saved, images_saved...
Epochs-426 (train) , D(x) : 0.3178, D(G(x)) : 0.3982
Elapsed Time: 0.1184 min
model_saved, images_saved...
Epochs-427 (train) , D(x) : 0.3088, D(G(x)) : 0.4044
Elapsed Time: 0.1188 min
model_saved, images_saved...
Epochs-428 (train) , D(x) : 0.2901, D(G(x)) : 0.4326
Elapsed Time: 0.1198 min
model_saved, images_saved...
Epochs-429 (train) , D(x) : 0.287, D(G(x)) : 0.4461
Elapsed Time: 0.1186 min
model_saved, images_saved...
Epochs-430 (train) , D(x) : 0.3021, D(G(x)) : 0.4552
Elapsed Time: 0.1175 min
model_saved, images_saved...
Epochs-431 (train) , D(x) : 0.2845, D(G(x)) : 0.484
Elapsed Time: 0.1213 min
model_saved, images_saved...
Epochs-432 (train) , D(x) : 0.3118, D(G(x)) : 0.4219
Elapsed Time: 0.1193 min
model_saved, images_saved...
Epochs-433 (train) , D(x) : 0.2808, D(G(x)) : 0.4826
Elapsed Time: 0.1192 min
model_saved, images_saved...
Epochs-434 (train) , D(x) : 0.3078, D(G(x)) : 0.4214
Elapsed Time: 0.1178 min
model_saved, images_saved...
Epochs-435 (train) , D(x) : 0.2904, D(G(x)) : 0.4014
Elapsed Time: 0.1202 min
model_saved, images_saved...
Epochs-436 (train) , D(x) : 0.3112, D(G(x)) : 0.414
Elapsed Time: 0.1185 min
model_saved, images_saved...
Epochs-437 (train) , D(x) : 0.3184, D(G(x)) : 0.4004
Elapsed Time: 0.1178 min
model_saved, images_saved...
Epochs-438 (train) , D(x) : 0.3117, D(G(x)) : 0.4014
Elapsed Time: 0.1181 min
model_saved, images_saved...
Epochs-439 (train) , D(x) : 0.3187, D(G(x)) : 0.4005
Elapsed Time: 0.1187 min
model_saved, images_saved...
Epochs-440 (train) , D(x) : 0.3088, D(G(x)) : 0.4357
Elapsed Time: 0.1201 min
model_saved, images_saved...
Epochs-441 (train) , D(x) : 0.3014, D(G(x)) : 0.4362
Elapsed Time: 0.119 min
model_saved, images_saved...
Epochs-442 (train) , D(x) : 0.2899, D(G(x)) : 0.443
Elapsed Time: 0.1209 min
model_saved, images_saved...
Epochs-443 (train) , D(x) : 0.3059, D(G(x)) : 0.4154
Elapsed Time: 0.1187 min
model_saved, images_saved...
Epochs-444 (train) , D(x) : 0.3195, D(G(x)) : 0.4107
Elapsed Time: 0.1195 min
model_saved, images_saved...
Epochs-445 (train) , D(x) : 0.3138, D(G(x)) : 0.4334
Elapsed Time: 0.1201 min
model_saved, images_saved...
Epochs-446 (train) , D(x) : 0.3088, D(G(x)) : 0.4287
Elapsed Time: 0.1184 min
model_saved, images_saved...
Epochs-447 (train) , D(x) : 0.3161, D(G(x)) : 0.4168
Elapsed Time: 0.1206 min
model_saved, images_saved...
Epochs-448 (train) , D(x) : 0.3347, D(G(x)) : 0.3868
Elapsed Time: 0.1213 min
model_saved, images_saved...
Epochs-449 (train) , D(x) : 0.3435, D(G(x)) : 0.3971
Elapsed Time: 0.1216 min
model_saved, images_saved...
Epochs-450 (train) , D(x) : 0.3258, D(G(x)) : 0.4192
Elapsed Time: 0.1203 min
model_saved, images_saved...
Epochs-451 (train) , D(x) : 0.3183, D(G(x)) : 0.4269
Elapsed Time: 0.1196 min
model_saved, images_saved...
Epochs-452 (train) , D(x) : 0.3249, D(G(x)) : 0.42
Elapsed Time: 0.1211 min
model_saved, images_saved...
Epochs-453 (train) , D(x) : 0.3292, D(G(x)) : 0.3932
Elapsed Time: 0.1216 min
model_saved, images_saved...
Epochs-454 (train) , D(x) : 0.3288, D(G(x)) : 0.3971
Elapsed Time: 0.1193 min
model_saved, images_saved...
Epochs-455 (train) , D(x) : 0.3226, D(G(x)) : 0.4138
Elapsed Time: 0.1231 min
model_saved, images_saved...
Epochs-456 (train) , D(x) : 0.3228, D(G(x)) : 0.4044
Elapsed Time: 0.1212 min
model_saved, images_saved...
Epochs-457 (train) , D(x) : 0.322, D(G(x)) : 0.4186
Elapsed Time: 0.1195 min
model_saved, images_saved...
Epochs-458 (train) , D(x) : 0.2952, D(G(x)) : 0.4438
Elapsed Time: 0.1197 min
model_saved, images_saved...
Epochs-459 (train) , D(x) : 0.3117, D(G(x)) : 0.3926
Elapsed Time: 0.1183 min
model_saved, images_saved...
Epochs-460 (train) , D(x) : 0.2998, D(G(x)) : 0.4106
Elapsed Time: 0.1185 min
model_saved, images_saved...
Epochs-461 (train) , D(x) : 0.3067, D(G(x)) : 0.4189
Elapsed Time: 0.1185 min
model_saved, images_saved...
Epochs-462 (train) , D(x) : 0.3118, D(G(x)) : 0.4179
Elapsed Time: 0.1197 min
model_saved, images_saved...
Epochs-463 (train) , D(x) : 0.3267, D(G(x)) : 0.4224
Elapsed Time: 0.1213 min
model_saved, images_saved...
Epochs-464 (train) , D(x) : 0.3222, D(G(x)) : 0.4163
Elapsed Time: 0.1213 min
model_saved, images_saved...
Epochs-465 (train) , D(x) : 0.3004, D(G(x)) : 0.4287
Elapsed Time: 0.1211 min
model_saved, images_saved...
Epochs-466 (train) , D(x) : 0.3043, D(G(x)) : 0.4129
Elapsed Time: 0.12 min
model_saved, images_saved...
Epochs-467 (train) , D(x) : 0.3223, D(G(x)) : 0.4239
Elapsed Time: 0.1207 min
model_saved, images_saved...
Epochs-468 (train) , D(x) : 0.334, D(G(x)) : 0.4126
Elapsed Time: 0.1215 min
model_saved, images_saved...
Epochs-469 (train) , D(x) : 0.3369, D(G(x)) : 0.3931
Elapsed Time: 0.1229 min
model_saved, images_saved...
Epochs-470 (train) , D(x) : 0.3191, D(G(x)) : 0.4039
Elapsed Time: 0.1205 min
model_saved, images_saved...
Epochs-471 (train) , D(x) : 0.3095, D(G(x)) : 0.4303
Elapsed Time: 0.1197 min
model_saved, images_saved...
Epochs-472 (train) , D(x) : 0.3119, D(G(x)) : 0.4221
Elapsed Time: 0.1222 min
model_saved, images_saved...
Epochs-473 (train) , D(x) : 0.2942, D(G(x)) : 0.4694
Elapsed Time: 0.1222 min
model_saved, images_saved...
Epochs-474 (train) , D(x) : 0.3095, D(G(x)) : 0.4196
Elapsed Time: 0.1185 min
model_saved, images_saved...
Epochs-475 (train) , D(x) : 0.3279, D(G(x)) : 0.376
Elapsed Time: 0.1178 min
model_saved, images_saved...
Epochs-476 (train) , D(x) : 0.3196, D(G(x)) : 0.4258
Elapsed Time: 0.1175 min
model_saved, images_saved...
Epochs-477 (train) , D(x) : 0.2974, D(G(x)) : 0.4215
Elapsed Time: 0.1186 min
model_saved, images_saved...
Epochs-478 (train) , D(x) : 0.3143, D(G(x)) : 0.4295
Elapsed Time: 0.1188 min
model_saved, images_saved...
Epochs-479 (train) , D(x) : 0.3242, D(G(x)) : 0.4143
Elapsed Time: 0.1192 min
model_saved, images_saved...
Epochs-480 (train) , D(x) : 0.3249, D(G(x)) : 0.4226
Elapsed Time: 0.1213 min
model_saved, images_saved...
Epochs-481 (train) , D(x) : 0.3129, D(G(x)) : 0.3913
Elapsed Time: 0.1183 min
model_saved, images_saved...
Epochs-482 (train) , D(x) : 0.3075, D(G(x)) : 0.4484
Elapsed Time: 0.1203 min
model_saved, images_saved...
Epochs-483 (train) , D(x) : 0.2993, D(G(x)) : 0.435
Elapsed Time: 0.1188 min
model_saved, images_saved...
Epochs-484 (train) , D(x) : 0.2884, D(G(x)) : 0.4602
Elapsed Time: 0.1185 min
model_saved, images_saved...
Epochs-485 (train) , D(x) : 0.2992, D(G(x)) : 0.4459
Elapsed Time: 0.1172 min
model_saved, images_saved...
Epochs-486 (train) , D(x) : 0.2932, D(G(x)) : 0.4505
Elapsed Time: 0.1201 min
model_saved, images_saved...
Epochs-487 (train) , D(x) : 0.2879, D(G(x)) : 0.4043
Elapsed Time: 0.118 min
model_saved, images_saved...
Epochs-488 (train) , D(x) : 0.3108, D(G(x)) : 0.4191
Elapsed Time: 0.121 min
model_saved, images_saved...
Epochs-489 (train) , D(x) : 0.3141, D(G(x)) : 0.4501
Elapsed Time: 0.1196 min
model_saved, images_saved...
Epochs-490 (train) , D(x) : 0.3089, D(G(x)) : 0.4235
Elapsed Time: 0.1192 min
model_saved, images_saved...
Epochs-491 (train) , D(x) : 0.3037, D(G(x)) : 0.4481
Elapsed Time: 0.1207 min
model_saved, images_saved...
Epochs-492 (train) , D(x) : 0.3268, D(G(x)) : 0.4223
Elapsed Time: 0.1181 min
model_saved, images_saved...
Epochs-493 (train) , D(x) : 0.3295, D(G(x)) : 0.4054
Elapsed Time: 0.1186 min
model_saved, images_saved...
Epochs-494 (train) , D(x) : 0.3418, D(G(x)) : 0.3796
Elapsed Time: 0.1181 min
model_saved, images_saved...
Epochs-495 (train) , D(x) : 0.3352, D(G(x)) : 0.3782
Elapsed Time: 0.1181 min
model_saved, images_saved...
Epochs-496 (train) , D(x) : 0.309, D(G(x)) : 0.4172
Elapsed Time: 0.1202 min
model_saved, images_saved...
Epochs-497 (train) , D(x) : 0.3007, D(G(x)) : 0.3914
Elapsed Time: 0.1179 min
model_saved, images_saved...
Epochs-498 (train) , D(x) : 0.3013, D(G(x)) : 0.4058
Elapsed Time: 0.1199 min
model_saved, images_saved...
Epochs-499 (train) , D(x) : 0.3116, D(G(x)) : 0.4341
Elapsed Time: 0.1199 min
model_saved, images_saved...
